Log file open, 08/03/17 23:04:15
LogInit:Display: Running engine for game: indie
LogPlatformFile: Not using cached read wrapper
LogInit:Display: RandInit(-2117367215) SRandInit(-2117367215).
LogTaskGraph: Started task graph with 5 named threads and 8 total threads with 1 sets of task threads.
LogStats: Stats thread started at 0.092735
LogInit: Using libcurl 7.47.1
LogInit:  - built for x86_64-pc-win32
LogInit:  - supports SSL with OpenSSL/1.0.2g
LogInit:  - supports HTTP deflate (compression) using libz 1.2.8
LogInit:  - other features:
LogInit:      CURL_VERSION_SSL
LogInit:      CURL_VERSION_LIBZ
LogInit:      CURL_VERSION_IPV6
LogInit:      CURL_VERSION_ASYNCHDNS
LogInit:      CURL_VERSION_LARGEFILE
LogInit:      CURL_VERSION_IDN
LogInit:  CurlRequestOptions (configurable via config and command line):
LogInit:  - bVerifyPeer = false  - Libcurl will NOT verify peer certificate
LogInit:  - bUseHttpProxy = false  - Libcurl will NOT use HTTP proxy
LogInit:  - bDontReuseConnections = false  - Libcurl will reuse connections
LogInit:  - CertBundlePath = nullptr  - Libcurl will use whatever was configured at build time.
LogInit: Build: ++UE4+Release-4.16-CL-3561208
LogInit: Engine Version: 4.16.3-3561208+++UE4+Release-4.16
LogInit: Compatible Engine Version: 4.16.0-3452394+++UE4+Release-4.16
LogInit: Net CL: 3452394
LogDevObjectVersion: Number of dev versions registered: 16
LogDevObjectVersion:   Dev-Blueprints (B0D832E4-1F89-4F0D-ACCF-7EB736FD4AA2): 9
LogDevObjectVersion:   Dev-Build (E1C64328-A22C-4D53-A36C-8E866417BD8C): 0
LogDevObjectVersion:   Dev-Core (375EC13C-06E4-48FB-B500-84F0262A717E): 2
LogDevObjectVersion:   Dev-Editor (E4B068ED-F494-42E9-A231-DA0B2E46BB41): 17
LogDevObjectVersion:   Dev-Framework (CFFC743F-43B0-4480-9391-14DF171D2073): 23
LogDevObjectVersion:   Dev-Mobile (B02B49B5-BB20-44E9-A304-32B752E40360): 0
LogDevObjectVersion:   Dev-Networking (A4E4105C-59A1-49B5-A7C5-40C4547EDFEE): 0
LogDevObjectVersion:   Dev-Online (39C831C9-5AE6-47DC-9A44-9C173E1C8E7C): 0
LogDevObjectVersion:   Dev-Physics (78F01B33-EBEA-4F98-B9B4-84EACCB95AA2): 0
LogDevObjectVersion:   Dev-Platform (6631380F-2D4D-43E0-8009-CF276956A95A): 0
LogDevObjectVersion:   Dev-Rendering (12F88B9F-8875-4AFC-A67C-D90C383ABD29): 15
LogDevObjectVersion:   Dev-Sequencer (7B5AE74C-D270-4C10-A958-57980B212A5A): 4
LogDevObjectVersion:   Dev-VR (D7296918-1DD6-4BDD-9DE2-64A83CC13884): 0
LogDevObjectVersion:   Dev-LoadTimes (C2A15278-BFE7-4AFE-6C17-90FF531DF755): 1
LogDevObjectVersion:   Private-Geometry (6EACA3D4-40EC-4CC1-B786-8BED09428FC5): 1
LogDevObjectVersion:   Dev-AnimPhys (29E575DD-E0A3-4627-9D10-D276232CDCEA): 3
LogInit: Compiled (64-bit): Jul 28 2017 11:49:47
LogInit: Compiled with Visual C++: 19.00.24215.01
LogInit: Build Configuration: Development
LogInit: Branch Name: ++UE4+Release-4.16
LogInit: Command line:  
LogInit: Base directory: D:/Program Files/Epic Games/UE_4.16/Engine/Binaries/Win64/
LogInit: Installed Engine Build: 1
LogInit: Presizing for max 8388607 objects, including 0 objects not considered by GC, pre-allocating 0 bytes for permanent pool.
LogInit: Object subsystem initialized
[2017.08.03-16.04.15:933][  0]LogInit: Selected Device Profile: [Windows]
[2017.08.03-16.04.15:933][  0]LogInit: Applying CVar settings loaded from the selected device profile: [Windows]
[2017.08.03-16.04.15:956][  0]LogInit: Computer: DESKTOP-F5G54J5
[2017.08.03-16.04.15:956][  0]LogInit: User: Lomakin
[2017.08.03-16.04.15:956][  0]LogInit: CPU Page size=4096, Cores=4
[2017.08.03-16.04.15:956][  0]LogInit: High frequency timer resolution =3.312787 MHz
[2017.08.03-16.04.15:957][  0]LogMemory: Memory total: Physical=16.0GB (16GB approx)
[2017.08.03-16.04.15:957][  0]LogMemory: Platform Memory Stats for Windows
[2017.08.03-16.04.15:957][  0]LogMemory: Process Physical Memory: 273.38 MB used, 273.38 MB peak
[2017.08.03-16.04.15:957][  0]LogMemory: Process Virtual Memory: 265.28 MB used, 265.28 MB peak
[2017.08.03-16.04.15:957][  0]LogMemory: Physical Memory: 7363.83 MB used,  9003.27 MB free, 16367.11 MB total
[2017.08.03-16.04.15:957][  0]LogMemory: Virtual Memory: 642.78 MB used,  9003.27 MB free, 134217728.00 MB total
[2017.08.03-16.04.16:033][  0]LogInit: Using OS detected language (ru-RU).
[2017.08.03-16.04.16:033][  0]LogInit: Using OS detected locale (ru-RU).
[2017.08.03-16.04.16:036][  0]LogTextLocalizationManager: No localization for 'ru-RU' exists, so 'en' will be used for the language.
[2017.08.03-16.04.16:036][  0]LogTextLocalizationManager: No localization for 'ru-RU' exists, so 'en' will be used for the locale.
[2017.08.03-16.04.16:987][  0]LogD3D11RHI: D3D11 adapters:
[2017.08.03-16.04.17:010][  0]LogD3D11RHI:    0. 'NVIDIA GeForce GTX 550 Ti' (Feature Level 11_0)
[2017.08.03-16.04.17:010][  0]LogD3D11RHI:       977/0/8183 MB DedicatedVideo/DedicatedSystem/SharedSystem, Outputs:2, VendorId:0x10de
[2017.08.03-16.04.17:011][  0]LogD3D11RHI:    1. 'Microsoft Basic Render Driver' (Feature Level 11_0)
[2017.08.03-16.04.17:011][  0]LogD3D11RHI:       0/0/8183 MB DedicatedVideo/DedicatedSystem/SharedSystem, Outputs:0, VendorId:0x1414
[2017.08.03-16.04.17:011][  0]LogD3D11RHI: Chosen D3D11 Adapter: 0
[2017.08.03-16.04.17:019][  0]LogD3D11RHI: Creating new Direct3DDevice
[2017.08.03-16.04.17:019][  0]LogD3D11RHI:     GPU DeviceId: 0x1244 (for the marketing name, search the web for "GPU Device Id")
[2017.08.03-16.04.17:019][  0]LogWindows: EnumDisplayDevices:
[2017.08.03-16.04.17:019][  0]LogWindows:    0. 'NVIDIA GeForce GTX 550 Ti' (P:1 D:1)
[2017.08.03-16.04.17:019][  0]LogWindows:    1. 'NVIDIA GeForce GTX 550 Ti' (P:0 D:1)
[2017.08.03-16.04.17:019][  0]LogWindows: DebugString: FoundDriverCount:2 
[2017.08.03-16.04.17:019][  0]LogD3D11RHI:     Adapter Name: NVIDIA GeForce GTX 550 Ti
[2017.08.03-16.04.17:019][  0]LogD3D11RHI:   Driver Version: 376.53 (internal:21.21.13.7653, unified:376.53)
[2017.08.03-16.04.17:020][  0]LogD3D11RHI:      Driver Date: 12-29-2016
[2017.08.03-16.04.17:020][  0]LogRHI: Texture pool is 684 MB (70% of 977 MB)
[2017.08.03-16.04.17:035][  0]LogD3D11RHI:Display: Timestamp queries are currently disabled on this hardware due to instability. Realtime GPU stats will not be available. You can override this behaviour by setting r.NVIDIATimestampWorkaround to 0
[2017.08.03-16.04.17:035][  0]LogD3D11RHI: Async texture creation enabled
[2017.08.03-16.04.17:046][  0]LogD3D11RHI: GPU Timing Frequency: 1000.000000 (Debug: 2 1)
[2017.08.03-16.04.17:144][  0]LogShaderCompilers: Guid format shader working directory is 18 characters bigger than the processId version (../../../../../../indie/indie/Intermediate/Shaders/WorkingDirectory/39700/).
[2017.08.03-16.04.17:145][  0]LogShaderCompilers: Cleaned the shader compiler working directory 'C:/Users/Lomakin/AppData/Local/Temp/UnrealShaderWorkingDir/D95CBEC0423ABAD3EDBFFC9DBAA8237B/'.
[2017.08.03-16.04.17:145][  0]LogShaderCompilers:Display: Using Local Shader Compiler.
[2017.08.03-16.04.18:295][  0]LogTemp:Display: Loaded TP AllDesktopTargetPlatform
[2017.08.03-16.04.18:342][  0]LogTemp:Display: Loaded TP MacClientTargetPlatform
[2017.08.03-16.04.18:387][  0]LogTemp:Display: Loaded TP MacNoEditorTargetPlatform
[2017.08.03-16.04.18:433][  0]LogTemp:Display: Loaded TP MacServerTargetPlatform
[2017.08.03-16.04.18:479][  0]LogTemp:Display: Loaded TP MacTargetPlatform
[2017.08.03-16.04.18:524][  0]LogTemp:Display: Loaded TP WindowsClientTargetPlatform
[2017.08.03-16.04.18:571][  0]LogTemp:Display: Loaded TP WindowsNoEditorTargetPlatform
[2017.08.03-16.04.18:617][  0]LogTemp:Display: Loaded TP WindowsServerTargetPlatform
[2017.08.03-16.04.18:655][  0]LogTemp:Display: Loaded TP WindowsTargetPlatform
[2017.08.03-16.04.18:731][  0]LogTemp:Display: Loaded TP AndroidTargetPlatform
[2017.08.03-16.04.18:777][  0]LogTemp:Display: Loaded TP Android_ASTCTargetPlatform
[2017.08.03-16.04.18:822][  0]LogTemp:Display: Loaded TP Android_ATCTargetPlatform
[2017.08.03-16.04.18:882][  0]LogTemp:Display: Loaded TP Android_DXTTargetPlatform
[2017.08.03-16.04.18:928][  0]LogTemp:Display: Loaded TP Android_ETC1TargetPlatform
[2017.08.03-16.04.19:004][  0]LogTemp:Display: Loaded TP Android_ETC2TargetPlatform
[2017.08.03-16.04.19:100][  0]LogTemp:Display: Loaded TP Android_MultiTargetPlatform
[2017.08.03-16.04.19:100][  0]LogTemp:Display: Loaded TP Android_PVRTCTargetPlatform
[2017.08.03-16.04.19:133][  0]LogTemp:Display: Loaded TP HTML5TargetPlatform
[2017.08.03-16.04.19:219][  0]LogTemp:Display: Loaded TP IOSTargetPlatform
[2017.08.03-16.04.19:249][  0]LogTemp:Display: Loaded TP TVOSTargetPlatform
[2017.08.03-16.04.19:297][  0]LogTemp:Display: Loaded TP LinuxClientTargetPlatform
[2017.08.03-16.04.19:342][  0]LogTemp:Display: Loaded TP LinuxNoEditorTargetPlatform
[2017.08.03-16.04.19:388][  0]LogTemp:Display: Loaded TP LinuxServerTargetPlatform
[2017.08.03-16.04.19:433][  0]LogTemp:Display: Loaded TP LinuxTargetPlatform
[2017.08.03-16.04.19:433][  0]LogTargetPlatformManager:Display: Building Assets For Windows
[2017.08.03-16.04.19:880][  0]LogDerivedDataCache:Display: Max Cache Size: 512 MB
[2017.08.03-16.04.19:977][  0]LogDerivedDataCache: Loaded boot cache 0.10s 90MB C:/Users/Lomakin/AppData/Local/UnrealEngine/4.16/DerivedDataCache/Boot.ddc.
[2017.08.03-16.04.19:977][  0]LogDerivedDataCache:Display: Loaded Boot cache: C:/Users/Lomakin/AppData/Local/UnrealEngine/4.16/DerivedDataCache/Boot.ddc
[2017.08.03-16.04.19:978][  0]LogDerivedDataCache: FDerivedDataBackendGraph:  Pak pak cache file ../../../../../../indie/indie/DerivedDataCache/DDC.ddp not found, will not use a pak cache.
[2017.08.03-16.04.19:978][  0]LogDerivedDataCache: Unable to find inner node Pak for hierarchical cache Hierarchy.
[2017.08.03-16.04.19:978][  0]LogDerivedDataCache: FDerivedDataBackendGraph:  CompressedPak pak cache file ../../../../../../indie/indie/DerivedDataCache/Compressed.ddp not found, will not use a pak cache.
[2017.08.03-16.04.19:978][  0]LogDerivedDataCache: Unable to find inner node CompressedPak for hierarchical cache Hierarchy.
[2017.08.03-16.04.19:997][  0]LogDerivedDataCache:Display: Pak cache opened for reading ../../../Engine/DerivedDataCache/Compressed.ddp.
[2017.08.03-16.04.20:009][  0]LogDerivedDataCache: Using Local data cache path C:/Users/Lomakin/AppData/Local/UnrealEngine/Common/DerivedDataCache: Writable
[2017.08.03-16.04.20:024][  0]LogMaterial: Verifying Global Shaders for PCD3D_SM5
[2017.08.03-16.04.20:024][  0]LogSlate: Using Freetype 2.6.0
[2017.08.03-16.04.20:025][  0]LogSlate: SlateFontCache - WITH_FREETYPE: 1, WITH_HARFBUZZ: 1
[2017.08.03-16.04.20:025][  0]LogSlate: SlateFontCache - WITH_FREETYPE: 1, WITH_HARFBUZZ: 1
[2017.08.03-16.04.20:423][  0]LogInit: Selected Device Profile: [Windows]
[2017.08.03-16.04.20:500][  0]LogContentStreaming: Texture pool size is 0.00 MB
[2017.08.03-16.04.20:665][  0]LogMeshUtilities: Using QuadricMeshReduction for automatic static mesh reduction
[2017.08.03-16.04.20:705][  0]LogSimplygon: Simplygon DLL not present - disabling.
[2017.08.03-16.04.20:746][  0]LogMeshUtilities: Using SimplygonSwarm for distributed automatic mesh merging
[2017.08.03-16.04.20:746][  0]LogMeshUtilities: No automatic skeletal mesh reduction module available
[2017.08.03-16.04.20:746][  0]LogMeshUtilities: No automatic mesh merging module available
[2017.08.03-16.04.21:292][  0]LogNetVersion: indie , NetCL: 3452394, EngineNetVer: 2, GameNetVer: 0 (Checksum: 2634455423)
[2017.08.03-16.04.21:356][  0]LogAssetRegistry: FAssetRegistry took 0.0261 seconds to start up
[2017.08.03-16.04.21:392][  0]LogPackageLocalizationCache: Processed 4 localized package path(s) for 1 prioritized culture(s) in 0.016706 seconds
[2017.08.03-16.04.21:398][  0]LogUObjectArray: 34194 objects as part of root set at end of initial load.
[2017.08.03-16.04.21:398][  0]LogUObjectAllocator: 7260424 out of 0 bytes used by permanent object pool.
[2017.08.03-16.04.21:398][  0]LogUObjectArray: CloseDisregardForGC: 0/0 objects in disregard for GC pool
[2017.08.03-16.04.21:453][  0]LogInit: WinSock: version 1.1 (2.2), MaxSocks=32767, MaxUdp=65467
[2017.08.03-16.04.23:898][  0]LogTcpMessaging: Initializing TcpMessaging bridge
[2017.08.03-16.04.23:935][  0]LogUdpMessaging: Initializing bridge on interface 0.0.0.0:0 to multicast group 230.0.0.1:6666.
[2017.08.03-16.04.24:452][  0]LogMaterial: Uniform references updated for custom material expression Custom.
[2017.08.03-16.04.24:823][  0]SourceControl: Info Source control is disabled
[2017.08.03-16.04.24:824][  0]SourceControl: Info Source control is disabled
[2017.08.03-16.04.24:872][  0]SourceControl: Info Source control is disabled
[2017.08.03-16.04.24:913][  0]SourceControl: Info Source control is disabled
[2017.08.03-16.04.25:140][  0]LogLinker:Warning: Can't find file '/Game/2DSideScrollerBP/2DSideScrollerOverview'
[2017.08.03-16.04.25:140][  0]LogLinker:Warning: Can't find file '/Game/2DSideScrollerBP/2DSideScrollerOverview'
[2017.08.03-16.04.25:140][  0]LogUObjectGlobals:Warning: Failed to find object 'Class /Game/2DSideScrollerBP/2DSideScrollerOverview.2DSideScrollerOverview_C'
[2017.08.03-16.04.25:510][  0]LogAndroidPermission: UAndroidPermissionCallbackProxy::GetInstance
[2017.08.03-16.04.26:033][  0]LogEngine: Initializing Engine...
[2017.08.03-16.04.26:033][  0]LogHMD: Failed to initialize OpenVR with code 110
[2017.08.03-16.04.26:260][  0]LogStats: UGameplayTagsManager::ConstructGameplayTagTree: Construct from data asset -  0.000 s
[2017.08.03-16.04.26:260][  0]LogStats: UGameplayTagsManager::ConstructGameplayTagTree: GameplayTagTreeChangedEvent.Broadcast -  0.000 s
[2017.08.03-16.04.26:376][  0]LogAIModule: Creating AISystem for world Untitled
[2017.08.03-16.04.26:387][  0]LogInit: XAudio2 using 'Динамики (Realtek High Definition Audio)' : 2 channels at 48 kHz using 32 bits per sample (channel mask 0x3)
[2017.08.03-16.04.26:399][  0]LogInit: FAudioDevice initialized.
[2017.08.03-16.04.26:447][  0]LogDerivedDataCache: Saved boot cache 0.05s 90MB C:/Users/Lomakin/AppData/Local/UnrealEngine/4.16/DerivedDataCache/Boot.ddc.
[2017.08.03-16.04.26:467][  0]LogInit: Texture streaming: Enabled
[2017.08.03-16.04.26:560][  0]LogEngineSessionManager: EngineSessionManager initialized
[2017.08.03-16.04.26:767][  0]LogInit: Transaction tracking system initialized
[2017.08.03-16.04.27:058][  0]BlueprintLog: New page: Editor Load
[2017.08.03-16.04.27:922][  0]LocalizationService: Info Localization service is disabled
[2017.08.03-16.04.28:521][  0]LogConsoleResponse:Display: 
[2017.08.03-16.04.28:666][  0]LogCook:Display: Max memory allowance for cook 16384mb min free memory 0mb
[2017.08.03-16.04.28:666][  0]LogCook:Display: Mobile HDR setting 0
[2017.08.03-16.04.29:025][  0]LogFileCache: Scanning file cache for directory 'D:/indie/indie/Content/' took 0.01s
[2017.08.03-16.04.29:558][  0]SourceControl: Info Source control is disabled
[2017.08.03-16.04.29:558][  0]Cmd: MAP LOAD FILE="../../../../../../indie/indie/Content/2DSideScrollerBP/Maps/2DSideScrollerExampleMap.umap" TEMPLATE=0 SHOWPROGRESS=1 FEATURELEVEL=3
[2017.08.03-16.04.29:558][  0]LogEditorServer:Warning: Can't find file '../../../../../../indie/indie/Content/2DSideScrollerBP/Maps/2DSideScrollerExampleMap.umap'
[2017.08.03-16.04.29:558][  0]Cmd: MAP CHECKDEP NOCLEARLOG
[2017.08.03-16.04.29:607][  0]MapCheck: Info Map check complete: 0 Error(s), 0 Warning(s), took 48.056ms to complete.
[2017.08.03-16.04.29:607][  0]LogFileHelpers: Loading map '2DSideScrollerExampleMap' took 0.048
[2017.08.03-16.04.29:676][  0]LogWindowsTextInputMethodSystem:Display: IME system now deactivated.
[2017.08.03-16.04.29:759][  0]LogCollectionManager: Loaded 0 collections in 0.000946 seconds
[2017.08.03-16.04.29:831][  0]LogFileCache: Scanning file cache for directory 'D:/indie/indie/Saved/Collections/' took 0.01s
[2017.08.03-16.04.29:831][  0]LogFileCache: Scanning file cache for directory 'D:/indie/indie/Content/Developers/Lomakin/Collections/' took 0.01s
[2017.08.03-16.04.29:831][  0]LogFileCache: Scanning file cache for directory 'D:/indie/indie/Content/Collections/' took 0.01s
[2017.08.03-16.04.29:831][  0]LogCollectionManager: Rebuilt the GUID cache for 0 collections in 0.000002 seconds
[2017.08.03-16.04.29:841][  0]LogContentBrowser: Native class hierarchy populated in 0.0097 seconds. Added 2329 classes and 491 folders.
[2017.08.03-16.04.29:902][  0]LogContentBrowser: Native class hierarchy updated for 'WidgetCarousel' in 0.0006 seconds. Added 0 classes and 0 folders.
[2017.08.03-16.04.29:939][  0]LogContentBrowser: Native class hierarchy updated for 'AddContentDialog' in 0.0007 seconds. Added 0 classes and 0 folders.
[2017.08.03-16.04.29:980][  0]LogContentBrowser: Native class hierarchy updated for 'SceneOutliner' in 0.0008 seconds. Added 1 classes and 2 folders.
[2017.08.03-16.04.30:075][  0]LogCrashTracker: Crashtracker disabled due to settings.
[2017.08.03-16.04.30:096][  0]LogSlate: Took 0.000297 seconds to synchronously load lazily loaded font '../../../Engine/Content/Slate/Fonts/Roboto-Regular.ttf' (155K)
[2017.08.03-16.04.30:099][  0]LogSlate: Took 0.000293 seconds to synchronously load lazily loaded font '../../../Engine/Content/Slate/Fonts/Roboto-Bold.ttf' (160K)
[2017.08.03-16.04.30:106][  0]LogSlate: Took 0.000206 seconds to synchronously load lazily loaded font '../../../Engine/Content/Editor/Slate/Fonts/FontAwesome.ttf' (139K)
[2017.08.03-16.04.30:225][  0]LogRenderer: Reallocating scene render targets to support 1056x556 NumSamples 1 (Frame:1).
[2017.08.03-16.04.30:327][  0]LogUObjectGlobals:Warning: Failed to find object 'Class None.'
[2017.08.03-16.04.30:385][  0]LogContentBrowser: Native class hierarchy updated for 'HierarchicalLODOutliner' in 0.0006 seconds. Added 1 classes and 2 folders.
[2017.08.03-16.04.30:385][  0]LogLoad: (Engine Initialization) Total time: 15.80 seconds
[2017.08.03-16.04.30:385][  0]LogLoad: (Engine Initialization) Total Blueprint compile time: 0.04 seconds
[2017.08.03-16.04.30:385][  0]LogExternalProfiler: Found external profiler: VSPerf
[2017.08.03-16.04.30:385][  0]LogExternalProfiler: Using external profiler: VSPerf
[2017.08.03-16.04.30:396][  0]LogOcInput: OculusInput pre-init called
[2017.08.03-16.04.30:396][  0]LogHMD: Starting GearVRController plugin
[2017.08.03-16.04.30:417][  0]LogContentStreaming: Texture pool size now 1000 MB
[2017.08.03-16.04.30:478][  1]LogAssetRegistry: Asset discovery search completed in 9.1432 seconds
[2017.08.03-16.04.30:480][  1]LogCollectionManager: Rebuilt the object cache for 0 collections in 0.000001 seconds (found 0 objects)
[2017.08.03-16.04.30:480][  1]LogCollectionManager: Fixed up redirectors for 0 collections in 0.000029 seconds (updated 0 objects)
[2017.08.03-16.04.34:472][394]LogSlate: Took 0.000181 seconds to synchronously load lazily loaded font '../../../Engine/Content/Slate/Fonts/Roboto-Light.ttf' (159K)
[2017.08.03-16.04.48:060][487]LogSlate: Took 0.000192 seconds to synchronously load lazily loaded font '../../../Engine/Content/Slate/Fonts/Roboto-Light.ttf' (159K)
[2017.08.03-16.04.48:252][487]LogAIModule: Creating AISystem for world Level01
[2017.08.03-16.04.48:271][487]Cmd: MAP LOAD FILE="../../../../../../indie/indie/Content/Bp/Maps/Level01.umap" TEMPLATE=0 SHOWPROGRESS=1 FEATURELEVEL=3
[2017.08.03-16.04.48:271][487]LightingResults: New page: Lighting Build
[2017.08.03-16.04.48:306][487]LogContentBrowser: Native class hierarchy updated for 'StatsViewer' in 0.0006 seconds. Added 5 classes and 0 folders.
[2017.08.03-16.04.48:306][487]LoadErrors: New page: Loading map: Level01.umap
[2017.08.03-16.04.48:307][487]MapCheck: New page: Map Check
[2017.08.03-16.04.48:307][487]LightingResults: New page: Lighting Build
[2017.08.03-16.04.48:366][487]LogEditorServer: Finished looking for orphan Actors (0.000 secs)
[2017.08.03-16.04.48:397][487]Cmd: MAP CHECKDEP NOCLEARLOG
[2017.08.03-16.04.48:441][487]MapCheck: Info Map check complete: 0 Error(s), 0 Warning(s), took 44.18ms to complete.
[2017.08.03-16.04.48:441][487]LogFileHelpers: Loading map 'Level01' took 0.171
[2017.08.03-16.04.49:400][588]LogUObjectGlobals:Warning: Guid referenced by ArrowComponent /Game/Bp/Maps/2DSideScrollerExampleMap.2DSideScrollerExampleMap:PersistentLevel.NetworkPlayerStart.Arrow is already used by ArrowComponent /Game/Bp/Maps/Level01.Level01:PersistentLevel.NetworkPlayerStart.Arrow, which should never happen in the editor but could happen at runtime with duplicate level loading or PIE
[2017.08.03-16.04.49:400][588]LogUObjectGlobals:Warning: Guid referenced by BillboardComponent /Game/Bp/Maps/2DSideScrollerExampleMap.2DSideScrollerExampleMap:PersistentLevel.NetworkPlayerStart.Sprite is already used by BillboardComponent /Game/Bp/Maps/Level01.Level01:PersistentLevel.NetworkPlayerStart.Sprite, which should never happen in the editor but could happen at runtime with duplicate level loading or PIE
[2017.08.03-16.04.49:400][588]LogUObjectGlobals:Warning: Guid referenced by BillboardComponent /Game/Bp/Maps/2DSideScrollerExampleMap.2DSideScrollerExampleMap:PersistentLevel.NetworkPlayerStart.Sprite2 is already used by BillboardComponent /Game/Bp/Maps/Level01.Level01:PersistentLevel.NetworkPlayerStart.Sprite2, which should never happen in the editor but could happen at runtime with duplicate level loading or PIE
[2017.08.03-16.04.49:400][588]LogUObjectGlobals:Warning: Guid referenced by BrushComponent /Game/Bp/Maps/2DSideScrollerExampleMap.2DSideScrollerExampleMap:PersistentLevel.GlobalPostProcessSettings.BrushComponent0 is already used by BrushComponent /Game/Bp/Maps/Level01.Level01:PersistentLevel.GlobalPostProcessSettings.BrushComponent0, which should never happen in the editor but could happen at runtime with duplicate level loading or PIE
[2017.08.03-16.04.49:400][588]LogUObjectGlobals:Warning: Guid referenced by CapsuleComponent /Game/Bp/Maps/2DSideScrollerExampleMap.2DSideScrollerExampleMap:PersistentLevel.NetworkPlayerStart.CollisionCapsule is already used by CapsuleComponent /Game/Bp/Maps/Level01.Level01:PersistentLevel.NetworkPlayerStart.CollisionCapsule, which should never happen in the editor but could happen at runtime with duplicate level loading or PIE
[2017.08.03-16.04.49:401][588]LogUObjectGlobals:Warning: Guid referenced by PaperSpriteComponent /Game/Bp/Maps/2DSideScrollerExampleMap.2DSideScrollerExampleMap:PersistentLevel.Background_Sprite_48.RenderComponent is already used by PaperSpriteComponent /Game/Bp/Maps/Level01.Level01:PersistentLevel.Background_Sprite_48.RenderComponent, which should never happen in the editor but could happen at runtime with duplicate level loading or PIE
[2017.08.03-16.04.49:401][588]LogUObjectGlobals:Warning: Guid referenced by PaperSpriteComponent /Game/Bp/Maps/2DSideScrollerExampleMap.2DSideScrollerExampleMap:PersistentLevel.Ledge_13.RenderComponent is already used by PaperSpriteComponent /Game/Bp/Maps/Level01.Level01:PersistentLevel.Ledge_13.RenderComponent, which should never happen in the editor but could happen at runtime with duplicate level loading or PIE
[2017.08.03-16.04.49:401][588]LogUObjectGlobals:Warning: Guid referenced by PaperSpriteComponent /Game/Bp/Maps/2DSideScrollerExampleMap.2DSideScrollerExampleMap:PersistentLevel.Ledge_14.RenderComponent is already used by PaperSpriteComponent /Game/Bp/Maps/Level01.Level01:PersistentLevel.Ledge_14.RenderComponent, which should never happen in the editor but could happen at runtime with duplicate level loading or PIE
[2017.08.03-16.04.49:401][588]LogUObjectGlobals:Warning: Guid referenced by PaperSpriteComponent /Game/Bp/Maps/2DSideScrollerExampleMap.2DSideScrollerExampleMap:PersistentLevel.Ledge_15.RenderComponent is already used by PaperSpriteComponent /Game/Bp/Maps/Level01.Level01:PersistentLevel.Ledge_15.RenderComponent, which should never happen in the editor but could happen at runtime with duplicate level loading or PIE
[2017.08.03-16.04.49:401][588]LogUObjectGlobals:Warning: Guid referenced by PaperSpriteComponent /Game/Bp/Maps/2DSideScrollerExampleMap.2DSideScrollerExampleMap:PersistentLevel.Ledge_25.RenderComponent is already used by PaperSpriteComponent /Game/Bp/Maps/Level01.Level01:PersistentLevel.Ledge_25.RenderComponent, which should never happen in the editor but could happen at runtime with duplicate level loading or PIE
[2017.08.03-16.04.49:401][588]LogUObjectGlobals:Warning: Guid referenced by PaperSpriteComponent /Game/Bp/Maps/2DSideScrollerExampleMap.2DSideScrollerExampleMap:PersistentLevel.Ledge_26.RenderComponent is already used by PaperSpriteComponent /Game/Bp/Maps/Level01.Level01:PersistentLevel.Ledge_26.RenderComponent, which should never happen in the editor but could happen at runtime with duplicate level loading or PIE
[2017.08.03-16.04.49:401][588]LogUObjectGlobals:Warning: Guid referenced by PaperSpriteComponent /Game/Bp/Maps/2DSideScrollerExampleMap.2DSideScrollerExampleMap:PersistentLevel.Ledge_27.RenderComponent is already used by PaperSpriteComponent /Game/Bp/Maps/Level01.Level01:PersistentLevel.Ledge_27.RenderComponent, which should never happen in the editor but could happen at runtime with duplicate level loading or PIE
[2017.08.03-16.04.49:401][588]LogUObjectGlobals:Warning: Guid referenced by PaperSpriteComponent /Game/Bp/Maps/2DSideScrollerExampleMap.2DSideScrollerExampleMap:PersistentLevel.Ledge_28.RenderComponent is already used by PaperSpriteComponent /Game/Bp/Maps/Level01.Level01:PersistentLevel.Ledge_28.RenderComponent, which should never happen in the editor but could happen at runtime with duplicate level loading or PIE
[2017.08.03-16.04.49:401][588]LogUObjectGlobals:Warning: Guid referenced by PaperSpriteComponent /Game/Bp/Maps/2DSideScrollerExampleMap.2DSideScrollerExampleMap:PersistentLevel.Ledge_29.RenderComponent is already used by PaperSpriteComponent /Game/Bp/Maps/Level01.Level01:PersistentLevel.Ledge_29.RenderComponent, which should never happen in the editor but could happen at runtime with duplicate level loading or PIE
[2017.08.03-16.04.49:401][588]LogUObjectGlobals:Warning: Guid referenced by PaperSpriteComponent /Game/Bp/Maps/2DSideScrollerExampleMap.2DSideScrollerExampleMap:PersistentLevel.Ledge_30.RenderComponent is already used by PaperSpriteComponent /Game/Bp/Maps/Level01.Level01:PersistentLevel.Ledge_30.RenderComponent, which should never happen in the editor but could happen at runtime with duplicate level loading or PIE
[2017.08.03-16.04.49:401][588]LogUObjectGlobals:Warning: Guid referenced by PaperSpriteComponent /Game/Bp/Maps/2DSideScrollerExampleMap.2DSideScrollerExampleMap:PersistentLevel.Ledge_31.RenderComponent is already used by PaperSpriteComponent /Game/Bp/Maps/Level01.Level01:PersistentLevel.Ledge_31.RenderComponent, which should never happen in the editor but could happen at runtime with duplicate level loading or PIE
[2017.08.03-16.04.49:401][588]LogUObjectGlobals:Warning: Guid referenced by PaperSpriteComponent /Game/Bp/Maps/2DSideScrollerExampleMap.2DSideScrollerExampleMap:PersistentLevel.Ledge_32.RenderComponent is already used by PaperSpriteComponent /Game/Bp/Maps/Level01.Level01:PersistentLevel.Ledge_32.RenderComponent, which should never happen in the editor but could happen at runtime with duplicate level loading or PIE
[2017.08.03-16.04.49:401][588]LogUObjectGlobals:Warning: Guid referenced by PaperSpriteComponent /Game/Bp/Maps/2DSideScrollerExampleMap.2DSideScrollerExampleMap:PersistentLevel.Ledge_34.RenderComponent is already used by PaperSpriteComponent /Game/Bp/Maps/Level01.Level01:PersistentLevel.Ledge_34.RenderComponent, which should never happen in the editor but could happen at runtime with duplicate level loading or PIE
[2017.08.03-16.04.49:401][588]LogUObjectGlobals:Warning: Guid referenced by PaperSpriteComponent /Game/Bp/Maps/2DSideScrollerExampleMap.2DSideScrollerExampleMap:PersistentLevel.Ledge_9.RenderComponent is already used by PaperSpriteComponent /Game/Bp/Maps/Level01.Level01:PersistentLevel.Ledge_9.RenderComponent, which should never happen in the editor but could happen at runtime with duplicate level loading or PIE
[2017.08.03-16.04.49:401][588]LogUObjectGlobals:Warning: Guid referenced by PaperSpriteComponent /Game/Bp/Maps/2DSideScrollerExampleMap.2DSideScrollerExampleMap:PersistentLevel.LeftEdge.RenderComponent is already used by PaperSpriteComponent /Game/Bp/Maps/Level01.Level01:PersistentLevel.LeftEdge.RenderComponent, which should never happen in the editor but could happen at runtime with duplicate level loading or PIE
[2017.08.03-16.04.49:402][588]LogUObjectGlobals:Warning: Guid referenced by PaperSpriteComponent /Game/Bp/Maps/2DSideScrollerExampleMap.2DSideScrollerExampleMap:PersistentLevel.RightEdge.RenderComponent is already used by PaperSpriteComponent /Game/Bp/Maps/Level01.Level01:PersistentLevel.RightEdge.RenderComponent, which should never happen in the editor but could happen at runtime with duplicate level loading or PIE
[2017.08.03-16.04.49:402][588]LogUObjectGlobals:Warning: Guid referenced by PaperSpriteComponent /Game/Bp/Maps/2DSideScrollerExampleMap.2DSideScrollerExampleMap:PersistentLevel.Stairs_Sprite2_5.RenderComponent is already used by PaperSpriteComponent /Game/Bp/Maps/Level01.Level01:PersistentLevel.Stairs_Sprite2_5.RenderComponent, which should never happen in the editor but could happen at runtime with duplicate level loading or PIE
[2017.08.03-16.04.49:402][588]LogUObjectGlobals:Warning: Guid referenced by PaperSpriteComponent /Game/Bp/Maps/2DSideScrollerExampleMap.2DSideScrollerExampleMap:PersistentLevel.Stairs_Sprite_2.RenderComponent is already used by PaperSpriteComponent /Game/Bp/Maps/Level01.Level01:PersistentLevel.Stairs_Sprite_2.RenderComponent, which should never happen in the editor but could happen at runtime with duplicate level loading or PIE
[2017.08.03-16.04.49:403][588]LogAIModule: Creating AISystem for world 2DSideScrollerExampleMap
[2017.08.03-16.04.49:417][588]Cmd: MAP LOAD FILE="../../../../../../indie/indie/Content/Bp/Maps/2DSideScrollerExampleMap.umap" TEMPLATE=0 SHOWPROGRESS=1 FEATURELEVEL=3
[2017.08.03-16.04.49:417][588]LightingResults: New page: Lighting Build
[2017.08.03-16.04.49:417][588]LoadErrors: New page: Loading map: 2DSideScrollerExampleMap.umap
[2017.08.03-16.04.49:418][588]MapCheck: New page: Map Check
[2017.08.03-16.04.49:418][588]LightingResults: New page: Lighting Build
[2017.08.03-16.04.49:493][588]LogEditorServer: Finished looking for orphan Actors (0.000 secs)
[2017.08.03-16.04.49:522][588]Cmd: MAP CHECKDEP NOCLEARLOG
[2017.08.03-16.04.49:568][588]MapCheck: Info Map check complete: 0 Error(s), 0 Warning(s), took 45.769ms to complete.
[2017.08.03-16.04.49:568][588]LogFileHelpers: Loading map '2DSideScrollerExampleMap' took 0.152
[2017.08.03-16.04.51:683][793]LogAIModule: Creating AISystem for world Level01
[2017.08.03-16.04.51:696][793]Cmd: MAP LOAD FILE="../../../../../../indie/indie/Content/Bp/Maps/Level01.umap" TEMPLATE=0 SHOWPROGRESS=1 FEATURELEVEL=3
[2017.08.03-16.04.51:697][793]LightingResults: New page: Lighting Build
[2017.08.03-16.04.51:697][793]LoadErrors: New page: Loading map: Level01.umap
[2017.08.03-16.04.51:698][793]MapCheck: New page: Map Check
[2017.08.03-16.04.51:698][793]LightingResults: New page: Lighting Build
[2017.08.03-16.04.51:783][793]LogEditorServer: Finished looking for orphan Actors (0.000 secs)
[2017.08.03-16.04.51:812][793]Cmd: MAP CHECKDEP NOCLEARLOG
[2017.08.03-16.04.51:874][793]MapCheck: Info Map check complete: 0 Error(s), 0 Warning(s), took 61.606ms to complete.
[2017.08.03-16.04.51:874][793]LogFileHelpers: Loading map 'Level01' took 0.178
[2017.08.03-16.04.52:730][885]LogUObjectGlobals:Warning: Guid referenced by ArrowComponent /Game/Bp/Maps/2DSideScrollerExampleMap.2DSideScrollerExampleMap:PersistentLevel.NetworkPlayerStart.Arrow is already used by ArrowComponent /Game/Bp/Maps/Level01.Level01:PersistentLevel.NetworkPlayerStart.Arrow, which should never happen in the editor but could happen at runtime with duplicate level loading or PIE
[2017.08.03-16.04.52:730][885]LogUObjectGlobals:Warning: Guid referenced by BillboardComponent /Game/Bp/Maps/2DSideScrollerExampleMap.2DSideScrollerExampleMap:PersistentLevel.NetworkPlayerStart.Sprite is already used by BillboardComponent /Game/Bp/Maps/Level01.Level01:PersistentLevel.NetworkPlayerStart.Sprite, which should never happen in the editor but could happen at runtime with duplicate level loading or PIE
[2017.08.03-16.04.52:730][885]LogUObjectGlobals:Warning: Guid referenced by BillboardComponent /Game/Bp/Maps/2DSideScrollerExampleMap.2DSideScrollerExampleMap:PersistentLevel.NetworkPlayerStart.Sprite2 is already used by BillboardComponent /Game/Bp/Maps/Level01.Level01:PersistentLevel.NetworkPlayerStart.Sprite2, which should never happen in the editor but could happen at runtime with duplicate level loading or PIE
[2017.08.03-16.04.52:731][885]LogUObjectGlobals:Warning: Guid referenced by BrushComponent /Game/Bp/Maps/2DSideScrollerExampleMap.2DSideScrollerExampleMap:PersistentLevel.GlobalPostProcessSettings.BrushComponent0 is already used by BrushComponent /Game/Bp/Maps/Level01.Level01:PersistentLevel.GlobalPostProcessSettings.BrushComponent0, which should never happen in the editor but could happen at runtime with duplicate level loading or PIE
[2017.08.03-16.04.52:731][885]LogUObjectGlobals:Warning: Guid referenced by CapsuleComponent /Game/Bp/Maps/2DSideScrollerExampleMap.2DSideScrollerExampleMap:PersistentLevel.NetworkPlayerStart.CollisionCapsule is already used by CapsuleComponent /Game/Bp/Maps/Level01.Level01:PersistentLevel.NetworkPlayerStart.CollisionCapsule, which should never happen in the editor but could happen at runtime with duplicate level loading or PIE
[2017.08.03-16.04.52:731][885]LogUObjectGlobals:Warning: Guid referenced by PaperSpriteComponent /Game/Bp/Maps/2DSideScrollerExampleMap.2DSideScrollerExampleMap:PersistentLevel.Background_Sprite_48.RenderComponent is already used by PaperSpriteComponent /Game/Bp/Maps/Level01.Level01:PersistentLevel.Background_Sprite_48.RenderComponent, which should never happen in the editor but could happen at runtime with duplicate level loading or PIE
[2017.08.03-16.04.52:731][885]LogUObjectGlobals:Warning: Guid referenced by PaperSpriteComponent /Game/Bp/Maps/2DSideScrollerExampleMap.2DSideScrollerExampleMap:PersistentLevel.Ledge_13.RenderComponent is already used by PaperSpriteComponent /Game/Bp/Maps/Level01.Level01:PersistentLevel.Ledge_13.RenderComponent, which should never happen in the editor but could happen at runtime with duplicate level loading or PIE
[2017.08.03-16.04.52:731][885]LogUObjectGlobals:Warning: Guid referenced by PaperSpriteComponent /Game/Bp/Maps/2DSideScrollerExampleMap.2DSideScrollerExampleMap:PersistentLevel.Ledge_14.RenderComponent is already used by PaperSpriteComponent /Game/Bp/Maps/Level01.Level01:PersistentLevel.Ledge_14.RenderComponent, which should never happen in the editor but could happen at runtime with duplicate level loading or PIE
[2017.08.03-16.04.52:731][885]LogUObjectGlobals:Warning: Guid referenced by PaperSpriteComponent /Game/Bp/Maps/2DSideScrollerExampleMap.2DSideScrollerExampleMap:PersistentLevel.Ledge_15.RenderComponent is already used by PaperSpriteComponent /Game/Bp/Maps/Level01.Level01:PersistentLevel.Ledge_15.RenderComponent, which should never happen in the editor but could happen at runtime with duplicate level loading or PIE
[2017.08.03-16.04.52:731][885]LogUObjectGlobals:Warning: Guid referenced by PaperSpriteComponent /Game/Bp/Maps/2DSideScrollerExampleMap.2DSideScrollerExampleMap:PersistentLevel.Ledge_25.RenderComponent is already used by PaperSpriteComponent /Game/Bp/Maps/Level01.Level01:PersistentLevel.Ledge_25.RenderComponent, which should never happen in the editor but could happen at runtime with duplicate level loading or PIE
[2017.08.03-16.04.52:731][885]LogUObjectGlobals:Warning: Guid referenced by PaperSpriteComponent /Game/Bp/Maps/2DSideScrollerExampleMap.2DSideScrollerExampleMap:PersistentLevel.Ledge_26.RenderComponent is already used by PaperSpriteComponent /Game/Bp/Maps/Level01.Level01:PersistentLevel.Ledge_26.RenderComponent, which should never happen in the editor but could happen at runtime with duplicate level loading or PIE
[2017.08.03-16.04.52:731][885]LogUObjectGlobals:Warning: Guid referenced by PaperSpriteComponent /Game/Bp/Maps/2DSideScrollerExampleMap.2DSideScrollerExampleMap:PersistentLevel.Ledge_27.RenderComponent is already used by PaperSpriteComponent /Game/Bp/Maps/Level01.Level01:PersistentLevel.Ledge_27.RenderComponent, which should never happen in the editor but could happen at runtime with duplicate level loading or PIE
[2017.08.03-16.04.52:731][885]LogUObjectGlobals:Warning: Guid referenced by PaperSpriteComponent /Game/Bp/Maps/2DSideScrollerExampleMap.2DSideScrollerExampleMap:PersistentLevel.Ledge_28.RenderComponent is already used by PaperSpriteComponent /Game/Bp/Maps/Level01.Level01:PersistentLevel.Ledge_28.RenderComponent, which should never happen in the editor but could happen at runtime with duplicate level loading or PIE
[2017.08.03-16.04.52:731][885]LogUObjectGlobals:Warning: Guid referenced by PaperSpriteComponent /Game/Bp/Maps/2DSideScrollerExampleMap.2DSideScrollerExampleMap:PersistentLevel.Ledge_29.RenderComponent is already used by PaperSpriteComponent /Game/Bp/Maps/Level01.Level01:PersistentLevel.Ledge_29.RenderComponent, which should never happen in the editor but could happen at runtime with duplicate level loading or PIE
[2017.08.03-16.04.52:731][885]LogUObjectGlobals:Warning: Guid referenced by PaperSpriteComponent /Game/Bp/Maps/2DSideScrollerExampleMap.2DSideScrollerExampleMap:PersistentLevel.Ledge_30.RenderComponent is already used by PaperSpriteComponent /Game/Bp/Maps/Level01.Level01:PersistentLevel.Ledge_30.RenderComponent, which should never happen in the editor but could happen at runtime with duplicate level loading or PIE
[2017.08.03-16.04.52:731][885]LogUObjectGlobals:Warning: Guid referenced by PaperSpriteComponent /Game/Bp/Maps/2DSideScrollerExampleMap.2DSideScrollerExampleMap:PersistentLevel.Ledge_31.RenderComponent is already used by PaperSpriteComponent /Game/Bp/Maps/Level01.Level01:PersistentLevel.Ledge_31.RenderComponent, which should never happen in the editor but could happen at runtime with duplicate level loading or PIE
[2017.08.03-16.04.52:731][885]LogUObjectGlobals:Warning: Guid referenced by PaperSpriteComponent /Game/Bp/Maps/2DSideScrollerExampleMap.2DSideScrollerExampleMap:PersistentLevel.Ledge_32.RenderComponent is already used by PaperSpriteComponent /Game/Bp/Maps/Level01.Level01:PersistentLevel.Ledge_32.RenderComponent, which should never happen in the editor but could happen at runtime with duplicate level loading or PIE
[2017.08.03-16.04.52:731][885]LogUObjectGlobals:Warning: Guid referenced by PaperSpriteComponent /Game/Bp/Maps/2DSideScrollerExampleMap.2DSideScrollerExampleMap:PersistentLevel.Ledge_34.RenderComponent is already used by PaperSpriteComponent /Game/Bp/Maps/Level01.Level01:PersistentLevel.Ledge_34.RenderComponent, which should never happen in the editor but could happen at runtime with duplicate level loading or PIE
[2017.08.03-16.04.52:731][885]LogUObjectGlobals:Warning: Guid referenced by PaperSpriteComponent /Game/Bp/Maps/2DSideScrollerExampleMap.2DSideScrollerExampleMap:PersistentLevel.Ledge_9.RenderComponent is already used by PaperSpriteComponent /Game/Bp/Maps/Level01.Level01:PersistentLevel.Ledge_9.RenderComponent, which should never happen in the editor but could happen at runtime with duplicate level loading or PIE
[2017.08.03-16.04.52:731][885]LogUObjectGlobals:Warning: Guid referenced by PaperSpriteComponent /Game/Bp/Maps/2DSideScrollerExampleMap.2DSideScrollerExampleMap:PersistentLevel.LeftEdge.RenderComponent is already used by PaperSpriteComponent /Game/Bp/Maps/Level01.Level01:PersistentLevel.LeftEdge.RenderComponent, which should never happen in the editor but could happen at runtime with duplicate level loading or PIE
[2017.08.03-16.04.52:731][885]LogUObjectGlobals:Warning: Guid referenced by PaperSpriteComponent /Game/Bp/Maps/2DSideScrollerExampleMap.2DSideScrollerExampleMap:PersistentLevel.RightEdge.RenderComponent is already used by PaperSpriteComponent /Game/Bp/Maps/Level01.Level01:PersistentLevel.RightEdge.RenderComponent, which should never happen in the editor but could happen at runtime with duplicate level loading or PIE
[2017.08.03-16.04.52:731][885]LogUObjectGlobals:Warning: Guid referenced by PaperSpriteComponent /Game/Bp/Maps/2DSideScrollerExampleMap.2DSideScrollerExampleMap:PersistentLevel.Stairs_Sprite2_5.RenderComponent is already used by PaperSpriteComponent /Game/Bp/Maps/Level01.Level01:PersistentLevel.Stairs_Sprite2_5.RenderComponent, which should never happen in the editor but could happen at runtime with duplicate level loading or PIE
[2017.08.03-16.04.52:732][885]LogUObjectGlobals:Warning: Guid referenced by PaperSpriteComponent /Game/Bp/Maps/2DSideScrollerExampleMap.2DSideScrollerExampleMap:PersistentLevel.Stairs_Sprite_2.RenderComponent is already used by PaperSpriteComponent /Game/Bp/Maps/Level01.Level01:PersistentLevel.Stairs_Sprite_2.RenderComponent, which should never happen in the editor but could happen at runtime with duplicate level loading or PIE
[2017.08.03-16.04.52:733][885]LogAIModule: Creating AISystem for world 2DSideScrollerExampleMap
[2017.08.03-16.04.52:746][885]Cmd: MAP LOAD FILE="../../../../../../indie/indie/Content/Bp/Maps/2DSideScrollerExampleMap.umap" TEMPLATE=0 SHOWPROGRESS=1 FEATURELEVEL=3
[2017.08.03-16.04.52:746][885]LightingResults: New page: Lighting Build
[2017.08.03-16.04.52:747][885]LoadErrors: New page: Loading map: 2DSideScrollerExampleMap.umap
[2017.08.03-16.04.52:748][885]MapCheck: New page: Map Check
[2017.08.03-16.04.52:748][885]LightingResults: New page: Lighting Build
[2017.08.03-16.04.52:846][885]LogEditorServer: Finished looking for orphan Actors (0.000 secs)
[2017.08.03-16.04.52:875][885]Cmd: MAP CHECKDEP NOCLEARLOG
[2017.08.03-16.04.52:920][885]MapCheck: Info Map check complete: 0 Error(s), 0 Warning(s), took 44.879ms to complete.
[2017.08.03-16.04.52:920][885]LogFileHelpers: Loading map '2DSideScrollerExampleMap' took 0.175
[2017.08.03-16.04.54:876][101]LogAIModule: Creating AISystem for world Level01
[2017.08.03-16.04.56:185][101]LightingResults: New page: Lighting Build
[2017.08.03-16.04.56:185][101]MapCheck: New page: Map Check
[2017.08.03-16.04.56:185][101]LightingResults: New page: Lighting Build
[2017.08.03-16.04.56:196][101]LogAIModule: Creating AISystem for world Untitled
[2017.08.03-16.04.56:285][101]LoadErrors: New page: New Map
[2017.08.03-16.04.56:296][101]LogUObjectGlobals:Warning: Guid referenced by ArrowComponent /Game/Bp/Maps/2DSideScrollerExampleMap.2DSideScrollerExampleMap:PersistentLevel.NetworkPlayerStart.Arrow is already used by ArrowComponent /Game/Bp/Maps/Level01.Level01:PersistentLevel.NetworkPlayerStart.Arrow, which should never happen in the editor but could happen at runtime with duplicate level loading or PIE
[2017.08.03-16.04.56:296][101]LogUObjectGlobals:Warning: Guid referenced by BillboardComponent /Game/Bp/Maps/2DSideScrollerExampleMap.2DSideScrollerExampleMap:PersistentLevel.NetworkPlayerStart.Sprite is already used by BillboardComponent /Game/Bp/Maps/Level01.Level01:PersistentLevel.NetworkPlayerStart.Sprite, which should never happen in the editor but could happen at runtime with duplicate level loading or PIE
[2017.08.03-16.04.56:296][101]LogUObjectGlobals:Warning: Guid referenced by BillboardComponent /Game/Bp/Maps/2DSideScrollerExampleMap.2DSideScrollerExampleMap:PersistentLevel.NetworkPlayerStart.Sprite2 is already used by BillboardComponent /Game/Bp/Maps/Level01.Level01:PersistentLevel.NetworkPlayerStart.Sprite2, which should never happen in the editor but could happen at runtime with duplicate level loading or PIE
[2017.08.03-16.04.56:296][101]LogUObjectGlobals:Warning: Guid referenced by BrushComponent /Game/Bp/Maps/2DSideScrollerExampleMap.2DSideScrollerExampleMap:PersistentLevel.GlobalPostProcessSettings.BrushComponent0 is already used by BrushComponent /Game/Bp/Maps/Level01.Level01:PersistentLevel.GlobalPostProcessSettings.BrushComponent0, which should never happen in the editor but could happen at runtime with duplicate level loading or PIE
[2017.08.03-16.04.56:296][101]LogUObjectGlobals:Warning: Guid referenced by CapsuleComponent /Game/Bp/Maps/2DSideScrollerExampleMap.2DSideScrollerExampleMap:PersistentLevel.NetworkPlayerStart.CollisionCapsule is already used by CapsuleComponent /Game/Bp/Maps/Level01.Level01:PersistentLevel.NetworkPlayerStart.CollisionCapsule, which should never happen in the editor but could happen at runtime with duplicate level loading or PIE
[2017.08.03-16.04.56:296][101]LogUObjectGlobals:Warning: Guid referenced by PaperSpriteComponent /Game/Bp/Maps/2DSideScrollerExampleMap.2DSideScrollerExampleMap:PersistentLevel.Background_Sprite_48.RenderComponent is already used by PaperSpriteComponent /Game/Bp/Maps/Level01.Level01:PersistentLevel.Background_Sprite_48.RenderComponent, which should never happen in the editor but could happen at runtime with duplicate level loading or PIE
[2017.08.03-16.04.56:297][101]LogUObjectGlobals:Warning: Guid referenced by PaperSpriteComponent /Game/Bp/Maps/2DSideScrollerExampleMap.2DSideScrollerExampleMap:PersistentLevel.Ledge_13.RenderComponent is already used by PaperSpriteComponent /Game/Bp/Maps/Level01.Level01:PersistentLevel.Ledge_13.RenderComponent, which should never happen in the editor but could happen at runtime with duplicate level loading or PIE
[2017.08.03-16.04.56:297][101]LogUObjectGlobals:Warning: Guid referenced by PaperSpriteComponent /Game/Bp/Maps/2DSideScrollerExampleMap.2DSideScrollerExampleMap:PersistentLevel.Ledge_14.RenderComponent is already used by PaperSpriteComponent /Game/Bp/Maps/Level01.Level01:PersistentLevel.Ledge_14.RenderComponent, which should never happen in the editor but could happen at runtime with duplicate level loading or PIE
[2017.08.03-16.04.56:297][101]LogUObjectGlobals:Warning: Guid referenced by PaperSpriteComponent /Game/Bp/Maps/2DSideScrollerExampleMap.2DSideScrollerExampleMap:PersistentLevel.Ledge_15.RenderComponent is already used by PaperSpriteComponent /Game/Bp/Maps/Level01.Level01:PersistentLevel.Ledge_15.RenderComponent, which should never happen in the editor but could happen at runtime with duplicate level loading or PIE
[2017.08.03-16.04.56:297][101]LogUObjectGlobals:Warning: Guid referenced by PaperSpriteComponent /Game/Bp/Maps/2DSideScrollerExampleMap.2DSideScrollerExampleMap:PersistentLevel.Ledge_25.RenderComponent is already used by PaperSpriteComponent /Game/Bp/Maps/Level01.Level01:PersistentLevel.Ledge_25.RenderComponent, which should never happen in the editor but could happen at runtime with duplicate level loading or PIE
[2017.08.03-16.04.56:297][101]LogUObjectGlobals:Warning: Guid referenced by PaperSpriteComponent /Game/Bp/Maps/2DSideScrollerExampleMap.2DSideScrollerExampleMap:PersistentLevel.Ledge_26.RenderComponent is already used by PaperSpriteComponent /Game/Bp/Maps/Level01.Level01:PersistentLevel.Ledge_26.RenderComponent, which should never happen in the editor but could happen at runtime with duplicate level loading or PIE
[2017.08.03-16.04.56:297][101]LogUObjectGlobals:Warning: Guid referenced by PaperSpriteComponent /Game/Bp/Maps/2DSideScrollerExampleMap.2DSideScrollerExampleMap:PersistentLevel.Ledge_27.RenderComponent is already used by PaperSpriteComponent /Game/Bp/Maps/Level01.Level01:PersistentLevel.Ledge_27.RenderComponent, which should never happen in the editor but could happen at runtime with duplicate level loading or PIE
[2017.08.03-16.04.56:297][101]LogUObjectGlobals:Warning: Guid referenced by PaperSpriteComponent /Game/Bp/Maps/2DSideScrollerExampleMap.2DSideScrollerExampleMap:PersistentLevel.Ledge_28.RenderComponent is already used by PaperSpriteComponent /Game/Bp/Maps/Level01.Level01:PersistentLevel.Ledge_28.RenderComponent, which should never happen in the editor but could happen at runtime with duplicate level loading or PIE
[2017.08.03-16.04.56:297][101]LogUObjectGlobals:Warning: Guid referenced by PaperSpriteComponent /Game/Bp/Maps/2DSideScrollerExampleMap.2DSideScrollerExampleMap:PersistentLevel.Ledge_29.RenderComponent is already used by PaperSpriteComponent /Game/Bp/Maps/Level01.Level01:PersistentLevel.Ledge_29.RenderComponent, which should never happen in the editor but could happen at runtime with duplicate level loading or PIE
[2017.08.03-16.04.56:297][101]LogUObjectGlobals:Warning: Guid referenced by PaperSpriteComponent /Game/Bp/Maps/2DSideScrollerExampleMap.2DSideScrollerExampleMap:PersistentLevel.Ledge_30.RenderComponent is already used by PaperSpriteComponent /Game/Bp/Maps/Level01.Level01:PersistentLevel.Ledge_30.RenderComponent, which should never happen in the editor but could happen at runtime with duplicate level loading or PIE
[2017.08.03-16.04.56:297][101]LogUObjectGlobals:Warning: Guid referenced by PaperSpriteComponent /Game/Bp/Maps/2DSideScrollerExampleMap.2DSideScrollerExampleMap:PersistentLevel.Ledge_31.RenderComponent is already used by PaperSpriteComponent /Game/Bp/Maps/Level01.Level01:PersistentLevel.Ledge_31.RenderComponent, which should never happen in the editor but could happen at runtime with duplicate level loading or PIE
[2017.08.03-16.04.56:297][101]LogUObjectGlobals:Warning: Guid referenced by PaperSpriteComponent /Game/Bp/Maps/2DSideScrollerExampleMap.2DSideScrollerExampleMap:PersistentLevel.Ledge_32.RenderComponent is already used by PaperSpriteComponent /Game/Bp/Maps/Level01.Level01:PersistentLevel.Ledge_32.RenderComponent, which should never happen in the editor but could happen at runtime with duplicate level loading or PIE
[2017.08.03-16.04.56:297][101]LogUObjectGlobals:Warning: Guid referenced by PaperSpriteComponent /Game/Bp/Maps/2DSideScrollerExampleMap.2DSideScrollerExampleMap:PersistentLevel.Ledge_34.RenderComponent is already used by PaperSpriteComponent /Game/Bp/Maps/Level01.Level01:PersistentLevel.Ledge_34.RenderComponent, which should never happen in the editor but could happen at runtime with duplicate level loading or PIE
[2017.08.03-16.04.56:297][101]LogUObjectGlobals:Warning: Guid referenced by PaperSpriteComponent /Game/Bp/Maps/2DSideScrollerExampleMap.2DSideScrollerExampleMap:PersistentLevel.Ledge_9.RenderComponent is already used by PaperSpriteComponent /Game/Bp/Maps/Level01.Level01:PersistentLevel.Ledge_9.RenderComponent, which should never happen in the editor but could happen at runtime with duplicate level loading or PIE
[2017.08.03-16.04.56:297][101]LogUObjectGlobals:Warning: Guid referenced by PaperSpriteComponent /Game/Bp/Maps/2DSideScrollerExampleMap.2DSideScrollerExampleMap:PersistentLevel.LeftEdge.RenderComponent is already used by PaperSpriteComponent /Game/Bp/Maps/Level01.Level01:PersistentLevel.LeftEdge.RenderComponent, which should never happen in the editor but could happen at runtime with duplicate level loading or PIE
[2017.08.03-16.04.56:297][101]LogUObjectGlobals:Warning: Guid referenced by PaperSpriteComponent /Game/Bp/Maps/2DSideScrollerExampleMap.2DSideScrollerExampleMap:PersistentLevel.RightEdge.RenderComponent is already used by PaperSpriteComponent /Game/Bp/Maps/Level01.Level01:PersistentLevel.RightEdge.RenderComponent, which should never happen in the editor but could happen at runtime with duplicate level loading or PIE
[2017.08.03-16.04.56:297][101]LogUObjectGlobals:Warning: Guid referenced by PaperSpriteComponent /Game/Bp/Maps/2DSideScrollerExampleMap.2DSideScrollerExampleMap:PersistentLevel.Stairs_Sprite2_5.RenderComponent is already used by PaperSpriteComponent /Game/Bp/Maps/Level01.Level01:PersistentLevel.Stairs_Sprite2_5.RenderComponent, which should never happen in the editor but could happen at runtime with duplicate level loading or PIE
[2017.08.03-16.04.56:297][101]LogUObjectGlobals:Warning: Guid referenced by PaperSpriteComponent /Game/Bp/Maps/2DSideScrollerExampleMap.2DSideScrollerExampleMap:PersistentLevel.Stairs_Sprite_2.RenderComponent is already used by PaperSpriteComponent /Game/Bp/Maps/Level01.Level01:PersistentLevel.Stairs_Sprite_2.RenderComponent, which should never happen in the editor but could happen at runtime with duplicate level loading or PIE
[2017.08.03-16.04.56:299][101]LogAIModule: Creating AISystem for world 2DSideScrollerExampleMap
[2017.08.03-16.04.56:807][101]LogStats: FPlatformStackWalk::StackWalkAndDump -  0.150 s
[2017.08.03-16.04.56:807][101]LogOutputDevice:Error: === Handled ensure: ===
[2017.08.03-16.04.56:807][101]LogOutputDevice:Error: 
[2017.08.03-16.04.56:807][101]LogOutputDevice:Error: Ensure condition failed: CurObject != NULL [File:D:\Build\++UE4+Release-4.16+Compile\Sync\Engine\Source\Editor\UnrealEd\Private\ObjectTools.cpp] [Line: 2314]
[2017.08.03-16.04.56:807][101]LogOutputDevice:Error: 
[2017.08.03-16.04.56:807][101]LogOutputDevice:Error: Stack: 
[2017.08.03-16.04.56:807][101]LogOutputDevice:Error: UE4Editor-Core.dll!0x000000009725E2B6
[2017.08.03-16.04.56:807][101]LogOutputDevice:Error: UE4Editor-Core.dll!0x000000009700B8C2
[2017.08.03-16.04.56:807][101]LogOutputDevice:Error: UE4Editor-Core.dll!0x0000000097021E86
[2017.08.03-16.04.56:807][101]LogOutputDevice:Error: UE4Editor-UnrealEd.dll!0x0000000090E78E7D
[2017.08.03-16.04.56:807][101]LogOutputDevice:Error: UE4Editor-UnrealEd.dll!0x00000000906DBE99
[2017.08.03-16.04.56:807][101]LogOutputDevice:Error: UE4Editor-UnrealEd.dll!0x0000000090949BF2
[2017.08.03-16.04.56:807][101]LogOutputDevice:Error: UE4Editor-UnrealEd.dll!0x00000000908C5E22
[2017.08.03-16.04.56:807][101]LogOutputDevice:Error: UE4Editor-UnrealEd.dll!0x00000000908C8859
[2017.08.03-16.04.56:807][101]LogOutputDevice:Error: UE4Editor-UnrealEd.dll!0x0000000090943A75
[2017.08.03-16.04.56:807][101]LogOutputDevice:Error: UE4Editor-Slate.dll!0x0000000096B08F57
[2017.08.03-16.04.56:807][101]LogOutputDevice:Error: UE4Editor-Slate.dll!0x0000000096B35D7B
[2017.08.03-16.04.56:807][101]LogOutputDevice:Error: UE4Editor-Slate.dll!0x0000000096959E9C
[2017.08.03-16.04.56:807][101]LogOutputDevice:Error: UE4Editor-Slate.dll!0x0000000096929835
[2017.08.03-16.04.56:807][101]LogOutputDevice:Error: UE4Editor-Slate.dll!0x00000000969CE5E2
[2017.08.03-16.04.56:807][101]LogOutputDevice:Error: UE4Editor-Slate.dll!0x00000000969B720F
[2017.08.03-16.04.56:807][101]LogOutputDevice:Error: UE4Editor-Slate.dll!0x00000000969A8391
[2017.08.03-16.04.56:807][101]LogOutputDevice:Error: UE4Editor-Core.dll!0x000000009725175B
[2017.08.03-16.04.56:807][101]LogOutputDevice:Error: UE4Editor-Core.dll!0x000000009723B7D1
[2017.08.03-16.04.56:807][101]LogOutputDevice:Error: UE4Editor-Core.dll!0x00000000972533DB
[2017.08.03-16.04.56:807][101]LogOutputDevice:Error: UE4Editor-Core.dll!0x0000000097237B22
[2017.08.03-16.04.56:807][101]LogOutputDevice:Error: USER32.dll!0x00000000D89B1C24
[2017.08.03-16.04.56:807][101]LogOutputDevice:Error: USER32.dll!0x00000000D89B156C
[2017.08.03-16.04.56:807][101]LogOutputDevice:Error: UE4Editor-Core.dll!0x0000000097253C49
[2017.08.03-16.04.56:807][101]LogOutputDevice:Error: UE4Editor-Slate.dll!0x00000000969D9A86
[2017.08.03-16.04.56:807][101]LogOutputDevice:Error: UE4Editor-Slate.dll!0x0000000096963013
[2017.08.03-16.04.56:807][101]LogOutputDevice:Error: UE4Editor-UnrealEd.dll!0x00000000909D4B7F
[2017.08.03-16.04.56:807][101]LogOutputDevice:Error: UE4Editor-UnrealEd.dll!0x0000000090E6C735
[2017.08.03-16.04.56:807][101]LogOutputDevice:Error: UE4Editor-UnrealEd.dll!0x0000000090E6BEC6
[2017.08.03-16.04.56:807][101]LogOutputDevice:Error: UE4Editor-ContentBrowser.dll!0x0000000083F59D11
[2017.08.03-16.04.56:807][101]LogOutputDevice:Error: UE4Editor-ContentBrowser.dll!0x0000000084090883
[2017.08.03-16.04.56:807][101]LogOutputDevice:Error: UE4Editor-ContentBrowser.dll!0x0000000084065121
[2017.08.03-16.04.56:807][101]LogOutputDevice:Error: UE4Editor-ContentBrowser.dll!0x000000008406CFF6
[2017.08.03-16.04.56:807][101]LogOutputDevice:Error: UE4Editor-Slate.dll!0x000000009696EB50
[2017.08.03-16.04.56:807][101]LogOutputDevice:Error: UE4Editor-Slate.dll!0x00000000969B3D60
[2017.08.03-16.04.56:807][101]LogOutputDevice:Error: UE4Editor-ContentBrowser.dll!0x00000000840C0BF9
[2017.08.03-16.04.56:807][101]LogOutputDevice:Error: UE4Editor-Slate.dll!0x0000000096959021
[2017.08.03-16.04.56:807][101]LogOutputDevice:Error: UE4Editor-Slate.dll!0x000000009692840E
[2017.08.03-16.04.56:807][101]LogOutputDevice:Error: UE4Editor-Slate.dll!0x000000009692A006
[2017.08.03-16.04.56:807][101]LogOutputDevice:Error: UE4Editor-Slate.dll!0x00000000969B55AD
[2017.08.03-16.04.56:807][101]LogOutputDevice:Error: UE4Editor-Slate.dll!0x00000000969A6518
[2017.08.03-16.04.56:807][101]LogOutputDevice:Error: UE4Editor-Core.dll!0x000000009725149C
[2017.08.03-16.04.56:807][101]LogOutputDevice:Error: UE4Editor-Core.dll!0x000000009723B7D1
[2017.08.03-16.04.56:807][101]LogOutputDevice:Error: UE4Editor-Core.dll!0x00000000972533DB
[2017.08.03-16.04.56:807][101]LogOutputDevice:Error: UE4Editor-Core.dll!0x0000000097237B22
[2017.08.03-16.04.56:807][101]LogOutputDevice:Error: USER32.dll!0x00000000D89B1C24
[2017.08.03-16.04.56:807][101]LogOutputDevice:Error: USER32.dll!0x00000000D89B156C
[2017.08.03-16.04.56:807][101]LogOutputDevice:Error: UE4Editor-Core.dll!0x0000000097253CE6
[2017.08.03-16.04.56:807][101]LogOutputDevice:Error: UE4Editor.exe!0x00000000A507DB44
[2017.08.03-16.04.56:807][101]LogOutputDevice:Error: UE4Editor.exe!0x00000000A506F0B0
[2017.08.03-16.04.56:807][101]LogOutputDevice:Error: UE4Editor.exe!0x00000000A506F12A
[2017.08.03-16.04.56:807][101]LogOutputDevice:Error: UE4Editor.exe!0x00000000A5080CF9
[2017.08.03-16.04.56:807][101]LogOutputDevice:Error: UE4Editor.exe!0x00000000A50825F7
[2017.08.03-16.04.56:807][101]LogOutputDevice:Error: KERNEL32.DLL!0x00000000D6F68364
[2017.08.03-16.04.56:807][101]LogOutputDevice:Error: ntdll.dll!0x00000000D9A370D1
[2017.08.03-16.04.56:807][101]LogOutputDevice:Error: 
[2017.08.03-16.04.56:818][101]LogStats:                SubmitErrorReport -  0.000 s
[2017.08.03-16.04.57:011][101]LogStats:                    SendNewReport -  0.193 s
[2017.08.03-16.04.57:011][101]LogStats:             FDebug::EnsureFailed -  0.354 s
[2017.08.03-16.05.00:057][288]Cmd: OBJ SAVEPACKAGE PACKAGE="/Game/Bp/Maps/2DSideScrollerExampleMap" FILE="../../../../../../indie/indie/Content/Bp/Maps/2DSideScrollerExampleMap.umap" SILENT=true
[2017.08.03-16.05.00:063][288]LogSavePackage: Save=4.35ms
[2017.08.03-16.05.00:063][288]LogSavePackage: Moving '../../../../../../indie/indie/Saved/2DSideScrollerExampleMap7E965F0F484233C9C2B7A2804C93D5E3.tmp' to '../../../../../../indie/indie/Content/Bp/Maps/2DSideScrollerExampleMap.umap'
[2017.08.03-16.05.00:065][288]LogSavePackage:Display: Finished SavePackage ../../../../../../indie/indie/Content/Bp/Maps/2DSideScrollerExampleMap.umap
[2017.08.03-16.05.00:114][288]Cmd: OBJ SAVEPACKAGE PACKAGE="/Game/Bp/Maps/Level01" FILE="../../../../../../indie/indie/Content/Bp/Maps/Level01.umap" SILENT=true AUTOSAVING=false KEEPDIRTY=false
[2017.08.03-16.05.00:237][288]LogSavePackage: Save=109.63ms
[2017.08.03-16.05.00:237][288]LogSavePackage: Moving '../../../../../../indie/indie/Saved/Level01ED769A474DA4E964241E47B8EC6393A7.tmp' to '../../../../../../indie/indie/Content/Bp/Maps/Level01.umap'
[2017.08.03-16.05.00:240][288]LogSavePackage:Display: Finished SavePackage ../../../../../../indie/indie/Content/Bp/Maps/Level01.umap
[2017.08.03-16.05.00:242][288]LogFileHelpers: Saving map 'Level01' took 0.176
[2017.08.03-16.05.00:244][288]Cmd: MAP LOAD FILE="../../../../../../indie/indie/Content/Bp/Maps/Level01.umap" TEMPLATE=0 SHOWPROGRESS=1 FEATURELEVEL=3
[2017.08.03-16.05.00:244][288]LightingResults: New page: Lighting Build
[2017.08.03-16.05.00:245][288]LoadErrors: New page: Loading map: Level01.umap
[2017.08.03-16.05.00:245][288]MapCheck: New page: Map Check
[2017.08.03-16.05.00:245][288]LightingResults: New page: Lighting Build
[2017.08.03-16.05.00:393][288]LogEditorServer: Finished looking for orphan Actors (0.000 secs)
[2017.08.03-16.05.00:404][288]LogSlate: Took 0.000199 seconds to synchronously load lazily loaded font '../../../Engine/Content/Slate/Fonts/Roboto-Regular.ttf' (155K)
[2017.08.03-16.05.00:428][288]Cmd: MAP CHECKDEP NOCLEARLOG
[2017.08.03-16.05.00:474][288]MapCheck: Info Map check complete: 0 Error(s), 0 Warning(s), took 46.541ms to complete.
[2017.08.03-16.05.00:475][288]LogFileHelpers: Loading map 'Level01' took 0.233
[2017.08.03-16.05.01:285][365]Cmd: OBJ SAVEPACKAGE PACKAGE="/Game/Bp/Maps/Level01" FILE="../../../../../../indie/indie/Content/Bp/Maps/Level01.umap" SILENT=true AUTOSAVING=false KEEPDIRTY=false
[2017.08.03-16.05.01:387][365]LogSavePackage: Save=89.06ms
[2017.08.03-16.05.01:387][365]LogSavePackage: Moving '../../../../../../indie/indie/Saved/Level015EF01AF1438E73D9B9BEDCA240EA07F6.tmp' to '../../../../../../indie/indie/Content/Bp/Maps/Level01.umap'
[2017.08.03-16.05.01:389][365]LogSavePackage:Display: Finished SavePackage ../../../../../../indie/indie/Content/Bp/Maps/Level01.umap
[2017.08.03-16.05.01:412][365]LogFileHelpers: Saving map 'Level01' took 0.179
[2017.08.03-16.05.06:629][854]Cmd: OBJ SAVEPACKAGE PACKAGE="/Game/Bp/Maps/Level01" FILE="../../../../../../indie/indie/Content/Bp/Maps/Level01.umap" SILENT=true AUTOSAVING=false KEEPDIRTY=false
[2017.08.03-16.05.06:730][854]LogSavePackage: Save=89.81ms
[2017.08.03-16.05.06:730][854]LogSavePackage: Moving '../../../../../../indie/indie/Saved/Level011E35633C46ED8B0CCF99C5AC429F5A9D.tmp' to '../../../../../../indie/indie/Content/Bp/Maps/Level01.umap'
[2017.08.03-16.05.06:730][854]LogSavePackage:Display: Finished SavePackage ../../../../../../indie/indie/Content/Bp/Maps/Level01.umap
[2017.08.03-16.05.07:696][965]Cmd: MAP LOAD FILE="../../../../../../indie/indie/Content/Bp/Maps/Level01.umap" TEMPLATE=0 SHOWPROGRESS=1 FEATURELEVEL=3
[2017.08.03-16.05.07:696][965]LightingResults: New page: Lighting Build
[2017.08.03-16.05.07:696][965]LoadErrors: New page: Loading map: Level01.umap
[2017.08.03-16.05.07:697][965]MapCheck: New page: Map Check
[2017.08.03-16.05.07:697][965]LightingResults: New page: Lighting Build
[2017.08.03-16.05.07:768][965]LogAIModule: Creating AISystem for world Level01
[2017.08.03-16.05.07:893][965]LogEditorServer: Finished looking for orphan Actors (0.000 secs)
[2017.08.03-16.05.07:924][965]Cmd: MAP CHECKDEP NOCLEARLOG
[2017.08.03-16.05.07:972][965]MapCheck: Info Map check complete: 0 Error(s), 0 Warning(s), took 47.585ms to complete.
[2017.08.03-16.05.07:972][965]LogFileHelpers: Loading map 'Level01' took 0.277
[2017.08.03-16.05.08:611][ 25]Cmd: OBJ SAVEPACKAGE PACKAGE="/Game/Bp/Maps/Level01" FILE="../../../../../../indie/indie/Content/Bp/Maps/Level01.umap" SILENT=true AUTOSAVING=false KEEPDIRTY=false
[2017.08.03-16.05.08:745][ 25]LogSavePackage: Save=118.47ms
[2017.08.03-16.05.08:745][ 25]LogSavePackage: Moving '../../../../../../indie/indie/Saved/Level019D2C4462407FB62F1448359E2C16D0F0.tmp' to '../../../../../../indie/indie/Content/Bp/Maps/Level01.umap'
[2017.08.03-16.05.08:746][ 25]LogSavePackage:Display: Finished SavePackage ../../../../../../indie/indie/Content/Bp/Maps/Level01.umap
[2017.08.03-16.05.08:771][ 25]LogFileHelpers: Saving map 'Level01' took 0.224
[2017.08.03-16.05.09:700][134]LogTemp: Repeting last play command: Selected Viewport
[2017.08.03-16.05.09:724][134]LogBlueprintUserMessages: Early PlayInEditor Detection: Level '/Game/Bp/Maps/Level01.Level01:PersistentLevel' has LevelScriptBlueprint '/Game/Bp/Maps/Level01.Level01:PersistentLevel.Level01' with GeneratedClass '/Game/Bp/Maps/Level01.Level01_C' with ClassGeneratedBy '/Game/Bp/Maps/Level01.Level01:PersistentLevel.Level01'
[2017.08.03-16.05.09:724][134]LogPlayLevel: PlayLevel: No blueprints needed recompiling
[2017.08.03-16.05.09:724][134]PIE: New page: PIE session: Level01 (Aug 4, 2017, 6:05:09 AM)
[2017.08.03-16.05.09:724][134]LogPlayLevel: Creating play world package: /Game/Bp/Maps/UEDPIE_0_Level01
[2017.08.03-16.05.09:727][134]LogPlayLevel: PIE: StaticDuplicateObject took: (0.002670s)
[2017.08.03-16.05.09:728][134]LogAIModule: Creating AISystem for world Level01
[2017.08.03-16.05.09:728][134]LogPlayLevel: PIE: World Init took: (0.000717s)
[2017.08.03-16.05.09:728][134]LogPlayLevel: PIE: Created PIE world by copying editor world from /Game/Bp/Maps/Level01.Level01 to /Game/Bp/Maps/UEDPIE_0_Level01.Level01 (0.003675s)
[2017.08.03-16.05.09:746][134]LogInit: XAudio2 using 'Динамики (Realtek High Definition Audio)' : 2 channels at 48 kHz using 32 bits per sample (channel mask 0x3)
[2017.08.03-16.05.09:755][134]LogInit: FAudioDevice initialized.
[2017.08.03-16.05.09:799][134]LogLoad: Game class is '2DSideScrollerGameMode_C'
[2017.08.03-16.05.09:803][134]LogWorld: Bringing World /Game/Bp/Maps/UEDPIE_0_Level01.Level01 up for play (max tick rate 0) at 2017.08.03-23.05.09
[2017.08.03-16.05.09:803][134]LogWorld: Bringing up level for play took: 0.001814
[2017.08.03-16.05.09:842][134]LogContentBrowser: Native class hierarchy updated for 'MovieSceneCapture' in 0.0006 seconds. Added 11 classes and 0 folders.
[2017.08.03-16.05.09:843][134]PIE: Info Play in editor start time for /Game/Bp/Maps/UEDPIE_0_Level01 -0.151
[2017.08.03-16.05.09:843][134]LogBlueprintUserMessages: Late PlayInEditor Detection: Level '/Game/Bp/Maps/Level01.Level01:PersistentLevel' has LevelScriptBlueprint '/Game/Bp/Maps/Level01.Level01:PersistentLevel.Level01' with GeneratedClass '/Game/Bp/Maps/Level01.Level01_C' with ClassGeneratedBy '/Game/Bp/Maps/Level01.Level01:PersistentLevel.Level01'
[2017.08.03-16.05.14:341][672]LogBlueprintUserMessages: Early EndPlayMap Detection: Level '/Game/Bp/Maps/Level01.Level01:PersistentLevel' has LevelScriptBlueprint '/Game/Bp/Maps/Level01.Level01:PersistentLevel.Level01' with GeneratedClass '/Game/Bp/Maps/Level01.Level01_C' with ClassGeneratedBy '/Game/Bp/Maps/Level01.Level01:PersistentLevel.Level01'
[2017.08.03-16.05.14:373][672]LogBlueprintUserMessages: Late EndPlayMap Detection: Level '/Game/Bp/Maps/Level01.Level01:PersistentLevel' has LevelScriptBlueprint '/Game/Bp/Maps/Level01.Level01:PersistentLevel.Level01' with GeneratedClass '/Game/Bp/Maps/Level01.Level01_C' with ClassGeneratedBy '/Game/Bp/Maps/Level01.Level01:PersistentLevel.Level01'
[2017.08.03-16.05.16:556][921]LogWindowsTextInputMethodSystem:Display: IME system now deactivated.
[2017.08.03-16.05.16:757][922]Cmd: QUIT_EDITOR
[2017.08.03-16.05.17:263][922]LogExit: Preparing to exit.
[2017.08.03-16.05.18:105][922]LogDirectoryWatcher: A directory notification for 'D:/indie/indie/Content/' was aborted.
[2017.08.03-16.05.18:132][922]LogExit: Editor shut down
[2017.08.03-16.05.18:136][922]LogExit: Transaction tracking system shut down
[2017.08.03-16.05.18:217][922]LogObj: Freed 0b from 0 cluster array pools.
[2017.08.03-16.05.18:217][922]LogExit: Object subsystem successfully closed.
[2017.08.03-16.05.18:243][922]LogD3D11RHI: Shutdown
[2017.08.03-16.05.18:243][922]LogD3D11RHI: CleanupD3DDevice
[2017.08.03-16.05.18:342][922]LogD3D11RHI: ~FD3D11DynamicRHI
[2017.08.03-16.05.18:360][922]LogModuleManager: Shutting down and abandoning module MovieSceneCapture (526)
[2017.08.03-16.05.18:360][922]LogModuleManager: Shutting down and abandoning module StatsViewer (524)
[2017.08.03-16.05.18:360][922]LogModuleManager: Shutting down and abandoning module HierarchicalLODOutliner (522)
[2017.08.03-16.05.18:360][922]LogModuleManager: Shutting down and abandoning module CrashTracker (520)
[2017.08.03-16.05.18:360][922]LogModuleManager: Shutting down and abandoning module SceneOutliner (518)
[2017.08.03-16.05.18:360][922]LogModuleManager: Shutting down and abandoning module AddContentDialog (516)
[2017.08.03-16.05.18:360][922]LogDirectoryWatcher: A directory notification for 'D:/Program Files/Epic Games/UE_4.16/FeaturePacks/' was aborted.
[2017.08.03-16.05.18:361][922]LogModuleManager: Shutting down and abandoning module WidgetCarousel (515)
[2017.08.03-16.05.18:361][922]LogModuleManager: Shutting down and abandoning module EditorWidgets (512)
[2017.08.03-16.05.18:362][922]LogModuleManager: Shutting down and abandoning module CollectionManager (510)
[2017.08.03-16.05.18:362][922]LogDirectoryWatcher: A directory notification for 'D:/indie/indie/Content/Collections/' was aborted.
[2017.08.03-16.05.18:362][922]LogDirectoryWatcher: A directory notification for 'D:/indie/indie/Content/Developers/Lomakin/Collections/' was aborted.
[2017.08.03-16.05.18:362][922]LogDirectoryWatcher: A directory notification for 'D:/indie/indie/Saved/Collections/' was aborted.
[2017.08.03-16.05.18:362][922]LogModuleManager: Shutting down and abandoning module FoliageEdit (508)
[2017.08.03-16.05.18:362][922]LogModuleManager: Shutting down and abandoning module LandscapeEditor (506)
[2017.08.03-16.05.18:362][922]LogModuleManager: Shutting down and abandoning module MeshPaintMode (504)
[2017.08.03-16.05.18:362][922]LogModuleManager: Shutting down and abandoning module SceneDepthPickerMode (502)
[2017.08.03-16.05.18:362][922]LogModuleManager: Shutting down and abandoning module ActorPickerMode (500)
[2017.08.03-16.05.18:362][922]LogModuleManager: Shutting down and abandoning module GeometryMode (498)
[2017.08.03-16.05.18:362][922]LogModuleManager: Shutting down and abandoning module TextureAlignMode (496)
[2017.08.03-16.05.18:362][922]LogModuleManager: Shutting down and abandoning module BspMode (494)
[2017.08.03-16.05.18:362][922]LogModuleManager: Shutting down and abandoning module HardwareSurvey (492)
[2017.08.03-16.05.18:362][922]LogModuleManager: Shutting down and abandoning module SequenceRecorderSections (490)
[2017.08.03-16.05.18:362][922]LogModuleManager: Shutting down and abandoning module AutomationWorker (488)
[2017.08.03-16.05.18:362][922]LogModuleManager: Shutting down and abandoning module MatineeToLevelSequence (486)
[2017.08.03-16.05.18:362][922]LogModuleManager: Shutting down and abandoning module LevelSequenceEditor (484)
[2017.08.03-16.05.18:362][922]LogModuleManager: Shutting down and abandoning module PlacementMode (483)
[2017.08.03-16.05.18:362][922]LogModuleManager: Shutting down and abandoning module WmfMediaFactory (480)
[2017.08.03-16.05.18:362][922]LogModuleManager: Shutting down and abandoning module WmfMediaEditor (478)
[2017.08.03-16.05.18:362][922]LogModuleManager: Shutting down and abandoning module AvfMediaFactory (476)
[2017.08.03-16.05.18:363][922]LogModuleManager: Shutting down and abandoning module AvfMediaEditor (474)
[2017.08.03-16.05.18:363][922]LogModuleManager: Shutting down and abandoning module AndroidMediaFactory (472)
[2017.08.03-16.05.18:363][922]LogModuleManager: Shutting down and abandoning module Media (471)
[2017.08.03-16.05.18:363][922]LogModuleManager: Shutting down and abandoning module AndroidMediaEditor (468)
[2017.08.03-16.05.18:363][922]LogModuleManager: Shutting down and abandoning module CharacterAI (466)
[2017.08.03-16.05.18:363][922]LogModuleManager: Shutting down and abandoning module AudioCapture (464)
[2017.08.03-16.05.18:363][922]LogModuleManager: Shutting down and abandoning module SequenceRecorder (463)
[2017.08.03-16.05.18:363][922]LogModuleManager: Shutting down and abandoning module SmartSnapping (460)
[2017.08.03-16.05.18:363][922]LogModuleManager: Shutting down and abandoning module SessionServices (458)
[2017.08.03-16.05.18:363][922]LogModuleManager: Shutting down and abandoning module ViewportSnapping (456)
[2017.08.03-16.05.18:363][922]LogModuleManager: Shutting down and abandoning module ViewportInteraction (454)
[2017.08.03-16.05.18:363][922]LogModuleManager: Shutting down and abandoning module ClothPainter (452)
[2017.08.03-16.05.18:363][922]LogModuleManager: Shutting down and abandoning module LogVisualizer (450)
[2017.08.03-16.05.18:363][922]LogModuleManager: Shutting down and abandoning module IntroTutorials (448)
[2017.08.03-16.05.18:363][922]LogModuleManager: Shutting down and abandoning module GameProjectGeneration (447)
[2017.08.03-16.05.18:363][922]LogModuleManager: Shutting down and abandoning module EditorLiveStreaming (444)
[2017.08.03-16.05.18:363][922]LogModuleManager: Shutting down and abandoning module IOSPlatformEditor (442)
[2017.08.03-16.05.18:363][922]LogModuleManager: Shutting down and abandoning module HTML5PlatformEditor (440)
[2017.08.03-16.05.18:363][922]LogModuleManager: Shutting down and abandoning module AndroidPlatformEditor (438)
[2017.08.03-16.05.18:363][922]LogModuleManager: Shutting down and abandoning module AndroidDeviceDetection (437)
[2017.08.03-16.05.19:230][922]LogModuleManager: Shutting down and abandoning module IOSRuntimeSettings (434)
[2017.08.03-16.05.19:230][922]LogModuleManager: Shutting down and abandoning module AndroidRuntimeSettings (432)
[2017.08.03-16.05.19:230][922]LogModuleManager: Shutting down and abandoning module InputBindingEditor (430)
[2017.08.03-16.05.19:230][922]LogModuleManager: Shutting down and abandoning module MergeActors (428)
[2017.08.03-16.05.19:231][922]LogModuleManager: Shutting down and abandoning module SizeMap (426)
[2017.08.03-16.05.19:231][922]LogModuleManager: Shutting down and abandoning module TreeMap (424)
[2017.08.03-16.05.19:231][922]LogModuleManager: Shutting down and abandoning module ReferenceViewer (422)
[2017.08.03-16.05.19:231][922]LogModuleManager: Shutting down and abandoning module LocalizationDashboard (420)
[2017.08.03-16.05.19:231][922]LogModuleManager: Shutting down and abandoning module LocalizationService (419)
[2017.08.03-16.05.19:231][922]LogModuleManager: Shutting down and abandoning module HardwareTargeting (416)
[2017.08.03-16.05.19:231][922]LogModuleManager: Shutting down and abandoning module DeviceProfileEditor (414)
[2017.08.03-16.05.19:231][922]LogModuleManager: Shutting down and abandoning module UndoHistory (412)
[2017.08.03-16.05.19:231][922]LogModuleManager: Shutting down and abandoning module UserFeedback (410)
[2017.08.03-16.05.19:231][922]LogModuleManager: Shutting down and abandoning module XmlParser (408)
[2017.08.03-16.05.19:231][922]LogModuleManager: Shutting down and abandoning module Blutility (406)
[2017.08.03-16.05.19:231][922]LogModuleManager: Shutting down and abandoning module ProjectSettingsViewer (404)
[2017.08.03-16.05.19:231][922]LogModuleManager: Shutting down and abandoning module ProjectTargetPlatformEditor (403)
[2017.08.03-16.05.19:231][922]LogModuleManager: Shutting down and abandoning module EditorSettingsViewer (400)
[2017.08.03-16.05.19:231][922]LogModuleManager: Shutting down and abandoning module SettingsEditor (398)
[2017.08.03-16.05.19:231][922]LogModuleManager: Shutting down and abandoning module ProjectLauncher (396)
[2017.08.03-16.05.19:231][922]LogModuleManager: Shutting down and abandoning module SessionFrontend (394)
[2017.08.03-16.05.19:231][922]LogModuleManager: Shutting down and abandoning module ProfilerClient (392)
[2017.08.03-16.05.19:231][922]LogModuleManager: Shutting down and abandoning module DeviceManager (390)
[2017.08.03-16.05.19:231][922]LogModuleManager: Shutting down and abandoning module TargetDeviceServices (389)
[2017.08.03-16.05.19:284][922]LogModuleManager: Shutting down and abandoning module AutomationController (386)
[2017.08.03-16.05.19:284][922]LogModuleManager: Shutting down and abandoning module AutomationWindow (384)
[2017.08.03-16.05.19:284][922]LogModuleManager: Shutting down and abandoning module Layers (382)
[2017.08.03-16.05.19:284][922]LogModuleManager: Shutting down and abandoning module ComponentVisualizers (380)
[2017.08.03-16.05.19:284][922]LogModuleManager: Shutting down and abandoning module DetailCustomizations (378)
[2017.08.03-16.05.19:284][922]LogModuleManager: Shutting down and abandoning module PackagesDialog (376)
[2017.08.03-16.05.19:284][922]LogModuleManager: Shutting down and abandoning module Persona (374)
[2017.08.03-16.05.19:284][922]LogModuleManager: Shutting down and abandoning module AdvancedPreviewScene (373)
[2017.08.03-16.05.19:284][922]LogModuleManager: Shutting down and abandoning module AnimGraph (371)
[2017.08.03-16.05.19:284][922]LogModuleManager: Shutting down and abandoning module Kismet (368)
[2017.08.03-16.05.19:285][922]LogModuleManager: Shutting down and abandoning module ClassViewer (366)
[2017.08.03-16.05.19:285][922]LogModuleManager: Shutting down and abandoning module Toolbox (364)
[2017.08.03-16.05.19:285][922]LogModuleManager: Shutting down and abandoning module ModuleUI (362)
[2017.08.03-16.05.19:285][922]LogModuleManager: Shutting down and abandoning module MovieSceneTools (360)
[2017.08.03-16.05.19:285][922]LogModuleManager: Shutting down and abandoning module OutputLog (358)
[2017.08.03-16.05.19:285][922]LogModuleManager: Shutting down and abandoning module GammaUI (356)
[2017.08.03-16.05.19:285][922]LogModuleManager: Shutting down and abandoning module Documentation (354)
[2017.08.03-16.05.19:285][922]LogModuleManager: Shutting down and abandoning module MovieSceneTracks (352)
[2017.08.03-16.05.19:285][922]LogModuleManager: Shutting down and abandoning module MovieScene (350)
[2017.08.03-16.05.19:285][922]LogModuleManager: Shutting down and abandoning module Niagara (348)
[2017.08.03-16.05.19:285][922]LogModuleManager: Shutting down and abandoning module NiagaraEditor (347)
[2017.08.03-16.05.19:286][922]LogModuleManager: Shutting down and abandoning module StreamingPauseRendering (344)
[2017.08.03-16.05.19:286][922]LogModuleManager: Shutting down and abandoning module AnalyticsET (342)
[2017.08.03-16.05.19:286][922]LogModuleManager: Shutting down and abandoning module PortalServices (340)
[2017.08.03-16.05.19:286][922]LogModuleManager: Shutting down and abandoning module PortalRpc (338)
[2017.08.03-16.05.19:286][922]LogModuleManager: Shutting down and abandoning module MessagingRpc (336)
[2017.08.03-16.05.19:286][922]LogModuleManager: Shutting down and abandoning module AIModule (334)
[2017.08.03-16.05.19:286][922]LogModuleManager: Shutting down and abandoning module GameplayDebugger (333)
[2017.08.03-16.05.19:286][922]LogModuleManager: Shutting down and abandoning module AITestSuite (331)
[2017.08.03-16.05.19:286][922]LogModuleManager: Shutting down and abandoning module ProfilerService (328)
[2017.08.03-16.05.19:534][922]LogModuleManager: Shutting down and abandoning module TaskGraph (326)
[2017.08.03-16.05.19:534][922]LogModuleManager: Shutting down and abandoning module SteamVRController (324)
[2017.08.03-16.05.19:535][922]LogModuleManager: Shutting down and abandoning module SteamVR (322)
[2017.08.03-16.05.19:535][922]LogModuleManager: Shutting down and abandoning module ProceduralMeshComponentEditor (320)
[2017.08.03-16.05.19:535][922]LogModuleManager: Shutting down and abandoning module ProceduralMeshComponent (318)
[2017.08.03-16.05.19:535][922]LogModuleManager: Shutting down and abandoning module OculusLibrary (316)
[2017.08.03-16.05.19:535][922]LogModuleManager: Shutting down and abandoning module OculusInput (314)
[2017.08.03-16.05.19:535][922]LogModuleManager: Shutting down and abandoning module MobilePatchingUtils (312)
[2017.08.03-16.05.19:535][922]LogModuleManager: Shutting down and abandoning module CustomMeshComponent (310)
[2017.08.03-16.05.19:535][922]LogModuleManager: Shutting down and abandoning module CableComponent (308)
[2017.08.03-16.05.19:535][922]LogModuleManager: Shutting down and abandoning module ArchVisCharacter (306)
[2017.08.03-16.05.19:535][922]LogModuleManager: Shutting down and abandoning module AndroidPermission (304)
[2017.08.03-16.05.19:535][922]LogModuleManager: Shutting down and abandoning module MediaPlayerEditor (300)
[2017.08.03-16.05.19:535][922]LogModuleManager: Shutting down and abandoning module HTML5Networking (298)
[2017.08.03-16.05.19:535][922]LogModuleManager: Shutting down and abandoning module AlembicImporter (296)
[2017.08.03-16.05.19:535][922]LogModuleManager: Shutting down and abandoning module AlembicLibrary (295)
[2017.08.03-16.05.19:535][922]LogModuleManager: Shutting down and abandoning module GeometryCache (294)
[2017.08.03-16.05.19:535][922]LogModuleManager: Shutting down and abandoning module GeometryCacheEd (293)
[2017.08.03-16.05.19:535][922]LogModuleManager: Shutting down and abandoning module SuperSearchEditor (288)
[2017.08.03-16.05.19:535][922]LogModuleManager: Shutting down and abandoning module SuperSearch (287)
[2017.08.03-16.05.19:535][922]LogModuleManager: Shutting down and abandoning module SpeedTreeImporter (284)
[2017.08.03-16.05.19:535][922]LogModuleManager: Shutting down and abandoning module PluginBrowser (282)
[2017.08.03-16.05.19:535][922]LogModuleManager: Shutting down and abandoning module MobileLauncherProfileWizard (280)
[2017.08.03-16.05.19:535][922]LogModuleManager: Shutting down and abandoning module VisualStudioSourceCodeAccess (278)
[2017.08.03-16.05.19:535][922]LogModuleManager: Shutting down and abandoning module DesktopPlatform (277)
[2017.08.03-16.05.19:535][922]LogModuleManager: Shutting down and abandoning module UObjectPlugin (274)
[2017.08.03-16.05.19:535][922]LogModuleManager: Shutting down and abandoning module SubversionSourceControl (272)
[2017.08.03-16.05.19:535][922]LogModuleManager: Shutting down and abandoning module PerforceSourceControl (270)
[2017.08.03-16.05.19:535][922]LogModuleManager: Shutting down and abandoning module GitSourceControl (268)
[2017.08.03-16.05.19:535][922]LogModuleManager: Shutting down and abandoning module SourceControl (267)
[2017.08.03-16.05.19:535][922]LogModuleManager: Shutting down and abandoning module LightPropagationVolumeEditor (264)
[2017.08.03-16.05.19:535][922]LogModuleManager: Shutting down and abandoning module PaperTiledImporter (262)
[2017.08.03-16.05.19:535][922]LogModuleManager: Shutting down and abandoning module PaperSpriteSheetImporter (260)
[2017.08.03-16.05.19:535][922]LogModuleManager: Shutting down and abandoning module Paper2DEditor (258)
[2017.08.03-16.05.19:536][922]LogModuleManager: Shutting down and abandoning module MeshPaint (257)
[2017.08.03-16.05.19:536][922]LogModuleManager: Shutting down and abandoning module LevelEditor (255)
[2017.08.03-16.05.19:537][922]LogModuleManager: Shutting down and abandoning module PixelInspectorModule (254)
[2017.08.03-16.05.19:537][922]LogModuleManager: Shutting down and abandoning module MainFrame (252)
[2017.08.03-16.05.19:537][922]LogModuleManager: Shutting down and abandoning module HotReload (251)
[2017.08.03-16.05.19:537][922]LogModuleManager: Shutting down and abandoning module PhysXVehiclesEditor (246)
[2017.08.03-16.05.19:537][922]LogModuleManager: Shutting down and abandoning module PhysXVehicles (244)
[2017.08.03-16.05.19:537][922]LogModuleManager: Shutting down and abandoning module LocationServicesBPLibrary (242)
[2017.08.03-16.05.19:537][922]LogModuleManager: Shutting down and abandoning module ImmediatePhysicsEditor (240)
[2017.08.03-16.05.19:538][922]LogModuleManager: Shutting down and abandoning module ImmediatePhysics (238)
[2017.08.03-16.05.19:538][922]LogModuleManager: Shutting down and abandoning module UdpMessaging (236)
[2017.08.03-16.05.19:639][922]LogModuleManager: Shutting down and abandoning module TcpMessaging (234)
[2017.08.03-16.05.19:739][922]LogModuleManager: Shutting down and abandoning module GameplayTagsEditor (232)
[2017.08.03-16.05.19:739][922]LogModuleManager: Shutting down and abandoning module FacialAnimationEditor (230)
[2017.08.03-16.05.19:739][922]LogModuleManager: Shutting down and abandoning module FacialAnimation (228)
[2017.08.03-16.05.19:739][922]LogModuleManager: Shutting down and abandoning module AssetManagerEditor (226)
[2017.08.03-16.05.19:739][922]LogModuleManager: Shutting down and abandoning module GraphEditor (225)
[2017.08.03-16.05.19:739][922]LogModuleManager: Shutting down and abandoning module ContentBrowser (223)
[2017.08.03-16.05.19:740][922]LogModuleManager: Shutting down and abandoning module LightPropagationVolumeRuntime (220)
[2017.08.03-16.05.19:740][922]LogModuleManager: Shutting down and abandoning module Paper2D (218)
[2017.08.03-16.05.19:740][922]LogModuleManager: Shutting down and abandoning module WindowsMoviePlayer (216)
[2017.08.03-16.05.19:740][922]LogModuleManager: Shutting down and abandoning module WmfMedia (214)
[2017.08.03-16.05.19:740][922]LogModuleManager: Shutting down and abandoning module ClothingSystemEditor (212)
[2017.08.03-16.05.19:740][922]LogModuleManager: Shutting down and abandoning module ClothingSystemRuntime (210)
[2017.08.03-16.05.19:740][922]LogModuleManager: Shutting down and abandoning module MediaAssets (208)
[2017.08.03-16.05.19:740][922]LogModuleManager: Shutting down and abandoning module GameLiveStreaming (206)
[2017.08.03-16.05.19:740][922]LogModuleManager: Shutting down and abandoning module VREditor (204)
[2017.08.03-16.05.19:740][922]LogModuleManager: Shutting down and abandoning module StringTableEditor (202)
[2017.08.03-16.05.19:740][922]LogModuleManager: Shutting down and abandoning module GameplayTasksEditor (200)
[2017.08.03-16.05.19:740][922]LogModuleManager: Shutting down and abandoning module BehaviorTreeEditor (198)
[2017.08.03-16.05.19:740][922]LogModuleManager: Shutting down and abandoning module FunctionalTesting (196)
[2017.08.03-16.05.19:740][922]LogModuleManager: Shutting down and abandoning module CollisionAnalyzer (194)
[2017.08.03-16.05.19:740][922]LogModuleManager: Shutting down and abandoning module UMG (192)
[2017.08.03-16.05.19:740][922]LogModuleManager: Shutting down and abandoning module UMGEditor (191)
[2017.08.03-16.05.19:740][922]LogModuleManager: Shutting down and abandoning module Sequencer (190)
[2017.08.03-16.05.19:740][922]LogModuleManager: Shutting down and abandoning module AssetTools (188)
[2017.08.03-16.05.19:740][922]LogModuleManager: Shutting down and abandoning module MessageLog (187)
[2017.08.03-16.05.19:740][922]LogModuleManager: Shutting down and abandoning module WorkspaceMenuStructure (186)
[2017.08.03-16.05.19:740][922]LogModuleManager: Shutting down and abandoning module SlateReflector (180)
[2017.08.03-16.05.19:740][922]LogModuleManager: Shutting down and abandoning module Slate (178)
[2017.08.03-16.05.19:740][922]LogModuleManager: Shutting down and abandoning module EditorStyle (176)
[2017.08.03-16.05.19:743][922]LogModuleManager: Shutting down and abandoning module SourceCodeAccess (174)
[2017.08.03-16.05.19:743][922]LogModuleManager: Shutting down and abandoning module HeadMountedDisplay (172)
[2017.08.03-16.05.19:743][922]LogModuleManager: Shutting down and abandoning module XAudio2 (170)
[2017.08.03-16.05.19:743][922]LogModuleManager: Shutting down and abandoning module Networking (168)
[2017.08.03-16.05.19:743][922]LogModuleManager: Shutting down and abandoning module Core (164)
[2017.08.03-16.05.19:743][922]LogModuleManager: Shutting down and abandoning module AssetRegistry (162)
[2017.08.03-16.05.19:879][922]LogDirectoryWatcher: A directory notification for '../../../Engine/Content/' was aborted.
[2017.08.03-16.05.19:879][922]LogDirectoryWatcher: A directory notification for '../../../../../../indie/indie/Content/' was aborted.
[2017.08.03-16.05.19:879][922]LogDirectoryWatcher: A directory notification for '../../../Engine/Plugins/2D/Paper2D/Content/' was aborted.
[2017.08.03-16.05.19:879][922]LogDirectoryWatcher: A directory notification for '../../../Engine/Plugins/Runtime/GearVR/Content/' was aborted.
[2017.08.03-16.05.19:881][922]LogModuleManager: Shutting down and abandoning module DirectoryWatcher (161)
[2017.08.03-16.05.19:881][922]LogModuleManager: Shutting down and abandoning module KismetCompiler (158)
[2017.08.03-16.05.19:881][922]LogModuleManager: Shutting down and abandoning module LevelSequence (156)
[2017.08.03-16.05.19:881][922]LogModuleManager: Shutting down and abandoning module PhysXFormats (154)
[2017.08.03-16.05.19:882][922]LogModuleManager: Shutting down and abandoning module MeshUtilities (152)
[2017.08.03-16.05.19:882][922]LogModuleManager: Shutting down and abandoning module SimplygonSwarm (151)
[2017.08.03-16.05.19:882][922]LogModuleManager: Shutting down and abandoning module SimplygonMeshReduction (149)
[2017.08.03-16.05.19:882][922]LogModuleManager: Shutting down and abandoning module QuadricMeshReduction (147)
[2017.08.03-16.05.19:882][922]LogModuleManager: Shutting down and abandoning module DerivedDataCache (144)
[2017.08.03-16.05.20:035][922]LogDerivedDataCache: Shutdown
[2017.08.03-16.05.20:035][922]LogModuleManager: Shutting down and abandoning module TargetPlatform (142)
[2017.08.03-16.05.20:035][922]LogModuleManager: Shutting down and abandoning module VulkanShaderFormat (141)
[2017.08.03-16.05.20:035][922]LogModuleManager: Shutting down and abandoning module ShaderFormatVectorVM (139)
[2017.08.03-16.05.20:035][922]LogModuleManager: Shutting down and abandoning module ShaderFormatOpenGL (137)
[2017.08.03-16.05.20:035][922]LogModuleManager: Shutting down and abandoning module ShaderFormatD3D (135)
[2017.08.03-16.05.20:035][922]LogModuleManager: Shutting down and abandoning module MetalShaderFormat (133)
[2017.08.03-16.05.20:035][922]LogModuleManager: Shutting down and abandoning module TextureFormatUncompressed (131)
[2017.08.03-16.05.20:035][922]LogModuleManager: Shutting down and abandoning module TextureFormatPVR (129)
[2017.08.03-16.05.20:035][922]LogModuleManager: Shutting down and abandoning module TextureFormatDXT (127)
[2017.08.03-16.05.20:035][922]LogModuleManager: Shutting down and abandoning module TextureFormatIntelISPCTexComp (125)
[2017.08.03-16.05.20:035][922]LogModuleManager: Shutting down and abandoning module TextureFormatASTC (123)
[2017.08.03-16.05.20:035][922]LogModuleManager: Shutting down and abandoning module ImageWrapper (122)
[2017.08.03-16.05.20:035][922]LogModuleManager: Shutting down and abandoning module TextureFormatAndroid (119)
[2017.08.03-16.05.20:035][922]LogModuleManager: Shutting down and abandoning module AudioFormatOpus (117)
[2017.08.03-16.05.20:035][922]LogModuleManager: Shutting down and abandoning module AudioFormatOgg (115)
[2017.08.03-16.05.20:035][922]LogModuleManager: Shutting down and abandoning module AudioFormatADPCM (113)
[2017.08.03-16.05.20:035][922]LogModuleManager: Shutting down and abandoning module LinuxTargetPlatform (111)
[2017.08.03-16.05.20:035][922]LogModuleManager: Shutting down and abandoning module LinuxServerTargetPlatform (109)
[2017.08.03-16.05.20:035][922]LogModuleManager: Shutting down and abandoning module LinuxNoEditorTargetPlatform (107)
[2017.08.03-16.05.20:035][922]LogModuleManager: Shutting down and abandoning module LinuxClientTargetPlatform (105)
[2017.08.03-16.05.20:035][922]LogModuleManager: Shutting down and abandoning module TVOSTargetPlatform (103)
[2017.08.03-16.05.20:035][922]LogModuleManager: Shutting down and abandoning module Messaging (101)
[2017.08.03-16.05.20:035][922]LogModuleManager: Shutting down and abandoning module IOSTargetPlatform (99)
[2017.08.03-16.05.20:035][922]LogModuleManager: Shutting down and abandoning module HTML5TargetPlatform (97)
[2017.08.03-16.05.20:036][922]LogModuleManager: Shutting down and abandoning module Android_PVRTCTargetPlatform (95)
[2017.08.03-16.05.20:036][922]LogModuleManager: Shutting down and abandoning module Android_MultiTargetPlatform (93)
[2017.08.03-16.05.20:036][922]LogModuleManager: Shutting down and abandoning module Android_ETC2TargetPlatform (91)
[2017.08.03-16.05.20:036][922]LogModuleManager: Shutting down and abandoning module Android_ETC1TargetPlatform (89)
[2017.08.03-16.05.20:036][922]LogModuleManager: Shutting down and abandoning module Android_DXTTargetPlatform (87)
[2017.08.03-16.05.20:036][922]LogModuleManager: Shutting down and abandoning module Android_ATCTargetPlatform (85)
[2017.08.03-16.05.20:036][922]LogModuleManager: Shutting down and abandoning module Android_ASTCTargetPlatform (83)
[2017.08.03-16.05.20:036][922]LogModuleManager: Shutting down and abandoning module AndroidTargetPlatform (81)
[2017.08.03-16.05.20:036][922]LogModuleManager: Shutting down and abandoning module WindowsTargetPlatform (79)
[2017.08.03-16.05.20:036][922]LogModuleManager: Shutting down and abandoning module WindowsServerTargetPlatform (77)
[2017.08.03-16.05.20:036][922]LogModuleManager: Shutting down and abandoning module WindowsNoEditorTargetPlatform (75)
[2017.08.03-16.05.20:036][922]LogModuleManager: Shutting down and abandoning module WindowsClientTargetPlatform (73)
[2017.08.03-16.05.20:036][922]LogModuleManager: Shutting down and abandoning module MacTargetPlatform (71)
[2017.08.03-16.05.20:036][922]LogModuleManager: Shutting down and abandoning module MacServerTargetPlatform (69)
[2017.08.03-16.05.20:036][922]LogModuleManager: Shutting down and abandoning module MacNoEditorTargetPlatform (67)
[2017.08.03-16.05.20:036][922]LogModuleManager: Shutting down and abandoning module MacClientTargetPlatform (65)
[2017.08.03-16.05.20:036][922]LogModuleManager: Shutting down and abandoning module AllDesktopTargetPlatform (63)
[2017.08.03-16.05.20:036][922]LogModuleManager: Shutting down and abandoning module InputCore (60)
[2017.08.03-16.05.20:036][922]LogModuleManager: Shutting down and abandoning module Settings (58)
[2017.08.03-16.05.20:036][922]LogModuleManager: Shutting down and abandoning module OculusRift (56)
[2017.08.03-16.05.20:036][922]LogModuleManager: Shutting down and abandoning module GearVRController (54)
[2017.08.03-16.05.20:036][922]LogModuleManager: Shutting down and abandoning module GearVR (52)
[2017.08.03-16.05.20:036][922]LogModuleManager: Shutting down and abandoning module ExampleDeviceProfileSelector (50)
[2017.08.03-16.05.20:036][922]LogModuleManager: Shutting down and abandoning module OnlineBlueprintSupport (48)
[2017.08.03-16.05.20:036][922]LogModuleManager: Shutting down and abandoning module OnlineSubsystem (44)
[2017.08.03-16.05.20:036][922]LogOnline:Display: Unloading online subsystem: NULL
[2017.08.03-16.05.20:036][922]LogModuleManager: Shutting down and abandoning module XMPP (43)
[2017.08.03-16.05.20:036][922]LogModuleManager: Shutting down and abandoning module HTTP (41)
[2017.08.03-16.05.20:036][922]LogHttp:Display: Http module shutting down, but needs to wait on 1 outstanding Http requests:
[2017.08.03-16.05.20:036][922]LogHttp:Display: 	verb=[POST] url=[https://datarouter.ol.epicgames.com/datarouter/api/v1/public/data?SessionID=%7BBE6010A1-4BF7-2B66-E211-2488F0081295%7D&AppID=UEEditor.Rocket.Release&AppVersion=4.16.3-3561208%2B%2B%2BUE4%2BRelease-4.16&UserID=2b3a7b36481bffde84b41db4438e3a2a%7Cc2541f5a020946b0bff5d0953c5a2f6d%7C638214c6-d00b-49b4-b890-7f6f7e245ebf&AppEnvironment=datacollector-binary&UploadType=eteventstream] status=Processing
[2017.08.03-16.05.20:051][922]LogModuleManager: Shutting down and abandoning module SSL (40)
[2017.08.03-16.05.20:053][922]LogModuleManager: Shutting down and abandoning module HTTPChunkInstaller (36)
[2017.08.03-16.05.20:053][922]LogModuleManager: Shutting down and abandoning module AnimationModifiers (34)
[2017.08.03-16.05.20:053][922]LogModuleManager: Shutting down and abandoning module PropertyEditor (33)
[2017.08.03-16.05.20:053][922]LogModuleManager: Shutting down and abandoning module AudioEditor (30)
[2017.08.03-16.05.20:053][922]LogModuleManager: Shutting down and abandoning module TextureCompressor (28)
[2017.08.03-16.05.20:053][922]LogModuleManager: Shutting down and abandoning module ShaderCore (26)
[2017.08.03-16.05.20:053][922]LogModuleManager: Shutting down and abandoning module Landscape (24)
[2017.08.03-16.05.20:053][922]LogModuleManager: Shutting down and abandoning module SlateRHIRenderer (22)
[2017.08.03-16.05.20:054][922]LogModuleManager: Shutting down and abandoning module OpenGLDrv (20)
[2017.08.03-16.05.20:054][922]LogModuleManager: Shutting down and abandoning module D3D11RHI (18)
[2017.08.03-16.05.20:054][922]LogModuleManager: Shutting down and abandoning module AnimGraphRuntime (16)
[2017.08.03-16.05.20:054][922]LogModuleManager: Shutting down and abandoning module Renderer (14)
[2017.08.03-16.05.20:054][922]LogModuleManager: Shutting down and abandoning module Engine (12)
[2017.08.03-16.05.20:054][922]LogModuleManager: Shutting down and abandoning module CoreUObject (10)
[2017.08.03-16.05.20:054][922]LogModuleManager: Shutting down and abandoning module NetworkFile (8)
[2017.08.03-16.05.20:054][922]LogModuleManager: Shutting down and abandoning module StreamingFile (6)
[2017.08.03-16.05.20:054][922]LogModuleManager: Shutting down and abandoning module SandboxFile (4)
[2017.08.03-16.05.20:054][922]LogModuleManager: Shutting down and abandoning module PakFile (2)
[2017.08.03-16.05.20:057][922]LogExit: Exiting.
[2017.08.03-16.05.20:080][922]Log file closed, 08/03/17 23:05:20
