Log file open, 08/03/17 21:26:44
LogInit:Display: Running engine for game: indie
LogPlatformFile: Not using cached read wrapper
LogInit:Display: RandInit(-16222953) SRandInit(-16222953).
LogTaskGraph: Started task graph with 5 named threads and 8 total threads with 1 sets of task threads.
LogStats: Stats thread started at 0.090562
LogInit: Using libcurl 7.47.1
LogInit:  - built for x86_64-pc-win32
LogInit:  - supports SSL with OpenSSL/1.0.2g
LogInit:  - supports HTTP deflate (compression) using libz 1.2.8
LogInit:  - other features:
LogInit:      CURL_VERSION_SSL
LogInit:      CURL_VERSION_LIBZ
LogInit:      CURL_VERSION_IPV6
LogInit:      CURL_VERSION_ASYNCHDNS
LogInit:      CURL_VERSION_LARGEFILE
LogInit:      CURL_VERSION_IDN
LogInit:  CurlRequestOptions (configurable via config and command line):
LogInit:  - bVerifyPeer = false  - Libcurl will NOT verify peer certificate
LogInit:  - bUseHttpProxy = false  - Libcurl will NOT use HTTP proxy
LogInit:  - bDontReuseConnections = false  - Libcurl will reuse connections
LogInit:  - CertBundlePath = nullptr  - Libcurl will use whatever was configured at build time.
LogInit: Build: ++UE4+Release-4.16-CL-3561208
LogInit: Engine Version: 4.16.3-3561208+++UE4+Release-4.16
LogInit: Compatible Engine Version: 4.16.0-3452394+++UE4+Release-4.16
LogInit: Net CL: 3452394
LogDevObjectVersion: Number of dev versions registered: 16
LogDevObjectVersion:   Dev-Blueprints (B0D832E4-1F89-4F0D-ACCF-7EB736FD4AA2): 9
LogDevObjectVersion:   Dev-Build (E1C64328-A22C-4D53-A36C-8E866417BD8C): 0
LogDevObjectVersion:   Dev-Core (375EC13C-06E4-48FB-B500-84F0262A717E): 2
LogDevObjectVersion:   Dev-Editor (E4B068ED-F494-42E9-A231-DA0B2E46BB41): 17
LogDevObjectVersion:   Dev-Framework (CFFC743F-43B0-4480-9391-14DF171D2073): 23
LogDevObjectVersion:   Dev-Mobile (B02B49B5-BB20-44E9-A304-32B752E40360): 0
LogDevObjectVersion:   Dev-Networking (A4E4105C-59A1-49B5-A7C5-40C4547EDFEE): 0
LogDevObjectVersion:   Dev-Online (39C831C9-5AE6-47DC-9A44-9C173E1C8E7C): 0
LogDevObjectVersion:   Dev-Physics (78F01B33-EBEA-4F98-B9B4-84EACCB95AA2): 0
LogDevObjectVersion:   Dev-Platform (6631380F-2D4D-43E0-8009-CF276956A95A): 0
LogDevObjectVersion:   Dev-Rendering (12F88B9F-8875-4AFC-A67C-D90C383ABD29): 15
LogDevObjectVersion:   Dev-Sequencer (7B5AE74C-D270-4C10-A958-57980B212A5A): 4
LogDevObjectVersion:   Dev-VR (D7296918-1DD6-4BDD-9DE2-64A83CC13884): 0
LogDevObjectVersion:   Dev-LoadTimes (C2A15278-BFE7-4AFE-6C17-90FF531DF755): 1
LogDevObjectVersion:   Private-Geometry (6EACA3D4-40EC-4CC1-B786-8BED09428FC5): 1
LogDevObjectVersion:   Dev-AnimPhys (29E575DD-E0A3-4627-9D10-D276232CDCEA): 3
LogInit: Compiled (64-bit): Jul 28 2017 11:49:47
LogInit: Compiled with Visual C++: 19.00.24215.01
LogInit: Build Configuration: Development
LogInit: Branch Name: ++UE4+Release-4.16
LogInit: Command line: -EpicPortal 
LogInit: Base directory: D:/Program Files/Epic Games/UE_4.16/Engine/Binaries/Win64/
LogInit: Installed Engine Build: 1
LogInit: Presizing for max 8388607 objects, including 0 objects not considered by GC, pre-allocating 0 bytes for permanent pool.
LogInit: Object subsystem initialized
[2017.08.03-14.26.45:425][  0]LogInit: Selected Device Profile: [Windows]
[2017.08.03-14.26.45:425][  0]LogInit: Applying CVar settings loaded from the selected device profile: [Windows]
[2017.08.03-14.26.45:447][  0]LogInit: Computer: DESKTOP-F5G54J5
[2017.08.03-14.26.45:447][  0]LogInit: User: Lomakin
[2017.08.03-14.26.45:447][  0]LogInit: CPU Page size=4096, Cores=4
[2017.08.03-14.26.45:447][  0]LogInit: High frequency timer resolution =3.312787 MHz
[2017.08.03-14.26.45:448][  0]LogMemory: Memory total: Physical=16.0GB (16GB approx)
[2017.08.03-14.26.45:448][  0]LogMemory: Platform Memory Stats for Windows
[2017.08.03-14.26.45:448][  0]LogMemory: Process Physical Memory: 273.48 MB used, 273.48 MB peak
[2017.08.03-14.26.45:448][  0]LogMemory: Process Virtual Memory: 261.05 MB used, 261.05 MB peak
[2017.08.03-14.26.45:448][  0]LogMemory: Physical Memory: 7872.96 MB used,  8494.14 MB free, 16367.11 MB total
[2017.08.03-14.26.45:448][  0]LogMemory: Virtual Memory: 638.65 MB used,  8494.14 MB free, 134217728.00 MB total
[2017.08.03-14.26.45:525][  0]LogInit: Using OS detected language (ru-RU).
[2017.08.03-14.26.45:525][  0]LogInit: Using OS detected locale (ru-RU).
[2017.08.03-14.26.45:528][  0]LogTextLocalizationManager: No localization for 'ru-RU' exists, so 'en' will be used for the language.
[2017.08.03-14.26.45:529][  0]LogTextLocalizationManager: No localization for 'ru-RU' exists, so 'en' will be used for the locale.
[2017.08.03-14.26.46:544][  0]LogD3D11RHI: D3D11 adapters:
[2017.08.03-14.26.46:565][  0]LogD3D11RHI:    0. 'NVIDIA GeForce GTX 550 Ti' (Feature Level 11_0)
[2017.08.03-14.26.46:565][  0]LogD3D11RHI:       977/0/8183 MB DedicatedVideo/DedicatedSystem/SharedSystem, Outputs:2, VendorId:0x10de
[2017.08.03-14.26.46:566][  0]LogD3D11RHI:    1. 'Microsoft Basic Render Driver' (Feature Level 11_0)
[2017.08.03-14.26.46:566][  0]LogD3D11RHI:       0/0/8183 MB DedicatedVideo/DedicatedSystem/SharedSystem, Outputs:0, VendorId:0x1414
[2017.08.03-14.26.46:566][  0]LogD3D11RHI: Chosen D3D11 Adapter: 0
[2017.08.03-14.26.46:570][  0]LogD3D11RHI: Creating new Direct3DDevice
[2017.08.03-14.26.46:570][  0]LogD3D11RHI:     GPU DeviceId: 0x1244 (for the marketing name, search the web for "GPU Device Id")
[2017.08.03-14.26.46:570][  0]LogWindows: EnumDisplayDevices:
[2017.08.03-14.26.46:571][  0]LogWindows:    0. 'NVIDIA GeForce GTX 550 Ti' (P:1 D:1)
[2017.08.03-14.26.46:571][  0]LogWindows:    1. 'NVIDIA GeForce GTX 550 Ti' (P:0 D:1)
[2017.08.03-14.26.46:571][  0]LogWindows: DebugString: FoundDriverCount:2 
[2017.08.03-14.26.46:571][  0]LogD3D11RHI:     Adapter Name: NVIDIA GeForce GTX 550 Ti
[2017.08.03-14.26.46:571][  0]LogD3D11RHI:   Driver Version: 376.53 (internal:21.21.13.7653, unified:376.53)
[2017.08.03-14.26.46:571][  0]LogD3D11RHI:      Driver Date: 12-29-2016
[2017.08.03-14.26.46:571][  0]LogRHI: Texture pool is 684 MB (70% of 977 MB)
[2017.08.03-14.26.46:586][  0]LogD3D11RHI:Display: Timestamp queries are currently disabled on this hardware due to instability. Realtime GPU stats will not be available. You can override this behaviour by setting r.NVIDIATimestampWorkaround to 0
[2017.08.03-14.26.46:586][  0]LogD3D11RHI: Async texture creation enabled
[2017.08.03-14.26.46:597][  0]LogD3D11RHI: GPU Timing Frequency: 1000.000000 (Debug: 2 1)
[2017.08.03-14.26.46:696][  0]LogShaderCompilers: Guid format shader working directory is 19 characters bigger than the processId version (../../../../../../indie/indie/Intermediate/Shaders/WorkingDirectory/7668/).
[2017.08.03-14.26.46:696][  0]LogShaderCompilers: Cleaned the shader compiler working directory 'C:/Users/Lomakin/AppData/Local/Temp/UnrealShaderWorkingDir/93957E44491C652DB4021E811D05BDF6/'.
[2017.08.03-14.26.46:696][  0]LogShaderCompilers:Display: Using Local Shader Compiler.
[2017.08.03-14.26.47:853][  0]LogTemp:Display: Loaded TP AllDesktopTargetPlatform
[2017.08.03-14.26.47:899][  0]LogTemp:Display: Loaded TP MacClientTargetPlatform
[2017.08.03-14.26.47:944][  0]LogTemp:Display: Loaded TP MacNoEditorTargetPlatform
[2017.08.03-14.26.47:989][  0]LogTemp:Display: Loaded TP MacServerTargetPlatform
[2017.08.03-14.26.48:033][  0]LogTemp:Display: Loaded TP MacTargetPlatform
[2017.08.03-14.26.48:079][  0]LogTemp:Display: Loaded TP WindowsClientTargetPlatform
[2017.08.03-14.26.48:124][  0]LogTemp:Display: Loaded TP WindowsNoEditorTargetPlatform
[2017.08.03-14.26.48:169][  0]LogTemp:Display: Loaded TP WindowsServerTargetPlatform
[2017.08.03-14.26.48:206][  0]LogTemp:Display: Loaded TP WindowsTargetPlatform
[2017.08.03-14.26.48:251][  0]LogTemp:Display: Loaded TP AndroidTargetPlatform
[2017.08.03-14.26.48:297][  0]LogTemp:Display: Loaded TP Android_ASTCTargetPlatform
[2017.08.03-14.26.48:357][  0]LogTemp:Display: Loaded TP Android_ATCTargetPlatform
[2017.08.03-14.26.48:402][  0]LogTemp:Display: Loaded TP Android_DXTTargetPlatform
[2017.08.03-14.26.48:479][  0]LogTemp:Display: Loaded TP Android_ETC1TargetPlatform
[2017.08.03-14.26.48:526][  0]LogTemp:Display: Loaded TP Android_ETC2TargetPlatform
[2017.08.03-14.26.48:632][  0]LogTemp:Display: Loaded TP Android_MultiTargetPlatform
[2017.08.03-14.26.48:632][  0]LogTemp:Display: Loaded TP Android_PVRTCTargetPlatform
[2017.08.03-14.26.48:666][  0]LogTemp:Display: Loaded TP HTML5TargetPlatform
[2017.08.03-14.26.48:750][  0]LogTemp:Display: Loaded TP IOSTargetPlatform
[2017.08.03-14.26.48:791][  0]LogTemp:Display: Loaded TP TVOSTargetPlatform
[2017.08.03-14.26.48:837][  0]LogTemp:Display: Loaded TP LinuxClientTargetPlatform
[2017.08.03-14.26.48:881][  0]LogTemp:Display: Loaded TP LinuxNoEditorTargetPlatform
[2017.08.03-14.26.48:925][  0]LogTemp:Display: Loaded TP LinuxServerTargetPlatform
[2017.08.03-14.26.48:970][  0]LogTemp:Display: Loaded TP LinuxTargetPlatform
[2017.08.03-14.26.48:970][  0]LogTargetPlatformManager:Display: Building Assets For Windows
[2017.08.03-14.26.49:404][  0]LogDerivedDataCache:Display: Max Cache Size: 512 MB
[2017.08.03-14.26.49:509][  0]LogDerivedDataCache: Loaded boot cache 0.11s 90MB C:/Users/Lomakin/AppData/Local/UnrealEngine/4.16/DerivedDataCache/Boot.ddc.
[2017.08.03-14.26.49:509][  0]LogDerivedDataCache:Display: Loaded Boot cache: C:/Users/Lomakin/AppData/Local/UnrealEngine/4.16/DerivedDataCache/Boot.ddc
[2017.08.03-14.26.49:509][  0]LogDerivedDataCache: FDerivedDataBackendGraph:  Pak pak cache file ../../../../../../indie/indie/DerivedDataCache/DDC.ddp not found, will not use a pak cache.
[2017.08.03-14.26.49:509][  0]LogDerivedDataCache: Unable to find inner node Pak for hierarchical cache Hierarchy.
[2017.08.03-14.26.49:510][  0]LogDerivedDataCache: FDerivedDataBackendGraph:  CompressedPak pak cache file ../../../../../../indie/indie/DerivedDataCache/Compressed.ddp not found, will not use a pak cache.
[2017.08.03-14.26.49:510][  0]LogDerivedDataCache: Unable to find inner node CompressedPak for hierarchical cache Hierarchy.
[2017.08.03-14.26.49:529][  0]LogDerivedDataCache:Display: Pak cache opened for reading ../../../Engine/DerivedDataCache/Compressed.ddp.
[2017.08.03-14.26.49:542][  0]LogDerivedDataCache: Using Local data cache path C:/Users/Lomakin/AppData/Local/UnrealEngine/Common/DerivedDataCache: Writable
[2017.08.03-14.26.49:553][  0]LogMaterial: Verifying Global Shaders for PCD3D_SM5
[2017.08.03-14.26.49:553][  0]LogSlate: Using Freetype 2.6.0
[2017.08.03-14.26.49:554][  0]LogSlate: SlateFontCache - WITH_FREETYPE: 1, WITH_HARFBUZZ: 1
[2017.08.03-14.26.49:554][  0]LogSlate: SlateFontCache - WITH_FREETYPE: 1, WITH_HARFBUZZ: 1
[2017.08.03-14.26.49:898][  0]LogInit: Selected Device Profile: [Windows]
[2017.08.03-14.26.50:000][  0]LogContentStreaming: Texture pool size is 0.00 MB
[2017.08.03-14.26.50:160][  0]LogMeshUtilities: Using QuadricMeshReduction for automatic static mesh reduction
[2017.08.03-14.26.50:196][  0]LogSimplygon: Simplygon DLL not present - disabling.
[2017.08.03-14.26.50:235][  0]LogMeshUtilities: Using SimplygonSwarm for distributed automatic mesh merging
[2017.08.03-14.26.50:235][  0]LogMeshUtilities: No automatic skeletal mesh reduction module available
[2017.08.03-14.26.50:235][  0]LogMeshUtilities: No automatic mesh merging module available
[2017.08.03-14.26.50:754][  0]LogNetVersion: indie , NetCL: 3452394, EngineNetVer: 2, GameNetVer: 0 (Checksum: 2634455423)
[2017.08.03-14.26.50:816][  0]LogAssetRegistry: FAssetRegistry took 0.0260 seconds to start up
[2017.08.03-14.26.50:853][  0]LogPackageLocalizationCache: Processed 4 localized package path(s) for 1 prioritized culture(s) in 0.015186 seconds
[2017.08.03-14.26.50:858][  0]LogUObjectArray: 34194 objects as part of root set at end of initial load.
[2017.08.03-14.26.50:858][  0]LogUObjectAllocator: 7260416 out of 0 bytes used by permanent object pool.
[2017.08.03-14.26.50:858][  0]LogUObjectArray: CloseDisregardForGC: 0/0 objects in disregard for GC pool
[2017.08.03-14.26.50:911][  0]LogInit: WinSock: version 1.1 (2.2), MaxSocks=32767, MaxUdp=65467
[2017.08.03-14.26.53:168][  0]LogTcpMessaging: Initializing TcpMessaging bridge
[2017.08.03-14.26.53:204][  0]LogUdpMessaging: Initializing bridge on interface 0.0.0.0:0 to multicast group 230.0.0.1:6666.
[2017.08.03-14.26.53:678][  0]LogMaterial: Uniform references updated for custom material expression Custom.
[2017.08.03-14.26.54:024][  0]SourceControl: Info Source control is disabled
[2017.08.03-14.26.54:024][  0]SourceControl: Info Source control is disabled
[2017.08.03-14.26.54:064][  0]SourceControl: Info Source control is disabled
[2017.08.03-14.26.54:102][  0]SourceControl: Info Source control is disabled
[2017.08.03-14.26.54:315][  0]LogLinker:Warning: Can't find file '/Game/2DSideScrollerBP/2DSideScrollerOverview'
[2017.08.03-14.26.54:315][  0]LogLinker:Warning: Can't find file '/Game/2DSideScrollerBP/2DSideScrollerOverview'
[2017.08.03-14.26.54:315][  0]LogUObjectGlobals:Warning: Failed to find object 'Class /Game/2DSideScrollerBP/2DSideScrollerOverview.2DSideScrollerOverview_C'
[2017.08.03-14.26.54:677][  0]LogAndroidPermission: UAndroidPermissionCallbackProxy::GetInstance
[2017.08.03-14.26.55:193][  0]LogEngine: Initializing Engine...
[2017.08.03-14.26.55:193][  0]LogHMD: Failed to initialize OpenVR with code 110
[2017.08.03-14.26.55:400][  0]LogStats: UGameplayTagsManager::ConstructGameplayTagTree: Construct from data asset -  0.000 s
[2017.08.03-14.26.55:400][  0]LogStats: UGameplayTagsManager::ConstructGameplayTagTree: GameplayTagTreeChangedEvent.Broadcast -  0.000 s
[2017.08.03-14.26.55:508][  0]LogAIModule: Creating AISystem for world Untitled
[2017.08.03-14.26.55:519][  0]LogInit: XAudio2 using 'Динамики (Realtek High Definition Audio)' : 2 channels at 48 kHz using 32 bits per sample (channel mask 0x3)
[2017.08.03-14.26.55:531][  0]LogInit: FAudioDevice initialized.
[2017.08.03-14.26.55:574][  0]LogDerivedDataCache: Saved boot cache 0.04s 90MB C:/Users/Lomakin/AppData/Local/UnrealEngine/4.16/DerivedDataCache/Boot.ddc.
[2017.08.03-14.26.55:593][  0]LogInit: Texture streaming: Enabled
[2017.08.03-14.26.55:673][  0]LogEngineSessionManager: EngineSessionManager initialized
[2017.08.03-14.26.55:853][  0]LogInit: Transaction tracking system initialized
[2017.08.03-14.26.56:109][  0]BlueprintLog: New page: Editor Load
[2017.08.03-14.26.56:885][  0]LocalizationService: Info Localization service is disabled
[2017.08.03-14.26.57:454][  0]LogConsoleResponse:Display: 
[2017.08.03-14.26.57:594][  0]LogCook:Display: Max memory allowance for cook 16384mb min free memory 0mb
[2017.08.03-14.26.57:594][  0]LogCook:Display: Mobile HDR setting 0
[2017.08.03-14.26.57:715][  0]LogFileCache: Scanning file cache for directory 'D:/indie/indie/Content/' took 0.01s
[2017.08.03-14.26.57:715][  0]LogCook:Display: Cooked content cleared for platform AllDesktop
[2017.08.03-14.26.57:716][  0]LogCook:Display: Unable to read previous cook inisettings for platform AllDesktop invalidating cook
[2017.08.03-14.26.57:765][  0]LogCook:Display: Cooked content cleared for platform MacClient
[2017.08.03-14.26.57:765][  0]LogCook:Display: Unable to read previous cook inisettings for platform MacClient invalidating cook
[2017.08.03-14.26.57:813][  0]LogCook:Display: Cooked content cleared for platform MacNoEditor
[2017.08.03-14.26.57:814][  0]LogCook:Display: Unable to read previous cook inisettings for platform MacNoEditor invalidating cook
[2017.08.03-14.26.57:861][  0]LogCook:Display: Cooked content cleared for platform MacServer
[2017.08.03-14.26.57:862][  0]LogCook:Display: Unable to read previous cook inisettings for platform MacServer invalidating cook
[2017.08.03-14.26.57:908][  0]LogCook:Display: Cooked content cleared for platform Mac
[2017.08.03-14.26.57:909][  0]LogCook:Display: Unable to read previous cook inisettings for platform Mac invalidating cook
[2017.08.03-14.26.57:956][  0]LogCook:Display: Cooked content cleared for platform WindowsClient
[2017.08.03-14.26.57:957][  0]LogCook:Display: Unable to read previous cook inisettings for platform WindowsClient invalidating cook
[2017.08.03-14.26.58:005][  0]LogCook:Display: Cooked content cleared for platform WindowsNoEditor
[2017.08.03-14.26.58:006][  0]LogCook:Display: Unable to read previous cook inisettings for platform WindowsNoEditor invalidating cook
[2017.08.03-14.26.58:053][  0]LogCook:Display: Cooked content cleared for platform WindowsServer
[2017.08.03-14.26.58:054][  0]LogCook:Display: Unable to read previous cook inisettings for platform WindowsServer invalidating cook
[2017.08.03-14.26.58:101][  0]LogCook:Display: Cooked content cleared for platform Windows
[2017.08.03-14.26.58:102][  0]LogCook:Display: Unable to read previous cook inisettings for platform Windows invalidating cook
[2017.08.03-14.26.58:149][  0]LogCook:Display: Cooked content cleared for platform Android
[2017.08.03-14.26.58:150][  0]LogCook:Display: Unable to read previous cook inisettings for platform Android invalidating cook
[2017.08.03-14.26.58:197][  0]LogCook:Display: Cooked content cleared for platform Android_ASTC
[2017.08.03-14.26.58:198][  0]LogCook:Display: Unable to read previous cook inisettings for platform Android_ASTC invalidating cook
[2017.08.03-14.26.58:246][  0]LogCook:Display: Cooked content cleared for platform Android_ATC
[2017.08.03-14.26.58:247][  0]LogCook:Display: Unable to read previous cook inisettings for platform Android_ATC invalidating cook
[2017.08.03-14.26.58:295][  0]LogCook:Display: Cooked content cleared for platform Android_DXT
[2017.08.03-14.26.58:296][  0]LogCook:Display: Unable to read previous cook inisettings for platform Android_DXT invalidating cook
[2017.08.03-14.26.58:343][  0]LogCook:Display: Cooked content cleared for platform Android_ETC1
[2017.08.03-14.26.58:344][  0]LogCook:Display: Unable to read previous cook inisettings for platform Android_ETC1 invalidating cook
[2017.08.03-14.26.58:395][  0]LogCook:Display: Cooked content cleared for platform Android_ETC2
[2017.08.03-14.26.58:396][  0]LogCook:Display: Unable to read previous cook inisettings for platform Android_ETC2 invalidating cook
[2017.08.03-14.26.58:443][  0]LogCook:Display: Cooked content cleared for platform Android_Multi
[2017.08.03-14.26.58:444][  0]LogCook:Display: Unable to read previous cook inisettings for platform Android_Multi invalidating cook
[2017.08.03-14.26.58:492][  0]LogCook:Display: Cooked content cleared for platform Android_PVRTC
[2017.08.03-14.26.58:493][  0]LogCook:Display: Unable to read previous cook inisettings for platform Android_PVRTC invalidating cook
[2017.08.03-14.26.58:540][  0]LogCook:Display: Cooked content cleared for platform HTML5
[2017.08.03-14.26.58:541][  0]LogCook:Display: Unable to read previous cook inisettings for platform HTML5 invalidating cook
[2017.08.03-14.26.58:589][  0]LogCook:Display: Cooked content cleared for platform IOS
[2017.08.03-14.26.58:589][  0]LogCook:Display: Unable to read previous cook inisettings for platform IOS invalidating cook
[2017.08.03-14.26.58:636][  0]LogCook:Display: Cooked content cleared for platform TVOS
[2017.08.03-14.26.58:637][  0]LogCook:Display: Unable to read previous cook inisettings for platform TVOS invalidating cook
[2017.08.03-14.26.58:684][  0]LogCook:Display: Cooked content cleared for platform LinuxClient
[2017.08.03-14.26.58:685][  0]LogCook:Display: Unable to read previous cook inisettings for platform LinuxClient invalidating cook
[2017.08.03-14.26.58:733][  0]LogCook:Display: Cooked content cleared for platform LinuxNoEditor
[2017.08.03-14.26.58:733][  0]LogCook:Display: Unable to read previous cook inisettings for platform LinuxNoEditor invalidating cook
[2017.08.03-14.26.58:782][  0]LogCook:Display: Cooked content cleared for platform LinuxServer
[2017.08.03-14.26.58:783][  0]LogCook:Display: Unable to read previous cook inisettings for platform LinuxServer invalidating cook
[2017.08.03-14.26.58:830][  0]LogCook:Display: Cooked content cleared for platform Linux
[2017.08.03-14.26.58:832][  0]LogCook:Display: Unable to read previous cook inisettings for platform Linux invalidating cook
[2017.08.03-14.26.58:878][  0]LogCook:Display: Sandbox cleanup took 1.163 seconds for platforms AllDesktop MacClient MacNoEditor MacServer Mac WindowsClient WindowsNoEditor WindowsServer Windows Android Android_ASTC Android_ATC Android_DXT Android_ETC1 Android_ETC2 Android_Multi Android_PVRTC HTML5 IOS TVOS LinuxClient LinuxNoEditor LinuxServer Linux  iterative false
[2017.08.03-14.26.58:878][  0]LogAssetRegistryGenerator:Display: Saving asset registry.
[2017.08.03-14.26.58:891][  0]LogAssetRegistryGenerator:Display: Generated asset registry num assets 0, size is  0.04kb
[2017.08.03-14.26.58:891][  0]LogAssetRegistryGenerator:Display: Done saving asset registry.
[2017.08.03-14.26.58:891][  0]LogAssetRegistryGenerator:Display: Saving asset registry.
[2017.08.03-14.26.58:902][  0]LogAssetRegistryGenerator:Display: Generated asset registry num assets 0, size is  0.04kb
[2017.08.03-14.26.58:902][  0]LogAssetRegistryGenerator:Display: Done saving asset registry.
[2017.08.03-14.26.58:902][  0]LogAssetRegistryGenerator:Display: Saving asset registry.
[2017.08.03-14.26.58:913][  0]LogAssetRegistryGenerator:Display: Generated asset registry num assets 0, size is  0.04kb
[2017.08.03-14.26.58:913][  0]LogAssetRegistryGenerator:Display: Done saving asset registry.
[2017.08.03-14.26.58:913][  0]LogAssetRegistryGenerator:Display: Saving asset registry.
[2017.08.03-14.26.58:924][  0]LogAssetRegistryGenerator:Display: Generated asset registry num assets 0, size is  0.04kb
[2017.08.03-14.26.58:924][  0]LogAssetRegistryGenerator:Display: Done saving asset registry.
[2017.08.03-14.26.58:924][  0]LogAssetRegistryGenerator:Display: Saving asset registry.
[2017.08.03-14.26.58:936][  0]LogAssetRegistryGenerator:Display: Generated asset registry num assets 0, size is  0.04kb
[2017.08.03-14.26.58:936][  0]LogAssetRegistryGenerator:Display: Done saving asset registry.
[2017.08.03-14.26.58:936][  0]LogAssetRegistryGenerator:Display: Saving asset registry.
[2017.08.03-14.26.58:948][  0]LogAssetRegistryGenerator:Display: Generated asset registry num assets 0, size is  0.04kb
[2017.08.03-14.26.58:948][  0]LogAssetRegistryGenerator:Display: Done saving asset registry.
[2017.08.03-14.26.58:948][  0]LogAssetRegistryGenerator:Display: Saving asset registry.
[2017.08.03-14.26.58:960][  0]LogAssetRegistryGenerator:Display: Generated asset registry num assets 0, size is  0.04kb
[2017.08.03-14.26.58:960][  0]LogAssetRegistryGenerator:Display: Done saving asset registry.
[2017.08.03-14.26.58:960][  0]LogAssetRegistryGenerator:Display: Saving asset registry.
[2017.08.03-14.26.58:972][  0]LogAssetRegistryGenerator:Display: Generated asset registry num assets 0, size is  0.04kb
[2017.08.03-14.26.58:972][  0]LogAssetRegistryGenerator:Display: Done saving asset registry.
[2017.08.03-14.26.58:972][  0]LogAssetRegistryGenerator:Display: Saving asset registry.
[2017.08.03-14.26.58:984][  0]LogAssetRegistryGenerator:Display: Generated asset registry num assets 0, size is  0.04kb
[2017.08.03-14.26.58:984][  0]LogAssetRegistryGenerator:Display: Done saving asset registry.
[2017.08.03-14.26.58:984][  0]LogAssetRegistryGenerator:Display: Saving asset registry.
[2017.08.03-14.26.58:995][  0]LogAssetRegistryGenerator:Display: Generated asset registry num assets 0, size is  0.04kb
[2017.08.03-14.26.58:995][  0]LogAssetRegistryGenerator:Display: Done saving asset registry.
[2017.08.03-14.26.58:995][  0]LogAssetRegistryGenerator:Display: Saving asset registry.
[2017.08.03-14.26.59:007][  0]LogAssetRegistryGenerator:Display: Generated asset registry num assets 0, size is  0.04kb
[2017.08.03-14.26.59:007][  0]LogAssetRegistryGenerator:Display: Done saving asset registry.
[2017.08.03-14.26.59:007][  0]LogAssetRegistryGenerator:Display: Saving asset registry.
[2017.08.03-14.26.59:018][  0]LogAssetRegistryGenerator:Display: Generated asset registry num assets 0, size is  0.04kb
[2017.08.03-14.26.59:018][  0]LogAssetRegistryGenerator:Display: Done saving asset registry.
[2017.08.03-14.26.59:018][  0]LogAssetRegistryGenerator:Display: Saving asset registry.
[2017.08.03-14.26.59:030][  0]LogAssetRegistryGenerator:Display: Generated asset registry num assets 0, size is  0.04kb
[2017.08.03-14.26.59:030][  0]LogAssetRegistryGenerator:Display: Done saving asset registry.
[2017.08.03-14.26.59:030][  0]LogAssetRegistryGenerator:Display: Saving asset registry.
[2017.08.03-14.26.59:055][  0]LogAssetRegistryGenerator:Display: Generated asset registry num assets 0, size is  0.04kb
[2017.08.03-14.26.59:055][  0]LogAssetRegistryGenerator:Display: Done saving asset registry.
[2017.08.03-14.26.59:055][  0]LogAssetRegistryGenerator:Display: Saving asset registry.
[2017.08.03-14.26.59:072][  0]LogAssetRegistryGenerator:Display: Generated asset registry num assets 0, size is  0.04kb
[2017.08.03-14.26.59:072][  0]LogAssetRegistryGenerator:Display: Done saving asset registry.
[2017.08.03-14.26.59:072][  0]LogAssetRegistryGenerator:Display: Saving asset registry.
[2017.08.03-14.26.59:087][  0]LogAssetRegistryGenerator:Display: Generated asset registry num assets 0, size is  0.04kb
[2017.08.03-14.26.59:087][  0]LogAssetRegistryGenerator:Display: Done saving asset registry.
[2017.08.03-14.26.59:087][  0]LogAssetRegistryGenerator:Display: Saving asset registry.
[2017.08.03-14.26.59:110][  0]LogAssetRegistryGenerator:Display: Generated asset registry num assets 0, size is  0.04kb
[2017.08.03-14.26.59:110][  0]LogAssetRegistryGenerator:Display: Done saving asset registry.
[2017.08.03-14.26.59:110][  0]LogAssetRegistryGenerator:Display: Saving asset registry.
[2017.08.03-14.26.59:135][  0]LogAssetRegistryGenerator:Display: Generated asset registry num assets 0, size is  0.04kb
[2017.08.03-14.26.59:135][  0]LogAssetRegistryGenerator:Display: Done saving asset registry.
[2017.08.03-14.26.59:135][  0]LogAssetRegistryGenerator:Display: Saving asset registry.
[2017.08.03-14.26.59:155][  0]LogAssetRegistryGenerator:Display: Generated asset registry num assets 0, size is  0.04kb
[2017.08.03-14.26.59:155][  0]LogAssetRegistryGenerator:Display: Done saving asset registry.
[2017.08.03-14.26.59:155][  0]LogAssetRegistryGenerator:Display: Saving asset registry.
[2017.08.03-14.26.59:166][  0]LogAssetRegistryGenerator:Display: Generated asset registry num assets 0, size is  0.04kb
[2017.08.03-14.26.59:166][  0]LogAssetRegistryGenerator:Display: Done saving asset registry.
[2017.08.03-14.26.59:166][  0]LogAssetRegistryGenerator:Display: Saving asset registry.
[2017.08.03-14.26.59:178][  0]LogAssetRegistryGenerator:Display: Generated asset registry num assets 0, size is  0.04kb
[2017.08.03-14.26.59:178][  0]LogAssetRegistryGenerator:Display: Done saving asset registry.
[2017.08.03-14.26.59:178][  0]LogAssetRegistryGenerator:Display: Saving asset registry.
[2017.08.03-14.26.59:201][  0]LogAssetRegistryGenerator:Display: Generated asset registry num assets 0, size is  0.04kb
[2017.08.03-14.26.59:201][  0]LogAssetRegistryGenerator:Display: Done saving asset registry.
[2017.08.03-14.26.59:201][  0]LogAssetRegistryGenerator:Display: Saving asset registry.
[2017.08.03-14.26.59:218][  0]LogAssetRegistryGenerator:Display: Generated asset registry num assets 0, size is  0.04kb
[2017.08.03-14.26.59:218][  0]LogAssetRegistryGenerator:Display: Done saving asset registry.
[2017.08.03-14.26.59:218][  0]LogAssetRegistryGenerator:Display: Saving asset registry.
[2017.08.03-14.26.59:229][  0]LogAssetRegistryGenerator:Display: Generated asset registry num assets 0, size is  0.04kb
[2017.08.03-14.26.59:229][  0]LogAssetRegistryGenerator:Display: Done saving asset registry.
[2017.08.03-14.26.59:251][  0]LogFileServer:Warning: Unreal Network File Server starting up...
[2017.08.03-14.26.59:254][  0]LogInit: WinSock: I am DESKTOP-F5G54J5 (10.0.1.5:0)
[2017.08.03-14.26.59:265][  0]LogFileServer:Display: Unreal Network File Server is ready for client connections on 0.0.0.0:41899!
[2017.08.03-14.26.59:265][  0]LogFileServer:Warning: Unreal Network Http File Server starting up...
[2017.08.03-14.26.59:280][  0]LogFileServer:Display: Unreal Network File Http Server is ready for client connections on port 41898
[2017.08.03-14.27.00:132][  0]SourceControl: Info Source control is disabled
[2017.08.03-14.27.00:132][  0]Cmd: MAP LOAD FILE="../../../../../../indie/indie/Content/2DSideScrollerBP/Maps/2DSideScrollerExampleMap.umap" TEMPLATE=0 SHOWPROGRESS=1 FEATURELEVEL=3
[2017.08.03-14.27.00:133][  0]LightingResults: New page: Lighting Build
[2017.08.03-14.27.00:168][  0]MapCheck: New page: Map Check
[2017.08.03-14.27.00:168][  0]LightingResults: New page: Lighting Build
[2017.08.03-14.27.00:401][  0]LogAIModule: Creating AISystem for world 2DSideScrollerExampleMap
[2017.08.03-14.27.00:405][  0]LogEditorServer: Finished looking for orphan Actors (0.000 secs)
[2017.08.03-14.27.00:415][  0]Cmd: MAP CHECKDEP NOCLEARLOG
[2017.08.03-14.27.00:458][  0]MapCheck: Info Map check complete: 0 Error(s), 0 Warning(s), took 42.714ms to complete.
[2017.08.03-14.27.00:458][  0]LogFileHelpers: Loading map '2DSideScrollerExampleMap' took 0.326
[2017.08.03-14.27.00:530][  0]LogWindowsTextInputMethodSystem:Display: IME system now deactivated.
[2017.08.03-14.27.00:615][  0]LogCollectionManager: Loaded 0 collections in 0.000917 seconds
[2017.08.03-14.27.00:701][  0]LogFileCache: Scanning file cache for directory 'D:/indie/indie/Saved/Collections/' took 0.01s
[2017.08.03-14.27.00:701][  0]LogFileCache: Scanning file cache for directory 'D:/indie/indie/Content/Developers/Lomakin/Collections/' took 0.01s
[2017.08.03-14.27.00:701][  0]LogFileCache: Scanning file cache for directory 'D:/indie/indie/Content/Collections/' took 0.01s
[2017.08.03-14.27.00:701][  0]LogCollectionManager: Rebuilt the GUID cache for 0 collections in 0.000002 seconds
[2017.08.03-14.27.00:712][  0]LogContentBrowser: Native class hierarchy populated in 0.0103 seconds. Added 2329 classes and 491 folders.
[2017.08.03-14.27.00:768][  0]LogContentBrowser: Native class hierarchy updated for 'WidgetCarousel' in 0.0006 seconds. Added 0 classes and 0 folders.
[2017.08.03-14.27.00:805][  0]LogContentBrowser: Native class hierarchy updated for 'AddContentDialog' in 0.0006 seconds. Added 0 classes and 0 folders.
[2017.08.03-14.27.00:842][  0]LogContentBrowser: Native class hierarchy updated for 'SceneOutliner' in 0.0006 seconds. Added 1 classes and 2 folders.
[2017.08.03-14.27.00:879][  0]LogCrashTracker: Crashtracker disabled due to settings.
[2017.08.03-14.27.00:883][  0]LogSlate: Took 0.000245 seconds to synchronously load lazily loaded font '../../../Engine/Content/Slate/Fonts/Roboto-Regular.ttf' (155K)
[2017.08.03-14.27.00:886][  0]LogSlate: Took 0.000193 seconds to synchronously load lazily loaded font '../../../Engine/Content/Slate/Fonts/Roboto-Bold.ttf' (160K)
[2017.08.03-14.27.00:893][  0]LogSlate: Took 0.000230 seconds to synchronously load lazily loaded font '../../../Engine/Content/Editor/Slate/Fonts/FontAwesome.ttf' (139K)
[2017.08.03-14.27.01:017][  0]LogRenderer: Reallocating scene render targets to support 1056x556 NumSamples 1 (Frame:1).
[2017.08.03-14.27.01:126][  0]LogUObjectGlobals:Warning: Failed to find object 'Class None.'
[2017.08.03-14.27.01:184][  0]LogContentBrowser: Native class hierarchy updated for 'HierarchicalLODOutliner' in 0.0006 seconds. Added 1 classes and 2 folders.
[2017.08.03-14.27.01:185][  0]LogLoad: (Engine Initialization) Total time: 17.18 seconds
[2017.08.03-14.27.01:185][  0]LogLoad: (Engine Initialization) Total Blueprint compile time: 0.06 seconds
[2017.08.03-14.27.01:185][  0]LogExternalProfiler: Found external profiler: VSPerf
[2017.08.03-14.27.01:185][  0]LogExternalProfiler: Using external profiler: VSPerf
[2017.08.03-14.27.01:194][  0]LogOcInput: OculusInput pre-init called
[2017.08.03-14.27.01:194][  0]LogHMD: Starting GearVRController plugin
[2017.08.03-14.27.01:209][  0]LogAssetRegistry: Asset discovery search completed in 10.4149 seconds
[2017.08.03-14.27.01:216][  0]LogSlate: Took 0.000209 seconds to synchronously load lazily loaded font '../../../Engine/Content/Slate/Fonts/Roboto-Light.ttf' (159K)
[2017.08.03-14.27.01:229][  0]LogCollectionManager: Rebuilt the object cache for 0 collections in 0.000001 seconds (found 0 objects)
[2017.08.03-14.27.01:229][  0]LogCollectionManager: Fixed up redirectors for 0 collections in 0.000080 seconds (updated 0 objects)
[2017.08.03-14.27.01:230][  0]LogContentStreaming: Texture pool size now 1000 MB
[2017.08.03-14.27.01:279][  0]LogSlate: Took 0.000220 seconds to synchronously load lazily loaded font '../../../Engine/Content/Slate/Fonts/Roboto-Light.ttf' (159K)
[2017.08.03-14.27.10:408][764]LogTemp: Executing iPhonePackager certificates Engine -bundlename com.YourCompany.indie
[2017.08.03-14.27.10:408][764]LogTemp: CWD: D:\Program Files\Epic Games\UE_4.16\Engine\Binaries\DotNET\IOS
[2017.08.03-14.27.10:408][764]LogTemp: Initial Dir: D:\Program Files\Epic Games\UE_4.16
[2017.08.03-14.27.10:408][764]LogTemp: Env CWD: D:\Program Files\Epic Games\UE_4.16\Engine\Binaries\DotNET\IOS
[2017.08.03-14.27.10:408][764]LogTemp: BranchPath = DESKTOP-F5G54J5/D/Program Files/Epic Games/UE_4.16/Engine/Binaries --- GameBranchPath = DESKTOP-F5G54J5/D/Program Files/Epic Games/UE_4.16/Engine/Binaries
[2017.08.03-14.27.10:408][764]LogTemp: IPP ERROR: Could not find provision directory 'C:\Users\Lomakin\AppData\Local/Apple Computer/MobileDevice/Provisioning Profiles/'.
[2017.08.03-14.27.10:408][764]LogSlate: Only BGRA pngs, bmps or icos are supported in by External Image Picker
[2017.08.03-14.29.04:931][782]LogWindowsTextInputMethodSystem:Display: IME system now deactivated.
[2017.08.03-14.29.04:931][782]LogWindowsTextInputMethodSystem:Display: IME system now deactivated.
[2017.08.03-14.29.15:921][241]LogWindowsTextInputMethodSystem:Display: IME system now deactivated.
[2017.08.03-14.29.16:086][242]Cmd: QUIT_EDITOR
[2017.08.03-14.29.16:109][242]LogExit: Preparing to exit.
[2017.08.03-14.29.16:355][242]LogDirectoryWatcher: A directory notification for 'D:/indie/indie/Content/' was aborted.
[2017.08.03-14.29.16:611][242]LogFileServer:Display: Unreal Network File Http Server is now Shutting down 
[2017.08.03-14.29.16:621][242]LogExit: Editor shut down
[2017.08.03-14.29.16:625][242]LogExit: Transaction tracking system shut down
[2017.08.03-14.29.16:676][242]LogObj: Freed 0b from 0 cluster array pools.
[2017.08.03-14.29.16:676][242]LogExit: Object subsystem successfully closed.
[2017.08.03-14.29.16:698][242]LogD3D11RHI: Shutdown
[2017.08.03-14.29.16:698][242]LogD3D11RHI: CleanupD3DDevice
[2017.08.03-14.29.16:767][242]LogD3D11RHI: ~FD3D11DynamicRHI
[2017.08.03-14.29.16:775][242]LogModuleManager: Shutting down and abandoning module ExternalImagePicker (528)
[2017.08.03-14.29.16:775][242]LogModuleManager: Shutting down and abandoning module HierarchicalLODOutliner (526)
[2017.08.03-14.29.16:775][242]LogModuleManager: Shutting down and abandoning module CrashTracker (524)
[2017.08.03-14.29.16:775][242]LogModuleManager: Shutting down and abandoning module SceneOutliner (522)
[2017.08.03-14.29.16:775][242]LogModuleManager: Shutting down and abandoning module AddContentDialog (520)
[2017.08.03-14.29.16:775][242]LogDirectoryWatcher: A directory notification for 'D:/Program Files/Epic Games/UE_4.16/FeaturePacks/' was aborted.
[2017.08.03-14.29.16:776][242]LogModuleManager: Shutting down and abandoning module WidgetCarousel (519)
[2017.08.03-14.29.16:776][242]LogModuleManager: Shutting down and abandoning module EditorWidgets (516)
[2017.08.03-14.29.16:776][242]LogModuleManager: Shutting down and abandoning module CollectionManager (514)
[2017.08.03-14.29.16:776][242]LogDirectoryWatcher: A directory notification for 'D:/indie/indie/Content/Collections/' was aborted.
[2017.08.03-14.29.16:776][242]LogDirectoryWatcher: A directory notification for 'D:/indie/indie/Content/Developers/Lomakin/Collections/' was aborted.
[2017.08.03-14.29.16:776][242]LogDirectoryWatcher: A directory notification for 'D:/indie/indie/Saved/Collections/' was aborted.
[2017.08.03-14.29.16:776][242]LogModuleManager: Shutting down and abandoning module StatsViewer (512)
[2017.08.03-14.29.16:776][242]LogModuleManager: Shutting down and abandoning module FoliageEdit (510)
[2017.08.03-14.29.16:776][242]LogModuleManager: Shutting down and abandoning module LandscapeEditor (508)
[2017.08.03-14.29.16:776][242]LogModuleManager: Shutting down and abandoning module MeshPaintMode (506)
[2017.08.03-14.29.16:776][242]LogModuleManager: Shutting down and abandoning module SceneDepthPickerMode (504)
[2017.08.03-14.29.16:776][242]LogModuleManager: Shutting down and abandoning module ActorPickerMode (502)
[2017.08.03-14.29.16:776][242]LogModuleManager: Shutting down and abandoning module GeometryMode (500)
[2017.08.03-14.29.16:776][242]LogModuleManager: Shutting down and abandoning module TextureAlignMode (498)
[2017.08.03-14.29.16:776][242]LogModuleManager: Shutting down and abandoning module BspMode (496)
[2017.08.03-14.29.16:776][242]LogModuleManager: Shutting down and abandoning module HardwareSurvey (494)
[2017.08.03-14.29.16:776][242]LogModuleManager: Shutting down and abandoning module SequenceRecorderSections (492)
[2017.08.03-14.29.16:776][242]LogModuleManager: Shutting down and abandoning module AutomationWorker (490)
[2017.08.03-14.29.16:776][242]LogModuleManager: Shutting down and abandoning module MatineeToLevelSequence (488)
[2017.08.03-14.29.16:776][242]LogModuleManager: Shutting down and abandoning module LevelSequenceEditor (486)
[2017.08.03-14.29.16:776][242]LogModuleManager: Shutting down and abandoning module PlacementMode (485)
[2017.08.03-14.29.16:776][242]LogModuleManager: Shutting down and abandoning module WmfMediaFactory (482)
[2017.08.03-14.29.16:776][242]LogModuleManager: Shutting down and abandoning module WmfMediaEditor (480)
[2017.08.03-14.29.16:776][242]LogModuleManager: Shutting down and abandoning module AvfMediaFactory (478)
[2017.08.03-14.29.16:776][242]LogModuleManager: Shutting down and abandoning module AvfMediaEditor (476)
[2017.08.03-14.29.16:776][242]LogModuleManager: Shutting down and abandoning module AndroidMediaFactory (474)
[2017.08.03-14.29.16:776][242]LogModuleManager: Shutting down and abandoning module Media (473)
[2017.08.03-14.29.16:776][242]LogModuleManager: Shutting down and abandoning module AndroidMediaEditor (470)
[2017.08.03-14.29.16:776][242]LogModuleManager: Shutting down and abandoning module CharacterAI (468)
[2017.08.03-14.29.16:776][242]LogModuleManager: Shutting down and abandoning module AudioCapture (466)
[2017.08.03-14.29.16:776][242]LogModuleManager: Shutting down and abandoning module SequenceRecorder (465)
[2017.08.03-14.29.16:776][242]LogModuleManager: Shutting down and abandoning module SmartSnapping (462)
[2017.08.03-14.29.16:776][242]LogModuleManager: Shutting down and abandoning module SessionServices (460)
[2017.08.03-14.29.16:776][242]LogModuleManager: Shutting down and abandoning module NetworkFileSystem (458)
[2017.08.03-14.29.16:776][242]LogModuleManager: Shutting down and abandoning module ViewportSnapping (456)
[2017.08.03-14.29.16:776][242]LogModuleManager: Shutting down and abandoning module ViewportInteraction (454)
[2017.08.03-14.29.16:776][242]LogModuleManager: Shutting down and abandoning module ClothPainter (452)
[2017.08.03-14.29.16:776][242]LogModuleManager: Shutting down and abandoning module LogVisualizer (450)
[2017.08.03-14.29.16:777][242]LogModuleManager: Shutting down and abandoning module IntroTutorials (448)
[2017.08.03-14.29.16:777][242]LogModuleManager: Shutting down and abandoning module GameProjectGeneration (447)
[2017.08.03-14.29.16:777][242]LogModuleManager: Shutting down and abandoning module EditorLiveStreaming (444)
[2017.08.03-14.29.16:777][242]LogModuleManager: Shutting down and abandoning module IOSPlatformEditor (442)
[2017.08.03-14.29.16:777][242]LogModuleManager: Shutting down and abandoning module HTML5PlatformEditor (440)
[2017.08.03-14.29.16:777][242]LogModuleManager: Shutting down and abandoning module AndroidPlatformEditor (438)
[2017.08.03-14.29.16:777][242]LogModuleManager: Shutting down and abandoning module AndroidDeviceDetection (437)
[2017.08.03-14.29.17:190][242]LogModuleManager: Shutting down and abandoning module IOSRuntimeSettings (434)
[2017.08.03-14.29.17:190][242]LogModuleManager: Shutting down and abandoning module AndroidRuntimeSettings (432)
[2017.08.03-14.29.17:190][242]LogModuleManager: Shutting down and abandoning module InputBindingEditor (430)
[2017.08.03-14.29.17:190][242]LogModuleManager: Shutting down and abandoning module MergeActors (428)
[2017.08.03-14.29.17:190][242]LogModuleManager: Shutting down and abandoning module SizeMap (426)
[2017.08.03-14.29.17:190][242]LogModuleManager: Shutting down and abandoning module TreeMap (424)
[2017.08.03-14.29.17:190][242]LogModuleManager: Shutting down and abandoning module ReferenceViewer (422)
[2017.08.03-14.29.17:190][242]LogModuleManager: Shutting down and abandoning module LocalizationDashboard (420)
[2017.08.03-14.29.17:190][242]LogModuleManager: Shutting down and abandoning module LocalizationService (419)
[2017.08.03-14.29.17:190][242]LogModuleManager: Shutting down and abandoning module HardwareTargeting (416)
[2017.08.03-14.29.17:190][242]LogModuleManager: Shutting down and abandoning module DeviceProfileEditor (414)
[2017.08.03-14.29.17:190][242]LogModuleManager: Shutting down and abandoning module UndoHistory (412)
[2017.08.03-14.29.17:190][242]LogModuleManager: Shutting down and abandoning module UserFeedback (410)
[2017.08.03-14.29.17:190][242]LogModuleManager: Shutting down and abandoning module XmlParser (408)
[2017.08.03-14.29.17:190][242]LogModuleManager: Shutting down and abandoning module Blutility (406)
[2017.08.03-14.29.17:190][242]LogModuleManager: Shutting down and abandoning module ProjectSettingsViewer (404)
[2017.08.03-14.29.17:190][242]LogModuleManager: Shutting down and abandoning module ProjectTargetPlatformEditor (403)
[2017.08.03-14.29.17:190][242]LogModuleManager: Shutting down and abandoning module EditorSettingsViewer (400)
[2017.08.03-14.29.17:190][242]LogModuleManager: Shutting down and abandoning module SettingsEditor (398)
[2017.08.03-14.29.17:190][242]LogModuleManager: Shutting down and abandoning module ProjectLauncher (396)
[2017.08.03-14.29.17:190][242]LogModuleManager: Shutting down and abandoning module SessionFrontend (394)
[2017.08.03-14.29.17:190][242]LogModuleManager: Shutting down and abandoning module ProfilerClient (392)
[2017.08.03-14.29.17:190][242]LogModuleManager: Shutting down and abandoning module DeviceManager (390)
[2017.08.03-14.29.17:190][242]LogModuleManager: Shutting down and abandoning module TargetDeviceServices (389)
[2017.08.03-14.29.17:243][242]LogModuleManager: Shutting down and abandoning module AutomationController (386)
[2017.08.03-14.29.17:243][242]LogModuleManager: Shutting down and abandoning module AutomationWindow (384)
[2017.08.03-14.29.17:243][242]LogModuleManager: Shutting down and abandoning module Layers (382)
[2017.08.03-14.29.17:243][242]LogModuleManager: Shutting down and abandoning module ComponentVisualizers (380)
[2017.08.03-14.29.17:243][242]LogModuleManager: Shutting down and abandoning module DetailCustomizations (378)
[2017.08.03-14.29.17:243][242]LogModuleManager: Shutting down and abandoning module PackagesDialog (376)
[2017.08.03-14.29.17:243][242]LogModuleManager: Shutting down and abandoning module Persona (374)
[2017.08.03-14.29.17:243][242]LogModuleManager: Shutting down and abandoning module AdvancedPreviewScene (373)
[2017.08.03-14.29.17:243][242]LogModuleManager: Shutting down and abandoning module AnimGraph (371)
[2017.08.03-14.29.17:243][242]LogModuleManager: Shutting down and abandoning module Kismet (368)
[2017.08.03-14.29.17:243][242]LogModuleManager: Shutting down and abandoning module ClassViewer (366)
[2017.08.03-14.29.17:243][242]LogModuleManager: Shutting down and abandoning module Toolbox (364)
[2017.08.03-14.29.17:243][242]LogModuleManager: Shutting down and abandoning module ModuleUI (362)
[2017.08.03-14.29.17:243][242]LogModuleManager: Shutting down and abandoning module MovieSceneTools (360)
[2017.08.03-14.29.17:244][242]LogModuleManager: Shutting down and abandoning module OutputLog (358)
[2017.08.03-14.29.17:244][242]LogModuleManager: Shutting down and abandoning module GammaUI (356)
[2017.08.03-14.29.17:244][242]LogModuleManager: Shutting down and abandoning module Documentation (354)
[2017.08.03-14.29.17:244][242]LogModuleManager: Shutting down and abandoning module MovieSceneTracks (352)
[2017.08.03-14.29.17:244][242]LogModuleManager: Shutting down and abandoning module MovieScene (350)
[2017.08.03-14.29.17:244][242]LogModuleManager: Shutting down and abandoning module Niagara (348)
[2017.08.03-14.29.17:244][242]LogModuleManager: Shutting down and abandoning module NiagaraEditor (347)
[2017.08.03-14.29.17:244][242]LogModuleManager: Shutting down and abandoning module StreamingPauseRendering (344)
[2017.08.03-14.29.17:244][242]LogModuleManager: Shutting down and abandoning module AnalyticsET (342)
[2017.08.03-14.29.17:244][242]LogModuleManager: Shutting down and abandoning module PortalServices (340)
[2017.08.03-14.29.17:244][242]LogModuleManager: Shutting down and abandoning module PortalRpc (338)
[2017.08.03-14.29.17:244][242]LogModuleManager: Shutting down and abandoning module MessagingRpc (336)
[2017.08.03-14.29.17:244][242]LogModuleManager: Shutting down and abandoning module AIModule (334)
[2017.08.03-14.29.17:244][242]LogModuleManager: Shutting down and abandoning module GameplayDebugger (333)
[2017.08.03-14.29.17:244][242]LogModuleManager: Shutting down and abandoning module AITestSuite (331)
[2017.08.03-14.29.17:244][242]LogModuleManager: Shutting down and abandoning module ProfilerService (328)
[2017.08.03-14.29.17:493][242]LogModuleManager: Shutting down and abandoning module TaskGraph (326)
[2017.08.03-14.29.17:493][242]LogModuleManager: Shutting down and abandoning module SteamVRController (324)
[2017.08.03-14.29.17:493][242]LogModuleManager: Shutting down and abandoning module SteamVR (322)
[2017.08.03-14.29.17:493][242]LogModuleManager: Shutting down and abandoning module ProceduralMeshComponentEditor (320)
[2017.08.03-14.29.17:493][242]LogModuleManager: Shutting down and abandoning module ProceduralMeshComponent (318)
[2017.08.03-14.29.17:493][242]LogModuleManager: Shutting down and abandoning module OculusLibrary (316)
[2017.08.03-14.29.17:493][242]LogModuleManager: Shutting down and abandoning module OculusInput (314)
[2017.08.03-14.29.17:493][242]LogModuleManager: Shutting down and abandoning module MobilePatchingUtils (312)
[2017.08.03-14.29.17:493][242]LogModuleManager: Shutting down and abandoning module CustomMeshComponent (310)
[2017.08.03-14.29.17:493][242]LogModuleManager: Shutting down and abandoning module CableComponent (308)
[2017.08.03-14.29.17:493][242]LogModuleManager: Shutting down and abandoning module ArchVisCharacter (306)
[2017.08.03-14.29.17:493][242]LogModuleManager: Shutting down and abandoning module AndroidPermission (304)
[2017.08.03-14.29.17:493][242]LogModuleManager: Shutting down and abandoning module MediaPlayerEditor (300)
[2017.08.03-14.29.17:493][242]LogModuleManager: Shutting down and abandoning module HTML5Networking (298)
[2017.08.03-14.29.17:493][242]LogModuleManager: Shutting down and abandoning module AlembicImporter (296)
[2017.08.03-14.29.17:493][242]LogModuleManager: Shutting down and abandoning module AlembicLibrary (295)
[2017.08.03-14.29.17:493][242]LogModuleManager: Shutting down and abandoning module GeometryCache (294)
[2017.08.03-14.29.17:493][242]LogModuleManager: Shutting down and abandoning module GeometryCacheEd (293)
[2017.08.03-14.29.17:493][242]LogModuleManager: Shutting down and abandoning module SuperSearchEditor (288)
[2017.08.03-14.29.17:493][242]LogModuleManager: Shutting down and abandoning module SuperSearch (287)
[2017.08.03-14.29.17:493][242]LogModuleManager: Shutting down and abandoning module SpeedTreeImporter (284)
[2017.08.03-14.29.17:493][242]LogModuleManager: Shutting down and abandoning module PluginBrowser (282)
[2017.08.03-14.29.17:493][242]LogModuleManager: Shutting down and abandoning module MobileLauncherProfileWizard (280)
[2017.08.03-14.29.17:493][242]LogModuleManager: Shutting down and abandoning module VisualStudioSourceCodeAccess (278)
[2017.08.03-14.29.17:493][242]LogModuleManager: Shutting down and abandoning module DesktopPlatform (277)
[2017.08.03-14.29.17:493][242]LogModuleManager: Shutting down and abandoning module UObjectPlugin (274)
[2017.08.03-14.29.17:494][242]LogModuleManager: Shutting down and abandoning module SubversionSourceControl (272)
[2017.08.03-14.29.17:494][242]LogModuleManager: Shutting down and abandoning module PerforceSourceControl (270)
[2017.08.03-14.29.17:494][242]LogModuleManager: Shutting down and abandoning module GitSourceControl (268)
[2017.08.03-14.29.17:494][242]LogModuleManager: Shutting down and abandoning module SourceControl (267)
[2017.08.03-14.29.17:494][242]LogModuleManager: Shutting down and abandoning module LightPropagationVolumeEditor (264)
[2017.08.03-14.29.17:494][242]LogModuleManager: Shutting down and abandoning module PaperTiledImporter (262)
[2017.08.03-14.29.17:494][242]LogModuleManager: Shutting down and abandoning module PaperSpriteSheetImporter (260)
[2017.08.03-14.29.17:494][242]LogModuleManager: Shutting down and abandoning module Paper2DEditor (258)
[2017.08.03-14.29.17:494][242]LogModuleManager: Shutting down and abandoning module MeshPaint (257)
[2017.08.03-14.29.17:494][242]LogModuleManager: Shutting down and abandoning module LevelEditor (255)
[2017.08.03-14.29.17:494][242]LogModuleManager: Shutting down and abandoning module PixelInspectorModule (254)
[2017.08.03-14.29.17:494][242]LogModuleManager: Shutting down and abandoning module MainFrame (252)
[2017.08.03-14.29.17:494][242]LogModuleManager: Shutting down and abandoning module HotReload (251)
[2017.08.03-14.29.17:495][242]LogModuleManager: Shutting down and abandoning module PhysXVehiclesEditor (246)
[2017.08.03-14.29.17:495][242]LogModuleManager: Shutting down and abandoning module PhysXVehicles (244)
[2017.08.03-14.29.17:495][242]LogModuleManager: Shutting down and abandoning module LocationServicesBPLibrary (242)
[2017.08.03-14.29.17:495][242]LogModuleManager: Shutting down and abandoning module ImmediatePhysicsEditor (240)
[2017.08.03-14.29.17:495][242]LogModuleManager: Shutting down and abandoning module ImmediatePhysics (238)
[2017.08.03-14.29.17:495][242]LogModuleManager: Shutting down and abandoning module UdpMessaging (236)
[2017.08.03-14.29.17:595][242]LogModuleManager: Shutting down and abandoning module TcpMessaging (234)
[2017.08.03-14.29.17:696][242]LogModuleManager: Shutting down and abandoning module GameplayTagsEditor (232)
[2017.08.03-14.29.17:696][242]LogModuleManager: Shutting down and abandoning module FacialAnimationEditor (230)
[2017.08.03-14.29.17:696][242]LogModuleManager: Shutting down and abandoning module FacialAnimation (228)
[2017.08.03-14.29.17:696][242]LogModuleManager: Shutting down and abandoning module AssetManagerEditor (226)
[2017.08.03-14.29.17:696][242]LogModuleManager: Shutting down and abandoning module GraphEditor (225)
[2017.08.03-14.29.17:696][242]LogModuleManager: Shutting down and abandoning module ContentBrowser (223)
[2017.08.03-14.29.17:696][242]LogModuleManager: Shutting down and abandoning module LightPropagationVolumeRuntime (220)
[2017.08.03-14.29.17:696][242]LogModuleManager: Shutting down and abandoning module Paper2D (218)
[2017.08.03-14.29.17:697][242]LogModuleManager: Shutting down and abandoning module WindowsMoviePlayer (216)
[2017.08.03-14.29.17:697][242]LogModuleManager: Shutting down and abandoning module WmfMedia (214)
[2017.08.03-14.29.17:697][242]LogModuleManager: Shutting down and abandoning module ClothingSystemEditor (212)
[2017.08.03-14.29.17:697][242]LogModuleManager: Shutting down and abandoning module ClothingSystemRuntime (210)
[2017.08.03-14.29.17:697][242]LogModuleManager: Shutting down and abandoning module MediaAssets (208)
[2017.08.03-14.29.17:697][242]LogModuleManager: Shutting down and abandoning module GameLiveStreaming (206)
[2017.08.03-14.29.17:697][242]LogModuleManager: Shutting down and abandoning module VREditor (204)
[2017.08.03-14.29.17:697][242]LogModuleManager: Shutting down and abandoning module StringTableEditor (202)
[2017.08.03-14.29.17:697][242]LogModuleManager: Shutting down and abandoning module GameplayTasksEditor (200)
[2017.08.03-14.29.17:697][242]LogModuleManager: Shutting down and abandoning module BehaviorTreeEditor (198)
[2017.08.03-14.29.17:697][242]LogModuleManager: Shutting down and abandoning module FunctionalTesting (196)
[2017.08.03-14.29.17:697][242]LogModuleManager: Shutting down and abandoning module CollisionAnalyzer (194)
[2017.08.03-14.29.17:697][242]LogModuleManager: Shutting down and abandoning module UMG (192)
[2017.08.03-14.29.17:697][242]LogModuleManager: Shutting down and abandoning module UMGEditor (191)
[2017.08.03-14.29.17:697][242]LogModuleManager: Shutting down and abandoning module Sequencer (190)
[2017.08.03-14.29.17:697][242]LogModuleManager: Shutting down and abandoning module AssetTools (188)
[2017.08.03-14.29.17:697][242]LogModuleManager: Shutting down and abandoning module MessageLog (187)
[2017.08.03-14.29.17:697][242]LogModuleManager: Shutting down and abandoning module WorkspaceMenuStructure (186)
[2017.08.03-14.29.17:697][242]LogModuleManager: Shutting down and abandoning module SlateReflector (180)
[2017.08.03-14.29.17:697][242]LogModuleManager: Shutting down and abandoning module Slate (178)
[2017.08.03-14.29.17:697][242]LogModuleManager: Shutting down and abandoning module EditorStyle (176)
[2017.08.03-14.29.17:699][242]LogModuleManager: Shutting down and abandoning module SourceCodeAccess (174)
[2017.08.03-14.29.17:699][242]LogModuleManager: Shutting down and abandoning module HeadMountedDisplay (172)
[2017.08.03-14.29.17:699][242]LogModuleManager: Shutting down and abandoning module XAudio2 (170)
[2017.08.03-14.29.17:699][242]LogModuleManager: Shutting down and abandoning module Networking (168)
[2017.08.03-14.29.17:699][242]LogModuleManager: Shutting down and abandoning module Core (164)
[2017.08.03-14.29.17:699][242]LogModuleManager: Shutting down and abandoning module AssetRegistry (162)
[2017.08.03-14.29.17:804][242]LogDirectoryWatcher: A directory notification for '../../../Engine/Content/' was aborted.
[2017.08.03-14.29.17:804][242]LogDirectoryWatcher: A directory notification for '../../../../../../indie/indie/Content/' was aborted.
[2017.08.03-14.29.17:804][242]LogDirectoryWatcher: A directory notification for '../../../Engine/Plugins/2D/Paper2D/Content/' was aborted.
[2017.08.03-14.29.17:804][242]LogDirectoryWatcher: A directory notification for '../../../Engine/Plugins/Runtime/GearVR/Content/' was aborted.
[2017.08.03-14.29.17:807][242]LogModuleManager: Shutting down and abandoning module DirectoryWatcher (161)
[2017.08.03-14.29.17:808][242]LogModuleManager: Shutting down and abandoning module KismetCompiler (158)
[2017.08.03-14.29.17:808][242]LogModuleManager: Shutting down and abandoning module LevelSequence (156)
[2017.08.03-14.29.17:808][242]LogModuleManager: Shutting down and abandoning module PhysXFormats (154)
[2017.08.03-14.29.17:808][242]LogModuleManager: Shutting down and abandoning module MeshUtilities (152)
[2017.08.03-14.29.17:808][242]LogModuleManager: Shutting down and abandoning module SimplygonSwarm (151)
[2017.08.03-14.29.17:808][242]LogModuleManager: Shutting down and abandoning module SimplygonMeshReduction (149)
[2017.08.03-14.29.17:808][242]LogModuleManager: Shutting down and abandoning module QuadricMeshReduction (147)
[2017.08.03-14.29.17:808][242]LogModuleManager: Shutting down and abandoning module DerivedDataCache (144)
[2017.08.03-14.29.17:877][242]LogDerivedDataCache: Shutdown
[2017.08.03-14.29.17:877][242]LogModuleManager: Shutting down and abandoning module TargetPlatform (142)
[2017.08.03-14.29.17:877][242]LogModuleManager: Shutting down and abandoning module VulkanShaderFormat (141)
[2017.08.03-14.29.17:877][242]LogModuleManager: Shutting down and abandoning module ShaderFormatVectorVM (139)
[2017.08.03-14.29.17:877][242]LogModuleManager: Shutting down and abandoning module ShaderFormatOpenGL (137)
[2017.08.03-14.29.17:877][242]LogModuleManager: Shutting down and abandoning module ShaderFormatD3D (135)
[2017.08.03-14.29.17:877][242]LogModuleManager: Shutting down and abandoning module MetalShaderFormat (133)
[2017.08.03-14.29.17:877][242]LogModuleManager: Shutting down and abandoning module TextureFormatUncompressed (131)
[2017.08.03-14.29.17:877][242]LogModuleManager: Shutting down and abandoning module TextureFormatPVR (129)
[2017.08.03-14.29.17:877][242]LogModuleManager: Shutting down and abandoning module TextureFormatDXT (127)
[2017.08.03-14.29.17:877][242]LogModuleManager: Shutting down and abandoning module TextureFormatIntelISPCTexComp (125)
[2017.08.03-14.29.17:877][242]LogModuleManager: Shutting down and abandoning module TextureFormatASTC (123)
[2017.08.03-14.29.17:877][242]LogModuleManager: Shutting down and abandoning module ImageWrapper (122)
[2017.08.03-14.29.17:877][242]LogModuleManager: Shutting down and abandoning module TextureFormatAndroid (119)
[2017.08.03-14.29.17:877][242]LogModuleManager: Shutting down and abandoning module AudioFormatOpus (117)
[2017.08.03-14.29.17:877][242]LogModuleManager: Shutting down and abandoning module AudioFormatOgg (115)
[2017.08.03-14.29.17:877][242]LogModuleManager: Shutting down and abandoning module AudioFormatADPCM (113)
[2017.08.03-14.29.17:877][242]LogModuleManager: Shutting down and abandoning module LinuxTargetPlatform (111)
[2017.08.03-14.29.17:877][242]LogModuleManager: Shutting down and abandoning module LinuxServerTargetPlatform (109)
[2017.08.03-14.29.17:877][242]LogModuleManager: Shutting down and abandoning module LinuxNoEditorTargetPlatform (107)
[2017.08.03-14.29.17:878][242]LogModuleManager: Shutting down and abandoning module LinuxClientTargetPlatform (105)
[2017.08.03-14.29.17:878][242]LogModuleManager: Shutting down and abandoning module TVOSTargetPlatform (103)
[2017.08.03-14.29.17:878][242]LogModuleManager: Shutting down and abandoning module Messaging (101)
[2017.08.03-14.29.17:878][242]LogModuleManager: Shutting down and abandoning module IOSTargetPlatform (99)
[2017.08.03-14.29.17:878][242]LogModuleManager: Shutting down and abandoning module HTML5TargetPlatform (97)
[2017.08.03-14.29.17:878][242]LogModuleManager: Shutting down and abandoning module Android_PVRTCTargetPlatform (95)
[2017.08.03-14.29.17:878][242]LogModuleManager: Shutting down and abandoning module Android_MultiTargetPlatform (93)
[2017.08.03-14.29.17:878][242]LogModuleManager: Shutting down and abandoning module Android_ETC2TargetPlatform (91)
[2017.08.03-14.29.17:878][242]LogModuleManager: Shutting down and abandoning module Android_ETC1TargetPlatform (89)
[2017.08.03-14.29.17:878][242]LogModuleManager: Shutting down and abandoning module Android_DXTTargetPlatform (87)
[2017.08.03-14.29.17:878][242]LogModuleManager: Shutting down and abandoning module Android_ATCTargetPlatform (85)
[2017.08.03-14.29.17:878][242]LogModuleManager: Shutting down and abandoning module Android_ASTCTargetPlatform (83)
[2017.08.03-14.29.17:878][242]LogModuleManager: Shutting down and abandoning module AndroidTargetPlatform (81)
[2017.08.03-14.29.17:878][242]LogModuleManager: Shutting down and abandoning module WindowsTargetPlatform (79)
[2017.08.03-14.29.17:878][242]LogModuleManager: Shutting down and abandoning module WindowsServerTargetPlatform (77)
[2017.08.03-14.29.17:878][242]LogModuleManager: Shutting down and abandoning module WindowsNoEditorTargetPlatform (75)
[2017.08.03-14.29.17:878][242]LogModuleManager: Shutting down and abandoning module WindowsClientTargetPlatform (73)
[2017.08.03-14.29.17:878][242]LogModuleManager: Shutting down and abandoning module MacTargetPlatform (71)
[2017.08.03-14.29.17:878][242]LogModuleManager: Shutting down and abandoning module MacServerTargetPlatform (69)
[2017.08.03-14.29.17:878][242]LogModuleManager: Shutting down and abandoning module MacNoEditorTargetPlatform (67)
[2017.08.03-14.29.17:878][242]LogModuleManager: Shutting down and abandoning module MacClientTargetPlatform (65)
[2017.08.03-14.29.17:878][242]LogModuleManager: Shutting down and abandoning module AllDesktopTargetPlatform (63)
[2017.08.03-14.29.17:878][242]LogModuleManager: Shutting down and abandoning module InputCore (60)
[2017.08.03-14.29.17:878][242]LogModuleManager: Shutting down and abandoning module Settings (58)
[2017.08.03-14.29.17:878][242]LogModuleManager: Shutting down and abandoning module OculusRift (56)
[2017.08.03-14.29.17:878][242]LogModuleManager: Shutting down and abandoning module GearVRController (54)
[2017.08.03-14.29.17:878][242]LogModuleManager: Shutting down and abandoning module GearVR (52)
[2017.08.03-14.29.17:878][242]LogModuleManager: Shutting down and abandoning module ExampleDeviceProfileSelector (50)
[2017.08.03-14.29.17:878][242]LogModuleManager: Shutting down and abandoning module OnlineBlueprintSupport (48)
[2017.08.03-14.29.17:878][242]LogModuleManager: Shutting down and abandoning module OnlineSubsystem (44)
[2017.08.03-14.29.17:878][242]LogOnline:Display: Unloading online subsystem: NULL
[2017.08.03-14.29.17:878][242]LogModuleManager: Shutting down and abandoning module XMPP (43)
[2017.08.03-14.29.17:878][242]LogModuleManager: Shutting down and abandoning module HTTP (41)
[2017.08.03-14.29.17:878][242]LogHttp:Display: Http module shutting down, but needs to wait on 1 outstanding Http requests:
[2017.08.03-14.29.17:878][242]LogHttp:Display: 	verb=[POST] url=[https://datarouter.ol.epicgames.com/datarouter/api/v1/public/data?SessionID=%7BB8428B2C-4ED0-2327-5790-B694F46CD637%7D&AppID=UEEditor.Rocket.Release&AppVersion=4.16.3-3561208%2B%2B%2BUE4%2BRelease-4.16&UserID=2b3a7b36481bffde84b41db4438e3a2a%7Cc2541f5a020946b0bff5d0953c5a2f6d%7C638214c6-d00b-49b4-b890-7f6f7e245ebf&AppEnvironment=datacollector-binary&UploadType=eteventstream] status=Processing
[2017.08.03-14.29.17:907][242]LogModuleManager: Shutting down and abandoning module SSL (40)
[2017.08.03-14.29.17:908][242]LogModuleManager: Shutting down and abandoning module HTTPChunkInstaller (36)
[2017.08.03-14.29.17:908][242]LogModuleManager: Shutting down and abandoning module AnimationModifiers (34)
[2017.08.03-14.29.17:908][242]LogModuleManager: Shutting down and abandoning module PropertyEditor (33)
[2017.08.03-14.29.17:908][242]LogModuleManager: Shutting down and abandoning module AudioEditor (30)
[2017.08.03-14.29.17:908][242]LogModuleManager: Shutting down and abandoning module TextureCompressor (28)
[2017.08.03-14.29.17:908][242]LogModuleManager: Shutting down and abandoning module ShaderCore (26)
[2017.08.03-14.29.17:908][242]LogModuleManager: Shutting down and abandoning module Landscape (24)
[2017.08.03-14.29.17:908][242]LogModuleManager: Shutting down and abandoning module SlateRHIRenderer (22)
[2017.08.03-14.29.17:909][242]LogModuleManager: Shutting down and abandoning module OpenGLDrv (20)
[2017.08.03-14.29.17:909][242]LogModuleManager: Shutting down and abandoning module D3D11RHI (18)
[2017.08.03-14.29.17:909][242]LogModuleManager: Shutting down and abandoning module AnimGraphRuntime (16)
[2017.08.03-14.29.17:909][242]LogModuleManager: Shutting down and abandoning module Renderer (14)
[2017.08.03-14.29.17:909][242]LogModuleManager: Shutting down and abandoning module Engine (12)
[2017.08.03-14.29.17:909][242]LogModuleManager: Shutting down and abandoning module CoreUObject (10)
[2017.08.03-14.29.17:909][242]LogModuleManager: Shutting down and abandoning module NetworkFile (8)
[2017.08.03-14.29.17:909][242]LogModuleManager: Shutting down and abandoning module StreamingFile (6)
[2017.08.03-14.29.17:909][242]LogModuleManager: Shutting down and abandoning module SandboxFile (4)
[2017.08.03-14.29.17:909][242]LogModuleManager: Shutting down and abandoning module PakFile (2)
[2017.08.03-14.29.17:911][242]LogExit: Exiting.
[2017.08.03-14.29.17:923][242]Log file closed, 08/03/17 21:29:17
