Log file open, 08/01/17 22:38:04
LogInit:Display: Running engine for game: indie
LogPlatformFile: Not using cached read wrapper
LogInit:Display: RandInit(2391463) SRandInit(2391463).
LogTaskGraph: Started task graph with 5 named threads and 8 total threads with 1 sets of task threads.
LogStats: Stats thread started at 0.095202
LogInit: Using libcurl 7.47.1
LogInit:  - built for x86_64-pc-win32
LogInit:  - supports SSL with OpenSSL/1.0.2g
LogInit:  - supports HTTP deflate (compression) using libz 1.2.8
LogInit:  - other features:
LogInit:      CURL_VERSION_SSL
LogInit:      CURL_VERSION_LIBZ
LogInit:      CURL_VERSION_IPV6
LogInit:      CURL_VERSION_ASYNCHDNS
LogInit:      CURL_VERSION_LARGEFILE
LogInit:      CURL_VERSION_IDN
LogInit:  CurlRequestOptions (configurable via config and command line):
LogInit:  - bVerifyPeer = false  - Libcurl will NOT verify peer certificate
LogInit:  - bUseHttpProxy = false  - Libcurl will NOT use HTTP proxy
LogInit:  - bDontReuseConnections = false  - Libcurl will reuse connections
LogInit:  - CertBundlePath = nullptr  - Libcurl will use whatever was configured at build time.
LogInit: Build: ++UE4+Release-4.16-CL-3561208
LogInit: Engine Version: 4.16.3-3561208+++UE4+Release-4.16
LogInit: Compatible Engine Version: 4.16.0-3452394+++UE4+Release-4.16
LogInit: Net CL: 3452394
LogDevObjectVersion: Number of dev versions registered: 16
LogDevObjectVersion:   Dev-Blueprints (B0D832E4-1F89-4F0D-ACCF-7EB736FD4AA2): 9
LogDevObjectVersion:   Dev-Build (E1C64328-A22C-4D53-A36C-8E866417BD8C): 0
LogDevObjectVersion:   Dev-Core (375EC13C-06E4-48FB-B500-84F0262A717E): 2
LogDevObjectVersion:   Dev-Editor (E4B068ED-F494-42E9-A231-DA0B2E46BB41): 17
LogDevObjectVersion:   Dev-Framework (CFFC743F-43B0-4480-9391-14DF171D2073): 23
LogDevObjectVersion:   Dev-Mobile (B02B49B5-BB20-44E9-A304-32B752E40360): 0
LogDevObjectVersion:   Dev-Networking (A4E4105C-59A1-49B5-A7C5-40C4547EDFEE): 0
LogDevObjectVersion:   Dev-Online (39C831C9-5AE6-47DC-9A44-9C173E1C8E7C): 0
LogDevObjectVersion:   Dev-Physics (78F01B33-EBEA-4F98-B9B4-84EACCB95AA2): 0
LogDevObjectVersion:   Dev-Platform (6631380F-2D4D-43E0-8009-CF276956A95A): 0
LogDevObjectVersion:   Dev-Rendering (12F88B9F-8875-4AFC-A67C-D90C383ABD29): 15
LogDevObjectVersion:   Dev-Sequencer (7B5AE74C-D270-4C10-A958-57980B212A5A): 4
LogDevObjectVersion:   Dev-VR (D7296918-1DD6-4BDD-9DE2-64A83CC13884): 0
LogDevObjectVersion:   Dev-LoadTimes (C2A15278-BFE7-4AFE-6C17-90FF531DF755): 1
LogDevObjectVersion:   Private-Geometry (6EACA3D4-40EC-4CC1-B786-8BED09428FC5): 1
LogDevObjectVersion:   Dev-AnimPhys (29E575DD-E0A3-4627-9D10-D276232CDCEA): 3
LogInit: Compiled (64-bit): Jul 28 2017 11:49:47
LogInit: Compiled with Visual C++: 19.00.24215.01
LogInit: Build Configuration: Development
LogInit: Branch Name: ++UE4+Release-4.16
LogInit: Command line:  /Temp/Autosaves/Game/2DSideScrollerBP/Maps/UEDPC2DSideScrollerExampleMap -game -PIEVIACONSOLE -ResX=1280 -ResY=720  -Multiprocess -messaging -SessionName="Play in Standalone Game" -featureleveles2 -faketouches -windowed 
LogInit: Base directory: D:/Program Files/Epic Games/UE_4.16/Engine/Binaries/Win64/
LogInit: Installed Engine Build: 1
LogInit: Presizing for max 8388607 objects, including 0 objects not considered by GC, pre-allocating 0 bytes for permanent pool.
LogInit: Object subsystem initialized
[2017.08.01-15.38.05:420][  0]LogInit: Selected Device Profile: [Windows]
[2017.08.01-15.38.05:420][  0]LogInit: Applying CVar settings loaded from the selected device profile: [Windows]
[2017.08.01-15.38.05:424][  0]LogInit: Computer: DESKTOP-F5G54J5
[2017.08.01-15.38.05:424][  0]LogInit: User: Lomakin
[2017.08.01-15.38.05:424][  0]LogInit: CPU Page size=4096, Cores=4
[2017.08.01-15.38.05:424][  0]LogInit: High frequency timer resolution =3.312787 MHz
[2017.08.01-15.38.05:424][  0]LogMemory: Memory total: Physical=16.0GB (16GB approx)
[2017.08.01-15.38.05:424][  0]LogMemory: Platform Memory Stats for Windows
[2017.08.01-15.38.05:424][  0]LogMemory: Process Physical Memory: 272.93 MB used, 272.93 MB peak
[2017.08.01-15.38.05:424][  0]LogMemory: Process Virtual Memory: 261.08 MB used, 261.08 MB peak
[2017.08.01-15.38.05:424][  0]LogMemory: Physical Memory: 7426.59 MB used,  8940.51 MB free, 16367.11 MB total
[2017.08.01-15.38.05:424][  0]LogMemory: Virtual Memory: 638.65 MB used,  8940.51 MB free, 134217728.00 MB total
[2017.08.01-15.38.05:500][  0]LogInit: Using OS detected language (ru-RU).
[2017.08.01-15.38.05:500][  0]LogInit: Using OS detected locale (ru-RU).
[2017.08.01-15.38.05:503][  0]LogTextLocalizationManager: No localization for 'ru-RU' exists, so 'en' will be used for the language.
[2017.08.01-15.38.05:504][  0]LogTextLocalizationManager: No localization for 'ru-RU' exists, so 'en' will be used for the locale.
[2017.08.01-15.38.06:329][  0]LogD3D11RHI: D3D11 adapters:
[2017.08.01-15.38.06:352][  0]LogD3D11RHI:    0. 'NVIDIA GeForce GTX 550 Ti' (Feature Level 11_0)
[2017.08.01-15.38.06:352][  0]LogD3D11RHI:       977/0/8183 MB DedicatedVideo/DedicatedSystem/SharedSystem, Outputs:2, VendorId:0x10de
[2017.08.01-15.38.06:354][  0]LogD3D11RHI:    1. 'Microsoft Basic Render Driver' (Feature Level 11_0)
[2017.08.01-15.38.06:354][  0]LogD3D11RHI:       0/0/8183 MB DedicatedVideo/DedicatedSystem/SharedSystem, Outputs:0, VendorId:0x1414
[2017.08.01-15.38.06:354][  0]LogD3D11RHI: Chosen D3D11 Adapter: 0
[2017.08.01-15.38.06:357][  0]LogD3D11RHI: Creating new Direct3DDevice
[2017.08.01-15.38.06:357][  0]LogD3D11RHI:     GPU DeviceId: 0x1244 (for the marketing name, search the web for "GPU Device Id")
[2017.08.01-15.38.06:357][  0]LogWindows: EnumDisplayDevices:
[2017.08.01-15.38.06:357][  0]LogWindows:    0. 'NVIDIA GeForce GTX 550 Ti' (P:1 D:1)
[2017.08.01-15.38.06:358][  0]LogWindows:    1. 'NVIDIA GeForce GTX 550 Ti' (P:0 D:1)
[2017.08.01-15.38.06:358][  0]LogWindows: DebugString: FoundDriverCount:2 
[2017.08.01-15.38.06:358][  0]LogD3D11RHI:     Adapter Name: NVIDIA GeForce GTX 550 Ti
[2017.08.01-15.38.06:358][  0]LogD3D11RHI:   Driver Version: 376.53 (internal:21.21.13.7653, unified:376.53)
[2017.08.01-15.38.06:358][  0]LogD3D11RHI:      Driver Date: 12-29-2016
[2017.08.01-15.38.06:358][  0]LogRHI: Texture pool is 684 MB (70% of 977 MB)
[2017.08.01-15.38.06:373][  0]LogD3D11RHI:Display: Timestamp queries are currently disabled on this hardware due to instability. Realtime GPU stats will not be available. You can override this behaviour by setting r.NVIDIATimestampWorkaround to 0
[2017.08.01-15.38.06:373][  0]LogD3D11RHI: Async texture creation enabled
[2017.08.01-15.38.06:383][  0]LogD3D11RHI: GPU Timing Frequency: 1000.000000 (Debug: 2 1)
[2017.08.01-15.38.06:480][  0]LogShaderCompilers: Guid format shader working directory is 18 characters bigger than the processId version (../../../../../../indie/indie/Intermediate/Shaders/WorkingDirectory/16124/).
[2017.08.01-15.38.06:480][  0]LogShaderCompilers: Cleaned the shader compiler working directory 'C:/Users/Lomakin/AppData/Local/Temp/UnrealShaderWorkingDir/D291E68B40FDF4EF2E323B98A165E7EE/'.
[2017.08.01-15.38.06:480][  0]LogShaderCompilers:Display: Using Local Shader Compiler.
[2017.08.01-15.38.07:570][  0]LogTemp:Display: Loaded TP WindowsClientTargetPlatform
[2017.08.01-15.38.07:617][  0]LogTemp:Display: Loaded TP WindowsNoEditorTargetPlatform
[2017.08.01-15.38.07:664][  0]LogTemp:Display: Loaded TP WindowsServerTargetPlatform
[2017.08.01-15.38.07:710][  0]LogTemp:Display: Loaded TP WindowsTargetPlatform
[2017.08.01-15.38.07:710][  0]LogTargetPlatformManager:Display: Building Assets For Windows
[2017.08.01-15.38.08:182][  0]LogDerivedDataCache:Display: Max Cache Size: 512 MB
[2017.08.01-15.38.08:301][  0]LogDerivedDataCache: Loaded boot cache 0.12s 90MB C:/Users/Lomakin/AppData/Local/UnrealEngine/4.16/DerivedDataCache/Boot.ddc.
[2017.08.01-15.38.08:302][  0]LogDerivedDataCache:Display: Loaded Boot cache: C:/Users/Lomakin/AppData/Local/UnrealEngine/4.16/DerivedDataCache/Boot.ddc
[2017.08.01-15.38.08:302][  0]LogDerivedDataCache: FDerivedDataBackendGraph:  Pak pak cache file ../../../../../../indie/indie/DerivedDataCache/DDC.ddp not found, will not use a pak cache.
[2017.08.01-15.38.08:302][  0]LogDerivedDataCache: Unable to find inner node Pak for hierarchical cache Hierarchy.
[2017.08.01-15.38.08:302][  0]LogDerivedDataCache: FDerivedDataBackendGraph:  CompressedPak pak cache file ../../../../../../indie/indie/DerivedDataCache/Compressed.ddp not found, will not use a pak cache.
[2017.08.01-15.38.08:302][  0]LogDerivedDataCache: Unable to find inner node CompressedPak for hierarchical cache Hierarchy.
[2017.08.01-15.38.08:322][  0]LogDerivedDataCache:Display: Pak cache opened for reading ../../../Engine/DerivedDataCache/Compressed.ddp.
[2017.08.01-15.38.08:333][  0]LogDerivedDataCache: Using Local data cache path C:/Users/Lomakin/AppData/Local/UnrealEngine/Common/DerivedDataCache: Writable
[2017.08.01-15.38.08:338][  0]LogMaterial: Verifying Global Shaders for PCD3D_ES2
[2017.08.01-15.38.08:339][  0]LogSlate: Using Freetype 2.6.0
[2017.08.01-15.38.08:339][  0]LogSlate: SlateFontCache - WITH_FREETYPE: 1, WITH_HARFBUZZ: 1
[2017.08.01-15.38.08:339][  0]LogSlate: SlateFontCache - WITH_FREETYPE: 1, WITH_HARFBUZZ: 1
[2017.08.01-15.38.08:626][  0]LogAssetRegistry: FAssetRegistry took 0.0044 seconds to start up
[2017.08.01-15.38.08:631][  0]LogPackageLocalizationCache: Processed 4 localized package path(s) for 1 prioritized culture(s) in 0.004360 seconds
[2017.08.01-15.38.08:716][  0]LogInit: Selected Device Profile: [Windows]
[2017.08.01-15.38.08:793][  0]LogContentStreaming: Texture pool size is 1000.00 MB
[2017.08.01-15.38.08:836][  0]LogMaterial: Missing cached shader map for material WorldGridMaterial, compiling. Is special engine material.
[2017.08.01-15.38.51:307][  0]LogMaterial: Missing cached shader map for material DefaultDeferredDecalMaterial, compiling. 
[2017.08.01-15.38.58:018][  0]LogMaterial: Missing cached shader map for material DefaultLightFunctionMaterial, compiling. 
[2017.08.01-15.38.58:195][  0]LogMaterial: Missing cached shader map for material DefaultPostProcessMaterial, compiling. 
[2017.08.01-15.38.58:606][  0]LogMaterial: Missing cached shader map for material TransformGizmoMaterial, compiling. 
[2017.08.01-15.38.58:613][  0]LogMaterial: Missing cached shader map for material TranslucentTransformGizmoMaterial, compiling. 
[2017.08.01-15.38.58:702][  0]LogMeshUtilities: Using QuadricMeshReduction for automatic static mesh reduction
[2017.08.01-15.38.58:762][  0]LogSimplygon: Simplygon DLL not present - disabling.
[2017.08.01-15.38.58:812][  0]LogMeshUtilities: Using SimplygonSwarm for distributed automatic mesh merging
[2017.08.01-15.38.58:812][  0]LogMeshUtilities: No automatic skeletal mesh reduction module available
[2017.08.01-15.38.58:812][  0]LogMeshUtilities: No automatic mesh merging module available
[2017.08.01-15.38.58:963][  0]LogMaterial: Missing cached shader map for material SnapGridMaterial, compiling. 
[2017.08.01-15.38.58:991][  0]LogMaterial: Missing cached shader map for material Main, compiling. 
[2017.08.01-15.38.59:002][  0]LogMaterial: Missing cached shader map for material Xray, compiling. 
[2017.08.01-15.38.59:052][  0]LogMaterial: Missing cached shader map for material CineMat, compiling. 
[2017.08.01-15.38.59:172][  0]LogMaterial: Missing cached shader map for material MatineeCam_mat, compiling. 
[2017.08.01-15.38.59:236][  0]LogMaterial: Missing cached shader map for material M_SimpleOpaque, compiling. 
[2017.08.01-15.38.59:294][  0]LogMaterial: Missing cached shader map for material M_SimpleTranslucent, compiling. 
[2017.08.01-15.38.59:422][  0]LogMaterial: Missing cached shader map for material Widget3DPassThrough, compiling. 
[2017.08.01-15.38.59:436][  0]LogMaterial: Missing cached shader map for material Widget3DPassThrough, compiling. 
[2017.08.01-15.38.59:453][  0]LogMaterial: Missing cached shader map for material Widget3DPassThrough, compiling. 
[2017.08.01-15.38.59:463][  0]LogMaterial: Missing cached shader map for material Widget3DPassThrough, compiling. 
[2017.08.01-15.38.59:472][  0]LogMaterial: Missing cached shader map for material Widget3DPassThrough, compiling. 
[2017.08.01-15.38.59:487][  0]LogMaterial: Missing cached shader map for material Widget3DPassThrough, compiling. 
[2017.08.01-15.38.59:624][  0]LogMaterial: Missing cached shader map for material SkySphereMaterial, compiling. 
[2017.08.01-15.38.59:644][  0]LogMaterial: Missing cached shader map for material FloorPlaneMaterial, compiling. 
[2017.08.01-15.38.59:811][  0]LogMaterial: Missing cached shader map for material LandscapeGizmo_Mat, compiling. 
[2017.08.01-15.38.59:846][  0]LogMaterial: Missing cached shader map for material LandscapeGizmoHeight_Mat, compiling. 
[2017.08.01-15.38.59:943][  0]LogMaterial: Missing cached shader map for material SplineEditorMeshMat, compiling. 
[2017.08.01-15.38.59:996][  0]LogMaterial: Missing cached shader map for material HelpActorMaterial, compiling. 
[2017.08.01-15.39.00:158][  0]LogMaterial: Missing cached shader map for material DefaultTextMaterialOpaque, compiling. 
[2017.08.01-15.39.00:248][  0]LogNetVersion: indie , NetCL: 3452394, EngineNetVer: 2, GameNetVer: 0 (Checksum: 2634455423)
[2017.08.01-15.39.00:267][  0]LogMaterial: Missing cached shader map for material GearVRControllerMaterial, compiling. 
[2017.08.01-15.39.00:414][  0]LogInit: WinSock: version 1.1 (2.2), MaxSocks=32767, MaxUdp=65467
[2017.08.01-15.39.01:660][  0]LogMaterial: Missing cached shader map for material M_ContentWindow, compiling. 
[2017.08.01-15.39.01:714][  0]LogMaterial: Missing cached shader map for material KeyDiskMaterial, compiling. 
[2017.08.01-15.39.01:728][  0]LogMaterial: Missing cached shader map for material ArrowMaterial, compiling. 
[2017.08.01-15.39.01:779][  0]LogMaterial: Missing cached shader map for material LaserPointerMaterial, compiling. 
[2017.08.01-15.39.01:800][  0]LogMaterial: Missing cached shader map for material VivePreControllerMaterial, compiling. 
[2017.08.01-15.39.01:851][  0]LogMaterial: Missing cached shader map for material OculusControllerMaterial, compiling. 
[2017.08.01-15.39.01:897][  0]LogMaterial: Missing cached shader map for material TeleportDirectionMaterial, compiling. 
[2017.08.01-15.39.01:974][  0]LogMaterial: Missing cached shader map for material GenericHMDMaterial, compiling. 
[2017.08.01-15.39.02:022][  0]LogMaterial: Missing cached shader map for material FlattenHeightMat, compiling. 
[2017.08.01-15.39.02:039][  0]LogMaterial: Missing cached shader map for material VRTextMaterial, compiling. 
[2017.08.01-15.39.02:054][  0]LogMaterial: Missing cached shader map for material GridPostProcess, compiling. 
[2017.08.01-15.39.02:062][  0]LogMaterial: Missing cached shader map for material LaserPointerMaterial, compiling. 
[2017.08.01-15.39.02:085][  0]LogMaterial: Missing cached shader map for material GridMaterial, compiling. 
[2017.08.01-15.39.02:115][  0]LogMaterial: Missing cached shader map for material LineMaterial, compiling. 
[2017.08.01-15.39.02:130][  0]LogMaterial: Missing cached shader map for material VRTextMaterial, compiling. 
[2017.08.01-15.39.02:536][  0]LogMoviePlayer: Initializing movie player
[2017.08.01-15.39.02:594][  0]LogWindowsTextInputMethodSystem:Display: IME system now deactivated.
[2017.08.01-15.39.02:728][  0]LogMaterial: Missing cached shader map for material DefaultSpriteMaterial, compiling. 
[2017.08.01-15.39.02:744][  0]LogMaterial: Missing cached shader map for material DefaultSpriteMaterial, compiling. 
[2017.08.01-15.39.03:005][  0]LogCollectionManager: Loaded 0 collections in 0.001599 seconds
[2017.08.01-15.39.03:075][  0]LogFileCache: Scanning file cache for directory 'D:/indie/indie/Saved/Collections/' took 0.01s
[2017.08.01-15.39.03:075][  0]LogFileCache: Scanning file cache for directory 'D:/indie/indie/Content/Developers/Lomakin/Collections/' took 0.01s
[2017.08.01-15.39.03:075][  0]LogFileCache: Scanning file cache for directory 'D:/indie/indie/Content/Collections/' took 0.01s
[2017.08.01-15.39.03:075][  0]LogCollectionManager: Rebuilt the object cache for 0 collections in 0.000003 seconds (found 0 objects)
[2017.08.01-15.39.03:075][  0]LogCollectionManager: Fixed up redirectors for 0 collections in 0.000063 seconds (updated 0 objects)
[2017.08.01-15.39.03:334][  0]LogTcpMessaging: Initializing TcpMessaging bridge
[2017.08.01-15.39.03:394][  0]LogUdpMessaging: Initializing bridge on interface 0.0.0.0:0 to multicast group 230.0.0.1:6666.
[2017.08.01-15.39.03:760][  0]LogMaterial: Missing cached shader map for material DefaultMaterial, compiling. 
[2017.08.01-15.39.04:188][  0]SourceControl: Info Source control is disabled
[2017.08.01-15.39.04:189][  0]SourceControl: Info Source control is disabled
[2017.08.01-15.39.04:263][  0]SourceControl: Info Source control is disabled
[2017.08.01-15.39.04:667][  0]LogAndroidPermission: UAndroidPermissionCallbackProxy::GetInstance
[2017.08.01-15.39.05:344][  0]LogUObjectArray: 37220 objects as part of root set at end of initial load.
[2017.08.01-15.39.05:344][  0]LogUObjectAllocator: 8398840 out of 0 bytes used by permanent object pool.
[2017.08.01-15.39.05:344][  0]LogUObjectArray: CloseDisregardForGC: 0/0 objects in disregard for GC pool
[2017.08.01-15.39.05:482][  0]LogMaterial: Missing cached shader map for material HighResScreenshot, compiling. 
[2017.08.01-15.39.05:498][  0]LogMaterial: Missing cached shader map for material HighResScreenshotMask, compiling. 
[2017.08.01-15.39.05:519][  0]LogMaterial: Missing cached shader map for material HighResScreenshotCaptureRegion, compiling. 
[2017.08.01-15.39.05:552][  0]LogEngine: Initializing Engine...
[2017.08.01-15.39.05:553][  0]LogHMD: Failed to initialize OpenVR with code 110
[2017.08.01-15.39.05:570][  0]LogMaterial: Missing cached shader map for material WireframeMaterial, compiling. Is special engine material.
[2017.08.01-15.39.05:708][  0]LogMaterial: Missing cached shader map for material LevelColorationLitMaterial, compiling. Is special engine material.
[2017.08.01-15.39.06:437][  0]LogMaterial: Missing cached shader map for material LevelColorationUnlitMaterial, compiling. Is special engine material.
[2017.08.01-15.39.06:558][  0]LogMaterial: Missing cached shader map for material MAT_LevelColorationLitLightmapUV, compiling. Is special engine material.
[2017.08.01-15.39.07:296][  0]LogMaterial: Missing cached shader map for material ShadedLevelColorationLitMaterial, compiling. Is special engine material.
[2017.08.01-15.39.08:040][  0]LogMaterial: Missing cached shader map for material ShadedLevelColorationUnlitMateri, compiling. Is special engine material.
[2017.08.01-15.39.08:146][  0]LogMaterial: Missing cached shader map for material VertexColorMaterial, compiling. 
[2017.08.01-15.39.08:283][  0]LogMaterial: Missing cached shader map for material VertexColorViewMode_ColorOnly, compiling. 
[2017.08.01-15.39.08:299][  0]LogMaterial: Missing cached shader map for material VertexColorViewMode_AlphaAsColor, compiling. 
[2017.08.01-15.39.08:319][  0]LogMaterial: Missing cached shader map for material VertexColorViewMode_RedOnly, compiling. 
[2017.08.01-15.39.08:335][  0]LogMaterial: Missing cached shader map for material VertexColorViewMode_GreenOnly, compiling. 
[2017.08.01-15.39.08:355][  0]LogMaterial: Missing cached shader map for material VertexColorViewMode_BlueOnly, compiling. 
[2017.08.01-15.39.08:373][  0]LogMaterial: Missing cached shader map for material RemoveSurfaceMaterial, compiling. 
[2017.08.01-15.39.08:383][  0]LogMaterial: Missing cached shader map for material DebugMeshMaterial, compiling. 
[2017.08.01-15.39.08:406][  0]LogMaterial: Missing cached shader map for material M_InvalidLightmapSettings, compiling. 
[2017.08.01-15.39.08:501][  0]LogMaterial: Missing cached shader map for material GizmoMaterial, compiling. 
[2017.08.01-15.39.08:512][  0]LogMaterial: Missing cached shader map for material PhAT_JointLimitMaterial, compiling. 
[2017.08.01-15.39.08:683][  0]LogStats: UGameplayTagsManager::ConstructGameplayTagTree: Construct from data asset -  0.000 s
[2017.08.01-15.39.08:683][  0]LogStats: UGameplayTagsManager::ConstructGameplayTagTree: GameplayTagTreeChangedEvent.Broadcast -  0.000 s
[2017.08.01-15.39.08:705][  0]LogInit: XAudio2 using 'Динамики (Realtek High Definition Audio)' : 2 channels at 48 kHz using 32 bits per sample (channel mask 0x3)
[2017.08.01-15.39.08:730][  0]LogInit: FAudioDevice initialized.
[2017.08.01-15.39.08:767][  0]LogInit: Texture streaming: Enabled
[2017.08.01-15.39.08:773][  0]LogMaterial: Missing cached shader map for material BaseColor, compiling. 
[2017.08.01-15.39.08:774][  0]LogMaterial:Warning: Failed to compile Material /Engine/BufferVisualization/BaseColor.BaseColor for platform PCD3D_ES2, Default Material will be used in game.
[2017.08.01-15.39.08:774][  0]LogMaterial:Warning: 	(Node FeatureLevelSwitch) Feature Level switch missing default input
[2017.08.01-15.39.08:784][  0]LogMaterial: Missing cached shader map for material CustomDepth, compiling. 
[2017.08.01-15.39.08:810][  0]LogMaterial: Uniform references updated for custom material expression Custom.
[2017.08.01-15.39.08:818][  0]LogMaterial: Missing cached shader map for material CustomStencil, compiling. 
[2017.08.01-15.39.08:829][  0]LogMaterial: Missing cached shader map for material FinalImage, compiling. 
[2017.08.01-15.39.08:839][  0]LogMaterial: Missing cached shader map for material LightingModel, compiling. 
[2017.08.01-15.39.08:851][  0]LogMaterial: Missing cached shader map for material MaterialAO, compiling. 
[2017.08.01-15.39.08:862][  0]LogMaterial: Missing cached shader map for material Metallic, compiling. 
[2017.08.01-15.39.08:873][  0]LogMaterial: Missing cached shader map for material Opacity, compiling. 
[2017.08.01-15.39.08:883][  0]LogMaterial: Missing cached shader map for material Roughness, compiling. 
[2017.08.01-15.39.08:892][  0]LogMaterial: Missing cached shader map for material SceneColor, compiling. 
[2017.08.01-15.39.08:902][  0]LogMaterial: Missing cached shader map for material SceneDepth, compiling. 
[2017.08.01-15.39.08:915][  0]LogMaterial: Missing cached shader map for material SeparateTranslucencyRGB, compiling. 
[2017.08.01-15.39.08:926][  0]LogMaterial: Missing cached shader map for material SeparateTranslucencyA, compiling. 
[2017.08.01-15.39.08:934][  0]LogMaterial: Missing cached shader map for material Specular, compiling. 
[2017.08.01-15.39.08:935][  0]LogMaterial:Warning: Failed to compile Material /Engine/BufferVisualization/Specular.Specular for platform PCD3D_ES2, Default Material will be used in game.
[2017.08.01-15.39.08:935][  0]LogMaterial:Warning: 	(Node FeatureLevelSwitch) Feature Level switch missing default input
[2017.08.01-15.39.08:938][  0]LogMaterial: Missing cached shader map for material SubsurfaceColor, compiling. 
[2017.08.01-15.39.08:947][  0]LogMaterial: Missing cached shader map for material WorldNormal, compiling. 
[2017.08.01-15.39.08:955][  0]LogMaterial: Missing cached shader map for material AmbientOcclusion, compiling. 
[2017.08.01-15.39.08:972][  0]LogMaterial: Missing cached shader map for material CustomDepthWorldUnits, compiling. 
[2017.08.01-15.39.08:984][  0]LogMaterial: Missing cached shader map for material SceneDepthWorldUnits, compiling. 
[2017.08.01-15.39.08:993][  0]LogMaterial: Missing cached shader map for material PreTonemapHDRColor, compiling. 
[2017.08.01-15.39.09:003][  0]LogMaterial: Missing cached shader map for material PostTonemapHDRColor, compiling. 
[2017.08.01-15.39.09:324][  0]LogSlateStyle:Warning: Unable to find Slate Widget Style 'NormalText'. Using FTextBlockStyle defaults instead.
[2017.08.01-15.39.09:324][  0]LogSlateStyle:Warning: Unable to find Slate Widget Style 'SpinBox'. Using FSpinBoxStyle defaults instead.
[2017.08.01-15.39.09:670][  0]LogInit:Display: Game Engine Initialized.
[2017.08.01-15.39.09:925][  0]LogInit:Display: Starting Game.
[2017.08.01-15.39.09:925][  0]LogNet: Browse: /Temp/Autosaves/Game/2DSideScrollerBP/Maps/UEDPC2DSideScrollerExampleMap?Name=Player
[2017.08.01-15.39.09:925][  0]LogLoad: LoadMap: /Temp/Autosaves/Game/2DSideScrollerBP/Maps/UEDPC2DSideScrollerExampleMap?Name=Player
[2017.08.01-15.39.09:956][  0]LogMemory: Platform Memory Stats for Windows
[2017.08.01-15.39.09:956][  0]LogMemory: Process Physical Memory: 1262.27 MB used, 1386.43 MB peak
[2017.08.01-15.39.09:956][  0]LogMemory: Process Virtual Memory: 1353.13 MB used, 1431.01 MB peak
[2017.08.01-15.39.09:956][  0]LogMemory: Physical Memory: 8985.04 MB used,  7382.07 MB free, 16367.11 MB total
[2017.08.01-15.39.09:956][  0]LogMemory: Virtual Memory: 1949.30 MB used,  7382.07 MB free, 134217728.00 MB total
[2017.08.01-15.39.09:956][  0]LogMemory: 
[2017.08.01-15.39.09:956][  0]Allocator Stats for TBB: (not implemented)
[2017.08.01-15.39.10:398][  0]LogAIModule: Creating AISystem for world 2DSideScrollerExampleMap
[2017.08.01-15.39.10:398][  0]LogLoad: Game class is '2DSideScrollerGameMode_C'
[2017.08.01-15.39.10:507][  0]LogWorld: Bringing World /Temp/Autosaves/Game/2DSideScrollerBP/Maps/UEDPC2DSideScrollerExampleMap.2DSideScrollerExampleMap up for play (max tick rate 0) at 2017.08.01-22.39.10
[2017.08.01-15.39.10:507][  0]LogWorld: Bringing up level for play took: 0.005565
[2017.08.01-15.39.10:522][  0]LogLoad: Took 0.597744 seconds to LoadMap(/Temp/Autosaves/Game/2DSideScrollerBP/Maps/UEDPC2DSideScrollerExampleMap)
[2017.08.01-15.39.10:804][  0]LogRenderer: Reallocating scene render targets to support 1280x720 NumSamples 1 (Frame:1).
[2017.08.01-15.39.10:805][  0]LogLoad: (Engine Initialization) Total time: 66.69 seconds
[2017.08.01-15.39.10:805][  0]LogLoad: (Engine Initialization) Total Blueprint compile time: 0.12 seconds
[2017.08.01-15.39.10:805][  0]LogExternalProfiler: Found external profiler: VSPerf
[2017.08.01-15.39.10:805][  0]LogExternalProfiler: Using external profiler: VSPerf
[2017.08.01-15.39.10:822][  0]LogOcInput: OculusInput pre-init called
[2017.08.01-15.39.10:822][  0]LogHMD: Starting GearVRController plugin
[2017.08.01-15.40.09:804][638]LogWindowsTextInputMethodSystem:Display: IME system now deactivated.
[2017.08.01-15.40.09:807][638]LogEngine: All Windows Closed
[2017.08.01-15.40.09:807][638]LogWindows: FPlatformMisc::RequestExit(0)
[2017.08.01-15.40.10:575][639]LogExit: Preparing to exit.
[2017.08.01-15.40.10:575][639]LogMoviePlayer: Shutting down movie player
[2017.08.01-15.40.11:571][639]LogExit: Game engine shut down
[2017.08.01-15.40.11:667][639]LogObj: Freed 0b from 0 cluster array pools.
[2017.08.01-15.40.11:668][639]LogExit: Object subsystem successfully closed.
[2017.08.01-15.40.11:678][639]LogD3D11RHI: Shutdown
[2017.08.01-15.40.11:678][639]LogD3D11RHI: CleanupD3DDevice
[2017.08.01-15.40.11:727][639]LogD3D11RHI: ~FD3D11DynamicRHI
[2017.08.01-15.40.11:734][639]LogModuleManager: Shutting down and abandoning module SequenceRecorderSections (296)
[2017.08.01-15.40.11:735][639]LogModuleManager: Shutting down and abandoning module SequenceRecorder (294)
[2017.08.01-15.40.11:735][639]LogModuleManager: Shutting down and abandoning module AutomationController (292)
[2017.08.01-15.40.11:735][639]LogModuleManager: Shutting down and abandoning module AutomationWorker (290)
[2017.08.01-15.40.11:735][639]LogModuleManager: Shutting down and abandoning module AIModule (288)
[2017.08.01-15.40.11:735][639]LogModuleManager: Shutting down and abandoning module GameplayDebugger (287)
[2017.08.01-15.40.11:735][639]LogModuleManager: Shutting down and abandoning module AITestSuite (285)
[2017.08.01-15.40.11:735][639]LogModuleManager: Shutting down and abandoning module WmfMediaFactory (282)
[2017.08.01-15.40.11:735][639]LogModuleManager: Shutting down and abandoning module AvfMediaFactory (280)
[2017.08.01-15.40.11:735][639]LogModuleManager: Shutting down and abandoning module AndroidMediaFactory (278)
[2017.08.01-15.40.11:735][639]LogModuleManager: Shutting down and abandoning module Media (277)
[2017.08.01-15.40.11:735][639]LogModuleManager: Shutting down and abandoning module CharacterAI (274)
[2017.08.01-15.40.11:735][639]LogModuleManager: Shutting down and abandoning module SessionServices (272)
[2017.08.01-15.40.11:735][639]LogModuleManager: Shutting down and abandoning module MovieSceneCapture (270)
[2017.08.01-15.40.11:735][639]LogModuleManager: Shutting down and abandoning module MovieSceneTracks (268)
[2017.08.01-15.40.11:735][639]LogModuleManager: Shutting down and abandoning module MovieScene (266)
[2017.08.01-15.40.11:735][639]LogModuleManager: Shutting down and abandoning module GeometryCache (264)
[2017.08.01-15.40.11:735][639]LogModuleManager: Shutting down and abandoning module GeometryCacheEd (263)
[2017.08.01-15.40.11:735][639]LogModuleManager: Shutting down and abandoning module Niagara (260)
[2017.08.01-15.40.11:735][639]LogModuleManager: Shutting down and abandoning module NiagaraEditor (259)
[2017.08.01-15.40.11:735][639]LogModuleManager: Shutting down and abandoning module StreamingPauseRendering (256)
[2017.08.01-15.40.11:735][639]LogModuleManager: Shutting down and abandoning module PortalServices (254)
[2017.08.01-15.40.11:735][639]LogModuleManager: Shutting down and abandoning module PortalRpc (252)
[2017.08.01-15.40.11:735][639]LogModuleManager: Shutting down and abandoning module MessagingRpc (250)
[2017.08.01-15.40.11:735][639]LogModuleManager: Shutting down and abandoning module ProfilerService (248)
[2017.08.01-15.40.11:769][639]LogModuleManager: Shutting down and abandoning module TaskGraph (246)
[2017.08.01-15.40.11:769][639]LogModuleManager: Shutting down and abandoning module SteamVRController (244)
[2017.08.01-15.40.11:769][639]LogModuleManager: Shutting down and abandoning module SteamVR (242)
[2017.08.01-15.40.11:769][639]LogModuleManager: Shutting down and abandoning module ProceduralMeshComponent (240)
[2017.08.01-15.40.11:769][639]LogModuleManager: Shutting down and abandoning module OculusLibrary (238)
[2017.08.01-15.40.11:769][639]LogModuleManager: Shutting down and abandoning module OculusInput (236)
[2017.08.01-15.40.11:769][639]LogModuleManager: Shutting down and abandoning module MobilePatchingUtils (234)
[2017.08.01-15.40.11:769][639]LogModuleManager: Shutting down and abandoning module CustomMeshComponent (232)
[2017.08.01-15.40.11:769][639]LogModuleManager: Shutting down and abandoning module CableComponent (230)
[2017.08.01-15.40.11:769][639]LogModuleManager: Shutting down and abandoning module ArchVisCharacter (228)
[2017.08.01-15.40.11:770][639]LogModuleManager: Shutting down and abandoning module AndroidPermission (226)
[2017.08.01-15.40.11:770][639]LogModuleManager: Shutting down and abandoning module HTML5Networking (222)
[2017.08.01-15.40.11:770][639]LogModuleManager: Shutting down and abandoning module VisualStudioSourceCodeAccess (220)
[2017.08.01-15.40.11:770][639]LogModuleManager: Shutting down and abandoning module DesktopPlatform (219)
[2017.08.01-15.40.11:770][639]LogModuleManager: Shutting down and abandoning module HotReload (217)
[2017.08.01-15.40.11:770][639]LogModuleManager: Shutting down and abandoning module UObjectPlugin (214)
[2017.08.01-15.40.11:770][639]LogModuleManager: Shutting down and abandoning module SubversionSourceControl (212)
[2017.08.01-15.40.11:770][639]LogModuleManager: Shutting down and abandoning module PerforceSourceControl (210)
[2017.08.01-15.40.11:770][639]LogModuleManager: Shutting down and abandoning module SourceControl (209)
[2017.08.01-15.40.11:770][639]LogModuleManager: Shutting down and abandoning module PhysXVehiclesEditor (206)
[2017.08.01-15.40.11:770][639]LogModuleManager: Shutting down and abandoning module PhysXVehicles (204)
[2017.08.01-15.40.11:770][639]LogModuleManager: Shutting down and abandoning module LocationServicesBPLibrary (202)
[2017.08.01-15.40.11:770][639]LogModuleManager: Shutting down and abandoning module ImmediatePhysicsEditor (200)
[2017.08.01-15.40.11:770][639]LogModuleManager: Shutting down and abandoning module ImmediatePhysics (198)
[2017.08.01-15.40.11:770][639]LogModuleManager: Shutting down and abandoning module UdpMessaging (196)
[2017.08.01-15.40.11:870][639]LogModuleManager: Shutting down and abandoning module TcpMessaging (194)
[2017.08.01-15.40.12:352][639]LogModuleManager: Shutting down and abandoning module GameplayTagsEditor (192)
[2017.08.01-15.40.12:352][639]LogModuleManager: Shutting down and abandoning module FacialAnimation (190)
[2017.08.01-15.40.12:352][639]LogModuleManager: Shutting down and abandoning module AssetManagerEditor (188)
[2017.08.01-15.40.12:353][639]LogModuleManager: Shutting down and abandoning module GraphEditor (187)
[2017.08.01-15.40.12:353][639]LogModuleManager: Shutting down and abandoning module ContentBrowser (185)
[2017.08.01-15.40.12:353][639]LogModuleManager: Shutting down and abandoning module CollectionManager (184)
[2017.08.01-15.40.12:353][639]LogDirectoryWatcher: A directory notification for 'D:/indie/indie/Content/Collections/' was aborted.
[2017.08.01-15.40.12:353][639]LogDirectoryWatcher: A directory notification for 'D:/indie/indie/Content/Developers/Lomakin/Collections/' was aborted.
[2017.08.01-15.40.12:353][639]LogDirectoryWatcher: A directory notification for 'D:/indie/indie/Saved/Collections/' was aborted.
[2017.08.01-15.40.12:353][639]LogModuleManager: Shutting down and abandoning module DirectoryWatcher (183)
[2017.08.01-15.40.12:353][639]LogModuleManager: Shutting down and abandoning module LightPropagationVolumeRuntime (178)
[2017.08.01-15.40.12:353][639]LogModuleManager: Shutting down and abandoning module Paper2D (176)
[2017.08.01-15.40.12:353][639]LogModuleManager: Shutting down and abandoning module WindowsMoviePlayer (174)
[2017.08.01-15.40.12:353][639]LogModuleManager: Shutting down and abandoning module WmfMedia (172)
[2017.08.01-15.40.12:354][639]LogModuleManager: Shutting down and abandoning module ClothingSystemEditor (170)
[2017.08.01-15.40.12:354][639]LogModuleManager: Shutting down and abandoning module ClothingSystemRuntime (168)
[2017.08.01-15.40.12:354][639]LogModuleManager: Shutting down and abandoning module MediaAssets (166)
[2017.08.01-15.40.12:354][639]LogModuleManager: Shutting down and abandoning module GameLiveStreaming (164)
[2017.08.01-15.40.12:354][639]LogModuleManager: Shutting down and abandoning module VREditor (162)
[2017.08.01-15.40.12:354][639]LogModuleManager: Shutting down and abandoning module StringTableEditor (160)
[2017.08.01-15.40.12:354][639]LogModuleManager: Shutting down and abandoning module GameplayTasksEditor (158)
[2017.08.01-15.40.12:354][639]LogModuleManager: Shutting down and abandoning module BehaviorTreeEditor (156)
[2017.08.01-15.40.12:354][639]LogModuleManager: Shutting down and abandoning module FunctionalTesting (154)
[2017.08.01-15.40.12:354][639]LogModuleManager: Shutting down and abandoning module CollisionAnalyzer (152)
[2017.08.01-15.40.12:354][639]LogModuleManager: Shutting down and abandoning module UMG (150)
[2017.08.01-15.40.12:354][639]LogModuleManager: Shutting down and abandoning module UMGEditor (149)
[2017.08.01-15.40.12:354][639]LogModuleManager: Shutting down and abandoning module Sequencer (148)
[2017.08.01-15.40.12:354][639]LogModuleManager: Shutting down and abandoning module AssetTools (146)
[2017.08.01-15.40.12:354][639]LogModuleManager: Shutting down and abandoning module MessageLog (145)
[2017.08.01-15.40.12:355][639]LogModuleManager: Shutting down and abandoning module WorkspaceMenuStructure (144)
[2017.08.01-15.40.12:355][639]LogModuleManager: Shutting down and abandoning module SlateReflector (138)
[2017.08.01-15.40.12:355][639]LogModuleManager: Shutting down and abandoning module Slate (136)
[2017.08.01-15.40.12:355][639]LogModuleManager: Shutting down and abandoning module EditorStyle (134)
[2017.08.01-15.40.12:359][639]LogModuleManager: Shutting down and abandoning module Messaging (132)
[2017.08.01-15.40.12:359][639]LogModuleManager: Shutting down and abandoning module SourceCodeAccess (130)
[2017.08.01-15.40.12:359][639]LogModuleManager: Shutting down and abandoning module HeadMountedDisplay (128)
[2017.08.01-15.40.12:359][639]LogModuleManager: Shutting down and abandoning module XAudio2 (126)
[2017.08.01-15.40.12:359][639]LogModuleManager: Shutting down and abandoning module Networking (124)
[2017.08.01-15.40.12:359][639]LogModuleManager: Shutting down and abandoning module Core (120)
[2017.08.01-15.40.12:359][639]LogModuleManager: Shutting down and abandoning module KismetCompiler (118)
[2017.08.01-15.40.12:359][639]LogModuleManager: Shutting down and abandoning module LevelSequence (116)
[2017.08.01-15.40.12:359][639]LogModuleManager: Shutting down and abandoning module PhysXFormats (114)
[2017.08.01-15.40.12:359][639]LogModuleManager: Shutting down and abandoning module MeshUtilities (112)
[2017.08.01-15.40.12:359][639]LogModuleManager: Shutting down and abandoning module SimplygonSwarm (111)
[2017.08.01-15.40.12:359][639]LogModuleManager: Shutting down and abandoning module SimplygonMeshReduction (109)
[2017.08.01-15.40.12:359][639]LogModuleManager: Shutting down and abandoning module QuadricMeshReduction (107)
[2017.08.01-15.40.12:359][639]LogModuleManager: Shutting down and abandoning module AssetRegistry (104)
[2017.08.01-15.40.12:359][639]LogModuleManager: Shutting down and abandoning module DerivedDataCache (102)
[2017.08.01-15.40.12:377][639]LogDerivedDataCache: Shutdown
[2017.08.01-15.40.12:377][639]LogModuleManager: Shutting down and abandoning module TargetPlatform (100)
[2017.08.01-15.40.12:377][639]LogModuleManager: Shutting down and abandoning module VulkanShaderFormat (99)
[2017.08.01-15.40.12:377][639]LogModuleManager: Shutting down and abandoning module ShaderFormatVectorVM (97)
[2017.08.01-15.40.12:377][639]LogModuleManager: Shutting down and abandoning module ShaderFormatOpenGL (95)
[2017.08.01-15.40.12:377][639]LogModuleManager: Shutting down and abandoning module ShaderFormatD3D (93)
[2017.08.01-15.40.12:377][639]LogModuleManager: Shutting down and abandoning module MetalShaderFormat (91)
[2017.08.01-15.40.12:377][639]LogModuleManager: Shutting down and abandoning module TextureFormatUncompressed (89)
[2017.08.01-15.40.12:377][639]LogModuleManager: Shutting down and abandoning module TextureFormatPVR (87)
[2017.08.01-15.40.12:377][639]LogModuleManager: Shutting down and abandoning module TextureFormatDXT (85)
[2017.08.01-15.40.12:377][639]LogModuleManager: Shutting down and abandoning module TextureFormatIntelISPCTexComp (83)
[2017.08.01-15.40.12:377][639]LogModuleManager: Shutting down and abandoning module TextureFormatASTC (81)
[2017.08.01-15.40.12:377][639]LogModuleManager: Shutting down and abandoning module ImageWrapper (80)
[2017.08.01-15.40.12:377][639]LogModuleManager: Shutting down and abandoning module TextureFormatAndroid (77)
[2017.08.01-15.40.12:377][639]LogModuleManager: Shutting down and abandoning module AudioFormatOpus (75)
[2017.08.01-15.40.12:377][639]LogModuleManager: Shutting down and abandoning module AudioFormatOgg (73)
[2017.08.01-15.40.12:377][639]LogModuleManager: Shutting down and abandoning module AudioFormatADPCM (71)
[2017.08.01-15.40.12:377][639]LogModuleManager: Shutting down and abandoning module WindowsTargetPlatform (69)
[2017.08.01-15.40.12:377][639]LogModuleManager: Shutting down and abandoning module WindowsServerTargetPlatform (67)
[2017.08.01-15.40.12:377][639]LogModuleManager: Shutting down and abandoning module WindowsNoEditorTargetPlatform (65)
[2017.08.01-15.40.12:377][639]LogModuleManager: Shutting down and abandoning module WindowsClientTargetPlatform (63)
[2017.08.01-15.40.12:377][639]LogModuleManager: Shutting down and abandoning module InputCore (60)
[2017.08.01-15.40.12:377][639]LogModuleManager: Shutting down and abandoning module Settings (58)
[2017.08.01-15.40.12:377][639]LogModuleManager: Shutting down and abandoning module OculusRift (56)
[2017.08.01-15.40.12:377][639]LogModuleManager: Shutting down and abandoning module GearVRController (54)
[2017.08.01-15.40.12:377][639]LogModuleManager: Shutting down and abandoning module GearVR (52)
[2017.08.01-15.40.12:377][639]LogModuleManager: Shutting down and abandoning module ExampleDeviceProfileSelector (50)
[2017.08.01-15.40.12:377][639]LogModuleManager: Shutting down and abandoning module OnlineBlueprintSupport (48)
[2017.08.01-15.40.12:377][639]LogModuleManager: Shutting down and abandoning module OnlineSubsystem (44)
[2017.08.01-15.40.12:377][639]LogOnline:Display: Unloading online subsystem: NULL
[2017.08.01-15.40.12:377][639]LogModuleManager: Shutting down and abandoning module XMPP (43)
[2017.08.01-15.40.12:377][639]LogModuleManager: Shutting down and abandoning module HTTP (41)
[2017.08.01-15.40.12:390][639]LogModuleManager: Shutting down and abandoning module SSL (40)
[2017.08.01-15.40.12:393][639]LogModuleManager: Shutting down and abandoning module HTTPChunkInstaller (36)
[2017.08.01-15.40.12:393][639]LogModuleManager: Shutting down and abandoning module AnimationModifiers (34)
[2017.08.01-15.40.12:393][639]LogModuleManager: Shutting down and abandoning module PropertyEditor (33)
[2017.08.01-15.40.12:393][639]LogModuleManager: Shutting down and abandoning module AudioEditor (30)
[2017.08.01-15.40.12:393][639]LogModuleManager: Shutting down and abandoning module TextureCompressor (28)
[2017.08.01-15.40.12:393][639]LogModuleManager: Shutting down and abandoning module ShaderCore (26)
[2017.08.01-15.40.12:393][639]LogModuleManager: Shutting down and abandoning module Landscape (24)
[2017.08.01-15.40.12:393][639]LogModuleManager: Shutting down and abandoning module SlateRHIRenderer (22)
[2017.08.01-15.40.12:393][639]LogModuleManager: Shutting down and abandoning module OpenGLDrv (20)
[2017.08.01-15.40.12:393][639]LogModuleManager: Shutting down and abandoning module D3D11RHI (18)
[2017.08.01-15.40.12:393][639]LogModuleManager: Shutting down and abandoning module AnimGraphRuntime (16)
[2017.08.01-15.40.12:393][639]LogModuleManager: Shutting down and abandoning module Renderer (14)
[2017.08.01-15.40.12:393][639]LogModuleManager: Shutting down and abandoning module Engine (12)
[2017.08.01-15.40.12:394][639]LogModuleManager: Shutting down and abandoning module CoreUObject (10)
[2017.08.01-15.40.12:394][639]LogModuleManager: Shutting down and abandoning module NetworkFile (8)
[2017.08.01-15.40.12:394][639]LogModuleManager: Shutting down and abandoning module StreamingFile (6)
[2017.08.01-15.40.12:394][639]LogModuleManager: Shutting down and abandoning module SandboxFile (4)
[2017.08.01-15.40.12:394][639]LogModuleManager: Shutting down and abandoning module PakFile (2)
[2017.08.01-15.40.12:396][639]LogExit: Exiting.
[2017.08.01-15.40.12:398][639]Log file closed, 08/01/17 22:40:12
