Log file open, 08/03/17 22:28:13
LogInit:Display: Running engine for game: indie
LogPlatformFile: Not using cached read wrapper
LogInit:Display: RandInit(-690892277) SRandInit(-690892277).
LogTaskGraph: Started task graph with 5 named threads and 8 total threads with 1 sets of task threads.
LogStats: Stats thread started at 0.096219
LogInit: Using libcurl 7.47.1
LogInit:  - built for x86_64-pc-win32
LogInit:  - supports SSL with OpenSSL/1.0.2g
LogInit:  - supports HTTP deflate (compression) using libz 1.2.8
LogInit:  - other features:
LogInit:      CURL_VERSION_SSL
LogInit:      CURL_VERSION_LIBZ
LogInit:      CURL_VERSION_IPV6
LogInit:      CURL_VERSION_ASYNCHDNS
LogInit:      CURL_VERSION_LARGEFILE
LogInit:      CURL_VERSION_IDN
LogInit:  CurlRequestOptions (configurable via config and command line):
LogInit:  - bVerifyPeer = false  - Libcurl will NOT verify peer certificate
LogInit:  - bUseHttpProxy = false  - Libcurl will NOT use HTTP proxy
LogInit:  - bDontReuseConnections = false  - Libcurl will reuse connections
LogInit:  - CertBundlePath = nullptr  - Libcurl will use whatever was configured at build time.
LogInit: Build: ++UE4+Release-4.16-CL-3561208
LogInit: Engine Version: 4.16.3-3561208+++UE4+Release-4.16
LogInit: Compatible Engine Version: 4.16.0-3452394+++UE4+Release-4.16
LogInit: Net CL: 3452394
LogDevObjectVersion: Number of dev versions registered: 16
LogDevObjectVersion:   Dev-Blueprints (B0D832E4-1F89-4F0D-ACCF-7EB736FD4AA2): 9
LogDevObjectVersion:   Dev-Build (E1C64328-A22C-4D53-A36C-8E866417BD8C): 0
LogDevObjectVersion:   Dev-Core (375EC13C-06E4-48FB-B500-84F0262A717E): 2
LogDevObjectVersion:   Dev-Editor (E4B068ED-F494-42E9-A231-DA0B2E46BB41): 17
LogDevObjectVersion:   Dev-Framework (CFFC743F-43B0-4480-9391-14DF171D2073): 23
LogDevObjectVersion:   Dev-Mobile (B02B49B5-BB20-44E9-A304-32B752E40360): 0
LogDevObjectVersion:   Dev-Networking (A4E4105C-59A1-49B5-A7C5-40C4547EDFEE): 0
LogDevObjectVersion:   Dev-Online (39C831C9-5AE6-47DC-9A44-9C173E1C8E7C): 0
LogDevObjectVersion:   Dev-Physics (78F01B33-EBEA-4F98-B9B4-84EACCB95AA2): 0
LogDevObjectVersion:   Dev-Platform (6631380F-2D4D-43E0-8009-CF276956A95A): 0
LogDevObjectVersion:   Dev-Rendering (12F88B9F-8875-4AFC-A67C-D90C383ABD29): 15
LogDevObjectVersion:   Dev-Sequencer (7B5AE74C-D270-4C10-A958-57980B212A5A): 4
LogDevObjectVersion:   Dev-VR (D7296918-1DD6-4BDD-9DE2-64A83CC13884): 0
LogDevObjectVersion:   Dev-LoadTimes (C2A15278-BFE7-4AFE-6C17-90FF531DF755): 1
LogDevObjectVersion:   Private-Geometry (6EACA3D4-40EC-4CC1-B786-8BED09428FC5): 1
LogDevObjectVersion:   Dev-AnimPhys (29E575DD-E0A3-4627-9D10-D276232CDCEA): 3
LogInit: Compiled (64-bit): Jul 28 2017 11:49:47
LogInit: Compiled with Visual C++: 19.00.24215.01
LogInit: Build Configuration: Development
LogInit: Branch Name: ++UE4+Release-4.16
LogInit: Command line: -EpicPortal 
LogInit: Base directory: D:/Program Files/Epic Games/UE_4.16/Engine/Binaries/Win64/
LogInit: Installed Engine Build: 1
LogInit: Presizing for max 8388607 objects, including 0 objects not considered by GC, pre-allocating 0 bytes for permanent pool.
LogInit: Object subsystem initialized
[2017.08.03-15.28.13:671][  0]LogInit: Selected Device Profile: [Windows]
[2017.08.03-15.28.13:671][  0]LogInit: Applying CVar settings loaded from the selected device profile: [Windows]
[2017.08.03-15.28.13:693][  0]LogInit: Computer: DESKTOP-F5G54J5
[2017.08.03-15.28.13:693][  0]LogInit: User: Lomakin
[2017.08.03-15.28.13:693][  0]LogInit: CPU Page size=4096, Cores=4
[2017.08.03-15.28.13:693][  0]LogInit: High frequency timer resolution =3.312787 MHz
[2017.08.03-15.28.13:693][  0]LogMemory: Memory total: Physical=16.0GB (16GB approx)
[2017.08.03-15.28.13:693][  0]LogMemory: Platform Memory Stats for Windows
[2017.08.03-15.28.13:693][  0]LogMemory: Process Physical Memory: 272.79 MB used, 272.79 MB peak
[2017.08.03-15.28.13:693][  0]LogMemory: Process Virtual Memory: 263.25 MB used, 263.25 MB peak
[2017.08.03-15.28.13:693][  0]LogMemory: Physical Memory: 8478.17 MB used,  7888.93 MB free, 16367.11 MB total
[2017.08.03-15.28.13:693][  0]LogMemory: Virtual Memory: 640.71 MB used,  7888.93 MB free, 134217728.00 MB total
[2017.08.03-15.28.13:758][  0]LogInit: Using OS detected language (ru-RU).
[2017.08.03-15.28.13:758][  0]LogInit: Using OS detected locale (ru-RU).
[2017.08.03-15.28.13:761][  0]LogTextLocalizationManager: No localization for 'ru-RU' exists, so 'en' will be used for the language.
[2017.08.03-15.28.13:762][  0]LogTextLocalizationManager: No localization for 'ru-RU' exists, so 'en' will be used for the locale.
[2017.08.03-15.28.14:742][  0]LogD3D11RHI: D3D11 adapters:
[2017.08.03-15.28.14:778][  0]LogD3D11RHI:    0. 'NVIDIA GeForce GTX 550 Ti' (Feature Level 11_0)
[2017.08.03-15.28.14:778][  0]LogD3D11RHI:       977/0/8183 MB DedicatedVideo/DedicatedSystem/SharedSystem, Outputs:2, VendorId:0x10de
[2017.08.03-15.28.14:779][  0]LogD3D11RHI:    1. 'Microsoft Basic Render Driver' (Feature Level 11_0)
[2017.08.03-15.28.14:779][  0]LogD3D11RHI:       0/0/8183 MB DedicatedVideo/DedicatedSystem/SharedSystem, Outputs:0, VendorId:0x1414
[2017.08.03-15.28.14:779][  0]LogD3D11RHI: Chosen D3D11 Adapter: 0
[2017.08.03-15.28.14:787][  0]LogD3D11RHI: Creating new Direct3DDevice
[2017.08.03-15.28.14:787][  0]LogD3D11RHI:     GPU DeviceId: 0x1244 (for the marketing name, search the web for "GPU Device Id")
[2017.08.03-15.28.14:787][  0]LogWindows: EnumDisplayDevices:
[2017.08.03-15.28.14:787][  0]LogWindows:    0. 'NVIDIA GeForce GTX 550 Ti' (P:1 D:1)
[2017.08.03-15.28.14:787][  0]LogWindows:    1. 'NVIDIA GeForce GTX 550 Ti' (P:0 D:1)
[2017.08.03-15.28.14:787][  0]LogWindows: DebugString: FoundDriverCount:2 
[2017.08.03-15.28.14:787][  0]LogD3D11RHI:     Adapter Name: NVIDIA GeForce GTX 550 Ti
[2017.08.03-15.28.14:787][  0]LogD3D11RHI:   Driver Version: 376.53 (internal:21.21.13.7653, unified:376.53)
[2017.08.03-15.28.14:787][  0]LogD3D11RHI:      Driver Date: 12-29-2016
[2017.08.03-15.28.14:787][  0]LogRHI: Texture pool is 684 MB (70% of 977 MB)
[2017.08.03-15.28.14:805][  0]LogD3D11RHI:Display: Timestamp queries are currently disabled on this hardware due to instability. Realtime GPU stats will not be available. You can override this behaviour by setting r.NVIDIATimestampWorkaround to 0
[2017.08.03-15.28.14:805][  0]LogD3D11RHI: Async texture creation enabled
[2017.08.03-15.28.14:823][  0]LogD3D11RHI: GPU Timing Frequency: 1000.000000 (Debug: 2 2)
[2017.08.03-15.28.14:921][  0]LogShaderCompilers: Guid format shader working directory is 18 characters bigger than the processId version (../../../../../../indie/indie/Intermediate/Shaders/WorkingDirectory/31828/).
[2017.08.03-15.28.14:921][  0]LogShaderCompilers: Cleaned the shader compiler working directory 'C:/Users/Lomakin/AppData/Local/Temp/UnrealShaderWorkingDir/5AD0E7C3406AFFA4A35D5A8D19ECD259/'.
[2017.08.03-15.28.14:921][  0]LogShaderCompilers:Display: Using Local Shader Compiler.
[2017.08.03-15.28.16:056][  0]LogTemp:Display: Loaded TP AllDesktopTargetPlatform
[2017.08.03-15.28.16:099][  0]LogTemp:Display: Loaded TP MacClientTargetPlatform
[2017.08.03-15.28.16:145][  0]LogTemp:Display: Loaded TP MacNoEditorTargetPlatform
[2017.08.03-15.28.16:203][  0]LogTemp:Display: Loaded TP MacServerTargetPlatform
[2017.08.03-15.28.16:251][  0]LogTemp:Display: Loaded TP MacTargetPlatform
[2017.08.03-15.28.16:314][  0]LogTemp:Display: Loaded TP WindowsClientTargetPlatform
[2017.08.03-15.28.16:376][  0]LogTemp:Display: Loaded TP WindowsNoEditorTargetPlatform
[2017.08.03-15.28.16:423][  0]LogTemp:Display: Loaded TP WindowsServerTargetPlatform
[2017.08.03-15.28.16:462][  0]LogTemp:Display: Loaded TP WindowsTargetPlatform
[2017.08.03-15.28.16:507][  0]LogTemp:Display: Loaded TP AndroidTargetPlatform
[2017.08.03-15.28.16:553][  0]LogTemp:Display: Loaded TP Android_ASTCTargetPlatform
[2017.08.03-15.28.16:598][  0]LogTemp:Display: Loaded TP Android_ATCTargetPlatform
[2017.08.03-15.28.16:642][  0]LogTemp:Display: Loaded TP Android_DXTTargetPlatform
[2017.08.03-15.28.16:686][  0]LogTemp:Display: Loaded TP Android_ETC1TargetPlatform
[2017.08.03-15.28.16:730][  0]LogTemp:Display: Loaded TP Android_ETC2TargetPlatform
[2017.08.03-15.28.16:818][  0]LogTemp:Display: Loaded TP Android_MultiTargetPlatform
[2017.08.03-15.28.16:818][  0]LogTemp:Display: Loaded TP Android_PVRTCTargetPlatform
[2017.08.03-15.28.16:851][  0]LogTemp:Display: Loaded TP HTML5TargetPlatform
[2017.08.03-15.28.16:935][  0]LogTemp:Display: Loaded TP IOSTargetPlatform
[2017.08.03-15.28.16:995][  0]LogTemp:Display: Loaded TP TVOSTargetPlatform
[2017.08.03-15.28.17:046][  0]LogTemp:Display: Loaded TP LinuxClientTargetPlatform
[2017.08.03-15.28.17:090][  0]LogTemp:Display: Loaded TP LinuxNoEditorTargetPlatform
[2017.08.03-15.28.17:135][  0]LogTemp:Display: Loaded TP LinuxServerTargetPlatform
[2017.08.03-15.28.17:202][  0]LogTemp:Display: Loaded TP LinuxTargetPlatform
[2017.08.03-15.28.17:202][  0]LogTargetPlatformManager:Display: Building Assets For Windows
[2017.08.03-15.28.17:624][  0]LogDerivedDataCache:Display: Max Cache Size: 512 MB
[2017.08.03-15.28.17:720][  0]LogDerivedDataCache: Loaded boot cache 0.10s 90MB C:/Users/Lomakin/AppData/Local/UnrealEngine/4.16/DerivedDataCache/Boot.ddc.
[2017.08.03-15.28.17:720][  0]LogDerivedDataCache:Display: Loaded Boot cache: C:/Users/Lomakin/AppData/Local/UnrealEngine/4.16/DerivedDataCache/Boot.ddc
[2017.08.03-15.28.17:720][  0]LogDerivedDataCache: FDerivedDataBackendGraph:  Pak pak cache file ../../../../../../indie/indie/DerivedDataCache/DDC.ddp not found, will not use a pak cache.
[2017.08.03-15.28.17:720][  0]LogDerivedDataCache: Unable to find inner node Pak for hierarchical cache Hierarchy.
[2017.08.03-15.28.17:720][  0]LogDerivedDataCache: FDerivedDataBackendGraph:  CompressedPak pak cache file ../../../../../../indie/indie/DerivedDataCache/Compressed.ddp not found, will not use a pak cache.
[2017.08.03-15.28.17:720][  0]LogDerivedDataCache: Unable to find inner node CompressedPak for hierarchical cache Hierarchy.
[2017.08.03-15.28.17:741][  0]LogDerivedDataCache:Display: Pak cache opened for reading ../../../Engine/DerivedDataCache/Compressed.ddp.
[2017.08.03-15.28.17:753][  0]LogDerivedDataCache: Using Local data cache path C:/Users/Lomakin/AppData/Local/UnrealEngine/Common/DerivedDataCache: Writable
[2017.08.03-15.28.17:767][  0]LogMaterial: Verifying Global Shaders for PCD3D_SM5
[2017.08.03-15.28.17:767][  0]LogSlate: Using Freetype 2.6.0
[2017.08.03-15.28.17:768][  0]LogSlate: SlateFontCache - WITH_FREETYPE: 1, WITH_HARFBUZZ: 1
[2017.08.03-15.28.17:768][  0]LogSlate: SlateFontCache - WITH_FREETYPE: 1, WITH_HARFBUZZ: 1
[2017.08.03-15.28.18:169][  0]LogInit: Selected Device Profile: [Windows]
[2017.08.03-15.28.18:253][  0]LogContentStreaming: Texture pool size is 0.00 MB
[2017.08.03-15.28.18:427][  0]LogMeshUtilities: Using QuadricMeshReduction for automatic static mesh reduction
[2017.08.03-15.28.18:467][  0]LogSimplygon: Simplygon DLL not present - disabling.
[2017.08.03-15.28.18:508][  0]LogMeshUtilities: Using SimplygonSwarm for distributed automatic mesh merging
[2017.08.03-15.28.18:508][  0]LogMeshUtilities: No automatic skeletal mesh reduction module available
[2017.08.03-15.28.18:508][  0]LogMeshUtilities: No automatic mesh merging module available
[2017.08.03-15.28.19:058][  0]LogNetVersion: indie , NetCL: 3452394, EngineNetVer: 2, GameNetVer: 0 (Checksum: 2634455423)
[2017.08.03-15.28.19:118][  0]LogAssetRegistry: FAssetRegistry took 0.0259 seconds to start up
[2017.08.03-15.28.19:156][  0]LogPackageLocalizationCache: Processed 4 localized package path(s) for 1 prioritized culture(s) in 0.015978 seconds
[2017.08.03-15.28.19:163][  0]LogUObjectArray: 34194 objects as part of root set at end of initial load.
[2017.08.03-15.28.19:163][  0]LogUObjectAllocator: 7260416 out of 0 bytes used by permanent object pool.
[2017.08.03-15.28.19:163][  0]LogUObjectArray: CloseDisregardForGC: 0/0 objects in disregard for GC pool
[2017.08.03-15.28.19:222][  0]LogInit: WinSock: version 1.1 (2.2), MaxSocks=32767, MaxUdp=65467
[2017.08.03-15.28.21:644][  0]LogTcpMessaging: Initializing TcpMessaging bridge
[2017.08.03-15.28.21:688][  0]LogUdpMessaging: Initializing bridge on interface 0.0.0.0:0 to multicast group 230.0.0.1:6666.
[2017.08.03-15.28.22:221][  0]LogMaterial: Uniform references updated for custom material expression Custom.
[2017.08.03-15.28.22:760][  0]SourceControl: Info Source control is disabled
[2017.08.03-15.28.22:763][  0]SourceControl: Info Source control is disabled
[2017.08.03-15.28.22:817][  0]SourceControl: Info Source control is disabled
[2017.08.03-15.28.22:857][  0]SourceControl: Info Source control is disabled
[2017.08.03-15.28.23:543][  0]LogAndroidPermission: UAndroidPermissionCallbackProxy::GetInstance
[2017.08.03-15.28.24:163][  0]LogEngine: Initializing Engine...
[2017.08.03-15.28.24:164][  0]LogHMD: Failed to initialize OpenVR with code 110
[2017.08.03-15.28.24:415][  0]LogStats: UGameplayTagsManager::ConstructGameplayTagTree: Construct from data asset -  0.000 s
[2017.08.03-15.28.24:415][  0]LogStats: UGameplayTagsManager::ConstructGameplayTagTree: GameplayTagTreeChangedEvent.Broadcast -  0.000 s
[2017.08.03-15.28.24:528][  0]LogAIModule: Creating AISystem for world Untitled
[2017.08.03-15.28.24:539][  0]LogInit: XAudio2 using 'Динамики (Realtek High Definition Audio)' : 2 channels at 48 kHz using 32 bits per sample (channel mask 0x3)
[2017.08.03-15.28.24:550][  0]LogInit: FAudioDevice initialized.
[2017.08.03-15.28.24:598][  0]LogDerivedDataCache: Saved boot cache 0.05s 90MB C:/Users/Lomakin/AppData/Local/UnrealEngine/4.16/DerivedDataCache/Boot.ddc.
[2017.08.03-15.28.24:618][  0]LogInit: Texture streaming: Enabled
[2017.08.03-15.28.24:700][  0]LogEngineSessionManager: EngineSessionManager initialized
[2017.08.03-15.28.24:889][  0]LogInit: Transaction tracking system initialized
[2017.08.03-15.28.25:182][  0]BlueprintLog: New page: Editor Load
[2017.08.03-15.28.26:128][  0]LocalizationService: Info Localization service is disabled
[2017.08.03-15.28.26:715][  0]LogConsoleResponse:Display: 
[2017.08.03-15.28.26:850][  0]LogCook:Display: Max memory allowance for cook 16384mb min free memory 0mb
[2017.08.03-15.28.26:850][  0]LogCook:Display: Mobile HDR setting 0
[2017.08.03-15.28.27:694][  0]LogFileCache: Scanning file cache for directory 'D:/indie/indie/Content/' took 0.01s
[2017.08.03-15.28.27:738][  0]SourceControl: Info Source control is disabled
[2017.08.03-15.28.27:738][  0]Cmd: MAP LOAD FILE="../../../../../../indie/indie/Content/2DSideScrollerBP/Maps/2DSideScrollerExampleMap.umap" TEMPLATE=0 SHOWPROGRESS=1 FEATURELEVEL=3
[2017.08.03-15.28.27:739][  0]LightingResults: New page: Lighting Build
[2017.08.03-15.28.27:784][  0]MapCheck: New page: Map Check
[2017.08.03-15.28.27:784][  0]LightingResults: New page: Lighting Build
[2017.08.03-15.28.28:036][  0]LogAIModule: Creating AISystem for world 2DSideScrollerExampleMap
[2017.08.03-15.28.28:041][  0]LogEditorServer: Finished looking for orphan Actors (0.000 secs)
[2017.08.03-15.28.28:056][  0]Cmd: MAP CHECKDEP NOCLEARLOG
[2017.08.03-15.28.28:101][  0]MapCheck: Info Map check complete: 0 Error(s), 0 Warning(s), took 44.979ms to complete.
[2017.08.03-15.28.28:101][  0]LogFileHelpers: Loading map '2DSideScrollerExampleMap' took 0.363
[2017.08.03-15.28.28:170][  0]LogWindowsTextInputMethodSystem:Display: IME system now deactivated.
[2017.08.03-15.28.28:253][  0]LogCollectionManager: Loaded 0 collections in 0.000759 seconds
[2017.08.03-15.28.28:326][  0]LogFileCache: Scanning file cache for directory 'D:/indie/indie/Saved/Collections/' took 0.01s
[2017.08.03-15.28.28:326][  0]LogFileCache: Scanning file cache for directory 'D:/indie/indie/Content/Developers/Lomakin/Collections/' took 0.01s
[2017.08.03-15.28.28:326][  0]LogFileCache: Scanning file cache for directory 'D:/indie/indie/Content/Collections/' took 0.01s
[2017.08.03-15.28.28:326][  0]LogCollectionManager: Rebuilt the GUID cache for 0 collections in 0.000002 seconds
[2017.08.03-15.28.28:338][  0]LogContentBrowser: Native class hierarchy populated in 0.0112 seconds. Added 2329 classes and 491 folders.
[2017.08.03-15.28.28:393][  0]LogContentBrowser: Native class hierarchy updated for 'WidgetCarousel' in 0.0006 seconds. Added 0 classes and 0 folders.
[2017.08.03-15.28.28:430][  0]LogContentBrowser: Native class hierarchy updated for 'AddContentDialog' in 0.0006 seconds. Added 0 classes and 0 folders.
[2017.08.03-15.28.28:466][  0]LogContentBrowser: Native class hierarchy updated for 'SceneOutliner' in 0.0006 seconds. Added 1 classes and 2 folders.
[2017.08.03-15.28.28:503][  0]LogCrashTracker: Crashtracker disabled due to settings.
[2017.08.03-15.28.28:508][  0]LogSlate: Took 0.000244 seconds to synchronously load lazily loaded font '../../../Engine/Content/Slate/Fonts/Roboto-Regular.ttf' (155K)
[2017.08.03-15.28.28:511][  0]LogSlate: Took 0.000284 seconds to synchronously load lazily loaded font '../../../Engine/Content/Slate/Fonts/Roboto-Bold.ttf' (160K)
[2017.08.03-15.28.28:520][  0]LogSlate: Took 0.000330 seconds to synchronously load lazily loaded font '../../../Engine/Content/Editor/Slate/Fonts/FontAwesome.ttf' (139K)
[2017.08.03-15.28.28:645][  0]LogRenderer: Reallocating scene render targets to support 1056x556 NumSamples 1 (Frame:1).
[2017.08.03-15.28.28:762][  0]LogUObjectGlobals:Warning: Failed to find object 'Class None.'
[2017.08.03-15.28.28:834][  0]LogContentBrowser: Native class hierarchy updated for 'HierarchicalLODOutliner' in 0.0006 seconds. Added 1 classes and 2 folders.
[2017.08.03-15.28.28:834][  0]LogLoad: (Engine Initialization) Total time: 16.62 seconds
[2017.08.03-15.28.28:834][  0]LogLoad: (Engine Initialization) Total Blueprint compile time: 0.08 seconds
[2017.08.03-15.28.28:834][  0]LogExternalProfiler: Found external profiler: VSPerf
[2017.08.03-15.28.28:835][  0]LogExternalProfiler: Using external profiler: VSPerf
[2017.08.03-15.28.28:843][  0]LogOcInput: OculusInput pre-init called
[2017.08.03-15.28.28:844][  0]LogHMD: Starting GearVRController plugin
[2017.08.03-15.28.28:864][  0]LogContentStreaming: Texture pool size now 1000 MB
[2017.08.03-15.28.28:904][  0]LogSlate: Took 0.000218 seconds to synchronously load lazily loaded font '../../../Engine/Content/Slate/Fonts/Roboto-Light.ttf' (159K)
[2017.08.03-15.28.28:913][  1]LogAssetRegistry: Asset discovery search completed in 9.8165 seconds
[2017.08.03-15.28.28:915][  1]LogCollectionManager: Rebuilt the object cache for 0 collections in 0.000001 seconds (found 0 objects)
[2017.08.03-15.28.28:915][  1]LogCollectionManager: Fixed up redirectors for 0 collections in 0.000033 seconds (updated 0 objects)
[2017.08.03-15.28.31:639][307]Cmd: SELECT NONE
