Log file open, 08/01/17 22:28:10
LogInit:Display: Running engine for game: indie
LogPlatformFile: Not using cached read wrapper
LogInit:Display: RandInit(-1967644697) SRandInit(-1967644697).
LogTaskGraph: Started task graph with 5 named threads and 8 total threads with 1 sets of task threads.
LogStats: Stats thread started at 0.098789
LogInit: Using libcurl 7.47.1
LogInit:  - built for x86_64-pc-win32
LogInit:  - supports SSL with OpenSSL/1.0.2g
LogInit:  - supports HTTP deflate (compression) using libz 1.2.8
LogInit:  - other features:
LogInit:      CURL_VERSION_SSL
LogInit:      CURL_VERSION_LIBZ
LogInit:      CURL_VERSION_IPV6
LogInit:      CURL_VERSION_ASYNCHDNS
LogInit:      CURL_VERSION_LARGEFILE
LogInit:      CURL_VERSION_IDN
LogInit:  CurlRequestOptions (configurable via config and command line):
LogInit:  - bVerifyPeer = false  - Libcurl will NOT verify peer certificate
LogInit:  - bUseHttpProxy = false  - Libcurl will NOT use HTTP proxy
LogInit:  - bDontReuseConnections = false  - Libcurl will reuse connections
LogInit:  - CertBundlePath = nullptr  - Libcurl will use whatever was configured at build time.
LogInit: Build: ++UE4+Release-4.16-CL-3561208
LogInit: Engine Version: 4.16.3-3561208+++UE4+Release-4.16
LogInit: Compatible Engine Version: 4.16.0-3452394+++UE4+Release-4.16
LogInit: Net CL: 3452394
LogDevObjectVersion: Number of dev versions registered: 16
LogDevObjectVersion:   Dev-Blueprints (B0D832E4-1F89-4F0D-ACCF-7EB736FD4AA2): 9
LogDevObjectVersion:   Dev-Build (E1C64328-A22C-4D53-A36C-8E866417BD8C): 0
LogDevObjectVersion:   Dev-Core (375EC13C-06E4-48FB-B500-84F0262A717E): 2
LogDevObjectVersion:   Dev-Editor (E4B068ED-F494-42E9-A231-DA0B2E46BB41): 17
LogDevObjectVersion:   Dev-Framework (CFFC743F-43B0-4480-9391-14DF171D2073): 23
LogDevObjectVersion:   Dev-Mobile (B02B49B5-BB20-44E9-A304-32B752E40360): 0
LogDevObjectVersion:   Dev-Networking (A4E4105C-59A1-49B5-A7C5-40C4547EDFEE): 0
LogDevObjectVersion:   Dev-Online (39C831C9-5AE6-47DC-9A44-9C173E1C8E7C): 0
LogDevObjectVersion:   Dev-Physics (78F01B33-EBEA-4F98-B9B4-84EACCB95AA2): 0
LogDevObjectVersion:   Dev-Platform (6631380F-2D4D-43E0-8009-CF276956A95A): 0
LogDevObjectVersion:   Dev-Rendering (12F88B9F-8875-4AFC-A67C-D90C383ABD29): 15
LogDevObjectVersion:   Dev-Sequencer (7B5AE74C-D270-4C10-A958-57980B212A5A): 4
LogDevObjectVersion:   Dev-VR (D7296918-1DD6-4BDD-9DE2-64A83CC13884): 0
LogDevObjectVersion:   Dev-LoadTimes (C2A15278-BFE7-4AFE-6C17-90FF531DF755): 1
LogDevObjectVersion:   Private-Geometry (6EACA3D4-40EC-4CC1-B786-8BED09428FC5): 1
LogDevObjectVersion:   Dev-AnimPhys (29E575DD-E0A3-4627-9D10-D276232CDCEA): 3
LogInit: Compiled (64-bit): Jul 28 2017 11:49:47
LogInit: Compiled with Visual C++: 19.00.24215.01
LogInit: Build Configuration: Development
LogInit: Branch Name: ++UE4+Release-4.16
LogInit: Command line:  /Temp/Autosaves/Game/2DSideScrollerBP/Maps/UEDPC2DSideScrollerExampleMap -game -PIEVIACONSOLE -ResX=1280 -ResY=720  -Multiprocess -messaging -SessionName="Play in Standalone Game" -featureleveles2 -faketouches -windowed 
LogInit: Base directory: D:/Program Files/Epic Games/UE_4.16/Engine/Binaries/Win64/
LogInit: Installed Engine Build: 1
LogInit: Presizing for max 8388607 objects, including 0 objects not considered by GC, pre-allocating 0 bytes for permanent pool.
LogInit: Object subsystem initialized
[2017.08.01-15.28.10:671][  0]LogInit: Selected Device Profile: [Windows]
[2017.08.01-15.28.10:671][  0]LogInit: Applying CVar settings loaded from the selected device profile: [Windows]
[2017.08.01-15.28.10:675][  0]LogInit: Computer: DESKTOP-F5G54J5
[2017.08.01-15.28.10:675][  0]LogInit: User: Lomakin
[2017.08.01-15.28.10:675][  0]LogInit: CPU Page size=4096, Cores=4
[2017.08.01-15.28.10:675][  0]LogInit: High frequency timer resolution =3.312787 MHz
[2017.08.01-15.28.10:675][  0]LogMemory: Memory total: Physical=16.0GB (16GB approx)
[2017.08.01-15.28.10:675][  0]LogMemory: Platform Memory Stats for Windows
[2017.08.01-15.28.10:675][  0]LogMemory: Process Physical Memory: 272.50 MB used, 272.50 MB peak
[2017.08.01-15.28.10:675][  0]LogMemory: Process Virtual Memory: 261.18 MB used, 261.18 MB peak
[2017.08.01-15.28.10:675][  0]LogMemory: Physical Memory: 7735.54 MB used,  8631.56 MB free, 16367.11 MB total
[2017.08.01-15.28.10:675][  0]LogMemory: Virtual Memory: 638.65 MB used,  8631.56 MB free, 134217728.00 MB total
[2017.08.01-15.28.10:741][  0]LogInit: Using OS detected language (ru-RU).
[2017.08.01-15.28.10:741][  0]LogInit: Using OS detected locale (ru-RU).
[2017.08.01-15.28.10:744][  0]LogTextLocalizationManager: No localization for 'ru-RU' exists, so 'en' will be used for the language.
[2017.08.01-15.28.10:744][  0]LogTextLocalizationManager: No localization for 'ru-RU' exists, so 'en' will be used for the locale.
[2017.08.01-15.28.11:641][  0]LogD3D11RHI: D3D11 adapters:
[2017.08.01-15.28.11:664][  0]LogD3D11RHI:    0. 'NVIDIA GeForce GTX 550 Ti' (Feature Level 11_0)
[2017.08.01-15.28.11:664][  0]LogD3D11RHI:       977/0/8183 MB DedicatedVideo/DedicatedSystem/SharedSystem, Outputs:2, VendorId:0x10de
[2017.08.01-15.28.11:666][  0]LogD3D11RHI:    1. 'Microsoft Basic Render Driver' (Feature Level 11_0)
[2017.08.01-15.28.11:666][  0]LogD3D11RHI:       0/0/8183 MB DedicatedVideo/DedicatedSystem/SharedSystem, Outputs:0, VendorId:0x1414
[2017.08.01-15.28.11:666][  0]LogD3D11RHI: Chosen D3D11 Adapter: 0
[2017.08.01-15.28.11:670][  0]LogD3D11RHI: Creating new Direct3DDevice
[2017.08.01-15.28.11:670][  0]LogD3D11RHI:     GPU DeviceId: 0x1244 (for the marketing name, search the web for "GPU Device Id")
[2017.08.01-15.28.11:670][  0]LogWindows: EnumDisplayDevices:
[2017.08.01-15.28.11:670][  0]LogWindows:    0. 'NVIDIA GeForce GTX 550 Ti' (P:1 D:1)
[2017.08.01-15.28.11:670][  0]LogWindows:    1. 'NVIDIA GeForce GTX 550 Ti' (P:0 D:1)
[2017.08.01-15.28.11:670][  0]LogWindows: DebugString: FoundDriverCount:2 
[2017.08.01-15.28.11:670][  0]LogD3D11RHI:     Adapter Name: NVIDIA GeForce GTX 550 Ti
[2017.08.01-15.28.11:670][  0]LogD3D11RHI:   Driver Version: 376.53 (internal:21.21.13.7653, unified:376.53)
[2017.08.01-15.28.11:670][  0]LogD3D11RHI:      Driver Date: 12-29-2016
[2017.08.01-15.28.11:670][  0]LogRHI: Texture pool is 684 MB (70% of 977 MB)
[2017.08.01-15.28.11:685][  0]LogD3D11RHI:Display: Timestamp queries are currently disabled on this hardware due to instability. Realtime GPU stats will not be available. You can override this behaviour by setting r.NVIDIATimestampWorkaround to 0
[2017.08.01-15.28.11:685][  0]LogD3D11RHI: Async texture creation enabled
[2017.08.01-15.28.11:700][  0]LogD3D11RHI: GPU Timing Frequency: 1000.000000 (Debug: 2 2)
[2017.08.01-15.28.11:796][  0]LogShaderCompilers: Guid format shader working directory is 18 characters bigger than the processId version (../../../../../../indie/indie/Intermediate/Shaders/WorkingDirectory/13120/).
[2017.08.01-15.28.11:796][  0]LogShaderCompilers: Cleaned the shader compiler working directory 'C:/Users/Lomakin/AppData/Local/Temp/UnrealShaderWorkingDir/C09EE12247511C4EEAC841982DDDCB10/'.
[2017.08.01-15.28.11:796][  0]LogShaderCompilers:Display: Using Local Shader Compiler.
[2017.08.01-15.28.12:955][  0]LogTemp:Display: Loaded TP WindowsClientTargetPlatform
[2017.08.01-15.28.13:005][  0]LogTemp:Display: Loaded TP WindowsNoEditorTargetPlatform
[2017.08.01-15.28.13:056][  0]LogTemp:Display: Loaded TP WindowsServerTargetPlatform
[2017.08.01-15.28.13:107][  0]LogTemp:Display: Loaded TP WindowsTargetPlatform
[2017.08.01-15.28.13:107][  0]LogTargetPlatformManager:Display: Building Assets For Windows
[2017.08.01-15.28.13:563][  0]LogDerivedDataCache:Display: Max Cache Size: 512 MB
[2017.08.01-15.28.13:669][  0]LogDerivedDataCache: Loaded boot cache 0.11s 90MB C:/Users/Lomakin/AppData/Local/UnrealEngine/4.16/DerivedDataCache/Boot.ddc.
[2017.08.01-15.28.13:669][  0]LogDerivedDataCache:Display: Loaded Boot cache: C:/Users/Lomakin/AppData/Local/UnrealEngine/4.16/DerivedDataCache/Boot.ddc
[2017.08.01-15.28.13:669][  0]LogDerivedDataCache: FDerivedDataBackendGraph:  Pak pak cache file ../../../../../../indie/indie/DerivedDataCache/DDC.ddp not found, will not use a pak cache.
[2017.08.01-15.28.13:669][  0]LogDerivedDataCache: Unable to find inner node Pak for hierarchical cache Hierarchy.
[2017.08.01-15.28.13:670][  0]LogDerivedDataCache: FDerivedDataBackendGraph:  CompressedPak pak cache file ../../../../../../indie/indie/DerivedDataCache/Compressed.ddp not found, will not use a pak cache.
[2017.08.01-15.28.13:670][  0]LogDerivedDataCache: Unable to find inner node CompressedPak for hierarchical cache Hierarchy.
[2017.08.01-15.28.13:691][  0]LogDerivedDataCache:Display: Pak cache opened for reading ../../../Engine/DerivedDataCache/Compressed.ddp.
[2017.08.01-15.28.13:703][  0]LogDerivedDataCache: Using Local data cache path C:/Users/Lomakin/AppData/Local/UnrealEngine/Common/DerivedDataCache: Writable
[2017.08.01-15.28.13:704][  0]LogMaterial: Verifying Global Shaders for PCD3D_ES2
[2017.08.01-15.28.14:127][  0]LogSlate: Using Freetype 2.6.0
[2017.08.01-15.28.14:128][  0]LogSlate: SlateFontCache - WITH_FREETYPE: 1, WITH_HARFBUZZ: 1
[2017.08.01-15.28.14:128][  0]LogSlate: SlateFontCache - WITH_FREETYPE: 1, WITH_HARFBUZZ: 1
[2017.08.01-15.28.14:565][  0]LogAssetRegistry: FAssetRegistry took 0.0069 seconds to start up
[2017.08.01-15.28.14:575][  0]LogPackageLocalizationCache: Processed 4 localized package path(s) for 1 prioritized culture(s) in 0.009533 seconds
[2017.08.01-15.28.14:742][  0]LogInit: Selected Device Profile: [Windows]
[2017.08.01-15.28.14:874][  0]LogContentStreaming: Texture pool size is 1000.00 MB
[2017.08.01-15.28.14:940][  0]LogMaterial: Missing cached shader map for material WorldGridMaterial, compiling. Is special engine material.
[2017.08.01-15.29.12:294][  0]LogMaterial: Missing cached shader map for material DefaultDeferredDecalMaterial, compiling. 
[2017.08.01-15.29.20:150][  0]LogMaterial: Missing cached shader map for material DefaultLightFunctionMaterial, compiling. 
[2017.08.01-15.29.20:340][  0]LogMaterial: Missing cached shader map for material DefaultPostProcessMaterial, compiling. 
[2017.08.01-15.29.20:830][  0]LogMaterial: Missing cached shader map for material TransformGizmoMaterial, compiling. 
[2017.08.01-15.29.20:849][  0]LogMaterial: Missing cached shader map for material TranslucentTransformGizmoMaterial, compiling. 
[2017.08.01-15.29.20:953][  0]LogMeshUtilities: Using QuadricMeshReduction for automatic static mesh reduction
[2017.08.01-15.29.21:014][  0]LogSimplygon: Simplygon DLL not present - disabling.
[2017.08.01-15.29.21:078][  0]LogMeshUtilities: Using SimplygonSwarm for distributed automatic mesh merging
[2017.08.01-15.29.21:078][  0]LogMeshUtilities: No automatic skeletal mesh reduction module available
[2017.08.01-15.29.21:078][  0]LogMeshUtilities: No automatic mesh merging module available
[2017.08.01-15.29.21:253][  0]LogMaterial: Missing cached shader map for material SnapGridMaterial, compiling. 
[2017.08.01-15.29.21:285][  0]LogMaterial: Missing cached shader map for material Xray, compiling. 
[2017.08.01-15.29.21:324][  0]LogMaterial: Missing cached shader map for material Main, compiling. 
[2017.08.01-15.29.21:345][  0]LogMaterial: Missing cached shader map for material CineMat, compiling. 
[2017.08.01-15.29.21:457][  0]LogMaterial: Missing cached shader map for material MatineeCam_mat, compiling. 
[2017.08.01-15.29.21:523][  0]LogMaterial: Missing cached shader map for material M_SimpleOpaque, compiling. 
[2017.08.01-15.29.21:580][  0]LogMaterial: Missing cached shader map for material M_SimpleTranslucent, compiling. 
[2017.08.01-15.29.21:722][  0]LogMaterial: Missing cached shader map for material Widget3DPassThrough, compiling. 
[2017.08.01-15.29.21:735][  0]LogMaterial: Missing cached shader map for material Widget3DPassThrough, compiling. 
[2017.08.01-15.29.21:760][  0]LogMaterial: Missing cached shader map for material Widget3DPassThrough, compiling. 
[2017.08.01-15.29.21:770][  0]LogMaterial: Missing cached shader map for material Widget3DPassThrough, compiling. 
[2017.08.01-15.29.21:779][  0]LogMaterial: Missing cached shader map for material Widget3DPassThrough, compiling. 
[2017.08.01-15.29.21:794][  0]LogMaterial: Missing cached shader map for material Widget3DPassThrough, compiling. 
[2017.08.01-15.29.21:967][  0]LogMaterial: Missing cached shader map for material SkySphereMaterial, compiling. 
[2017.08.01-15.29.21:994][  0]LogMaterial: Missing cached shader map for material FloorPlaneMaterial, compiling. 
[2017.08.01-15.29.22:180][  0]LogMaterial: Missing cached shader map for material LandscapeGizmo_Mat, compiling. 
[2017.08.01-15.29.22:218][  0]LogMaterial: Missing cached shader map for material LandscapeGizmoHeight_Mat, compiling. 
[2017.08.01-15.29.22:330][  0]LogMaterial: Missing cached shader map for material SplineEditorMeshMat, compiling. 
[2017.08.01-15.29.22:376][  0]LogMaterial: Missing cached shader map for material HelpActorMaterial, compiling. 
[2017.08.01-15.29.22:564][  0]LogMaterial: Missing cached shader map for material DefaultTextMaterialOpaque, compiling. 
[2017.08.01-15.29.22:706][  0]LogNetVersion: indie , NetCL: 3452394, EngineNetVer: 2, GameNetVer: 0 (Checksum: 2634455423)
[2017.08.01-15.29.22:738][  0]LogMaterial: Missing cached shader map for material GearVRControllerMaterial, compiling. 
[2017.08.01-15.29.22:920][  0]LogInit: WinSock: version 1.1 (2.2), MaxSocks=32767, MaxUdp=65467
[2017.08.01-15.29.24:458][  0]LogMaterial: Missing cached shader map for material M_ContentWindow, compiling. 
[2017.08.01-15.29.24:515][  0]LogMaterial: Missing cached shader map for material KeyDiskMaterial, compiling. 
[2017.08.01-15.29.24:530][  0]LogMaterial: Missing cached shader map for material ArrowMaterial, compiling. 
[2017.08.01-15.29.24:585][  0]LogMaterial: Missing cached shader map for material GridPostProcess, compiling. 
[2017.08.01-15.29.24:597][  0]LogMaterial: Missing cached shader map for material LaserPointerMaterial, compiling. 
[2017.08.01-15.29.24:607][  0]LogMaterial: Missing cached shader map for material LaserPointerMaterial, compiling. 
[2017.08.01-15.29.24:635][  0]LogMaterial: Missing cached shader map for material GridMaterial, compiling. 
[2017.08.01-15.29.24:670][  0]LogMaterial: Missing cached shader map for material OculusControllerMaterial, compiling. 
[2017.08.01-15.29.24:731][  0]LogMaterial: Missing cached shader map for material TeleportDirectionMaterial, compiling. 
[2017.08.01-15.29.24:817][  0]LogMaterial: Missing cached shader map for material GenericHMDMaterial, compiling. 
[2017.08.01-15.29.24:865][  0]LogMaterial: Missing cached shader map for material FlattenHeightMat, compiling. 
[2017.08.01-15.29.24:895][  0]LogMaterial: Missing cached shader map for material VivePreControllerMaterial, compiling. 
[2017.08.01-15.29.24:944][  0]LogMaterial: Missing cached shader map for material VRTextMaterial, compiling. 
[2017.08.01-15.29.24:975][  0]LogMaterial: Missing cached shader map for material LineMaterial, compiling. 
[2017.08.01-15.29.24:991][  0]LogMaterial: Missing cached shader map for material VRTextMaterial, compiling. 
[2017.08.01-15.29.25:486][  0]LogMoviePlayer: Initializing movie player
[2017.08.01-15.29.25:987][  0]LogMaterial: Missing cached shader map for material DefaultSpriteMaterial, compiling. 
[2017.08.01-15.29.26:006][  0]LogMaterial: Missing cached shader map for material DefaultSpriteMaterial, compiling. 
[2017.08.01-15.29.26:294][  0]LogCollectionManager: Loaded 0 collections in 0.001641 seconds
[2017.08.01-15.29.26:361][  0]LogFileCache: Scanning file cache for directory 'D:/indie/indie/Saved/Collections/' took 0.01s
[2017.08.01-15.29.26:361][  0]LogFileCache: Scanning file cache for directory 'D:/indie/indie/Content/Developers/Lomakin/Collections/' took 0.01s
[2017.08.01-15.29.26:361][  0]LogFileCache: Scanning file cache for directory 'D:/indie/indie/Content/Collections/' took 0.01s
[2017.08.01-15.29.26:361][  0]LogCollectionManager: Rebuilt the object cache for 0 collections in 0.000002 seconds (found 0 objects)
[2017.08.01-15.29.26:361][  0]LogCollectionManager: Fixed up redirectors for 0 collections in 0.000062 seconds (updated 0 objects)
[2017.08.01-15.29.26:647][  0]LogTcpMessaging: Initializing TcpMessaging bridge
[2017.08.01-15.29.26:707][  0]LogUdpMessaging: Initializing bridge on interface 0.0.0.0:0 to multicast group 230.0.0.1:6666.
[2017.08.01-15.29.27:111][  0]LogMaterial: Missing cached shader map for material DefaultMaterial, compiling. 
[2017.08.01-15.29.27:579][  0]SourceControl: Info Source control is disabled
[2017.08.01-15.29.27:579][  0]SourceControl: Info Source control is disabled
[2017.08.01-15.29.27:668][  0]SourceControl: Info Source control is disabled
[2017.08.01-15.29.28:154][  0]LogAndroidPermission: UAndroidPermissionCallbackProxy::GetInstance
[2017.08.01-15.29.28:886][  0]LogUObjectArray: 37220 objects as part of root set at end of initial load.
[2017.08.01-15.29.28:886][  0]LogUObjectAllocator: 8398848 out of 0 bytes used by permanent object pool.
[2017.08.01-15.29.28:886][  0]LogUObjectArray: CloseDisregardForGC: 0/0 objects in disregard for GC pool
[2017.08.01-15.29.29:012][  0]LogMaterial: Missing cached shader map for material HighResScreenshot, compiling. 
[2017.08.01-15.29.29:032][  0]LogMaterial: Missing cached shader map for material HighResScreenshotMask, compiling. 
[2017.08.01-15.29.29:059][  0]LogMaterial: Missing cached shader map for material HighResScreenshotCaptureRegion, compiling. 
[2017.08.01-15.29.29:095][  0]LogEngine: Initializing Engine...
[2017.08.01-15.29.29:096][  0]LogHMD: Failed to initialize OpenVR with code 110
[2017.08.01-15.29.29:115][  0]LogMaterial: Missing cached shader map for material WireframeMaterial, compiling. Is special engine material.
[2017.08.01-15.29.29:273][  0]LogMaterial: Missing cached shader map for material LevelColorationLitMaterial, compiling. Is special engine material.
[2017.08.01-15.29.30:114][  0]LogMaterial: Missing cached shader map for material LevelColorationUnlitMaterial, compiling. Is special engine material.
[2017.08.01-15.29.30:238][  0]LogMaterial: Missing cached shader map for material MAT_LevelColorationLitLightmapUV, compiling. Is special engine material.
[2017.08.01-15.29.31:056][  0]LogMaterial: Missing cached shader map for material ShadedLevelColorationLitMaterial, compiling. Is special engine material.
[2017.08.01-15.29.31:885][  0]LogMaterial: Missing cached shader map for material ShadedLevelColorationUnlitMateri, compiling. Is special engine material.
[2017.08.01-15.29.32:004][  0]LogMaterial: Missing cached shader map for material VertexColorMaterial, compiling. 
[2017.08.01-15.29.32:162][  0]LogMaterial: Missing cached shader map for material VertexColorViewMode_ColorOnly, compiling. 
[2017.08.01-15.29.32:196][  0]LogMaterial: Missing cached shader map for material VertexColorViewMode_AlphaAsColor, compiling. 
[2017.08.01-15.29.32:213][  0]LogMaterial: Missing cached shader map for material VertexColorViewMode_RedOnly, compiling. 
[2017.08.01-15.29.32:235][  0]LogMaterial: Missing cached shader map for material VertexColorViewMode_GreenOnly, compiling. 
[2017.08.01-15.29.32:253][  0]LogMaterial: Missing cached shader map for material VertexColorViewMode_BlueOnly, compiling. 
[2017.08.01-15.29.32:272][  0]LogMaterial: Missing cached shader map for material RemoveSurfaceMaterial, compiling. 
[2017.08.01-15.29.32:287][  0]LogMaterial: Missing cached shader map for material DebugMeshMaterial, compiling. 
[2017.08.01-15.29.32:311][  0]LogMaterial: Missing cached shader map for material M_InvalidLightmapSettings, compiling. 
[2017.08.01-15.29.32:417][  0]LogMaterial: Missing cached shader map for material GizmoMaterial, compiling. 
[2017.08.01-15.29.32:433][  0]LogMaterial: Missing cached shader map for material PhAT_JointLimitMaterial, compiling. 
[2017.08.01-15.29.32:621][  0]LogStats: UGameplayTagsManager::ConstructGameplayTagTree: Construct from data asset -  0.000 s
[2017.08.01-15.29.32:621][  0]LogStats: UGameplayTagsManager::ConstructGameplayTagTree: GameplayTagTreeChangedEvent.Broadcast -  0.000 s
[2017.08.01-15.29.32:643][  0]LogInit: XAudio2 using 'Динамики (Realtek High Definition Audio)' : 2 channels at 48 kHz using 32 bits per sample (channel mask 0x3)
[2017.08.01-15.29.32:673][  0]LogInit: FAudioDevice initialized.
[2017.08.01-15.29.32:740][  0]LogInit: Texture streaming: Enabled
[2017.08.01-15.29.32:747][  0]LogMaterial: Missing cached shader map for material BaseColor, compiling. 
[2017.08.01-15.29.32:758][  0]LogMaterial:Warning: Failed to compile Material /Engine/BufferVisualization/BaseColor.BaseColor for platform PCD3D_ES2, Default Material will be used in game.
[2017.08.01-15.29.32:758][  0]LogMaterial:Warning: 	(Node FeatureLevelSwitch) Feature Level switch missing default input
[2017.08.01-15.29.32:764][  0]LogMaterial: Missing cached shader map for material CustomDepth, compiling. 
[2017.08.01-15.29.32:803][  0]LogMaterial: Uniform references updated for custom material expression Custom.
[2017.08.01-15.29.32:806][  0]LogMaterial: Missing cached shader map for material CustomStencil, compiling. 
[2017.08.01-15.29.32:817][  0]LogMaterial: Missing cached shader map for material FinalImage, compiling. 
[2017.08.01-15.29.32:834][  0]LogMaterial: Missing cached shader map for material LightingModel, compiling. 
[2017.08.01-15.29.32:846][  0]LogMaterial: Missing cached shader map for material MaterialAO, compiling. 
[2017.08.01-15.29.32:858][  0]LogMaterial: Missing cached shader map for material Metallic, compiling. 
[2017.08.01-15.29.32:868][  0]LogMaterial: Missing cached shader map for material Opacity, compiling. 
[2017.08.01-15.29.32:879][  0]LogMaterial: Missing cached shader map for material Roughness, compiling. 
[2017.08.01-15.29.32:891][  0]LogMaterial: Missing cached shader map for material SceneColor, compiling. 
[2017.08.01-15.29.32:906][  0]LogMaterial: Missing cached shader map for material SceneDepth, compiling. 
[2017.08.01-15.29.32:922][  0]LogMaterial: Missing cached shader map for material SeparateTranslucencyRGB, compiling. 
[2017.08.01-15.29.32:934][  0]LogMaterial: Missing cached shader map for material SeparateTranslucencyA, compiling. 
[2017.08.01-15.29.32:947][  0]LogMaterial: Missing cached shader map for material Specular, compiling. 
[2017.08.01-15.29.32:948][  0]LogMaterial:Warning: Failed to compile Material /Engine/BufferVisualization/Specular.Specular for platform PCD3D_ES2, Default Material will be used in game.
[2017.08.01-15.29.32:948][  0]LogMaterial:Warning: 	(Node FeatureLevelSwitch) Feature Level switch missing default input
[2017.08.01-15.29.32:956][  0]LogMaterial: Missing cached shader map for material SubsurfaceColor, compiling. 
[2017.08.01-15.29.32:970][  0]LogMaterial: Missing cached shader map for material WorldNormal, compiling. 
[2017.08.01-15.29.32:982][  0]LogMaterial: Missing cached shader map for material AmbientOcclusion, compiling. 
[2017.08.01-15.29.33:005][  0]LogMaterial: Missing cached shader map for material CustomDepthWorldUnits, compiling. 
[2017.08.01-15.29.33:018][  0]LogMaterial: Missing cached shader map for material SceneDepthWorldUnits, compiling. 
[2017.08.01-15.29.33:031][  0]LogMaterial: Missing cached shader map for material PreTonemapHDRColor, compiling. 
[2017.08.01-15.29.33:042][  0]LogMaterial: Missing cached shader map for material PostTonemapHDRColor, compiling. 
[2017.08.01-15.29.33:438][  0]LogSlateStyle:Warning: Unable to find Slate Widget Style 'NormalText'. Using FTextBlockStyle defaults instead.
[2017.08.01-15.29.33:438][  0]LogSlateStyle:Warning: Unable to find Slate Widget Style 'SpinBox'. Using FSpinBoxStyle defaults instead.
[2017.08.01-15.29.33:864][  0]LogInit:Display: Game Engine Initialized.
[2017.08.01-15.29.34:173][  0]LogInit:Display: Starting Game.
[2017.08.01-15.29.34:183][  0]LogNet: Browse: /Temp/Autosaves/Game/2DSideScrollerBP/Maps/UEDPC2DSideScrollerExampleMap?Name=Player
[2017.08.01-15.29.34:188][  0]LogLoad: LoadMap: /Temp/Autosaves/Game/2DSideScrollerBP/Maps/UEDPC2DSideScrollerExampleMap?Name=Player
[2017.08.01-15.29.34:391][  0]LogMemory: Platform Memory Stats for Windows
[2017.08.01-15.29.34:391][  0]LogMemory: Process Physical Memory: 1312.01 MB used, 1431.50 MB peak
[2017.08.01-15.29.34:391][  0]LogMemory: Process Virtual Memory: 1404.30 MB used, 1481.30 MB peak
[2017.08.01-15.29.34:391][  0]LogMemory: Physical Memory: 8871.66 MB used,  7495.45 MB free, 16367.11 MB total
[2017.08.01-15.29.34:391][  0]LogMemory: Virtual Memory: 2000.73 MB used,  7495.45 MB free, 134217728.00 MB total
[2017.08.01-15.29.34:391][  0]LogMemory: 
[2017.08.01-15.29.34:391][  0]Allocator Stats for TBB: (not implemented)
[2017.08.01-15.29.34:931][  0]LogAIModule: Creating AISystem for world 2DSideScrollerExampleMap
[2017.08.01-15.29.34:946][  0]LogLoad: Game class is '2DSideScrollerGameMode_C'
[2017.08.01-15.29.35:093][  0]LogWorld: Bringing World /Temp/Autosaves/Game/2DSideScrollerBP/Maps/UEDPC2DSideScrollerExampleMap.2DSideScrollerExampleMap up for play (max tick rate 0) at 2017.08.01-22.29.35
[2017.08.01-15.29.35:094][  0]LogWorld: Bringing up level for play took: 0.004683
[2017.08.01-15.29.35:119][  0]LogLoad: Took 0.930576 seconds to LoadMap(/Temp/Autosaves/Game/2DSideScrollerBP/Maps/UEDPC2DSideScrollerExampleMap)
[2017.08.01-15.29.35:482][  0]LogRenderer: Reallocating scene render targets to support 1280x720 NumSamples 1 (Frame:1).
[2017.08.01-15.29.35:482][  0]LogLoad: (Engine Initialization) Total time: 86.05 seconds
[2017.08.01-15.29.35:482][  0]LogLoad: (Engine Initialization) Total Blueprint compile time: 0.13 seconds
[2017.08.01-15.29.35:482][  0]LogExternalProfiler: Found external profiler: VSPerf
[2017.08.01-15.29.35:482][  0]LogExternalProfiler: Using external profiler: VSPerf
[2017.08.01-15.29.35:500][  0]LogOcInput: OculusInput pre-init called
[2017.08.01-15.29.35:500][  0]LogHMD: Starting GearVRController plugin
[2017.08.01-15.29.57:701][361]LogWindowsTextInputMethodSystem:Display: IME system now deactivated.
[2017.08.01-15.29.57:703][361]LogEngine: All Windows Closed
[2017.08.01-15.29.57:703][361]LogWindows: FPlatformMisc::RequestExit(0)
[2017.08.01-15.29.58:112][362]LogExit: Preparing to exit.
[2017.08.01-15.29.58:112][362]LogMoviePlayer: Shutting down movie player
[2017.08.01-15.29.58:902][362]LogExit: Game engine shut down
[2017.08.01-15.29.59:012][362]LogObj: Freed 0b from 0 cluster array pools.
[2017.08.01-15.29.59:012][362]LogExit: Object subsystem successfully closed.
[2017.08.01-15.29.59:024][362]LogD3D11RHI: Shutdown
[2017.08.01-15.29.59:024][362]LogD3D11RHI: CleanupD3DDevice
[2017.08.01-15.29.59:150][362]LogD3D11RHI: ~FD3D11DynamicRHI
[2017.08.01-15.29.59:157][362]LogModuleManager: Shutting down and abandoning module SequenceRecorderSections (296)
[2017.08.01-15.29.59:157][362]LogModuleManager: Shutting down and abandoning module SequenceRecorder (294)
[2017.08.01-15.29.59:157][362]LogModuleManager: Shutting down and abandoning module AutomationController (292)
[2017.08.01-15.29.59:157][362]LogModuleManager: Shutting down and abandoning module AutomationWorker (290)
[2017.08.01-15.29.59:157][362]LogModuleManager: Shutting down and abandoning module AIModule (288)
[2017.08.01-15.29.59:157][362]LogModuleManager: Shutting down and abandoning module GameplayDebugger (287)
[2017.08.01-15.29.59:157][362]LogModuleManager: Shutting down and abandoning module AITestSuite (285)
[2017.08.01-15.29.59:157][362]LogModuleManager: Shutting down and abandoning module WmfMediaFactory (282)
[2017.08.01-15.29.59:157][362]LogModuleManager: Shutting down and abandoning module AvfMediaFactory (280)
[2017.08.01-15.29.59:157][362]LogModuleManager: Shutting down and abandoning module AndroidMediaFactory (278)
[2017.08.01-15.29.59:157][362]LogModuleManager: Shutting down and abandoning module Media (277)
[2017.08.01-15.29.59:157][362]LogModuleManager: Shutting down and abandoning module CharacterAI (274)
[2017.08.01-15.29.59:157][362]LogModuleManager: Shutting down and abandoning module SessionServices (272)
[2017.08.01-15.29.59:157][362]LogModuleManager: Shutting down and abandoning module MovieSceneCapture (270)
[2017.08.01-15.29.59:158][362]LogModuleManager: Shutting down and abandoning module MovieSceneTracks (268)
[2017.08.01-15.29.59:158][362]LogModuleManager: Shutting down and abandoning module MovieScene (266)
[2017.08.01-15.29.59:158][362]LogModuleManager: Shutting down and abandoning module GeometryCache (264)
[2017.08.01-15.29.59:158][362]LogModuleManager: Shutting down and abandoning module GeometryCacheEd (263)
[2017.08.01-15.29.59:158][362]LogModuleManager: Shutting down and abandoning module Niagara (260)
[2017.08.01-15.29.59:158][362]LogModuleManager: Shutting down and abandoning module NiagaraEditor (259)
[2017.08.01-15.29.59:158][362]LogModuleManager: Shutting down and abandoning module StreamingPauseRendering (256)
[2017.08.01-15.29.59:158][362]LogModuleManager: Shutting down and abandoning module PortalServices (254)
[2017.08.01-15.29.59:158][362]LogModuleManager: Shutting down and abandoning module PortalRpc (252)
[2017.08.01-15.29.59:158][362]LogModuleManager: Shutting down and abandoning module MessagingRpc (250)
[2017.08.01-15.29.59:158][362]LogModuleManager: Shutting down and abandoning module ProfilerService (248)
[2017.08.01-15.29.59:301][362]LogModuleManager: Shutting down and abandoning module TaskGraph (246)
[2017.08.01-15.29.59:301][362]LogModuleManager: Shutting down and abandoning module SteamVRController (244)
[2017.08.01-15.29.59:301][362]LogModuleManager: Shutting down and abandoning module SteamVR (242)
[2017.08.01-15.29.59:301][362]LogModuleManager: Shutting down and abandoning module ProceduralMeshComponent (240)
[2017.08.01-15.29.59:301][362]LogModuleManager: Shutting down and abandoning module OculusLibrary (238)
[2017.08.01-15.29.59:301][362]LogModuleManager: Shutting down and abandoning module OculusInput (236)
[2017.08.01-15.29.59:301][362]LogModuleManager: Shutting down and abandoning module MobilePatchingUtils (234)
[2017.08.01-15.29.59:301][362]LogModuleManager: Shutting down and abandoning module CustomMeshComponent (232)
[2017.08.01-15.29.59:301][362]LogModuleManager: Shutting down and abandoning module CableComponent (230)
[2017.08.01-15.29.59:301][362]LogModuleManager: Shutting down and abandoning module ArchVisCharacter (228)
[2017.08.01-15.29.59:301][362]LogModuleManager: Shutting down and abandoning module AndroidPermission (226)
[2017.08.01-15.29.59:301][362]LogModuleManager: Shutting down and abandoning module HTML5Networking (222)
[2017.08.01-15.29.59:301][362]LogModuleManager: Shutting down and abandoning module VisualStudioSourceCodeAccess (220)
[2017.08.01-15.29.59:301][362]LogModuleManager: Shutting down and abandoning module DesktopPlatform (219)
[2017.08.01-15.29.59:301][362]LogModuleManager: Shutting down and abandoning module HotReload (217)
[2017.08.01-15.29.59:301][362]LogModuleManager: Shutting down and abandoning module UObjectPlugin (214)
[2017.08.01-15.29.59:301][362]LogModuleManager: Shutting down and abandoning module SubversionSourceControl (212)
[2017.08.01-15.29.59:301][362]LogModuleManager: Shutting down and abandoning module PerforceSourceControl (210)
[2017.08.01-15.29.59:301][362]LogModuleManager: Shutting down and abandoning module SourceControl (209)
[2017.08.01-15.29.59:301][362]LogModuleManager: Shutting down and abandoning module PhysXVehiclesEditor (206)
[2017.08.01-15.29.59:301][362]LogModuleManager: Shutting down and abandoning module PhysXVehicles (204)
[2017.08.01-15.29.59:301][362]LogModuleManager: Shutting down and abandoning module LocationServicesBPLibrary (202)
[2017.08.01-15.29.59:301][362]LogModuleManager: Shutting down and abandoning module ImmediatePhysicsEditor (200)
[2017.08.01-15.29.59:301][362]LogModuleManager: Shutting down and abandoning module ImmediatePhysics (198)
[2017.08.01-15.29.59:301][362]LogModuleManager: Shutting down and abandoning module UdpMessaging (196)
[2017.08.01-15.29.59:401][362]LogModuleManager: Shutting down and abandoning module TcpMessaging (194)
[2017.08.01-15.29.59:657][362]LogModuleManager: Shutting down and abandoning module GameplayTagsEditor (192)
[2017.08.01-15.29.59:657][362]LogModuleManager: Shutting down and abandoning module FacialAnimation (190)
[2017.08.01-15.29.59:657][362]LogModuleManager: Shutting down and abandoning module AssetManagerEditor (188)
[2017.08.01-15.29.59:657][362]LogModuleManager: Shutting down and abandoning module GraphEditor (187)
[2017.08.01-15.29.59:657][362]LogModuleManager: Shutting down and abandoning module ContentBrowser (185)
[2017.08.01-15.29.59:657][362]LogModuleManager: Shutting down and abandoning module CollectionManager (184)
[2017.08.01-15.29.59:657][362]LogDirectoryWatcher: A directory notification for 'D:/indie/indie/Content/Collections/' was aborted.
[2017.08.01-15.29.59:657][362]LogDirectoryWatcher: A directory notification for 'D:/indie/indie/Content/Developers/Lomakin/Collections/' was aborted.
[2017.08.01-15.29.59:657][362]LogDirectoryWatcher: A directory notification for 'D:/indie/indie/Saved/Collections/' was aborted.
[2017.08.01-15.29.59:657][362]LogModuleManager: Shutting down and abandoning module DirectoryWatcher (183)
[2017.08.01-15.29.59:657][362]LogModuleManager: Shutting down and abandoning module LightPropagationVolumeRuntime (178)
[2017.08.01-15.29.59:658][362]LogModuleManager: Shutting down and abandoning module Paper2D (176)
[2017.08.01-15.29.59:658][362]LogModuleManager: Shutting down and abandoning module WindowsMoviePlayer (174)
[2017.08.01-15.29.59:658][362]LogModuleManager: Shutting down and abandoning module WmfMedia (172)
[2017.08.01-15.29.59:658][362]LogModuleManager: Shutting down and abandoning module ClothingSystemEditor (170)
[2017.08.01-15.29.59:658][362]LogModuleManager: Shutting down and abandoning module ClothingSystemRuntime (168)
[2017.08.01-15.29.59:658][362]LogModuleManager: Shutting down and abandoning module MediaAssets (166)
[2017.08.01-15.29.59:658][362]LogModuleManager: Shutting down and abandoning module GameLiveStreaming (164)
[2017.08.01-15.29.59:658][362]LogModuleManager: Shutting down and abandoning module VREditor (162)
[2017.08.01-15.29.59:658][362]LogModuleManager: Shutting down and abandoning module StringTableEditor (160)
[2017.08.01-15.29.59:658][362]LogModuleManager: Shutting down and abandoning module GameplayTasksEditor (158)
[2017.08.01-15.29.59:658][362]LogModuleManager: Shutting down and abandoning module BehaviorTreeEditor (156)
[2017.08.01-15.29.59:658][362]LogModuleManager: Shutting down and abandoning module FunctionalTesting (154)
[2017.08.01-15.29.59:658][362]LogModuleManager: Shutting down and abandoning module CollisionAnalyzer (152)
[2017.08.01-15.29.59:658][362]LogModuleManager: Shutting down and abandoning module UMG (150)
[2017.08.01-15.29.59:658][362]LogModuleManager: Shutting down and abandoning module UMGEditor (149)
[2017.08.01-15.29.59:658][362]LogModuleManager: Shutting down and abandoning module Sequencer (148)
[2017.08.01-15.29.59:658][362]LogModuleManager: Shutting down and abandoning module AssetTools (146)
[2017.08.01-15.29.59:658][362]LogModuleManager: Shutting down and abandoning module MessageLog (145)
[2017.08.01-15.29.59:658][362]LogModuleManager: Shutting down and abandoning module WorkspaceMenuStructure (144)
[2017.08.01-15.29.59:658][362]LogModuleManager: Shutting down and abandoning module SlateReflector (138)
[2017.08.01-15.29.59:658][362]LogModuleManager: Shutting down and abandoning module Slate (136)
[2017.08.01-15.29.59:658][362]LogModuleManager: Shutting down and abandoning module EditorStyle (134)
[2017.08.01-15.29.59:660][362]LogModuleManager: Shutting down and abandoning module Messaging (132)
[2017.08.01-15.29.59:660][362]LogModuleManager: Shutting down and abandoning module SourceCodeAccess (130)
[2017.08.01-15.29.59:660][362]LogModuleManager: Shutting down and abandoning module HeadMountedDisplay (128)
[2017.08.01-15.29.59:660][362]LogModuleManager: Shutting down and abandoning module XAudio2 (126)
[2017.08.01-15.29.59:660][362]LogModuleManager: Shutting down and abandoning module Networking (124)
[2017.08.01-15.29.59:660][362]LogModuleManager: Shutting down and abandoning module Core (120)
[2017.08.01-15.29.59:660][362]LogModuleManager: Shutting down and abandoning module KismetCompiler (118)
[2017.08.01-15.29.59:660][362]LogModuleManager: Shutting down and abandoning module LevelSequence (116)
[2017.08.01-15.29.59:660][362]LogModuleManager: Shutting down and abandoning module PhysXFormats (114)
[2017.08.01-15.29.59:660][362]LogModuleManager: Shutting down and abandoning module MeshUtilities (112)
