Log file open, 08/03/17 21:29:12
LogInit:Display: Running engine for game: indie
LogPlatformFile: Not using cached read wrapper
LogInit:Display: RandInit(472349629) SRandInit(472349629).
LogTaskGraph: Started task graph with 5 named threads and 8 total threads with 1 sets of task threads.
LogStats: Stats thread started at 0.089593
LogInit: Using libcurl 7.47.1
LogInit:  - built for x86_64-pc-win32
LogInit:  - supports SSL with OpenSSL/1.0.2g
LogInit:  - supports HTTP deflate (compression) using libz 1.2.8
LogInit:  - other features:
LogInit:      CURL_VERSION_SSL
LogInit:      CURL_VERSION_LIBZ
LogInit:      CURL_VERSION_IPV6
LogInit:      CURL_VERSION_ASYNCHDNS
LogInit:      CURL_VERSION_LARGEFILE
LogInit:      CURL_VERSION_IDN
LogInit:  CurlRequestOptions (configurable via config and command line):
LogInit:  - bVerifyPeer = false  - Libcurl will NOT verify peer certificate
LogInit:  - bUseHttpProxy = false  - Libcurl will NOT use HTTP proxy
LogInit:  - bDontReuseConnections = false  - Libcurl will reuse connections
LogInit:  - CertBundlePath = nullptr  - Libcurl will use whatever was configured at build time.
LogInit: Build: ++UE4+Release-4.16-CL-3561208
LogInit: Engine Version: 4.16.3-3561208+++UE4+Release-4.16
LogInit: Compatible Engine Version: 4.16.0-3452394+++UE4+Release-4.16
LogInit: Net CL: 3452394
LogDevObjectVersion: Number of dev versions registered: 16
LogDevObjectVersion:   Dev-Blueprints (B0D832E4-1F89-4F0D-ACCF-7EB736FD4AA2): 9
LogDevObjectVersion:   Dev-Build (E1C64328-A22C-4D53-A36C-8E866417BD8C): 0
LogDevObjectVersion:   Dev-Core (375EC13C-06E4-48FB-B500-84F0262A717E): 2
LogDevObjectVersion:   Dev-Editor (E4B068ED-F494-42E9-A231-DA0B2E46BB41): 17
LogDevObjectVersion:   Dev-Framework (CFFC743F-43B0-4480-9391-14DF171D2073): 23
LogDevObjectVersion:   Dev-Mobile (B02B49B5-BB20-44E9-A304-32B752E40360): 0
LogDevObjectVersion:   Dev-Networking (A4E4105C-59A1-49B5-A7C5-40C4547EDFEE): 0
LogDevObjectVersion:   Dev-Online (39C831C9-5AE6-47DC-9A44-9C173E1C8E7C): 0
LogDevObjectVersion:   Dev-Physics (78F01B33-EBEA-4F98-B9B4-84EACCB95AA2): 0
LogDevObjectVersion:   Dev-Platform (6631380F-2D4D-43E0-8009-CF276956A95A): 0
LogDevObjectVersion:   Dev-Rendering (12F88B9F-8875-4AFC-A67C-D90C383ABD29): 15
LogDevObjectVersion:   Dev-Sequencer (7B5AE74C-D270-4C10-A958-57980B212A5A): 4
LogDevObjectVersion:   Dev-VR (D7296918-1DD6-4BDD-9DE2-64A83CC13884): 0
LogDevObjectVersion:   Dev-LoadTimes (C2A15278-BFE7-4AFE-6C17-90FF531DF755): 1
LogDevObjectVersion:   Private-Geometry (6EACA3D4-40EC-4CC1-B786-8BED09428FC5): 1
LogDevObjectVersion:   Dev-AnimPhys (29E575DD-E0A3-4627-9D10-D276232CDCEA): 3
LogInit: Compiled (64-bit): Jul 28 2017 11:49:47
LogInit: Compiled with Visual C++: 19.00.24215.01
LogInit: Build Configuration: Development
LogInit: Branch Name: ++UE4+Release-4.16
LogInit: Command line:  
LogInit: Base directory: D:/Program Files/Epic Games/UE_4.16/Engine/Binaries/Win64/
LogInit: Installed Engine Build: 1
LogInit: Presizing for max 8388607 objects, including 0 objects not considered by GC, pre-allocating 0 bytes for permanent pool.
LogInit: Object subsystem initialized
[2017.08.03-14.29.13:112][  0]LogInit: Selected Device Profile: [Windows]
[2017.08.03-14.29.13:112][  0]LogInit: Applying CVar settings loaded from the selected device profile: [Windows]
[2017.08.03-14.29.13:135][  0]LogInit: Computer: DESKTOP-F5G54J5
[2017.08.03-14.29.13:135][  0]LogInit: User: Lomakin
[2017.08.03-14.29.13:135][  0]LogInit: CPU Page size=4096, Cores=4
[2017.08.03-14.29.13:135][  0]LogInit: High frequency timer resolution =3.312787 MHz
[2017.08.03-14.29.13:135][  0]LogMemory: Memory total: Physical=16.0GB (16GB approx)
[2017.08.03-14.29.13:135][  0]LogMemory: Platform Memory Stats for Windows
[2017.08.03-14.29.13:135][  0]LogMemory: Process Physical Memory: 273.51 MB used, 273.51 MB peak
[2017.08.03-14.29.13:135][  0]LogMemory: Process Virtual Memory: 261.14 MB used, 261.14 MB peak
[2017.08.03-14.29.13:135][  0]LogMemory: Physical Memory: 8133.54 MB used,  8233.57 MB free, 16367.11 MB total
[2017.08.03-14.29.13:135][  0]LogMemory: Virtual Memory: 638.65 MB used,  8233.57 MB free, 134217728.00 MB total
[2017.08.03-14.29.13:211][  0]LogInit: Using OS detected language (ru-RU).
[2017.08.03-14.29.13:211][  0]LogInit: Using OS detected locale (ru-RU).
[2017.08.03-14.29.13:214][  0]LogTextLocalizationManager: No localization for 'ru-RU' exists, so 'en' will be used for the language.
[2017.08.03-14.29.13:215][  0]LogTextLocalizationManager: No localization for 'ru-RU' exists, so 'en' will be used for the locale.
[2017.08.03-14.29.14:201][  0]LogD3D11RHI: D3D11 adapters:
[2017.08.03-14.29.14:236][  0]LogD3D11RHI:    0. 'NVIDIA GeForce GTX 550 Ti' (Feature Level 11_0)
[2017.08.03-14.29.14:236][  0]LogD3D11RHI:       977/0/8183 MB DedicatedVideo/DedicatedSystem/SharedSystem, Outputs:2, VendorId:0x10de
[2017.08.03-14.29.14:237][  0]LogD3D11RHI:    1. 'Microsoft Basic Render Driver' (Feature Level 11_0)
[2017.08.03-14.29.14:237][  0]LogD3D11RHI:       0/0/8183 MB DedicatedVideo/DedicatedSystem/SharedSystem, Outputs:0, VendorId:0x1414
[2017.08.03-14.29.14:237][  0]LogD3D11RHI: Chosen D3D11 Adapter: 0
[2017.08.03-14.29.14:242][  0]LogD3D11RHI: Creating new Direct3DDevice
[2017.08.03-14.29.14:242][  0]LogD3D11RHI:     GPU DeviceId: 0x1244 (for the marketing name, search the web for "GPU Device Id")
[2017.08.03-14.29.14:242][  0]LogWindows: EnumDisplayDevices:
[2017.08.03-14.29.14:242][  0]LogWindows:    0. 'NVIDIA GeForce GTX 550 Ti' (P:1 D:1)
[2017.08.03-14.29.14:243][  0]LogWindows:    1. 'NVIDIA GeForce GTX 550 Ti' (P:0 D:1)
[2017.08.03-14.29.14:243][  0]LogWindows: DebugString: FoundDriverCount:2 
[2017.08.03-14.29.14:243][  0]LogD3D11RHI:     Adapter Name: NVIDIA GeForce GTX 550 Ti
[2017.08.03-14.29.14:243][  0]LogD3D11RHI:   Driver Version: 376.53 (internal:21.21.13.7653, unified:376.53)
[2017.08.03-14.29.14:243][  0]LogD3D11RHI:      Driver Date: 12-29-2016
[2017.08.03-14.29.14:243][  0]LogRHI: Texture pool is 684 MB (70% of 977 MB)
[2017.08.03-14.29.14:266][  0]LogD3D11RHI:Display: Timestamp queries are currently disabled on this hardware due to instability. Realtime GPU stats will not be available. You can override this behaviour by setting r.NVIDIATimestampWorkaround to 0
[2017.08.03-14.29.14:266][  0]LogD3D11RHI: Async texture creation enabled
[2017.08.03-14.29.14:287][  0]LogD3D11RHI: GPU Timing Frequency: 1000.000000 (Debug: 2 3)
[2017.08.03-14.29.14:383][  0]LogShaderCompilers: Guid format shader working directory is 18 characters bigger than the processId version (../../../../../../indie/indie/Intermediate/Shaders/WorkingDirectory/10192/).
[2017.08.03-14.29.14:383][  0]LogShaderCompilers: Cleaned the shader compiler working directory 'C:/Users/Lomakin/AppData/Local/Temp/UnrealShaderWorkingDir/ED03F7F1408C304546DE55AFD1534E9F/'.
[2017.08.03-14.29.14:383][  0]LogShaderCompilers:Display: Using Local Shader Compiler.
[2017.08.03-14.29.15:622][  0]LogTemp:Display: Loaded TP AllDesktopTargetPlatform
[2017.08.03-14.29.15:673][  0]LogTemp:Display: Loaded TP MacClientTargetPlatform
[2017.08.03-14.29.15:721][  0]LogTemp:Display: Loaded TP MacNoEditorTargetPlatform
[2017.08.03-14.29.15:772][  0]LogTemp:Display: Loaded TP MacServerTargetPlatform
[2017.08.03-14.29.15:824][  0]LogTemp:Display: Loaded TP MacTargetPlatform
[2017.08.03-14.29.15:879][  0]LogTemp:Display: Loaded TP WindowsClientTargetPlatform
[2017.08.03-14.29.15:929][  0]LogTemp:Display: Loaded TP WindowsNoEditorTargetPlatform
[2017.08.03-14.29.15:980][  0]LogTemp:Display: Loaded TP WindowsServerTargetPlatform
[2017.08.03-14.29.16:020][  0]LogTemp:Display: Loaded TP WindowsTargetPlatform
[2017.08.03-14.29.16:066][  0]LogTemp:Display: Loaded TP AndroidTargetPlatform
[2017.08.03-14.29.16:113][  0]LogTemp:Display: Loaded TP Android_ASTCTargetPlatform
[2017.08.03-14.29.16:159][  0]LogTemp:Display: Loaded TP Android_ATCTargetPlatform
[2017.08.03-14.29.16:204][  0]LogTemp:Display: Loaded TP Android_DXTTargetPlatform
[2017.08.03-14.29.16:250][  0]LogTemp:Display: Loaded TP Android_ETC1TargetPlatform
[2017.08.03-14.29.16:315][  0]LogTemp:Display: Loaded TP Android_ETC2TargetPlatform
[2017.08.03-14.29.16:426][  0]LogTemp:Display: Loaded TP Android_MultiTargetPlatform
[2017.08.03-14.29.16:426][  0]LogTemp:Display: Loaded TP Android_PVRTCTargetPlatform
[2017.08.03-14.29.16:476][  0]LogTemp:Display: Loaded TP HTML5TargetPlatform
[2017.08.03-14.29.16:582][  0]LogTemp:Display: Loaded TP IOSTargetPlatform
[2017.08.03-14.29.16:632][  0]LogTemp:Display: Loaded TP TVOSTargetPlatform
[2017.08.03-14.29.16:684][  0]LogTemp:Display: Loaded TP LinuxClientTargetPlatform
[2017.08.03-14.29.16:729][  0]LogTemp:Display: Loaded TP LinuxNoEditorTargetPlatform
[2017.08.03-14.29.16:779][  0]LogTemp:Display: Loaded TP LinuxServerTargetPlatform
[2017.08.03-14.29.16:825][  0]LogTemp:Display: Loaded TP LinuxTargetPlatform
[2017.08.03-14.29.16:825][  0]LogTargetPlatformManager:Display: Building Assets For Windows
[2017.08.03-14.29.17:255][  0]LogDerivedDataCache:Display: Max Cache Size: 512 MB
[2017.08.03-14.29.17:351][  0]LogDerivedDataCache: Loaded boot cache 0.10s 90MB C:/Users/Lomakin/AppData/Local/UnrealEngine/4.16/DerivedDataCache/Boot.ddc.
[2017.08.03-14.29.17:351][  0]LogDerivedDataCache:Display: Loaded Boot cache: C:/Users/Lomakin/AppData/Local/UnrealEngine/4.16/DerivedDataCache/Boot.ddc
[2017.08.03-14.29.17:351][  0]LogDerivedDataCache: FDerivedDataBackendGraph:  Pak pak cache file ../../../../../../indie/indie/DerivedDataCache/DDC.ddp not found, will not use a pak cache.
[2017.08.03-14.29.17:351][  0]LogDerivedDataCache: Unable to find inner node Pak for hierarchical cache Hierarchy.
[2017.08.03-14.29.17:351][  0]LogDerivedDataCache: FDerivedDataBackendGraph:  CompressedPak pak cache file ../../../../../../indie/indie/DerivedDataCache/Compressed.ddp not found, will not use a pak cache.
[2017.08.03-14.29.17:351][  0]LogDerivedDataCache: Unable to find inner node CompressedPak for hierarchical cache Hierarchy.
[2017.08.03-14.29.17:371][  0]LogDerivedDataCache:Display: Pak cache opened for reading ../../../Engine/DerivedDataCache/Compressed.ddp.
[2017.08.03-14.29.17:383][  0]LogDerivedDataCache: Using Local data cache path C:/Users/Lomakin/AppData/Local/UnrealEngine/Common/DerivedDataCache: Writable
[2017.08.03-14.29.17:394][  0]LogMaterial: Verifying Global Shaders for PCD3D_SM5
[2017.08.03-14.29.17:395][  0]LogSlate: Using Freetype 2.6.0
[2017.08.03-14.29.17:395][  0]LogSlate: SlateFontCache - WITH_FREETYPE: 1, WITH_HARFBUZZ: 1
[2017.08.03-14.29.17:395][  0]LogSlate: SlateFontCache - WITH_FREETYPE: 1, WITH_HARFBUZZ: 1
[2017.08.03-14.29.17:766][  0]LogInit: Selected Device Profile: [Windows]
[2017.08.03-14.29.17:842][  0]LogContentStreaming: Texture pool size is 0.00 MB
[2017.08.03-14.29.18:006][  0]LogMeshUtilities: Using QuadricMeshReduction for automatic static mesh reduction
[2017.08.03-14.29.18:048][  0]LogSimplygon: Simplygon DLL not present - disabling.
[2017.08.03-14.29.18:105][  0]LogMeshUtilities: Using SimplygonSwarm for distributed automatic mesh merging
[2017.08.03-14.29.18:105][  0]LogMeshUtilities: No automatic skeletal mesh reduction module available
[2017.08.03-14.29.18:105][  0]LogMeshUtilities: No automatic mesh merging module available
[2017.08.03-14.29.18:659][  0]LogNetVersion: indie , NetCL: 3452394, EngineNetVer: 2, GameNetVer: 0 (Checksum: 2634455423)
[2017.08.03-14.29.18:719][  0]LogAssetRegistry: FAssetRegistry took 0.0260 seconds to start up
[2017.08.03-14.29.18:769][  0]LogPackageLocalizationCache: Processed 4 localized package path(s) for 1 prioritized culture(s) in 0.015677 seconds
[2017.08.03-14.29.18:775][  0]LogUObjectArray: 34194 objects as part of root set at end of initial load.
[2017.08.03-14.29.18:775][  0]LogUObjectAllocator: 7260424 out of 0 bytes used by permanent object pool.
[2017.08.03-14.29.18:775][  0]LogUObjectArray: CloseDisregardForGC: 0/0 objects in disregard for GC pool
[2017.08.03-14.29.18:829][  0]LogInit: WinSock: version 1.1 (2.2), MaxSocks=32767, MaxUdp=65467
[2017.08.03-14.29.21:248][  0]LogTcpMessaging: Initializing TcpMessaging bridge
[2017.08.03-14.29.21:284][  0]LogUdpMessaging: Initializing bridge on interface 0.0.0.0:0 to multicast group 230.0.0.1:6666.
[2017.08.03-14.29.21:793][  0]LogMaterial: Uniform references updated for custom material expression Custom.
[2017.08.03-14.29.22:147][  0]SourceControl: Info Source control is disabled
[2017.08.03-14.29.22:148][  0]SourceControl: Info Source control is disabled
[2017.08.03-14.29.22:204][  0]SourceControl: Info Source control is disabled
[2017.08.03-14.29.22:244][  0]SourceControl: Info Source control is disabled
[2017.08.03-14.29.22:476][  0]LogLinker:Warning: Can't find file '/Game/2DSideScrollerBP/2DSideScrollerOverview'
[2017.08.03-14.29.22:476][  0]LogLinker:Warning: Can't find file '/Game/2DSideScrollerBP/2DSideScrollerOverview'
[2017.08.03-14.29.22:476][  0]LogUObjectGlobals:Warning: Failed to find object 'Class /Game/2DSideScrollerBP/2DSideScrollerOverview.2DSideScrollerOverview_C'
[2017.08.03-14.29.22:827][  0]LogAndroidPermission: UAndroidPermissionCallbackProxy::GetInstance
[2017.08.03-14.29.23:491][  0]LogEngine: Initializing Engine...
[2017.08.03-14.29.23:492][  0]LogHMD: Failed to initialize OpenVR with code 110
[2017.08.03-14.29.23:730][  0]LogStats: UGameplayTagsManager::ConstructGameplayTagTree: Construct from data asset -  0.000 s
[2017.08.03-14.29.23:730][  0]LogStats: UGameplayTagsManager::ConstructGameplayTagTree: GameplayTagTreeChangedEvent.Broadcast -  0.000 s
[2017.08.03-14.29.23:859][  0]LogAIModule: Creating AISystem for world Untitled
[2017.08.03-14.29.23:870][  0]LogInit: XAudio2 using 'Динамики (Realtek High Definition Audio)' : 2 channels at 48 kHz using 32 bits per sample (channel mask 0x3)
[2017.08.03-14.29.23:882][  0]LogInit: FAudioDevice initialized.
[2017.08.03-14.29.23:928][  0]LogDerivedDataCache: Saved boot cache 0.05s 90MB C:/Users/Lomakin/AppData/Local/UnrealEngine/4.16/DerivedDataCache/Boot.ddc.
[2017.08.03-14.29.23:949][  0]LogInit: Texture streaming: Enabled
[2017.08.03-14.29.24:040][  0]LogEngineSessionManager: EngineSessionManager initialized
[2017.08.03-14.29.24:234][  0]LogInit: Transaction tracking system initialized
[2017.08.03-14.29.24:501][  0]BlueprintLog: New page: Editor Load
[2017.08.03-14.29.25:338][  0]LocalizationService: Info Localization service is disabled
[2017.08.03-14.29.25:937][  0]LogConsoleResponse:Display: 
[2017.08.03-14.29.26:077][  0]LogCook:Display: Max memory allowance for cook 16384mb min free memory 0mb
[2017.08.03-14.29.26:077][  0]LogCook:Display: Mobile HDR setting 0
[2017.08.03-14.29.26:201][  0]LogFileCache: Scanning file cache for directory 'D:/indie/indie/Content/' took 0.01s
[2017.08.03-14.29.26:201][  0]LogCook:Display: Cooked content cleared for platform AllDesktop
[2017.08.03-14.29.26:202][  0]LogCook:Display: Unable to read previous cook inisettings for platform AllDesktop invalidating cook
[2017.08.03-14.29.26:251][  0]LogCook:Display: Cooked content cleared for platform MacClient
[2017.08.03-14.29.26:252][  0]LogCook:Display: Unable to read previous cook inisettings for platform MacClient invalidating cook
[2017.08.03-14.29.26:333][  0]LogCook:Display: Cooked content cleared for platform MacNoEditor
[2017.08.03-14.29.26:334][  0]LogCook:Display: Unable to read previous cook inisettings for platform MacNoEditor invalidating cook
[2017.08.03-14.29.26:382][  0]LogCook:Display: Cooked content cleared for platform MacServer
[2017.08.03-14.29.26:383][  0]LogCook:Display: Unable to read previous cook inisettings for platform MacServer invalidating cook
[2017.08.03-14.29.26:431][  0]LogCook:Display: Cooked content cleared for platform Mac
[2017.08.03-14.29.26:432][  0]LogCook:Display: Unable to read previous cook inisettings for platform Mac invalidating cook
[2017.08.03-14.29.26:483][  0]LogCook:Display: Cooked content cleared for platform WindowsClient
[2017.08.03-14.29.26:484][  0]LogCook:Display: Unable to read previous cook inisettings for platform WindowsClient invalidating cook
[2017.08.03-14.29.26:532][  0]LogCook:Display: Cooked content cleared for platform WindowsNoEditor
[2017.08.03-14.29.26:533][  0]LogCook:Display: Unable to read previous cook inisettings for platform WindowsNoEditor invalidating cook
[2017.08.03-14.29.26:582][  0]LogCook:Display: Cooked content cleared for platform WindowsServer
[2017.08.03-14.29.26:583][  0]LogCook:Display: Unable to read previous cook inisettings for platform WindowsServer invalidating cook
[2017.08.03-14.29.26:633][  0]LogCook:Display: Cooked content cleared for platform Windows
[2017.08.03-14.29.26:634][  0]LogCook:Display: Unable to read previous cook inisettings for platform Windows invalidating cook
[2017.08.03-14.29.26:682][  0]LogCook:Display: Cooked content cleared for platform Android
[2017.08.03-14.29.26:683][  0]LogCook:Display: Unable to read previous cook inisettings for platform Android invalidating cook
[2017.08.03-14.29.26:735][  0]LogCook:Display: Cooked content cleared for platform Android_ASTC
[2017.08.03-14.29.26:736][  0]LogCook:Display: Unable to read previous cook inisettings for platform Android_ASTC invalidating cook
[2017.08.03-14.29.26:787][  0]LogCook:Display: Cooked content cleared for platform Android_ATC
[2017.08.03-14.29.26:788][  0]LogCook:Display: Unable to read previous cook inisettings for platform Android_ATC invalidating cook
[2017.08.03-14.29.26:836][  0]LogCook:Display: Cooked content cleared for platform Android_DXT
[2017.08.03-14.29.26:837][  0]LogCook:Display: Unable to read previous cook inisettings for platform Android_DXT invalidating cook
[2017.08.03-14.29.26:888][  0]LogCook:Display: Cooked content cleared for platform Android_ETC1
[2017.08.03-14.29.26:889][  0]LogCook:Display: Unable to read previous cook inisettings for platform Android_ETC1 invalidating cook
[2017.08.03-14.29.26:939][  0]LogCook:Display: Cooked content cleared for platform Android_ETC2
[2017.08.03-14.29.26:940][  0]LogCook:Display: Unable to read previous cook inisettings for platform Android_ETC2 invalidating cook
[2017.08.03-14.29.26:991][  0]LogCook:Display: Cooked content cleared for platform Android_Multi
[2017.08.03-14.29.26:992][  0]LogCook:Display: Unable to read previous cook inisettings for platform Android_Multi invalidating cook
[2017.08.03-14.29.27:042][  0]LogCook:Display: Cooked content cleared for platform Android_PVRTC
[2017.08.03-14.29.27:043][  0]LogCook:Display: Unable to read previous cook inisettings for platform Android_PVRTC invalidating cook
[2017.08.03-14.29.27:093][  0]LogCook:Display: Cooked content cleared for platform HTML5
[2017.08.03-14.29.27:094][  0]LogCook:Display: Unable to read previous cook inisettings for platform HTML5 invalidating cook
[2017.08.03-14.29.27:143][  0]LogCook:Display: Cooked content cleared for platform IOS
[2017.08.03-14.29.27:144][  0]LogCook:Display: Unable to read previous cook inisettings for platform IOS invalidating cook
[2017.08.03-14.29.27:194][  0]LogCook:Display: Cooked content cleared for platform TVOS
[2017.08.03-14.29.27:195][  0]LogCook:Display: Unable to read previous cook inisettings for platform TVOS invalidating cook
[2017.08.03-14.29.27:244][  0]LogCook:Display: Cooked content cleared for platform LinuxClient
[2017.08.03-14.29.27:245][  0]LogCook:Display: Unable to read previous cook inisettings for platform LinuxClient invalidating cook
[2017.08.03-14.29.27:294][  0]LogCook:Display: Cooked content cleared for platform LinuxNoEditor
[2017.08.03-14.29.27:295][  0]LogCook:Display: Unable to read previous cook inisettings for platform LinuxNoEditor invalidating cook
[2017.08.03-14.29.27:344][  0]LogCook:Display: Cooked content cleared for platform LinuxServer
[2017.08.03-14.29.27:344][  0]LogCook:Display: Unable to read previous cook inisettings for platform LinuxServer invalidating cook
[2017.08.03-14.29.27:393][  0]LogCook:Display: Cooked content cleared for platform Linux
[2017.08.03-14.29.27:394][  0]LogCook:Display: Unable to read previous cook inisettings for platform Linux invalidating cook
[2017.08.03-14.29.27:443][  0]LogCook:Display: Sandbox cleanup took 1.242 seconds for platforms AllDesktop MacClient MacNoEditor MacServer Mac WindowsClient WindowsNoEditor WindowsServer Windows Android Android_ASTC Android_ATC Android_DXT Android_ETC1 Android_ETC2 Android_Multi Android_PVRTC HTML5 IOS TVOS LinuxClient LinuxNoEditor LinuxServer Linux  iterative false
[2017.08.03-14.29.27:443][  0]LogAssetRegistryGenerator:Display: Saving asset registry.
[2017.08.03-14.29.27:458][  0]LogAssetRegistryGenerator:Display: Generated asset registry num assets 0, size is  0.04kb
[2017.08.03-14.29.27:458][  0]LogAssetRegistryGenerator:Display: Done saving asset registry.
[2017.08.03-14.29.27:458][  0]LogAssetRegistryGenerator:Display: Saving asset registry.
[2017.08.03-14.29.27:469][  0]LogAssetRegistryGenerator:Display: Generated asset registry num assets 0, size is  0.04kb
[2017.08.03-14.29.27:469][  0]LogAssetRegistryGenerator:Display: Done saving asset registry.
[2017.08.03-14.29.27:469][  0]LogAssetRegistryGenerator:Display: Saving asset registry.
[2017.08.03-14.29.27:480][  0]LogAssetRegistryGenerator:Display: Generated asset registry num assets 0, size is  0.04kb
[2017.08.03-14.29.27:480][  0]LogAssetRegistryGenerator:Display: Done saving asset registry.
[2017.08.03-14.29.27:480][  0]LogAssetRegistryGenerator:Display: Saving asset registry.
[2017.08.03-14.29.27:493][  0]LogAssetRegistryGenerator:Display: Generated asset registry num assets 0, size is  0.04kb
[2017.08.03-14.29.27:493][  0]LogAssetRegistryGenerator:Display: Done saving asset registry.
[2017.08.03-14.29.27:493][  0]LogAssetRegistryGenerator:Display: Saving asset registry.
[2017.08.03-14.29.27:504][  0]LogAssetRegistryGenerator:Display: Generated asset registry num assets 0, size is  0.04kb
[2017.08.03-14.29.27:504][  0]LogAssetRegistryGenerator:Display: Done saving asset registry.
[2017.08.03-14.29.27:504][  0]LogAssetRegistryGenerator:Display: Saving asset registry.
[2017.08.03-14.29.27:516][  0]LogAssetRegistryGenerator:Display: Generated asset registry num assets 0, size is  0.04kb
[2017.08.03-14.29.27:516][  0]LogAssetRegistryGenerator:Display: Done saving asset registry.
[2017.08.03-14.29.27:516][  0]LogAssetRegistryGenerator:Display: Saving asset registry.
[2017.08.03-14.29.27:528][  0]LogAssetRegistryGenerator:Display: Generated asset registry num assets 0, size is  0.04kb
[2017.08.03-14.29.27:528][  0]LogAssetRegistryGenerator:Display: Done saving asset registry.
[2017.08.03-14.29.27:528][  0]LogAssetRegistryGenerator:Display: Saving asset registry.
[2017.08.03-14.29.27:539][  0]LogAssetRegistryGenerator:Display: Generated asset registry num assets 0, size is  0.04kb
[2017.08.03-14.29.27:539][  0]LogAssetRegistryGenerator:Display: Done saving asset registry.
[2017.08.03-14.29.27:539][  0]LogAssetRegistryGenerator:Display: Saving asset registry.
[2017.08.03-14.29.27:552][  0]LogAssetRegistryGenerator:Display: Generated asset registry num assets 0, size is  0.04kb
[2017.08.03-14.29.27:552][  0]LogAssetRegistryGenerator:Display: Done saving asset registry.
[2017.08.03-14.29.27:552][  0]LogAssetRegistryGenerator:Display: Saving asset registry.
[2017.08.03-14.29.27:563][  0]LogAssetRegistryGenerator:Display: Generated asset registry num assets 0, size is  0.04kb
[2017.08.03-14.29.27:563][  0]LogAssetRegistryGenerator:Display: Done saving asset registry.
[2017.08.03-14.29.27:563][  0]LogAssetRegistryGenerator:Display: Saving asset registry.
[2017.08.03-14.29.27:574][  0]LogAssetRegistryGenerator:Display: Generated asset registry num assets 0, size is  0.04kb
[2017.08.03-14.29.27:574][  0]LogAssetRegistryGenerator:Display: Done saving asset registry.
[2017.08.03-14.29.27:574][  0]LogAssetRegistryGenerator:Display: Saving asset registry.
[2017.08.03-14.29.27:588][  0]LogAssetRegistryGenerator:Display: Generated asset registry num assets 0, size is  0.04kb
[2017.08.03-14.29.27:588][  0]LogAssetRegistryGenerator:Display: Done saving asset registry.
[2017.08.03-14.29.27:588][  0]LogAssetRegistryGenerator:Display: Saving asset registry.
[2017.08.03-14.29.27:603][  0]LogAssetRegistryGenerator:Display: Generated asset registry num assets 0, size is  0.04kb
[2017.08.03-14.29.27:603][  0]LogAssetRegistryGenerator:Display: Done saving asset registry.
[2017.08.03-14.29.27:603][  0]LogAssetRegistryGenerator:Display: Saving asset registry.
[2017.08.03-14.29.27:616][  0]LogAssetRegistryGenerator:Display: Generated asset registry num assets 0, size is  0.04kb
[2017.08.03-14.29.27:616][  0]LogAssetRegistryGenerator:Display: Done saving asset registry.
[2017.08.03-14.29.27:616][  0]LogAssetRegistryGenerator:Display: Saving asset registry.
[2017.08.03-14.29.27:628][  0]LogAssetRegistryGenerator:Display: Generated asset registry num assets 0, size is  0.04kb
[2017.08.03-14.29.27:628][  0]LogAssetRegistryGenerator:Display: Done saving asset registry.
[2017.08.03-14.29.27:628][  0]LogAssetRegistryGenerator:Display: Saving asset registry.
[2017.08.03-14.29.27:640][  0]LogAssetRegistryGenerator:Display: Generated asset registry num assets 0, size is  0.04kb
[2017.08.03-14.29.27:640][  0]LogAssetRegistryGenerator:Display: Done saving asset registry.
[2017.08.03-14.29.27:640][  0]LogAssetRegistryGenerator:Display: Saving asset registry.
[2017.08.03-14.29.27:652][  0]LogAssetRegistryGenerator:Display: Generated asset registry num assets 0, size is  0.04kb
[2017.08.03-14.29.27:652][  0]LogAssetRegistryGenerator:Display: Done saving asset registry.
[2017.08.03-14.29.27:652][  0]LogAssetRegistryGenerator:Display: Saving asset registry.
[2017.08.03-14.29.27:665][  0]LogAssetRegistryGenerator:Display: Generated asset registry num assets 0, size is  0.04kb
[2017.08.03-14.29.27:665][  0]LogAssetRegistryGenerator:Display: Done saving asset registry.
[2017.08.03-14.29.27:665][  0]LogAssetRegistryGenerator:Display: Saving asset registry.
[2017.08.03-14.29.27:677][  0]LogAssetRegistryGenerator:Display: Generated asset registry num assets 0, size is  0.04kb
[2017.08.03-14.29.27:677][  0]LogAssetRegistryGenerator:Display: Done saving asset registry.
[2017.08.03-14.29.27:677][  0]LogAssetRegistryGenerator:Display: Saving asset registry.
[2017.08.03-14.29.27:689][  0]LogAssetRegistryGenerator:Display: Generated asset registry num assets 0, size is  0.04kb
[2017.08.03-14.29.27:689][  0]LogAssetRegistryGenerator:Display: Done saving asset registry.
[2017.08.03-14.29.27:689][  0]LogAssetRegistryGenerator:Display: Saving asset registry.
[2017.08.03-14.29.27:701][  0]LogAssetRegistryGenerator:Display: Generated asset registry num assets 0, size is  0.04kb
[2017.08.03-14.29.27:701][  0]LogAssetRegistryGenerator:Display: Done saving asset registry.
[2017.08.03-14.29.27:701][  0]LogAssetRegistryGenerator:Display: Saving asset registry.
[2017.08.03-14.29.27:713][  0]LogAssetRegistryGenerator:Display: Generated asset registry num assets 0, size is  0.04kb
[2017.08.03-14.29.27:713][  0]LogAssetRegistryGenerator:Display: Done saving asset registry.
[2017.08.03-14.29.27:713][  0]LogAssetRegistryGenerator:Display: Saving asset registry.
[2017.08.03-14.29.27:725][  0]LogAssetRegistryGenerator:Display: Generated asset registry num assets 0, size is  0.04kb
[2017.08.03-14.29.27:725][  0]LogAssetRegistryGenerator:Display: Done saving asset registry.
[2017.08.03-14.29.27:725][  0]LogAssetRegistryGenerator:Display: Saving asset registry.
[2017.08.03-14.29.27:740][  0]LogAssetRegistryGenerator:Display: Generated asset registry num assets 0, size is  0.04kb
[2017.08.03-14.29.27:740][  0]LogAssetRegistryGenerator:Display: Done saving asset registry.
[2017.08.03-14.29.27:769][  0]LogFileServer:Warning: Unreal Network File Server starting up...
[2017.08.03-14.29.27:773][  0]LogInit: WinSock: I am DESKTOP-F5G54J5 (10.0.1.5:0)
[2017.08.03-14.29.27:784][  0]LogFileServer:Display: Unreal Network File Server is ready for client connections on 0.0.0.0:41899!
[2017.08.03-14.29.27:784][  0]LogFileServer:Warning: Unreal Network Http File Server starting up...
[2017.08.03-14.29.27:800][  0]LogFileServer:Display: Unreal Network File Http Server is ready for client connections on port 41898
[2017.08.03-14.29.28:699][  0]SourceControl: Info Source control is disabled
[2017.08.03-14.29.28:699][  0]Cmd: MAP LOAD FILE="../../../../../../indie/indie/Content/2DSideScrollerBP/Maps/2DSideScrollerExampleMap.umap" TEMPLATE=0 SHOWPROGRESS=1 FEATURELEVEL=3
[2017.08.03-14.29.28:700][  0]LightingResults: New page: Lighting Build
[2017.08.03-14.29.28:734][  0]MapCheck: New page: Map Check
[2017.08.03-14.29.28:734][  0]LightingResults: New page: Lighting Build
[2017.08.03-14.29.28:933][  0]LogAIModule: Creating AISystem for world 2DSideScrollerExampleMap
[2017.08.03-14.29.28:937][  0]LogEditorServer: Finished looking for orphan Actors (0.000 secs)
[2017.08.03-14.29.28:949][  0]Cmd: MAP CHECKDEP NOCLEARLOG
[2017.08.03-14.29.28:993][  0]MapCheck: Info Map check complete: 0 Error(s), 0 Warning(s), took 44.399ms to complete.
[2017.08.03-14.29.28:993][  0]LogFileHelpers: Loading map '2DSideScrollerExampleMap' took 0.294
[2017.08.03-14.29.29:173][  0]LogCollectionManager: Loaded 0 collections in 0.000951 seconds
[2017.08.03-14.29.29:261][  0]LogFileCache: Scanning file cache for directory 'D:/indie/indie/Saved/Collections/' took 0.01s
[2017.08.03-14.29.29:261][  0]LogFileCache: Scanning file cache for directory 'D:/indie/indie/Content/Developers/Lomakin/Collections/' took 0.01s
[2017.08.03-14.29.29:261][  0]LogFileCache: Scanning file cache for directory 'D:/indie/indie/Content/Collections/' took 0.01s
[2017.08.03-14.29.29:261][  0]LogCollectionManager: Rebuilt the GUID cache for 0 collections in 0.000002 seconds
[2017.08.03-14.29.29:271][  0]LogContentBrowser: Native class hierarchy populated in 0.0104 seconds. Added 2329 classes and 491 folders.
[2017.08.03-14.29.29:326][  0]LogContentBrowser: Native class hierarchy updated for 'WidgetCarousel' in 0.0005 seconds. Added 0 classes and 0 folders.
[2017.08.03-14.29.29:362][  0]LogContentBrowser: Native class hierarchy updated for 'AddContentDialog' in 0.0005 seconds. Added 0 classes and 0 folders.
[2017.08.03-14.29.29:399][  0]LogContentBrowser: Native class hierarchy updated for 'SceneOutliner' in 0.0007 seconds. Added 1 classes and 2 folders.
[2017.08.03-14.29.29:436][  0]LogCrashTracker: Crashtracker disabled due to settings.
[2017.08.03-14.29.29:441][  0]LogSlate: Took 0.000202 seconds to synchronously load lazily loaded font '../../../Engine/Content/Slate/Fonts/Roboto-Regular.ttf' (155K)
[2017.08.03-14.29.29:443][  0]LogSlate: Took 0.000269 seconds to synchronously load lazily loaded font '../../../Engine/Content/Slate/Fonts/Roboto-Bold.ttf' (160K)
[2017.08.03-14.29.29:452][  0]LogSlate: Took 0.000282 seconds to synchronously load lazily loaded font '../../../Engine/Content/Editor/Slate/Fonts/FontAwesome.ttf' (139K)
[2017.08.03-14.29.29:573][  0]LogRenderer: Reallocating scene render targets to support 1056x556 NumSamples 1 (Frame:1).
[2017.08.03-14.29.29:683][  0]LogUObjectGlobals:Warning: Failed to find object 'Class None.'
[2017.08.03-14.29.29:767][  0]LogContentBrowser: Native class hierarchy updated for 'HierarchicalLODOutliner' in 0.0007 seconds. Added 1 classes and 2 folders.
[2017.08.03-14.29.29:767][  0]LogLoad: (Engine Initialization) Total time: 18.28 seconds
[2017.08.03-14.29.29:767][  0]LogLoad: (Engine Initialization) Total Blueprint compile time: 0.06 seconds
[2017.08.03-14.29.29:767][  0]LogExternalProfiler: Found external profiler: VSPerf
[2017.08.03-14.29.29:767][  0]LogExternalProfiler: Using external profiler: VSPerf
[2017.08.03-14.29.30:108][  0]LogOcInput: OculusInput pre-init called
[2017.08.03-14.29.30:108][  0]LogHMD: Starting GearVRController plugin
[2017.08.03-14.29.30:131][  0]LogContentStreaming: Texture pool size now 1000 MB
[2017.08.03-14.29.30:175][  0]LogSlate: Took 0.000200 seconds to synchronously load lazily loaded font '../../../Engine/Content/Slate/Fonts/Roboto-Light.ttf' (159K)
[2017.08.03-14.29.30:777][  2]LogAssetRegistry: Asset discovery search completed in 12.0793 seconds
[2017.08.03-14.29.30:783][  2]LogSlate: Took 0.000238 seconds to synchronously load lazily loaded font '../../../Engine/Content/Slate/Fonts/Roboto-Light.ttf' (159K)
[2017.08.03-14.29.30:790][  2]LogCollectionManager: Rebuilt the object cache for 0 collections in 0.000001 seconds (found 0 objects)
[2017.08.03-14.29.30:790][  2]LogCollectionManager: Fixed up redirectors for 0 collections in 0.000049 seconds (updated 0 objects)
[2017.08.03-14.29.40:103][ 30]LogWindowsTextInputMethodSystem:Display: IME system now deactivated.
[2017.08.03-14.29.40:103][ 30]LogWindowsTextInputMethodSystem:Display: IME system now deactivated.
