Log file open, 08/03/17 21:16:35
LogInit:Display: Running engine for game: indie
LogPlatformFile: Not using cached read wrapper
LogInit:Display: RandInit(-2037317769) SRandInit(-2037317769).
LogTaskGraph: Started task graph with 5 named threads and 8 total threads with 1 sets of task threads.
LogStats: Stats thread started at 0.090443
LogInit: Using libcurl 7.47.1
LogInit:  - built for x86_64-pc-win32
LogInit:  - supports SSL with OpenSSL/1.0.2g
LogInit:  - supports HTTP deflate (compression) using libz 1.2.8
LogInit:  - other features:
LogInit:      CURL_VERSION_SSL
LogInit:      CURL_VERSION_LIBZ
LogInit:      CURL_VERSION_IPV6
LogInit:      CURL_VERSION_ASYNCHDNS
LogInit:      CURL_VERSION_LARGEFILE
LogInit:      CURL_VERSION_IDN
LogInit:  CurlRequestOptions (configurable via config and command line):
LogInit:  - bVerifyPeer = false  - Libcurl will NOT verify peer certificate
LogInit:  - bUseHttpProxy = false  - Libcurl will NOT use HTTP proxy
LogInit:  - bDontReuseConnections = false  - Libcurl will reuse connections
LogInit:  - CertBundlePath = nullptr  - Libcurl will use whatever was configured at build time.
LogInit: Build: ++UE4+Release-4.16-CL-3561208
LogInit: Engine Version: 4.16.3-3561208+++UE4+Release-4.16
LogInit: Compatible Engine Version: 4.16.0-3452394+++UE4+Release-4.16
LogInit: Net CL: 3452394
LogDevObjectVersion: Number of dev versions registered: 16
LogDevObjectVersion:   Dev-Blueprints (B0D832E4-1F89-4F0D-ACCF-7EB736FD4AA2): 9
LogDevObjectVersion:   Dev-Build (E1C64328-A22C-4D53-A36C-8E866417BD8C): 0
LogDevObjectVersion:   Dev-Core (375EC13C-06E4-48FB-B500-84F0262A717E): 2
LogDevObjectVersion:   Dev-Editor (E4B068ED-F494-42E9-A231-DA0B2E46BB41): 17
LogDevObjectVersion:   Dev-Framework (CFFC743F-43B0-4480-9391-14DF171D2073): 23
LogDevObjectVersion:   Dev-Mobile (B02B49B5-BB20-44E9-A304-32B752E40360): 0
LogDevObjectVersion:   Dev-Networking (A4E4105C-59A1-49B5-A7C5-40C4547EDFEE): 0
LogDevObjectVersion:   Dev-Online (39C831C9-5AE6-47DC-9A44-9C173E1C8E7C): 0
LogDevObjectVersion:   Dev-Physics (78F01B33-EBEA-4F98-B9B4-84EACCB95AA2): 0
LogDevObjectVersion:   Dev-Platform (6631380F-2D4D-43E0-8009-CF276956A95A): 0
LogDevObjectVersion:   Dev-Rendering (12F88B9F-8875-4AFC-A67C-D90C383ABD29): 15
LogDevObjectVersion:   Dev-Sequencer (7B5AE74C-D270-4C10-A958-57980B212A5A): 4
LogDevObjectVersion:   Dev-VR (D7296918-1DD6-4BDD-9DE2-64A83CC13884): 0
LogDevObjectVersion:   Dev-LoadTimes (C2A15278-BFE7-4AFE-6C17-90FF531DF755): 1
LogDevObjectVersion:   Private-Geometry (6EACA3D4-40EC-4CC1-B786-8BED09428FC5): 1
LogDevObjectVersion:   Dev-AnimPhys (29E575DD-E0A3-4627-9D10-D276232CDCEA): 3
LogInit: Compiled (64-bit): Jul 28 2017 11:49:47
LogInit: Compiled with Visual C++: 19.00.24215.01
LogInit: Build Configuration: Development
LogInit: Branch Name: ++UE4+Release-4.16
LogInit: Command line: -EpicPortal 
LogInit: Base directory: D:/Program Files/Epic Games/UE_4.16/Engine/Binaries/Win64/
LogInit: Installed Engine Build: 1
LogInit: Presizing for max 8388607 objects, including 0 objects not considered by GC, pre-allocating 0 bytes for permanent pool.
LogInit: Object subsystem initialized
[2017.08.03-14.16.35:952][  0]LogInit: Selected Device Profile: [Windows]
[2017.08.03-14.16.35:952][  0]LogInit: Applying CVar settings loaded from the selected device profile: [Windows]
[2017.08.03-14.16.36:030][  0]LogInit: Computer: DESKTOP-F5G54J5
[2017.08.03-14.16.36:030][  0]LogInit: User: Lomakin
[2017.08.03-14.16.36:030][  0]LogInit: CPU Page size=4096, Cores=4
[2017.08.03-14.16.36:030][  0]LogInit: High frequency timer resolution =3.312787 MHz
[2017.08.03-14.16.36:031][  0]LogMemory: Memory total: Physical=16.0GB (16GB approx)
[2017.08.03-14.16.36:031][  0]LogMemory: Platform Memory Stats for Windows
[2017.08.03-14.16.36:031][  0]LogMemory: Process Physical Memory: 273.53 MB used, 273.53 MB peak
[2017.08.03-14.16.36:031][  0]LogMemory: Process Virtual Memory: 261.01 MB used, 261.01 MB peak
[2017.08.03-14.16.36:031][  0]LogMemory: Physical Memory: 8160.39 MB used,  8206.71 MB free, 16367.11 MB total
[2017.08.03-14.16.36:031][  0]LogMemory: Virtual Memory: 638.65 MB used,  8206.71 MB free, 134217728.00 MB total
[2017.08.03-14.16.36:113][  0]LogInit: Using OS detected language (ru-RU).
[2017.08.03-14.16.36:113][  0]LogInit: Using OS detected locale (ru-RU).
[2017.08.03-14.16.36:116][  0]LogTextLocalizationManager: No localization for 'ru-RU' exists, so 'en' will be used for the language.
[2017.08.03-14.16.36:117][  0]LogTextLocalizationManager: No localization for 'ru-RU' exists, so 'en' will be used for the locale.
[2017.08.03-14.16.37:074][  0]LogD3D11RHI: D3D11 adapters:
[2017.08.03-14.16.37:097][  0]LogD3D11RHI:    0. 'NVIDIA GeForce GTX 550 Ti' (Feature Level 11_0)
[2017.08.03-14.16.37:097][  0]LogD3D11RHI:       977/0/8183 MB DedicatedVideo/DedicatedSystem/SharedSystem, Outputs:2, VendorId:0x10de
[2017.08.03-14.16.37:098][  0]LogD3D11RHI:    1. 'Microsoft Basic Render Driver' (Feature Level 11_0)
[2017.08.03-14.16.37:098][  0]LogD3D11RHI:       0/0/8183 MB DedicatedVideo/DedicatedSystem/SharedSystem, Outputs:0, VendorId:0x1414
[2017.08.03-14.16.37:098][  0]LogD3D11RHI: Chosen D3D11 Adapter: 0
[2017.08.03-14.16.37:104][  0]LogD3D11RHI: Creating new Direct3DDevice
[2017.08.03-14.16.37:104][  0]LogD3D11RHI:     GPU DeviceId: 0x1244 (for the marketing name, search the web for "GPU Device Id")
[2017.08.03-14.16.37:104][  0]LogWindows: EnumDisplayDevices:
[2017.08.03-14.16.37:104][  0]LogWindows:    0. 'NVIDIA GeForce GTX 550 Ti' (P:1 D:1)
[2017.08.03-14.16.37:104][  0]LogWindows:    1. 'NVIDIA GeForce GTX 550 Ti' (P:0 D:1)
[2017.08.03-14.16.37:104][  0]LogWindows: DebugString: FoundDriverCount:2 
[2017.08.03-14.16.37:104][  0]LogD3D11RHI:     Adapter Name: NVIDIA GeForce GTX 550 Ti
[2017.08.03-14.16.37:104][  0]LogD3D11RHI:   Driver Version: 376.53 (internal:21.21.13.7653, unified:376.53)
[2017.08.03-14.16.37:104][  0]LogD3D11RHI:      Driver Date: 12-29-2016
[2017.08.03-14.16.37:104][  0]LogRHI: Texture pool is 684 MB (70% of 977 MB)
[2017.08.03-14.16.37:121][  0]LogD3D11RHI:Display: Timestamp queries are currently disabled on this hardware due to instability. Realtime GPU stats will not be available. You can override this behaviour by setting r.NVIDIATimestampWorkaround to 0
[2017.08.03-14.16.37:121][  0]LogD3D11RHI: Async texture creation enabled
[2017.08.03-14.16.37:132][  0]LogD3D11RHI: GPU Timing Frequency: 1000.000000 (Debug: 2 1)
[2017.08.03-14.16.37:229][  0]LogShaderCompilers: Guid format shader working directory is 19 characters bigger than the processId version (../../../../../../indie/indie/Intermediate/Shaders/WorkingDirectory/5600/).
[2017.08.03-14.16.37:229][  0]LogShaderCompilers: Cleaned the shader compiler working directory 'C:/Users/Lomakin/AppData/Local/Temp/UnrealShaderWorkingDir/AE9E23664A5719541868DDB6B90107A1/'.
[2017.08.03-14.16.37:229][  0]LogShaderCompilers:Display: Using Local Shader Compiler.
[2017.08.03-14.16.38:417][  0]LogTemp:Display: Loaded TP AllDesktopTargetPlatform
[2017.08.03-14.16.38:464][  0]LogTemp:Display: Loaded TP MacClientTargetPlatform
[2017.08.03-14.16.38:509][  0]LogTemp:Display: Loaded TP MacNoEditorTargetPlatform
[2017.08.03-14.16.38:555][  0]LogTemp:Display: Loaded TP MacServerTargetPlatform
[2017.08.03-14.16.38:602][  0]LogTemp:Display: Loaded TP MacTargetPlatform
[2017.08.03-14.16.38:683][  0]LogTemp:Display: Loaded TP WindowsClientTargetPlatform
[2017.08.03-14.16.38:731][  0]LogTemp:Display: Loaded TP WindowsNoEditorTargetPlatform
[2017.08.03-14.16.38:919][  0]LogTemp:Display: Loaded TP WindowsServerTargetPlatform
[2017.08.03-14.16.38:985][  0]LogTemp:Display: Loaded TP WindowsTargetPlatform
[2017.08.03-14.16.39:041][  0]LogTemp:Display: Loaded TP AndroidTargetPlatform
[2017.08.03-14.16.39:103][  0]LogTemp:Display: Loaded TP Android_ASTCTargetPlatform
[2017.08.03-14.16.39:149][  0]LogTemp:Display: Loaded TP Android_ATCTargetPlatform
[2017.08.03-14.16.39:193][  0]LogTemp:Display: Loaded TP Android_DXTTargetPlatform
[2017.08.03-14.16.39:238][  0]LogTemp:Display: Loaded TP Android_ETC1TargetPlatform
[2017.08.03-14.16.39:283][  0]LogTemp:Display: Loaded TP Android_ETC2TargetPlatform
[2017.08.03-14.16.39:373][  0]LogTemp:Display: Loaded TP Android_MultiTargetPlatform
[2017.08.03-14.16.39:373][  0]LogTemp:Display: Loaded TP Android_PVRTCTargetPlatform
[2017.08.03-14.16.39:408][  0]LogTemp:Display: Loaded TP HTML5TargetPlatform
[2017.08.03-14.16.39:509][  0]LogTemp:Display: Loaded TP IOSTargetPlatform
[2017.08.03-14.16.39:538][  0]LogTemp:Display: Loaded TP TVOSTargetPlatform
[2017.08.03-14.16.39:583][  0]LogTemp:Display: Loaded TP LinuxClientTargetPlatform
[2017.08.03-14.16.39:628][  0]LogTemp:Display: Loaded TP LinuxNoEditorTargetPlatform
[2017.08.03-14.16.39:674][  0]LogTemp:Display: Loaded TP LinuxServerTargetPlatform
[2017.08.03-14.16.39:739][  0]LogTemp:Display: Loaded TP LinuxTargetPlatform
[2017.08.03-14.16.39:739][  0]LogTargetPlatformManager:Display: Building Assets For Windows
[2017.08.03-14.16.40:163][  0]LogDerivedDataCache:Display: Max Cache Size: 512 MB
[2017.08.03-14.16.40:269][  0]LogDerivedDataCache: Loaded boot cache 0.11s 90MB C:/Users/Lomakin/AppData/Local/UnrealEngine/4.16/DerivedDataCache/Boot.ddc.
[2017.08.03-14.16.40:269][  0]LogDerivedDataCache:Display: Loaded Boot cache: C:/Users/Lomakin/AppData/Local/UnrealEngine/4.16/DerivedDataCache/Boot.ddc
[2017.08.03-14.16.40:269][  0]LogDerivedDataCache: FDerivedDataBackendGraph:  Pak pak cache file ../../../../../../indie/indie/DerivedDataCache/DDC.ddp not found, will not use a pak cache.
[2017.08.03-14.16.40:269][  0]LogDerivedDataCache: Unable to find inner node Pak for hierarchical cache Hierarchy.
[2017.08.03-14.16.40:269][  0]LogDerivedDataCache: FDerivedDataBackendGraph:  CompressedPak pak cache file ../../../../../../indie/indie/DerivedDataCache/Compressed.ddp not found, will not use a pak cache.
[2017.08.03-14.16.40:269][  0]LogDerivedDataCache: Unable to find inner node CompressedPak for hierarchical cache Hierarchy.
[2017.08.03-14.16.40:289][  0]LogDerivedDataCache:Display: Pak cache opened for reading ../../../Engine/DerivedDataCache/Compressed.ddp.
[2017.08.03-14.16.40:301][  0]LogDerivedDataCache: Using Local data cache path C:/Users/Lomakin/AppData/Local/UnrealEngine/Common/DerivedDataCache: Writable
[2017.08.03-14.16.40:316][  0]LogMaterial: Verifying Global Shaders for PCD3D_SM5
[2017.08.03-14.16.40:316][  0]LogSlate: Using Freetype 2.6.0
[2017.08.03-14.16.40:317][  0]LogSlate: SlateFontCache - WITH_FREETYPE: 1, WITH_HARFBUZZ: 1
[2017.08.03-14.16.40:317][  0]LogSlate: SlateFontCache - WITH_FREETYPE: 1, WITH_HARFBUZZ: 1
[2017.08.03-14.16.40:694][  0]LogInit: Selected Device Profile: [Windows]
[2017.08.03-14.16.40:796][  0]LogContentStreaming: Texture pool size is 0.00 MB
[2017.08.03-14.16.40:957][  0]LogMeshUtilities: Using QuadricMeshReduction for automatic static mesh reduction
[2017.08.03-14.16.40:999][  0]LogSimplygon: Simplygon DLL not present - disabling.
[2017.08.03-14.16.41:045][  0]LogMeshUtilities: Using SimplygonSwarm for distributed automatic mesh merging
[2017.08.03-14.16.41:045][  0]LogMeshUtilities: No automatic skeletal mesh reduction module available
[2017.08.03-14.16.41:045][  0]LogMeshUtilities: No automatic mesh merging module available
[2017.08.03-14.16.41:585][  0]LogNetVersion: indie , NetCL: 3452394, EngineNetVer: 2, GameNetVer: 0 (Checksum: 2634455423)
[2017.08.03-14.16.41:645][  0]LogAssetRegistry: FAssetRegistry took 0.0255 seconds to start up
[2017.08.03-14.16.41:724][  0]LogPackageLocalizationCache: Processed 4 localized package path(s) for 1 prioritized culture(s) in 0.059916 seconds
[2017.08.03-14.16.41:733][  0]LogUObjectArray: 34194 objects as part of root set at end of initial load.
[2017.08.03-14.16.41:733][  0]LogUObjectAllocator: 7260416 out of 0 bytes used by permanent object pool.
[2017.08.03-14.16.41:733][  0]LogUObjectArray: CloseDisregardForGC: 0/0 objects in disregard for GC pool
[2017.08.03-14.16.41:821][  0]LogInit: WinSock: version 1.1 (2.2), MaxSocks=32767, MaxUdp=65467
[2017.08.03-14.16.44:272][  0]LogTcpMessaging: Initializing TcpMessaging bridge
[2017.08.03-14.16.44:317][  0]LogUdpMessaging: Initializing bridge on interface 0.0.0.0:0 to multicast group 230.0.0.1:6666.
[2017.08.03-14.16.44:818][  0]LogMaterial: Uniform references updated for custom material expression Custom.
[2017.08.03-14.16.45:217][  0]SourceControl: Info Source control is disabled
[2017.08.03-14.16.45:218][  0]SourceControl: Info Source control is disabled
[2017.08.03-14.16.45:260][  0]SourceControl: Info Source control is disabled
[2017.08.03-14.16.45:299][  0]SourceControl: Info Source control is disabled
[2017.08.03-14.16.45:516][  0]LogLinker:Warning: Can't find file '/Game/2DSideScrollerBP/2DSideScrollerOverview'
[2017.08.03-14.16.45:516][  0]LogLinker:Warning: Can't find file '/Game/2DSideScrollerBP/2DSideScrollerOverview'
[2017.08.03-14.16.45:516][  0]LogUObjectGlobals:Warning: Failed to find object 'Class /Game/2DSideScrollerBP/2DSideScrollerOverview.2DSideScrollerOverview_C'
[2017.08.03-14.16.45:897][  0]LogAndroidPermission: UAndroidPermissionCallbackProxy::GetInstance
[2017.08.03-14.16.46:449][  0]LogEngine: Initializing Engine...
[2017.08.03-14.16.46:449][  0]LogHMD: Failed to initialize OpenVR with code 110
[2017.08.03-14.16.46:665][  0]LogStats: UGameplayTagsManager::ConstructGameplayTagTree: Construct from data asset -  0.000 s
[2017.08.03-14.16.46:665][  0]LogStats: UGameplayTagsManager::ConstructGameplayTagTree: GameplayTagTreeChangedEvent.Broadcast -  0.000 s
[2017.08.03-14.16.46:776][  0]LogAIModule: Creating AISystem for world Untitled
[2017.08.03-14.16.46:787][  0]LogInit: XAudio2 using 'Динамики (Realtek High Definition Audio)' : 2 channels at 48 kHz using 32 bits per sample (channel mask 0x3)
[2017.08.03-14.16.46:799][  0]LogInit: FAudioDevice initialized.
[2017.08.03-14.16.46:843][  0]LogDerivedDataCache: Saved boot cache 0.04s 90MB C:/Users/Lomakin/AppData/Local/UnrealEngine/4.16/DerivedDataCache/Boot.ddc.
[2017.08.03-14.16.46:862][  0]LogInit: Texture streaming: Enabled
[2017.08.03-14.16.46:946][  0]LogEngineSessionManager: EngineSessionManager initialized
[2017.08.03-14.16.47:134][  0]LogInit: Transaction tracking system initialized
[2017.08.03-14.16.47:402][  0]BlueprintLog: New page: Editor Load
[2017.08.03-14.16.48:210][  0]LocalizationService: Info Localization service is disabled
[2017.08.03-14.16.48:828][  0]LogConsoleResponse:Display: 
[2017.08.03-14.16.49:005][  0]LogCook:Display: Max memory allowance for cook 16384mb min free memory 0mb
[2017.08.03-14.16.49:005][  0]LogCook:Display: Mobile HDR setting 0
[2017.08.03-14.16.49:152][  0]LogFileCache: Scanning file cache for directory 'D:/indie/indie/Content/' took 0.02s
[2017.08.03-14.16.49:152][  0]LogCook:Display: Cooked content cleared for platform AllDesktop
[2017.08.03-14.16.49:152][  0]LogCook:Display: Unable to read previous cook inisettings for platform AllDesktop invalidating cook
[2017.08.03-14.16.49:217][  0]LogCook:Display: Cooked content cleared for platform MacClient
[2017.08.03-14.16.49:218][  0]LogCook:Display: Unable to read previous cook inisettings for platform MacClient invalidating cook
[2017.08.03-14.16.49:265][  0]LogCook:Display: Cooked content cleared for platform MacNoEditor
[2017.08.03-14.16.49:265][  0]LogCook:Display: Unable to read previous cook inisettings for platform MacNoEditor invalidating cook
[2017.08.03-14.16.49:345][  0]LogCook:Display: Cooked content cleared for platform MacServer
[2017.08.03-14.16.49:345][  0]LogCook:Display: Unable to read previous cook inisettings for platform MacServer invalidating cook
[2017.08.03-14.16.49:395][  0]LogCook:Display: Cooked content cleared for platform Mac
[2017.08.03-14.16.49:395][  0]LogCook:Display: Unable to read previous cook inisettings for platform Mac invalidating cook
[2017.08.03-14.16.49:445][  0]LogCook:Display: Cooked content cleared for platform WindowsClient
[2017.08.03-14.16.49:445][  0]LogCook:Display: Unable to read previous cook inisettings for platform WindowsClient invalidating cook
[2017.08.03-14.16.49:497][  0]LogCook:Display: Cooked content cleared for platform WindowsNoEditor
[2017.08.03-14.16.49:498][  0]LogCook:Display: Unable to read previous cook inisettings for platform WindowsNoEditor invalidating cook
[2017.08.03-14.16.49:550][  0]LogCook:Display: Cooked content cleared for platform WindowsServer
[2017.08.03-14.16.49:550][  0]LogCook:Display: Unable to read previous cook inisettings for platform WindowsServer invalidating cook
[2017.08.03-14.16.49:598][  0]LogCook:Display: Cooked content cleared for platform Windows
[2017.08.03-14.16.49:598][  0]LogCook:Display: Unable to read previous cook inisettings for platform Windows invalidating cook
[2017.08.03-14.16.49:681][  0]LogCook:Display: Cooked content cleared for platform Android
[2017.08.03-14.16.49:681][  0]LogCook:Display: Unable to read previous cook inisettings for platform Android invalidating cook
[2017.08.03-14.16.49:733][  0]LogCook:Display: Cooked content cleared for platform Android_ASTC
[2017.08.03-14.16.49:733][  0]LogCook:Display: Unable to read previous cook inisettings for platform Android_ASTC invalidating cook
[2017.08.03-14.16.49:785][  0]LogCook:Display: Cooked content cleared for platform Android_ATC
[2017.08.03-14.16.49:785][  0]LogCook:Display: Unable to read previous cook inisettings for platform Android_ATC invalidating cook
[2017.08.03-14.16.49:834][  0]LogCook:Display: Cooked content cleared for platform Android_DXT
[2017.08.03-14.16.49:835][  0]LogCook:Display: Unable to read previous cook inisettings for platform Android_DXT invalidating cook
[2017.08.03-14.16.49:883][  0]LogCook:Display: Cooked content cleared for platform Android_ETC1
[2017.08.03-14.16.49:883][  0]LogCook:Display: Unable to read previous cook inisettings for platform Android_ETC1 invalidating cook
[2017.08.03-14.16.49:933][  0]LogCook:Display: Cooked content cleared for platform Android_ETC2
[2017.08.03-14.16.49:934][  0]LogCook:Display: Unable to read previous cook inisettings for platform Android_ETC2 invalidating cook
[2017.08.03-14.16.49:984][  0]LogCook:Display: Cooked content cleared for platform Android_Multi
[2017.08.03-14.16.49:984][  0]LogCook:Display: Unable to read previous cook inisettings for platform Android_Multi invalidating cook
[2017.08.03-14.16.50:033][  0]LogCook:Display: Cooked content cleared for platform Android_PVRTC
[2017.08.03-14.16.50:033][  0]LogCook:Display: Unable to read previous cook inisettings for platform Android_PVRTC invalidating cook
[2017.08.03-14.16.50:084][  0]LogCook:Display: Cooked content cleared for platform HTML5
[2017.08.03-14.16.50:084][  0]LogCook:Display: Unable to read previous cook inisettings for platform HTML5 invalidating cook
[2017.08.03-14.16.50:134][  0]LogCook:Display: Cooked content cleared for platform IOS
[2017.08.03-14.16.50:134][  0]LogCook:Display: Unable to read previous cook inisettings for platform IOS invalidating cook
[2017.08.03-14.16.50:188][  0]LogCook:Display: Cooked content cleared for platform TVOS
[2017.08.03-14.16.50:188][  0]LogCook:Display: Unable to read previous cook inisettings for platform TVOS invalidating cook
[2017.08.03-14.16.50:238][  0]LogCook:Display: Cooked content cleared for platform LinuxClient
[2017.08.03-14.16.50:238][  0]LogCook:Display: Unable to read previous cook inisettings for platform LinuxClient invalidating cook
[2017.08.03-14.16.50:287][  0]LogCook:Display: Cooked content cleared for platform LinuxNoEditor
[2017.08.03-14.16.50:287][  0]LogCook:Display: Unable to read previous cook inisettings for platform LinuxNoEditor invalidating cook
[2017.08.03-14.16.50:359][  0]LogCook:Display: Cooked content cleared for platform LinuxServer
[2017.08.03-14.16.50:360][  0]LogCook:Display: Unable to read previous cook inisettings for platform LinuxServer invalidating cook
[2017.08.03-14.16.50:413][  0]LogCook:Display: Cooked content cleared for platform Linux
[2017.08.03-14.16.50:413][  0]LogCook:Display: Unable to read previous cook inisettings for platform Linux invalidating cook
[2017.08.03-14.16.50:496][  0]LogCook:Display: Sandbox cleanup took 1.345 seconds for platforms AllDesktop MacClient MacNoEditor MacServer Mac WindowsClient WindowsNoEditor WindowsServer Windows Android Android_ASTC Android_ATC Android_DXT Android_ETC1 Android_ETC2 Android_Multi Android_PVRTC HTML5 IOS TVOS LinuxClient LinuxNoEditor LinuxServer Linux  iterative false
[2017.08.03-14.16.50:497][  0]LogAssetRegistryGenerator:Display: Saving asset registry.
[2017.08.03-14.16.50:526][  0]LogAssetRegistryGenerator:Display: Generated asset registry num assets 0, size is  0.04kb
[2017.08.03-14.16.50:526][  0]LogAssetRegistryGenerator:Display: Done saving asset registry.
[2017.08.03-14.16.50:526][  0]LogAssetRegistryGenerator:Display: Saving asset registry.
[2017.08.03-14.16.50:540][  0]LogAssetRegistryGenerator:Display: Generated asset registry num assets 0, size is  0.04kb
[2017.08.03-14.16.50:540][  0]LogAssetRegistryGenerator:Display: Done saving asset registry.
[2017.08.03-14.16.50:540][  0]LogAssetRegistryGenerator:Display: Saving asset registry.
[2017.08.03-14.16.50:556][  0]LogAssetRegistryGenerator:Display: Generated asset registry num assets 0, size is  0.04kb
[2017.08.03-14.16.50:556][  0]LogAssetRegistryGenerator:Display: Done saving asset registry.
[2017.08.03-14.16.50:556][  0]LogAssetRegistryGenerator:Display: Saving asset registry.
[2017.08.03-14.16.50:572][  0]LogAssetRegistryGenerator:Display: Generated asset registry num assets 0, size is  0.04kb
[2017.08.03-14.16.50:572][  0]LogAssetRegistryGenerator:Display: Done saving asset registry.
[2017.08.03-14.16.50:572][  0]LogAssetRegistryGenerator:Display: Saving asset registry.
[2017.08.03-14.16.50:588][  0]LogAssetRegistryGenerator:Display: Generated asset registry num assets 0, size is  0.04kb
[2017.08.03-14.16.50:588][  0]LogAssetRegistryGenerator:Display: Done saving asset registry.
[2017.08.03-14.16.50:588][  0]LogAssetRegistryGenerator:Display: Saving asset registry.
[2017.08.03-14.16.50:602][  0]LogAssetRegistryGenerator:Display: Generated asset registry num assets 0, size is  0.04kb
[2017.08.03-14.16.50:602][  0]LogAssetRegistryGenerator:Display: Done saving asset registry.
[2017.08.03-14.16.50:602][  0]LogAssetRegistryGenerator:Display: Saving asset registry.
[2017.08.03-14.16.50:615][  0]LogAssetRegistryGenerator:Display: Generated asset registry num assets 0, size is  0.04kb
[2017.08.03-14.16.50:615][  0]LogAssetRegistryGenerator:Display: Done saving asset registry.
[2017.08.03-14.16.50:615][  0]LogAssetRegistryGenerator:Display: Saving asset registry.
[2017.08.03-14.16.50:628][  0]LogAssetRegistryGenerator:Display: Generated asset registry num assets 0, size is  0.04kb
[2017.08.03-14.16.50:628][  0]LogAssetRegistryGenerator:Display: Done saving asset registry.
[2017.08.03-14.16.50:629][  0]LogAssetRegistryGenerator:Display: Saving asset registry.
[2017.08.03-14.16.50:641][  0]LogAssetRegistryGenerator:Display: Generated asset registry num assets 0, size is  0.04kb
[2017.08.03-14.16.50:641][  0]LogAssetRegistryGenerator:Display: Done saving asset registry.
[2017.08.03-14.16.50:641][  0]LogAssetRegistryGenerator:Display: Saving asset registry.
[2017.08.03-14.16.50:653][  0]LogAssetRegistryGenerator:Display: Generated asset registry num assets 0, size is  0.04kb
[2017.08.03-14.16.50:653][  0]LogAssetRegistryGenerator:Display: Done saving asset registry.
[2017.08.03-14.16.50:653][  0]LogAssetRegistryGenerator:Display: Saving asset registry.
[2017.08.03-14.16.50:671][  0]LogAssetRegistryGenerator:Display: Generated asset registry num assets 0, size is  0.04kb
[2017.08.03-14.16.50:671][  0]LogAssetRegistryGenerator:Display: Done saving asset registry.
[2017.08.03-14.16.50:671][  0]LogAssetRegistryGenerator:Display: Saving asset registry.
[2017.08.03-14.16.50:693][  0]LogAssetRegistryGenerator:Display: Generated asset registry num assets 0, size is  0.04kb
[2017.08.03-14.16.50:693][  0]LogAssetRegistryGenerator:Display: Done saving asset registry.
[2017.08.03-14.16.50:693][  0]LogAssetRegistryGenerator:Display: Saving asset registry.
[2017.08.03-14.16.50:710][  0]LogAssetRegistryGenerator:Display: Generated asset registry num assets 0, size is  0.04kb
[2017.08.03-14.16.50:710][  0]LogAssetRegistryGenerator:Display: Done saving asset registry.
[2017.08.03-14.16.50:710][  0]LogAssetRegistryGenerator:Display: Saving asset registry.
[2017.08.03-14.16.50:723][  0]LogAssetRegistryGenerator:Display: Generated asset registry num assets 0, size is  0.04kb
[2017.08.03-14.16.50:723][  0]LogAssetRegistryGenerator:Display: Done saving asset registry.
[2017.08.03-14.16.50:723][  0]LogAssetRegistryGenerator:Display: Saving asset registry.
[2017.08.03-14.16.50:736][  0]LogAssetRegistryGenerator:Display: Generated asset registry num assets 0, size is  0.04kb
[2017.08.03-14.16.50:736][  0]LogAssetRegistryGenerator:Display: Done saving asset registry.
[2017.08.03-14.16.50:736][  0]LogAssetRegistryGenerator:Display: Saving asset registry.
[2017.08.03-14.16.50:748][  0]LogAssetRegistryGenerator:Display: Generated asset registry num assets 0, size is  0.04kb
[2017.08.03-14.16.50:748][  0]LogAssetRegistryGenerator:Display: Done saving asset registry.
[2017.08.03-14.16.50:748][  0]LogAssetRegistryGenerator:Display: Saving asset registry.
[2017.08.03-14.16.50:760][  0]LogAssetRegistryGenerator:Display: Generated asset registry num assets 0, size is  0.04kb
[2017.08.03-14.16.50:760][  0]LogAssetRegistryGenerator:Display: Done saving asset registry.
[2017.08.03-14.16.50:760][  0]LogAssetRegistryGenerator:Display: Saving asset registry.
[2017.08.03-14.16.50:772][  0]LogAssetRegistryGenerator:Display: Generated asset registry num assets 0, size is  0.04kb
[2017.08.03-14.16.50:772][  0]LogAssetRegistryGenerator:Display: Done saving asset registry.
[2017.08.03-14.16.50:772][  0]LogAssetRegistryGenerator:Display: Saving asset registry.
[2017.08.03-14.16.50:785][  0]LogAssetRegistryGenerator:Display: Generated asset registry num assets 0, size is  0.04kb
[2017.08.03-14.16.50:785][  0]LogAssetRegistryGenerator:Display: Done saving asset registry.
[2017.08.03-14.16.50:785][  0]LogAssetRegistryGenerator:Display: Saving asset registry.
[2017.08.03-14.16.50:798][  0]LogAssetRegistryGenerator:Display: Generated asset registry num assets 0, size is  0.04kb
[2017.08.03-14.16.50:798][  0]LogAssetRegistryGenerator:Display: Done saving asset registry.
[2017.08.03-14.16.50:798][  0]LogAssetRegistryGenerator:Display: Saving asset registry.
[2017.08.03-14.16.50:811][  0]LogAssetRegistryGenerator:Display: Generated asset registry num assets 0, size is  0.04kb
[2017.08.03-14.16.50:811][  0]LogAssetRegistryGenerator:Display: Done saving asset registry.
[2017.08.03-14.16.50:811][  0]LogAssetRegistryGenerator:Display: Saving asset registry.
[2017.08.03-14.16.50:824][  0]LogAssetRegistryGenerator:Display: Generated asset registry num assets 0, size is  0.04kb
[2017.08.03-14.16.50:824][  0]LogAssetRegistryGenerator:Display: Done saving asset registry.
[2017.08.03-14.16.50:824][  0]LogAssetRegistryGenerator:Display: Saving asset registry.
[2017.08.03-14.16.50:838][  0]LogAssetRegistryGenerator:Display: Generated asset registry num assets 0, size is  0.04kb
[2017.08.03-14.16.50:838][  0]LogAssetRegistryGenerator:Display: Done saving asset registry.
[2017.08.03-14.16.50:838][  0]LogAssetRegistryGenerator:Display: Saving asset registry.
[2017.08.03-14.16.50:850][  0]LogAssetRegistryGenerator:Display: Generated asset registry num assets 0, size is  0.04kb
[2017.08.03-14.16.50:850][  0]LogAssetRegistryGenerator:Display: Done saving asset registry.
[2017.08.03-14.16.50:897][  0]LogFileServer:Warning: Unreal Network File Server starting up...
[2017.08.03-14.16.50:944][  0]LogInit: WinSock: I am DESKTOP-F5G54J5 (10.0.1.5:0)
[2017.08.03-14.16.50:956][  0]LogFileServer:Display: Unreal Network File Server is ready for client connections on 0.0.0.0:41899!
[2017.08.03-14.16.50:956][  0]LogFileServer:Warning: Unreal Network Http File Server starting up...
[2017.08.03-14.16.51:026][  0]LogFileServer:Display: Unreal Network File Http Server is ready for client connections on port 41898
[2017.08.03-14.16.52:009][  0]SourceControl: Info Source control is disabled
[2017.08.03-14.16.52:009][  0]Cmd: MAP LOAD FILE="../../../../../../indie/indie/Content/2DSideScrollerBP/Maps/2DSideScrollerExampleMap.umap" TEMPLATE=0 SHOWPROGRESS=1 FEATURELEVEL=3
[2017.08.03-14.16.52:009][  0]LightingResults: New page: Lighting Build
[2017.08.03-14.16.52:046][  0]MapCheck: New page: Map Check
[2017.08.03-14.16.52:046][  0]LightingResults: New page: Lighting Build
[2017.08.03-14.16.53:150][  0]LogAIModule: Creating AISystem for world 2DSideScrollerExampleMap
[2017.08.03-14.16.53:177][  0]LogEditorServer: Finished looking for orphan Actors (0.000 secs)
[2017.08.03-14.16.53:236][  0]Cmd: MAP CHECKDEP NOCLEARLOG
[2017.08.03-14.16.53:285][  0]MapCheck: Info Map check complete: 0 Error(s), 0 Warning(s), took 48.473ms to complete.
[2017.08.03-14.16.53:285][  0]LogFileHelpers: Loading map '2DSideScrollerExampleMap' took 1.276
[2017.08.03-14.16.53:885][  0]LogCollectionManager: Loaded 0 collections in 0.013011 seconds
[2017.08.03-14.16.54:034][  0]LogFileCache: Scanning file cache for directory 'D:/indie/indie/Saved/Collections/' took 0.01s
[2017.08.03-14.16.54:034][  0]LogFileCache: Scanning file cache for directory 'D:/indie/indie/Content/Developers/Lomakin/Collections/' took 0.01s
[2017.08.03-14.16.54:034][  0]LogFileCache: Scanning file cache for directory 'D:/indie/indie/Content/Collections/' took 0.01s
[2017.08.03-14.16.54:034][  0]LogCollectionManager: Rebuilt the GUID cache for 0 collections in 0.000003 seconds
[2017.08.03-14.16.54:067][  0]LogContentBrowser: Native class hierarchy populated in 0.0288 seconds. Added 2329 classes and 491 folders.
[2017.08.03-14.16.54:168][  0]LogContentBrowser: Native class hierarchy updated for 'WidgetCarousel' in 0.0006 seconds. Added 0 classes and 0 folders.
[2017.08.03-14.16.55:369][  0]LogContentBrowser: Native class hierarchy updated for 'AddContentDialog' in 0.0015 seconds. Added 0 classes and 0 folders.
[2017.08.03-14.16.55:491][  0]LogContentBrowser: Native class hierarchy updated for 'SceneOutliner' in 0.0012 seconds. Added 1 classes and 2 folders.
[2017.08.03-14.16.55:854][  0]LogCrashTracker: Crashtracker disabled due to settings.
[2017.08.03-14.16.55:891][  0]LogSlate: Took 0.000426 seconds to synchronously load lazily loaded font '../../../Engine/Content/Slate/Fonts/Roboto-Regular.ttf' (155K)
[2017.08.03-14.16.55:897][  0]LogSlate: Took 0.000436 seconds to synchronously load lazily loaded font '../../../Engine/Content/Slate/Fonts/Roboto-Bold.ttf' (160K)
[2017.08.03-14.16.55:945][  0]LogSlate: Took 0.018304 seconds to synchronously load lazily loaded font '../../../Engine/Content/Editor/Slate/Fonts/FontAwesome.ttf' (139K)
[2017.08.03-14.16.56:474][  0]LogRenderer: Reallocating scene render targets to support 1056x556 NumSamples 1 (Frame:1).
[2017.08.03-14.16.56:996][  0]LogUObjectGlobals:Warning: Failed to find object 'Class None.'
[2017.08.03-14.16.57:076][  0]LogContentBrowser: Native class hierarchy updated for 'HierarchicalLODOutliner' in 0.0008 seconds. Added 1 classes and 2 folders.
[2017.08.03-14.16.57:076][  0]LogLoad: (Engine Initialization) Total time: 23.15 seconds
[2017.08.03-14.16.57:076][  0]LogLoad: (Engine Initialization) Total Blueprint compile time: 0.11 seconds
[2017.08.03-14.16.57:076][  0]LogExternalProfiler: Found external profiler: VSPerf
[2017.08.03-14.16.57:076][  0]LogExternalProfiler: Using external profiler: VSPerf
[2017.08.03-14.16.57:416][  0]LogOcInput: OculusInput pre-init called
[2017.08.03-14.16.57:416][  0]LogHMD: Starting GearVRController plugin
[2017.08.03-14.16.57:462][  0]LogContentStreaming: Texture pool size now 1000 MB
[2017.08.03-14.16.57:643][  0]LogSlate: Took 0.014698 seconds to synchronously load lazily loaded font '../../../Engine/Content/Slate/Fonts/Roboto-Light.ttf' (159K)
[2017.08.03-14.16.57:778][  1]LogAssetRegistry: Asset discovery search completed in 16.1540 seconds
[2017.08.03-14.16.57:820][  1]LogSlate: Took 0.000424 seconds to synchronously load lazily loaded font '../../../Engine/Content/Slate/Fonts/Roboto-Light.ttf' (159K)
[2017.08.03-14.16.57:831][  1]LogCollectionManager: Rebuilt the object cache for 0 collections in 0.000002 seconds (found 0 objects)
[2017.08.03-14.16.57:831][  1]LogCollectionManager: Fixed up redirectors for 0 collections in 0.000070 seconds (updated 0 objects)
[2017.08.03-14.17.02:115][ 14]LogEditorViewport: Clicking on Actor (LMB): PaperSpriteActor (Background_Sprite)
[2017.08.03-14.17.35:573][171]LogWindowsTextInputMethodSystem:Display: IME system now deactivated.
[2017.08.03-14.17.35:815][172]Cmd: QUIT_EDITOR
[2017.08.03-14.17.35:861][172]LogExit: Preparing to exit.
[2017.08.03-14.17.36:520][172]LogDirectoryWatcher: A directory notification for 'D:/indie/indie/Content/' was aborted.
[2017.08.03-14.17.36:791][172]LogFileServer:Display: Unreal Network File Http Server is now Shutting down 
[2017.08.03-14.17.36:804][172]LogExit: Editor shut down
[2017.08.03-14.17.36:808][172]LogExit: Transaction tracking system shut down
[2017.08.03-14.17.36:870][172]LogObj: Freed 0b from 0 cluster array pools.
[2017.08.03-14.17.36:870][172]LogExit: Object subsystem successfully closed.
[2017.08.03-14.17.37:062][172]LogD3D11RHI: Shutdown
[2017.08.03-14.17.37:062][172]LogD3D11RHI: CleanupD3DDevice
[2017.08.03-14.17.37:159][172]LogD3D11RHI: ~FD3D11DynamicRHI
[2017.08.03-14.17.37:168][172]LogModuleManager: Shutting down and abandoning module HierarchicalLODOutliner (526)
[2017.08.03-14.17.37:168][172]LogModuleManager: Shutting down and abandoning module CrashTracker (524)
[2017.08.03-14.17.37:168][172]LogModuleManager: Shutting down and abandoning module SceneOutliner (522)
[2017.08.03-14.17.37:168][172]LogModuleManager: Shutting down and abandoning module AddContentDialog (520)
[2017.08.03-14.17.37:168][172]LogDirectoryWatcher: A directory notification for 'D:/Program Files/Epic Games/UE_4.16/FeaturePacks/' was aborted.
[2017.08.03-14.17.37:169][172]LogModuleManager: Shutting down and abandoning module WidgetCarousel (519)
[2017.08.03-14.17.37:169][172]LogModuleManager: Shutting down and abandoning module EditorWidgets (516)
[2017.08.03-14.17.37:169][172]LogModuleManager: Shutting down and abandoning module CollectionManager (514)
[2017.08.03-14.17.37:169][172]LogDirectoryWatcher: A directory notification for 'D:/indie/indie/Content/Collections/' was aborted.
[2017.08.03-14.17.37:169][172]LogDirectoryWatcher: A directory notification for 'D:/indie/indie/Content/Developers/Lomakin/Collections/' was aborted.
[2017.08.03-14.17.37:169][172]LogDirectoryWatcher: A directory notification for 'D:/indie/indie/Saved/Collections/' was aborted.
[2017.08.03-14.17.37:170][172]LogModuleManager: Shutting down and abandoning module StatsViewer (512)
[2017.08.03-14.17.37:170][172]LogModuleManager: Shutting down and abandoning module FoliageEdit (510)
[2017.08.03-14.17.37:170][172]LogModuleManager: Shutting down and abandoning module LandscapeEditor (508)
[2017.08.03-14.17.37:170][172]LogModuleManager: Shutting down and abandoning module MeshPaintMode (506)
[2017.08.03-14.17.37:170][172]LogModuleManager: Shutting down and abandoning module SceneDepthPickerMode (504)
[2017.08.03-14.17.37:170][172]LogModuleManager: Shutting down and abandoning module ActorPickerMode (502)
[2017.08.03-14.17.37:170][172]LogModuleManager: Shutting down and abandoning module GeometryMode (500)
[2017.08.03-14.17.37:170][172]LogModuleManager: Shutting down and abandoning module TextureAlignMode (498)
[2017.08.03-14.17.37:170][172]LogModuleManager: Shutting down and abandoning module BspMode (496)
[2017.08.03-14.17.37:170][172]LogModuleManager: Shutting down and abandoning module HardwareSurvey (494)
[2017.08.03-14.17.37:170][172]LogModuleManager: Shutting down and abandoning module SequenceRecorderSections (492)
[2017.08.03-14.17.37:170][172]LogModuleManager: Shutting down and abandoning module AutomationWorker (490)
[2017.08.03-14.17.37:170][172]LogModuleManager: Shutting down and abandoning module MatineeToLevelSequence (488)
[2017.08.03-14.17.37:170][172]LogModuleManager: Shutting down and abandoning module LevelSequenceEditor (486)
[2017.08.03-14.17.37:170][172]LogModuleManager: Shutting down and abandoning module PlacementMode (485)
[2017.08.03-14.17.37:170][172]LogModuleManager: Shutting down and abandoning module WmfMediaFactory (482)
[2017.08.03-14.17.37:170][172]LogModuleManager: Shutting down and abandoning module WmfMediaEditor (480)
[2017.08.03-14.17.37:170][172]LogModuleManager: Shutting down and abandoning module AvfMediaFactory (478)
[2017.08.03-14.17.37:170][172]LogModuleManager: Shutting down and abandoning module AvfMediaEditor (476)
[2017.08.03-14.17.37:170][172]LogModuleManager: Shutting down and abandoning module AndroidMediaFactory (474)
[2017.08.03-14.17.37:170][172]LogModuleManager: Shutting down and abandoning module Media (473)
[2017.08.03-14.17.37:170][172]LogModuleManager: Shutting down and abandoning module AndroidMediaEditor (470)
[2017.08.03-14.17.37:170][172]LogModuleManager: Shutting down and abandoning module CharacterAI (468)
[2017.08.03-14.17.37:170][172]LogModuleManager: Shutting down and abandoning module AudioCapture (466)
[2017.08.03-14.17.37:170][172]LogModuleManager: Shutting down and abandoning module SequenceRecorder (465)
[2017.08.03-14.17.37:170][172]LogModuleManager: Shutting down and abandoning module SmartSnapping (462)
[2017.08.03-14.17.37:170][172]LogModuleManager: Shutting down and abandoning module SessionServices (460)
[2017.08.03-14.17.37:170][172]LogModuleManager: Shutting down and abandoning module NetworkFileSystem (458)
[2017.08.03-14.17.37:170][172]LogModuleManager: Shutting down and abandoning module ViewportSnapping (456)
[2017.08.03-14.17.37:170][172]LogModuleManager: Shutting down and abandoning module ViewportInteraction (454)
[2017.08.03-14.17.37:170][172]LogModuleManager: Shutting down and abandoning module ClothPainter (452)
[2017.08.03-14.17.37:170][172]LogModuleManager: Shutting down and abandoning module LogVisualizer (450)
[2017.08.03-14.17.37:170][172]LogModuleManager: Shutting down and abandoning module IntroTutorials (448)
[2017.08.03-14.17.37:170][172]LogModuleManager: Shutting down and abandoning module GameProjectGeneration (447)
[2017.08.03-14.17.37:170][172]LogModuleManager: Shutting down and abandoning module EditorLiveStreaming (444)
[2017.08.03-14.17.37:170][172]LogModuleManager: Shutting down and abandoning module IOSPlatformEditor (442)
[2017.08.03-14.17.37:170][172]LogModuleManager: Shutting down and abandoning module HTML5PlatformEditor (440)
[2017.08.03-14.17.37:170][172]LogModuleManager: Shutting down and abandoning module AndroidPlatformEditor (438)
[2017.08.03-14.17.37:170][172]LogModuleManager: Shutting down and abandoning module AndroidDeviceDetection (437)
[2017.08.03-14.17.37:515][172]LogModuleManager: Shutting down and abandoning module IOSRuntimeSettings (434)
[2017.08.03-14.17.37:515][172]LogModuleManager: Shutting down and abandoning module AndroidRuntimeSettings (432)
[2017.08.03-14.17.37:515][172]LogModuleManager: Shutting down and abandoning module InputBindingEditor (430)
[2017.08.03-14.17.37:515][172]LogModuleManager: Shutting down and abandoning module MergeActors (428)
[2017.08.03-14.17.37:515][172]LogModuleManager: Shutting down and abandoning module SizeMap (426)
[2017.08.03-14.17.37:515][172]LogModuleManager: Shutting down and abandoning module TreeMap (424)
[2017.08.03-14.17.37:516][172]LogModuleManager: Shutting down and abandoning module ReferenceViewer (422)
[2017.08.03-14.17.37:516][172]LogModuleManager: Shutting down and abandoning module LocalizationDashboard (420)
[2017.08.03-14.17.37:516][172]LogModuleManager: Shutting down and abandoning module LocalizationService (419)
[2017.08.03-14.17.37:516][172]LogModuleManager: Shutting down and abandoning module HardwareTargeting (416)
[2017.08.03-14.17.37:516][172]LogModuleManager: Shutting down and abandoning module DeviceProfileEditor (414)
[2017.08.03-14.17.37:516][172]LogModuleManager: Shutting down and abandoning module UndoHistory (412)
[2017.08.03-14.17.37:516][172]LogModuleManager: Shutting down and abandoning module UserFeedback (410)
[2017.08.03-14.17.37:516][172]LogModuleManager: Shutting down and abandoning module XmlParser (408)
[2017.08.03-14.17.37:516][172]LogModuleManager: Shutting down and abandoning module Blutility (406)
[2017.08.03-14.17.37:516][172]LogModuleManager: Shutting down and abandoning module ProjectSettingsViewer (404)
[2017.08.03-14.17.37:516][172]LogModuleManager: Shutting down and abandoning module ProjectTargetPlatformEditor (403)
[2017.08.03-14.17.37:516][172]LogModuleManager: Shutting down and abandoning module EditorSettingsViewer (400)
[2017.08.03-14.17.37:516][172]LogModuleManager: Shutting down and abandoning module SettingsEditor (398)
[2017.08.03-14.17.37:516][172]LogModuleManager: Shutting down and abandoning module ProjectLauncher (396)
[2017.08.03-14.17.37:516][172]LogModuleManager: Shutting down and abandoning module SessionFrontend (394)
[2017.08.03-14.17.37:516][172]LogModuleManager: Shutting down and abandoning module ProfilerClient (392)
[2017.08.03-14.17.37:516][172]LogModuleManager: Shutting down and abandoning module DeviceManager (390)
[2017.08.03-14.17.37:516][172]LogModuleManager: Shutting down and abandoning module TargetDeviceServices (389)
[2017.08.03-14.17.37:570][172]LogModuleManager: Shutting down and abandoning module AutomationController (386)
[2017.08.03-14.17.37:570][172]LogModuleManager: Shutting down and abandoning module AutomationWindow (384)
[2017.08.03-14.17.37:570][172]LogModuleManager: Shutting down and abandoning module Layers (382)
[2017.08.03-14.17.37:570][172]LogModuleManager: Shutting down and abandoning module ComponentVisualizers (380)
[2017.08.03-14.17.37:570][172]LogModuleManager: Shutting down and abandoning module DetailCustomizations (378)
[2017.08.03-14.17.37:570][172]LogModuleManager: Shutting down and abandoning module PackagesDialog (376)
[2017.08.03-14.17.37:570][172]LogModuleManager: Shutting down and abandoning module Persona (374)
[2017.08.03-14.17.37:570][172]LogModuleManager: Shutting down and abandoning module AdvancedPreviewScene (373)
[2017.08.03-14.17.37:570][172]LogModuleManager: Shutting down and abandoning module AnimGraph (371)
[2017.08.03-14.17.37:570][172]LogModuleManager: Shutting down and abandoning module Kismet (368)
[2017.08.03-14.17.37:570][172]LogModuleManager: Shutting down and abandoning module ClassViewer (366)
[2017.08.03-14.17.37:570][172]LogModuleManager: Shutting down and abandoning module Toolbox (364)
[2017.08.03-14.17.37:570][172]LogModuleManager: Shutting down and abandoning module ModuleUI (362)
[2017.08.03-14.17.37:570][172]LogModuleManager: Shutting down and abandoning module MovieSceneTools (360)
[2017.08.03-14.17.37:571][172]LogModuleManager: Shutting down and abandoning module OutputLog (358)
[2017.08.03-14.17.37:571][172]LogModuleManager: Shutting down and abandoning module GammaUI (356)
[2017.08.03-14.17.37:571][172]LogModuleManager: Shutting down and abandoning module Documentation (354)
[2017.08.03-14.17.37:571][172]LogModuleManager: Shutting down and abandoning module MovieSceneTracks (352)
[2017.08.03-14.17.37:571][172]LogModuleManager: Shutting down and abandoning module MovieScene (350)
[2017.08.03-14.17.37:571][172]LogModuleManager: Shutting down and abandoning module Niagara (348)
[2017.08.03-14.17.37:571][172]LogModuleManager: Shutting down and abandoning module NiagaraEditor (347)
[2017.08.03-14.17.37:571][172]LogModuleManager: Shutting down and abandoning module StreamingPauseRendering (344)
[2017.08.03-14.17.37:571][172]LogModuleManager: Shutting down and abandoning module AnalyticsET (342)
[2017.08.03-14.17.37:571][172]LogModuleManager: Shutting down and abandoning module PortalServices (340)
[2017.08.03-14.17.37:571][172]LogModuleManager: Shutting down and abandoning module PortalRpc (338)
[2017.08.03-14.17.37:571][172]LogModuleManager: Shutting down and abandoning module MessagingRpc (336)
[2017.08.03-14.17.37:571][172]LogModuleManager: Shutting down and abandoning module AIModule (334)
[2017.08.03-14.17.37:571][172]LogModuleManager: Shutting down and abandoning module GameplayDebugger (333)
[2017.08.03-14.17.37:571][172]LogModuleManager: Shutting down and abandoning module AITestSuite (331)
[2017.08.03-14.17.37:571][172]LogModuleManager: Shutting down and abandoning module ProfilerService (328)
[2017.08.03-14.17.37:690][172]LogModuleManager: Shutting down and abandoning module TaskGraph (326)
[2017.08.03-14.17.37:690][172]LogModuleManager: Shutting down and abandoning module SteamVRController (324)
[2017.08.03-14.17.37:690][172]LogModuleManager: Shutting down and abandoning module SteamVR (322)
[2017.08.03-14.17.37:690][172]LogModuleManager: Shutting down and abandoning module ProceduralMeshComponentEditor (320)
[2017.08.03-14.17.37:690][172]LogModuleManager: Shutting down and abandoning module ProceduralMeshComponent (318)
[2017.08.03-14.17.37:690][172]LogModuleManager: Shutting down and abandoning module OculusLibrary (316)
[2017.08.03-14.17.37:690][172]LogModuleManager: Shutting down and abandoning module OculusInput (314)
[2017.08.03-14.17.37:691][172]LogModuleManager: Shutting down and abandoning module MobilePatchingUtils (312)
[2017.08.03-14.17.37:691][172]LogModuleManager: Shutting down and abandoning module CustomMeshComponent (310)
[2017.08.03-14.17.37:691][172]LogModuleManager: Shutting down and abandoning module CableComponent (308)
[2017.08.03-14.17.37:691][172]LogModuleManager: Shutting down and abandoning module ArchVisCharacter (306)
[2017.08.03-14.17.37:691][172]LogModuleManager: Shutting down and abandoning module AndroidPermission (304)
[2017.08.03-14.17.37:691][172]LogModuleManager: Shutting down and abandoning module MediaPlayerEditor (300)
[2017.08.03-14.17.37:691][172]LogModuleManager: Shutting down and abandoning module HTML5Networking (298)
[2017.08.03-14.17.37:691][172]LogModuleManager: Shutting down and abandoning module AlembicImporter (296)
[2017.08.03-14.17.37:691][172]LogModuleManager: Shutting down and abandoning module AlembicLibrary (295)
[2017.08.03-14.17.37:691][172]LogModuleManager: Shutting down and abandoning module GeometryCache (294)
[2017.08.03-14.17.37:691][172]LogModuleManager: Shutting down and abandoning module GeometryCacheEd (293)
[2017.08.03-14.17.37:691][172]LogModuleManager: Shutting down and abandoning module SuperSearchEditor (288)
[2017.08.03-14.17.37:691][172]LogModuleManager: Shutting down and abandoning module SuperSearch (287)
[2017.08.03-14.17.37:691][172]LogModuleManager: Shutting down and abandoning module SpeedTreeImporter (284)
[2017.08.03-14.17.37:691][172]LogModuleManager: Shutting down and abandoning module PluginBrowser (282)
[2017.08.03-14.17.37:691][172]LogModuleManager: Shutting down and abandoning module MobileLauncherProfileWizard (280)
[2017.08.03-14.17.37:691][172]LogModuleManager: Shutting down and abandoning module VisualStudioSourceCodeAccess (278)
[2017.08.03-14.17.37:691][172]LogModuleManager: Shutting down and abandoning module DesktopPlatform (277)
[2017.08.03-14.17.37:691][172]LogModuleManager: Shutting down and abandoning module UObjectPlugin (274)
[2017.08.03-14.17.37:691][172]LogModuleManager: Shutting down and abandoning module SubversionSourceControl (272)
[2017.08.03-14.17.37:691][172]LogModuleManager: Shutting down and abandoning module PerforceSourceControl (270)
[2017.08.03-14.17.37:691][172]LogModuleManager: Shutting down and abandoning module GitSourceControl (268)
[2017.08.03-14.17.37:691][172]LogModuleManager: Shutting down and abandoning module SourceControl (267)
[2017.08.03-14.17.37:691][172]LogModuleManager: Shutting down and abandoning module LightPropagationVolumeEditor (264)
[2017.08.03-14.17.37:691][172]LogModuleManager: Shutting down and abandoning module PaperTiledImporter (262)
[2017.08.03-14.17.37:691][172]LogModuleManager: Shutting down and abandoning module PaperSpriteSheetImporter (260)
[2017.08.03-14.17.37:691][172]LogModuleManager: Shutting down and abandoning module Paper2DEditor (258)
[2017.08.03-14.17.37:691][172]LogModuleManager: Shutting down and abandoning module MeshPaint (257)
[2017.08.03-14.17.37:691][172]LogModuleManager: Shutting down and abandoning module LevelEditor (255)
[2017.08.03-14.17.37:692][172]LogModuleManager: Shutting down and abandoning module PixelInspectorModule (254)
[2017.08.03-14.17.37:692][172]LogModuleManager: Shutting down and abandoning module MainFrame (252)
[2017.08.03-14.17.37:693][172]LogModuleManager: Shutting down and abandoning module HotReload (251)
[2017.08.03-14.17.37:693][172]LogModuleManager: Shutting down and abandoning module PhysXVehiclesEditor (246)
[2017.08.03-14.17.37:693][172]LogModuleManager: Shutting down and abandoning module PhysXVehicles (244)
[2017.08.03-14.17.37:693][172]LogModuleManager: Shutting down and abandoning module LocationServicesBPLibrary (242)
[2017.08.03-14.17.37:693][172]LogModuleManager: Shutting down and abandoning module ImmediatePhysicsEditor (240)
[2017.08.03-14.17.37:693][172]LogModuleManager: Shutting down and abandoning module ImmediatePhysics (238)
[2017.08.03-14.17.37:693][172]LogModuleManager: Shutting down and abandoning module UdpMessaging (236)
[2017.08.03-14.17.37:794][172]LogModuleManager: Shutting down and abandoning module TcpMessaging (234)
[2017.08.03-14.17.37:895][172]LogModuleManager: Shutting down and abandoning module GameplayTagsEditor (232)
[2017.08.03-14.17.37:895][172]LogModuleManager: Shutting down and abandoning module FacialAnimationEditor (230)
[2017.08.03-14.17.37:895][172]LogModuleManager: Shutting down and abandoning module FacialAnimation (228)
[2017.08.03-14.17.37:895][172]LogModuleManager: Shutting down and abandoning module AssetManagerEditor (226)
[2017.08.03-14.17.37:895][172]LogModuleManager: Shutting down and abandoning module GraphEditor (225)
[2017.08.03-14.17.37:895][172]LogModuleManager: Shutting down and abandoning module ContentBrowser (223)
[2017.08.03-14.17.37:896][172]LogModuleManager: Shutting down and abandoning module LightPropagationVolumeRuntime (220)
[2017.08.03-14.17.37:896][172]LogModuleManager: Shutting down and abandoning module Paper2D (218)
[2017.08.03-14.17.37:896][172]LogModuleManager: Shutting down and abandoning module WindowsMoviePlayer (216)
[2017.08.03-14.17.37:897][172]LogModuleManager: Shutting down and abandoning module WmfMedia (214)
[2017.08.03-14.17.37:897][172]LogModuleManager: Shutting down and abandoning module ClothingSystemEditor (212)
[2017.08.03-14.17.37:897][172]LogModuleManager: Shutting down and abandoning module ClothingSystemRuntime (210)
[2017.08.03-14.17.37:897][172]LogModuleManager: Shutting down and abandoning module MediaAssets (208)
[2017.08.03-14.17.37:897][172]LogModuleManager: Shutting down and abandoning module GameLiveStreaming (206)
[2017.08.03-14.17.37:897][172]LogModuleManager: Shutting down and abandoning module VREditor (204)
[2017.08.03-14.17.37:897][172]LogModuleManager: Shutting down and abandoning module StringTableEditor (202)
[2017.08.03-14.17.37:897][172]LogModuleManager: Shutting down and abandoning module GameplayTasksEditor (200)
[2017.08.03-14.17.37:897][172]LogModuleManager: Shutting down and abandoning module BehaviorTreeEditor (198)
[2017.08.03-14.17.37:897][172]LogModuleManager: Shutting down and abandoning module FunctionalTesting (196)
[2017.08.03-14.17.37:897][172]LogModuleManager: Shutting down and abandoning module CollisionAnalyzer (194)
[2017.08.03-14.17.37:897][172]LogModuleManager: Shutting down and abandoning module UMG (192)
[2017.08.03-14.17.37:897][172]LogModuleManager: Shutting down and abandoning module UMGEditor (191)
[2017.08.03-14.17.37:897][172]LogModuleManager: Shutting down and abandoning module Sequencer (190)
[2017.08.03-14.17.37:897][172]LogModuleManager: Shutting down and abandoning module AssetTools (188)
[2017.08.03-14.17.37:898][172]LogModuleManager: Shutting down and abandoning module MessageLog (187)
[2017.08.03-14.17.37:898][172]LogModuleManager: Shutting down and abandoning module WorkspaceMenuStructure (186)
[2017.08.03-14.17.37:898][172]LogModuleManager: Shutting down and abandoning module SlateReflector (180)
[2017.08.03-14.17.37:898][172]LogModuleManager: Shutting down and abandoning module Slate (178)
[2017.08.03-14.17.37:898][172]LogModuleManager: Shutting down and abandoning module EditorStyle (176)
[2017.08.03-14.17.37:902][172]LogModuleManager: Shutting down and abandoning module SourceCodeAccess (174)
[2017.08.03-14.17.37:902][172]LogModuleManager: Shutting down and abandoning module HeadMountedDisplay (172)
[2017.08.03-14.17.37:902][172]LogModuleManager: Shutting down and abandoning module XAudio2 (170)
[2017.08.03-14.17.37:902][172]LogModuleManager: Shutting down and abandoning module Networking (168)
[2017.08.03-14.17.37:902][172]LogModuleManager: Shutting down and abandoning module Core (164)
[2017.08.03-14.17.37:902][172]LogModuleManager: Shutting down and abandoning module AssetRegistry (162)
[2017.08.03-14.17.38:025][172]LogDirectoryWatcher: A directory notification for '../../../Engine/Content/' was aborted.
[2017.08.03-14.17.38:025][172]LogDirectoryWatcher: A directory notification for '../../../../../../indie/indie/Content/' was aborted.
[2017.08.03-14.17.38:026][172]LogDirectoryWatcher: A directory notification for '../../../Engine/Plugins/2D/Paper2D/Content/' was aborted.
[2017.08.03-14.17.38:026][172]LogDirectoryWatcher: A directory notification for '../../../Engine/Plugins/Runtime/GearVR/Content/' was aborted.
[2017.08.03-14.17.38:029][172]LogModuleManager: Shutting down and abandoning module DirectoryWatcher (161)
[2017.08.03-14.17.38:030][172]LogModuleManager: Shutting down and abandoning module KismetCompiler (158)
[2017.08.03-14.17.38:030][172]LogModuleManager: Shutting down and abandoning module LevelSequence (156)
[2017.08.03-14.17.38:030][172]LogModuleManager: Shutting down and abandoning module PhysXFormats (154)
[2017.08.03-14.17.38:030][172]LogModuleManager: Shutting down and abandoning module MeshUtilities (152)
[2017.08.03-14.17.38:030][172]LogModuleManager: Shutting down and abandoning module SimplygonSwarm (151)
[2017.08.03-14.17.38:030][172]LogModuleManager: Shutting down and abandoning module SimplygonMeshReduction (149)
[2017.08.03-14.17.38:030][172]LogModuleManager: Shutting down and abandoning module QuadricMeshReduction (147)
[2017.08.03-14.17.38:030][172]LogModuleManager: Shutting down and abandoning module DerivedDataCache (144)
[2017.08.03-14.17.38:332][172]LogDerivedDataCache: Shutdown
[2017.08.03-14.17.38:332][172]LogModuleManager: Shutting down and abandoning module TargetPlatform (142)
[2017.08.03-14.17.38:332][172]LogModuleManager: Shutting down and abandoning module VulkanShaderFormat (141)
[2017.08.03-14.17.38:332][172]LogModuleManager: Shutting down and abandoning module ShaderFormatVectorVM (139)
[2017.08.03-14.17.38:332][172]LogModuleManager: Shutting down and abandoning module ShaderFormatOpenGL (137)
[2017.08.03-14.17.38:332][172]LogModuleManager: Shutting down and abandoning module ShaderFormatD3D (135)
[2017.08.03-14.17.38:332][172]LogModuleManager: Shutting down and abandoning module MetalShaderFormat (133)
[2017.08.03-14.17.38:332][172]LogModuleManager: Shutting down and abandoning module TextureFormatUncompressed (131)
[2017.08.03-14.17.38:332][172]LogModuleManager: Shutting down and abandoning module TextureFormatPVR (129)
[2017.08.03-14.17.38:332][172]LogModuleManager: Shutting down and abandoning module TextureFormatDXT (127)
[2017.08.03-14.17.38:332][172]LogModuleManager: Shutting down and abandoning module TextureFormatIntelISPCTexComp (125)
[2017.08.03-14.17.38:332][172]LogModuleManager: Shutting down and abandoning module TextureFormatASTC (123)
[2017.08.03-14.17.38:332][172]LogModuleManager: Shutting down and abandoning module ImageWrapper (122)
[2017.08.03-14.17.38:332][172]LogModuleManager: Shutting down and abandoning module TextureFormatAndroid (119)
[2017.08.03-14.17.38:332][172]LogModuleManager: Shutting down and abandoning module AudioFormatOpus (117)
[2017.08.03-14.17.38:332][172]LogModuleManager: Shutting down and abandoning module AudioFormatOgg (115)
[2017.08.03-14.17.38:332][172]LogModuleManager: Shutting down and abandoning module AudioFormatADPCM (113)
[2017.08.03-14.17.38:332][172]LogModuleManager: Shutting down and abandoning module LinuxTargetPlatform (111)
[2017.08.03-14.17.38:332][172]LogModuleManager: Shutting down and abandoning module LinuxServerTargetPlatform (109)
[2017.08.03-14.17.38:332][172]LogModuleManager: Shutting down and abandoning module LinuxNoEditorTargetPlatform (107)
[2017.08.03-14.17.38:332][172]LogModuleManager: Shutting down and abandoning module LinuxClientTargetPlatform (105)
[2017.08.03-14.17.38:332][172]LogModuleManager: Shutting down and abandoning module TVOSTargetPlatform (103)
[2017.08.03-14.17.38:332][172]LogModuleManager: Shutting down and abandoning module Messaging (101)
[2017.08.03-14.17.38:332][172]LogModuleManager: Shutting down and abandoning module IOSTargetPlatform (99)
[2017.08.03-14.17.38:332][172]LogModuleManager: Shutting down and abandoning module HTML5TargetPlatform (97)
[2017.08.03-14.17.38:332][172]LogModuleManager: Shutting down and abandoning module Android_PVRTCTargetPlatform (95)
[2017.08.03-14.17.38:332][172]LogModuleManager: Shutting down and abandoning module Android_MultiTargetPlatform (93)
[2017.08.03-14.17.38:332][172]LogModuleManager: Shutting down and abandoning module Android_ETC2TargetPlatform (91)
[2017.08.03-14.17.38:332][172]LogModuleManager: Shutting down and abandoning module Android_ETC1TargetPlatform (89)
[2017.08.03-14.17.38:332][172]LogModuleManager: Shutting down and abandoning module Android_DXTTargetPlatform (87)
[2017.08.03-14.17.38:332][172]LogModuleManager: Shutting down and abandoning module Android_ATCTargetPlatform (85)
[2017.08.03-14.17.38:332][172]LogModuleManager: Shutting down and abandoning module Android_ASTCTargetPlatform (83)
[2017.08.03-14.17.38:332][172]LogModuleManager: Shutting down and abandoning module AndroidTargetPlatform (81)
[2017.08.03-14.17.38:332][172]LogModuleManager: Shutting down and abandoning module WindowsTargetPlatform (79)
[2017.08.03-14.17.38:332][172]LogModuleManager: Shutting down and abandoning module WindowsServerTargetPlatform (77)
[2017.08.03-14.17.38:332][172]LogModuleManager: Shutting down and abandoning module WindowsNoEditorTargetPlatform (75)
[2017.08.03-14.17.38:332][172]LogModuleManager: Shutting down and abandoning module WindowsClientTargetPlatform (73)
[2017.08.03-14.17.38:333][172]LogModuleManager: Shutting down and abandoning module MacTargetPlatform (71)
[2017.08.03-14.17.38:333][172]LogModuleManager: Shutting down and abandoning module MacServerTargetPlatform (69)
[2017.08.03-14.17.38:333][172]LogModuleManager: Shutting down and abandoning module MacNoEditorTargetPlatform (67)
[2017.08.03-14.17.38:333][172]LogModuleManager: Shutting down and abandoning module MacClientTargetPlatform (65)
[2017.08.03-14.17.38:333][172]LogModuleManager: Shutting down and abandoning module AllDesktopTargetPlatform (63)
[2017.08.03-14.17.38:333][172]LogModuleManager: Shutting down and abandoning module InputCore (60)
[2017.08.03-14.17.38:333][172]LogModuleManager: Shutting down and abandoning module Settings (58)
[2017.08.03-14.17.38:333][172]LogModuleManager: Shutting down and abandoning module OculusRift (56)
[2017.08.03-14.17.38:333][172]LogModuleManager: Shutting down and abandoning module GearVRController (54)
[2017.08.03-14.17.38:333][172]LogModuleManager: Shutting down and abandoning module GearVR (52)
[2017.08.03-14.17.38:333][172]LogModuleManager: Shutting down and abandoning module ExampleDeviceProfileSelector (50)
[2017.08.03-14.17.38:333][172]LogModuleManager: Shutting down and abandoning module OnlineBlueprintSupport (48)
[2017.08.03-14.17.38:333][172]LogModuleManager: Shutting down and abandoning module OnlineSubsystem (44)
[2017.08.03-14.17.38:333][172]LogOnline:Display: Unloading online subsystem: NULL
[2017.08.03-14.17.38:333][172]LogModuleManager: Shutting down and abandoning module XMPP (43)
[2017.08.03-14.17.38:333][172]LogModuleManager: Shutting down and abandoning module HTTP (41)
[2017.08.03-14.17.38:333][172]LogHttp:Display: Http module shutting down, but needs to wait on 1 outstanding Http requests:
[2017.08.03-14.17.38:333][172]LogHttp:Display: 	verb=[POST] url=[https://datarouter.ol.epicgames.com/datarouter/api/v1/public/data?SessionID=%7B6555A3E3-4A45-BEB4-EC86-CB96E0D2B439%7D&AppID=UEEditor.Rocket.Release&AppVersion=4.16.3-3561208%2B%2B%2BUE4%2BRelease-4.16&UserID=2b3a7b36481bffde84b41db4438e3a2a%7Cc2541f5a020946b0bff5d0953c5a2f6d%7C638214c6-d00b-49b4-b890-7f6f7e245ebf&AppEnvironment=datacollector-binary&UploadType=eteventstream] status=Processing
[2017.08.03-14.17.38:347][172]LogModuleManager: Shutting down and abandoning module SSL (40)
[2017.08.03-14.17.38:349][172]LogModuleManager: Shutting down and abandoning module HTTPChunkInstaller (36)
[2017.08.03-14.17.38:349][172]LogModuleManager: Shutting down and abandoning module AnimationModifiers (34)
[2017.08.03-14.17.38:349][172]LogModuleManager: Shutting down and abandoning module PropertyEditor (33)
[2017.08.03-14.17.38:349][172]LogModuleManager: Shutting down and abandoning module AudioEditor (30)
[2017.08.03-14.17.38:349][172]LogModuleManager: Shutting down and abandoning module TextureCompressor (28)
[2017.08.03-14.17.38:349][172]LogModuleManager: Shutting down and abandoning module ShaderCore (26)
[2017.08.03-14.17.38:349][172]LogModuleManager: Shutting down and abandoning module Landscape (24)
[2017.08.03-14.17.38:349][172]LogModuleManager: Shutting down and abandoning module SlateRHIRenderer (22)
[2017.08.03-14.17.38:351][172]LogModuleManager: Shutting down and abandoning module OpenGLDrv (20)
[2017.08.03-14.17.38:351][172]LogModuleManager: Shutting down and abandoning module D3D11RHI (18)
[2017.08.03-14.17.38:351][172]LogModuleManager: Shutting down and abandoning module AnimGraphRuntime (16)
[2017.08.03-14.17.38:351][172]LogModuleManager: Shutting down and abandoning module Renderer (14)
[2017.08.03-14.17.38:351][172]LogModuleManager: Shutting down and abandoning module Engine (12)
[2017.08.03-14.17.38:351][172]LogModuleManager: Shutting down and abandoning module CoreUObject (10)
[2017.08.03-14.17.38:351][172]LogModuleManager: Shutting down and abandoning module NetworkFile (8)
[2017.08.03-14.17.38:351][172]LogModuleManager: Shutting down and abandoning module StreamingFile (6)
[2017.08.03-14.17.38:351][172]LogModuleManager: Shutting down and abandoning module SandboxFile (4)
[2017.08.03-14.17.38:351][172]LogModuleManager: Shutting down and abandoning module PakFile (2)
[2017.08.03-14.17.38:354][172]LogExit: Exiting.
[2017.08.03-14.17.38:377][172]Log file closed, 08/03/17 21:17:38
