Log file open, 08/01/17 22:27:17
LogInit:Display: Running engine for game: indie
LogPlatformFile: Not using cached read wrapper
LogInit:Display: RandInit(-2144106874) SRandInit(-2144106874).
LogTaskGraph: Started task graph with 5 named threads and 8 total threads with 1 sets of task threads.
LogStats: Stats thread started at 0.092262
LogInit: Using libcurl 7.47.1
LogInit:  - built for x86_64-pc-win32
LogInit:  - supports SSL with OpenSSL/1.0.2g
LogInit:  - supports HTTP deflate (compression) using libz 1.2.8
LogInit:  - other features:
LogInit:      CURL_VERSION_SSL
LogInit:      CURL_VERSION_LIBZ
LogInit:      CURL_VERSION_IPV6
LogInit:      CURL_VERSION_ASYNCHDNS
LogInit:      CURL_VERSION_LARGEFILE
LogInit:      CURL_VERSION_IDN
LogInit:  CurlRequestOptions (configurable via config and command line):
LogInit:  - bVerifyPeer = false  - Libcurl will NOT verify peer certificate
LogInit:  - bUseHttpProxy = false  - Libcurl will NOT use HTTP proxy
LogInit:  - bDontReuseConnections = false  - Libcurl will reuse connections
LogInit:  - CertBundlePath = nullptr  - Libcurl will use whatever was configured at build time.
LogInit: Build: ++UE4+Release-4.16-CL-3561208
LogInit: Engine Version: 4.16.3-3561208+++UE4+Release-4.16
LogInit: Compatible Engine Version: 4.16.0-3452394+++UE4+Release-4.16
LogInit: Net CL: 3452394
LogDevObjectVersion: Number of dev versions registered: 16
LogDevObjectVersion:   Dev-Blueprints (B0D832E4-1F89-4F0D-ACCF-7EB736FD4AA2): 9
LogDevObjectVersion:   Dev-Build (E1C64328-A22C-4D53-A36C-8E866417BD8C): 0
LogDevObjectVersion:   Dev-Core (375EC13C-06E4-48FB-B500-84F0262A717E): 2
LogDevObjectVersion:   Dev-Editor (E4B068ED-F494-42E9-A231-DA0B2E46BB41): 17
LogDevObjectVersion:   Dev-Framework (CFFC743F-43B0-4480-9391-14DF171D2073): 23
LogDevObjectVersion:   Dev-Mobile (B02B49B5-BB20-44E9-A304-32B752E40360): 0
LogDevObjectVersion:   Dev-Networking (A4E4105C-59A1-49B5-A7C5-40C4547EDFEE): 0
LogDevObjectVersion:   Dev-Online (39C831C9-5AE6-47DC-9A44-9C173E1C8E7C): 0
LogDevObjectVersion:   Dev-Physics (78F01B33-EBEA-4F98-B9B4-84EACCB95AA2): 0
LogDevObjectVersion:   Dev-Platform (6631380F-2D4D-43E0-8009-CF276956A95A): 0
LogDevObjectVersion:   Dev-Rendering (12F88B9F-8875-4AFC-A67C-D90C383ABD29): 15
LogDevObjectVersion:   Dev-Sequencer (7B5AE74C-D270-4C10-A958-57980B212A5A): 4
LogDevObjectVersion:   Dev-VR (D7296918-1DD6-4BDD-9DE2-64A83CC13884): 0
LogDevObjectVersion:   Dev-LoadTimes (C2A15278-BFE7-4AFE-6C17-90FF531DF755): 1
LogDevObjectVersion:   Private-Geometry (6EACA3D4-40EC-4CC1-B786-8BED09428FC5): 1
LogDevObjectVersion:   Dev-AnimPhys (29E575DD-E0A3-4627-9D10-D276232CDCEA): 3
LogInit: Compiled (64-bit): Jul 28 2017 11:49:47
LogInit: Compiled with Visual C++: 19.00.24215.01
LogInit: Build Configuration: Development
LogInit: Branch Name: ++UE4+Release-4.16
LogInit: Command line:  /Temp/Autosaves/Game/2DSideScrollerBP/Maps/UEDPC2DSideScrollerExampleMap -game -PIEVIACONSOLE -ResX=1280 -ResY=720  -Multiprocess -messaging -SessionName="Play in Standalone Game" -featureleveles2 -faketouches -windowed 
LogInit: Base directory: D:/Program Files/Epic Games/UE_4.16/Engine/Binaries/Win64/
LogInit: Installed Engine Build: 1
LogInit: Presizing for max 8388607 objects, including 0 objects not considered by GC, pre-allocating 0 bytes for permanent pool.
LogInit: Object subsystem initialized
[2017.08.01-15.27.17:582][  0]LogInit: Selected Device Profile: [Windows]
[2017.08.01-15.27.17:582][  0]LogInit: Applying CVar settings loaded from the selected device profile: [Windows]
[2017.08.01-15.27.17:586][  0]LogInit: Computer: DESKTOP-F5G54J5
[2017.08.01-15.27.17:586][  0]LogInit: User: Lomakin
[2017.08.01-15.27.17:586][  0]LogInit: CPU Page size=4096, Cores=4
[2017.08.01-15.27.17:586][  0]LogInit: High frequency timer resolution =3.312787 MHz
[2017.08.01-15.27.17:587][  0]LogMemory: Memory total: Physical=16.0GB (16GB approx)
[2017.08.01-15.27.17:587][  0]LogMemory: Platform Memory Stats for Windows
[2017.08.01-15.27.17:587][  0]LogMemory: Process Physical Memory: 272.42 MB used, 272.42 MB peak
[2017.08.01-15.27.17:587][  0]LogMemory: Process Virtual Memory: 261.15 MB used, 261.15 MB peak
[2017.08.01-15.27.17:587][  0]LogMemory: Physical Memory: 7607.32 MB used,  8759.79 MB free, 16367.11 MB total
[2017.08.01-15.27.17:587][  0]LogMemory: Virtual Memory: 638.65 MB used,  8759.79 MB free, 134217728.00 MB total
[2017.08.01-15.27.17:668][  0]LogInit: Using OS detected language (ru-RU).
[2017.08.01-15.27.17:668][  0]LogInit: Using OS detected locale (ru-RU).
[2017.08.01-15.27.17:672][  0]LogTextLocalizationManager: No localization for 'ru-RU' exists, so 'en' will be used for the language.
[2017.08.01-15.27.17:672][  0]LogTextLocalizationManager: No localization for 'ru-RU' exists, so 'en' will be used for the locale.
[2017.08.01-15.27.18:547][  0]LogD3D11RHI: D3D11 adapters:
[2017.08.01-15.27.18:570][  0]LogD3D11RHI:    0. 'NVIDIA GeForce GTX 550 Ti' (Feature Level 11_0)
[2017.08.01-15.27.18:570][  0]LogD3D11RHI:       977/0/8183 MB DedicatedVideo/DedicatedSystem/SharedSystem, Outputs:2, VendorId:0x10de
[2017.08.01-15.27.18:572][  0]LogD3D11RHI:    1. 'Microsoft Basic Render Driver' (Feature Level 11_0)
[2017.08.01-15.27.18:572][  0]LogD3D11RHI:       0/0/8183 MB DedicatedVideo/DedicatedSystem/SharedSystem, Outputs:0, VendorId:0x1414
[2017.08.01-15.27.18:572][  0]LogD3D11RHI: Chosen D3D11 Adapter: 0
[2017.08.01-15.27.18:575][  0]LogD3D11RHI: Creating new Direct3DDevice
[2017.08.01-15.27.18:576][  0]LogD3D11RHI:     GPU DeviceId: 0x1244 (for the marketing name, search the web for "GPU Device Id")
[2017.08.01-15.27.18:576][  0]LogWindows: EnumDisplayDevices:
[2017.08.01-15.27.18:576][  0]LogWindows:    0. 'NVIDIA GeForce GTX 550 Ti' (P:1 D:1)
[2017.08.01-15.27.18:576][  0]LogWindows:    1. 'NVIDIA GeForce GTX 550 Ti' (P:0 D:1)
[2017.08.01-15.27.18:576][  0]LogWindows: DebugString: FoundDriverCount:2 
[2017.08.01-15.27.18:576][  0]LogD3D11RHI:     Adapter Name: NVIDIA GeForce GTX 550 Ti
[2017.08.01-15.27.18:576][  0]LogD3D11RHI:   Driver Version: 376.53 (internal:21.21.13.7653, unified:376.53)
[2017.08.01-15.27.18:576][  0]LogD3D11RHI:      Driver Date: 12-29-2016
[2017.08.01-15.27.18:576][  0]LogRHI: Texture pool is 684 MB (70% of 977 MB)
[2017.08.01-15.27.18:593][  0]LogD3D11RHI:Display: Timestamp queries are currently disabled on this hardware due to instability. Realtime GPU stats will not be available. You can override this behaviour by setting r.NVIDIATimestampWorkaround to 0
[2017.08.01-15.27.18:593][  0]LogD3D11RHI: Async texture creation enabled
[2017.08.01-15.27.18:604][  0]LogD3D11RHI: GPU Timing Frequency: 1000.000000 (Debug: 2 1)
[2017.08.01-15.27.18:702][  0]LogShaderCompilers: Guid format shader working directory is 19 characters bigger than the processId version (../../../../../../indie/indie/Intermediate/Shaders/WorkingDirectory/3444/).
[2017.08.01-15.27.18:702][  0]LogShaderCompilers: Cleaned the shader compiler working directory 'C:/Users/Lomakin/AppData/Local/Temp/UnrealShaderWorkingDir/A96FB8D447B1C66CAEFA80A41A0DB107/'.
[2017.08.01-15.27.18:702][  0]LogShaderCompilers:Display: Using Local Shader Compiler.
[2017.08.01-15.27.19:818][  0]LogTemp:Display: Loaded TP WindowsClientTargetPlatform
[2017.08.01-15.27.19:863][  0]LogTemp:Display: Loaded TP WindowsNoEditorTargetPlatform
[2017.08.01-15.27.19:916][  0]LogTemp:Display: Loaded TP WindowsServerTargetPlatform
[2017.08.01-15.27.19:976][  0]LogTemp:Display: Loaded TP WindowsTargetPlatform
[2017.08.01-15.27.19:977][  0]LogTargetPlatformManager:Display: Building Assets For Windows
[2017.08.01-15.27.20:435][  0]LogDerivedDataCache:Display: Max Cache Size: 512 MB
[2017.08.01-15.27.20:542][  0]LogDerivedDataCache: Loaded boot cache 0.11s 90MB C:/Users/Lomakin/AppData/Local/UnrealEngine/4.16/DerivedDataCache/Boot.ddc.
[2017.08.01-15.27.20:542][  0]LogDerivedDataCache:Display: Loaded Boot cache: C:/Users/Lomakin/AppData/Local/UnrealEngine/4.16/DerivedDataCache/Boot.ddc
[2017.08.01-15.27.20:542][  0]LogDerivedDataCache: FDerivedDataBackendGraph:  Pak pak cache file ../../../../../../indie/indie/DerivedDataCache/DDC.ddp not found, will not use a pak cache.
[2017.08.01-15.27.20:542][  0]LogDerivedDataCache: Unable to find inner node Pak for hierarchical cache Hierarchy.
[2017.08.01-15.27.20:542][  0]LogDerivedDataCache: FDerivedDataBackendGraph:  CompressedPak pak cache file ../../../../../../indie/indie/DerivedDataCache/Compressed.ddp not found, will not use a pak cache.
[2017.08.01-15.27.20:542][  0]LogDerivedDataCache: Unable to find inner node CompressedPak for hierarchical cache Hierarchy.
[2017.08.01-15.27.20:561][  0]LogDerivedDataCache:Display: Pak cache opened for reading ../../../Engine/DerivedDataCache/Compressed.ddp.
[2017.08.01-15.27.20:573][  0]LogDerivedDataCache: Using Local data cache path C:/Users/Lomakin/AppData/Local/UnrealEngine/Common/DerivedDataCache: Writable
[2017.08.01-15.27.20:576][  0]LogMaterial: Verifying Global Shaders for PCD3D_ES2
[2017.08.01-15.27.21:278][  0]LogSlate: Using Freetype 2.6.0
[2017.08.01-15.27.21:279][  0]LogSlate: SlateFontCache - WITH_FREETYPE: 1, WITH_HARFBUZZ: 1
[2017.08.01-15.27.21:279][  0]LogSlate: SlateFontCache - WITH_FREETYPE: 1, WITH_HARFBUZZ: 1
[2017.08.01-15.27.21:700][  0]LogAssetRegistry: FAssetRegistry took 0.0076 seconds to start up
[2017.08.01-15.27.21:707][  0]LogPackageLocalizationCache: Processed 4 localized package path(s) for 1 prioritized culture(s) in 0.005550 seconds
[2017.08.01-15.27.21:821][  0]LogInit: Selected Device Profile: [Windows]
[2017.08.01-15.27.21:897][  0]LogContentStreaming: Texture pool size is 1000.00 MB
[2017.08.01-15.27.21:936][  0]LogMaterial: Missing cached shader map for material WorldGridMaterial, compiling. Is special engine material.
